<?xml version="1.0" encoding="UTF-8"?>
<testsuite name="Proceso Autogestion - Agendamiento de servicios" tests="1" skipped="0" failures="1" errors="0" timestamp="2023-04-21T22:43:26" hostname="LTBG60836" time="47.74">
  <properties/>
  <testcase name="Proceso Autogestion - Agendamiento de servicios" classname="Proceso Autogestion - Agendamiento de servicios" time="47.74">
    <failure message="org.openqa.selenium.ElementClickInterceptedException: element click intercepted: Element &lt;input class=&quot;jss24&quot; name=&quot;checkedG&quot; type=&quot;checkbox&quot; data-indeterminate=&quot;false&quot; value=&quot;&quot;&gt; is not clickable at point (117, 173). Other element would receive the click: &lt;div class=&quot;jss10&quot;&gt;...&lt;/div&gt;&#10;  (Session info: chrome=112.0.5615.122)&#10;Build info: version: '3.141.59', revision: 'e82be7d358', time: '2018-11-14T08:17:03'&#10;System info: host: 'LTBG60836', ip: '192.168.3.134', os.name: 'Windows 10', os.arch: 'amd64', os.version: '10.0', java.version: '1.8.0_202'&#10;Driver info: org.openqa.selenium.chrome.ChromeDriver&#10;Capabilities {acceptInsecureCerts: false, browserName: chrome, browserVersion: 112.0.5615.122, chrome: {chromedriverVersion: 112.0.5615.49 (bd2a7bcb881c..., userDataDir: C:\Users\JHON~1.QUI\AppData...}, goog:chromeOptions: {debuggerAddress: localhost:61297}, javascriptEnabled: true, networkConnectionEnabled: false, pageLoadStrategy: normal, platform: WINDOWS, platformName: WINDOWS, proxy: Proxy(), setWindowRect: true, strictFileInteractability: false, timeouts: {implicit: 0, pageLoad: 300000, script: 30000}, unhandledPromptBehavior: dismiss and notify, webauthn:extension:credBlob: true, webauthn:extension:largeBlob: true, webauthn:extension:minPinLength: true, webauthn:extension:prf: true, webauthn:virtualAuthenticators: true}&#10;Session ID: 6bc496bd5e75d26811f57f5fde07013d" type="org.openqa.selenium.ElementClickInterceptedException">org.openqa.selenium.ElementClickInterceptedException: element click intercepted: Element &lt;input class=&quot;jss24&quot; name=&quot;checkedG&quot; type=&quot;checkbox&quot; data-indeterminate=&quot;false&quot; value=&quot;&quot;&gt; is not clickable at point (117, 173). Other element would receive the click: &lt;div class=&quot;jss10&quot;&gt;...&lt;/div&gt;
  (Session info: chrome=112.0.5615.122)
Build info: version: '3.141.59', revision: 'e82be7d358', time: '2018-11-14T08:17:03'
System info: host: 'LTBG60836', ip: '192.168.3.134', os.name: 'Windows 10', os.arch: 'amd64', os.version: '10.0', java.version: '1.8.0_202'
Driver info: org.openqa.selenium.chrome.ChromeDriver
Capabilities {acceptInsecureCerts: false, browserName: chrome, browserVersion: 112.0.5615.122, chrome: {chromedriverVersion: 112.0.5615.49 (bd2a7bcb881c..., userDataDir: C:\Users\JHON~1.QUI\AppData...}, goog:chromeOptions: {debuggerAddress: localhost:61297}, javascriptEnabled: true, networkConnectionEnabled: false, pageLoadStrategy: normal, platform: WINDOWS, platformName: WINDOWS, proxy: Proxy(), setWindowRect: true, strictFileInteractability: false, timeouts: {implicit: 0, pageLoad: 300000, script: 30000}, unhandledPromptBehavior: dismiss and notify, webauthn:extension:credBlob: true, webauthn:extension:largeBlob: true, webauthn:extension:minPinLength: true, webauthn:extension:prf: true, webauthn:virtualAuthenticators: true}
Session ID: 6bc496bd5e75d26811f57f5fde07013d
	at sun.reflect.NativeConstructorAccessorImpl.newInstance0(Native Method)
	at sun.reflect.NativeConstructorAccessorImpl.newInstance(NativeConstructorAccessorImpl.java:62)
	at sun.reflect.DelegatingConstructorAccessorImpl.newInstance(DelegatingConstructorAccessorImpl.java:45)
	at java.lang.reflect.Constructor.newInstance(Constructor.java:423)
	at org.openqa.selenium.remote.http.W3CHttpResponseCodec.createException(W3CHttpResponseCodec.java:187)
	at org.openqa.selenium.remote.http.W3CHttpResponseCodec.decode(W3CHttpResponseCodec.java:122)
	at org.openqa.selenium.remote.http.W3CHttpResponseCodec.decode(W3CHttpResponseCodec.java:49)
	at org.openqa.selenium.remote.HttpCommandExecutor.execute(HttpCommandExecutor.java:158)
	at org.openqa.selenium.remote.service.DriverCommandExecutor.execute(DriverCommandExecutor.java:83)
	at org.openqa.selenium.remote.RemoteWebDriver.execute(RemoteWebDriver.java:552)
	at org.openqa.selenium.remote.RemoteWebElement.execute(RemoteWebElement.java:285)
	at org.openqa.selenium.remote.RemoteWebElement.click(RemoteWebElement.java:84)
	at net.serenitybdd.core.pages.WebElementFacadeImpl.click(WebElementFacadeImpl.java:1231)
	at net.serenitybdd.screenplay.actions.ClickOnTarget.performAs(ClickOnTarget.java:13)
	at net.serenitybdd.screenplay.actions.ClickOnTarget$ByteBuddy$mZV9OOIa.performAs$accessor$h2oxz2vv(Unknown Source)
	at sun.reflect.NativeMethodAccessorImpl.invoke0(Native Method)
	at sun.reflect.NativeMethodAccessorImpl.invoke(NativeMethodAccessorImpl.java:62)
	at sun.reflect.DelegatingMethodAccessorImpl.invoke(DelegatingMethodAccessorImpl.java:43)
	at java.lang.reflect.Method.invoke(Method.java:498)
	at net.thucydides.core.steps.StepInterceptor.invokeMethod(StepInterceptor.java:471)
	at net.thucydides.core.steps.StepInterceptor.executeTestStepMethod(StepInterceptor.java:451)
	at net.thucydides.core.steps.StepInterceptor.runTestStep(StepInterceptor.java:424)
	at net.thucydides.core.steps.StepInterceptor.runOrSkipMethod(StepInterceptor.java:180)
	at net.thucydides.core.steps.StepInterceptor.testStepResult(StepInterceptor.java:167)
	at net.thucydides.core.steps.StepInterceptor.intercept(StepInterceptor.java:75)
	at net.serenitybdd.screenplay.actions.ClickOnTarget$ByteBuddy$mZV9OOIa.performAs(Unknown Source)
	at net.serenitybdd.screenplay.Actor.performTask(Actor.java:233)
	at net.serenitybdd.screenplay.Actor.perform(Actor.java:214)
	at net.serenitybdd.screenplay.Actor.attemptsTo(Actor.java:171)
	at com.infotracktest.autogestion.tasks.Autogestion.performAs(Autogestion.java:90)
	at com.infotracktest.autogestion.tasks.Autogestion$ByteBuddy$61qMrTH7.performAs$accessor$x3lNarNA(Unknown Source)
	at sun.reflect.NativeMethodAccessorImpl.invoke0(Native Method)
	at sun.reflect.NativeMethodAccessorImpl.invoke(NativeMethodAccessorImpl.java:62)
	at sun.reflect.DelegatingMethodAccessorImpl.invoke(DelegatingMethodAccessorImpl.java:43)
	at java.lang.reflect.Method.invoke(Method.java:498)
	at net.thucydides.core.steps.StepInterceptor.invokeMethod(StepInterceptor.java:471)
	at net.thucydides.core.steps.StepInterceptor.executeTestStepMethod(StepInterceptor.java:451)
	at net.thucydides.core.steps.StepInterceptor.runTestStep(StepInterceptor.java:424)
	at net.thucydides.core.steps.StepInterceptor.runOrSkipMethod(StepInterceptor.java:180)
	at net.thucydides.core.steps.StepInterceptor.testStepResult(StepInterceptor.java:167)
	at net.thucydides.core.steps.StepInterceptor.intercept(StepInterceptor.java:75)
	at com.infotracktest.autogestion.tasks.Autogestion$ByteBuddy$61qMrTH7.performAs(Unknown Source)
	at net.serenitybdd.screenplay.Actor.performTask(Actor.java:233)
	at net.serenitybdd.screenplay.Actor.perform(Actor.java:214)
	at net.serenitybdd.screenplay.Actor.attemptsTo(Actor.java:171)
	at net.serenitybdd.screenplay.Actor.wasAbleTo(Actor.java:158)
	at com.infotracktest.autogestion.definition.MyStepdefs.creaLaOrdenDeServicio(MyStepdefs.java:26)
	at ✽.Crea la orden de servicio(src/test/resources/features/Autogestion.feature:10)
</failure>
  </testcase>
  <system-out><![CDATA[]]></system-out>
  <system-err><![CDATA[[Test worker] WARN net.thucydides.core.steps.BaseStepListener - stepStarted: net.thucydides.core.steps.ExecutedStepDescription@5d25e6bb
[Test worker] WARN net.thucydides.core.steps.BaseStepListener - stepStarted: net.thucydides.core.steps.ExecutedStepDescription@16ade133
[Test worker] WARN net.thucydides.core.steps.BaseStepListener - stepStarted: net.thucydides.core.steps.ExecutedStepDescription@3cd59ef5
abr 21, 2023 5:43:27 PM org.openqa.selenium.remote.DesiredCapabilities chrome
INFORMACIÓN: Using `new ChromeOptions()` is preferred to `DesiredCapabilities.chrome()`
[Test worker] INFO net.serenitybdd.core.webdriver.driverproviders.ProvideNewDriver - Instantiating driver
[Test worker] INFO net.serenitybdd.core.webdriver.driverproviders.ProvideNewDriver - Driver capabilities: Capabilities {acceptInsecureCerts: false, acceptSslCerts: true, browserName: chrome, chrome.switches: --disable-extensions,--star..., goog:chromeOptions: {args: [--disable-extensions, --start-maximized, --test-type, --user-agent=New User Agent], extensions: [], prefs: {pdfjs.disabled: true, profile_default_content_settings.popups: 0}}, handlesAlerts: true, loggingPrefs: org.openqa.selenium.logging..., platform: ANY, version: }
Starting ChromeDriver 112.0.5615.49 (bd2a7bcb881c11e8cfe3078709382934e3916914-refs/branch-heads/5615@{#936}) on port 31223
Only local connections are allowed.
Please see https://chromedriver.chromium.org/security-considerations for suggestions on keeping ChromeDriver safe.
ChromeDriver was started successfully.
abr 21, 2023 5:43:31 PM org.openqa.selenium.remote.ProtocolHandshake createSession
INFORMACIÓN: Detected dialect: W3C
[Test worker] WARN net.thucydides.core.steps.BaseStepListener - stepFinished: current outcome:Proceso Autogestion - Agendamiento de servicios:Dado el usuario final cuando desee crear o agendar una orden de servicio [Jhon abrir pagina [jhon opens the Object abrir pagina]]
[Test worker] WARN net.thucydides.core.steps.BaseStepListener - stepFinished: current outcome:Proceso Autogestion - Agendamiento de servicios:Dado el usuario final cuando desee crear o agendar una orden de servicio [Jhon abrir pagina [jhon opens the Object abrir pagina]]
[Test worker] WARN net.thucydides.core.steps.BaseStepListener - stepFinished: current outcome:Proceso Autogestion - Agendamiento de servicios:Dado el usuario final cuando desee crear o agendar una orden de servicio [Jhon abrir pagina [jhon opens the Object abrir pagina]]
[Test worker] WARN net.thucydides.core.steps.BaseStepListener - stepStarted: net.thucydides.core.steps.ExecutedStepDescription@29c17c3d
[Test worker] WARN net.thucydides.core.steps.BaseStepListener - stepStarted: net.thucydides.core.steps.ExecutedStepDescription@ea04cab
[Test worker] WARN net.thucydides.core.steps.BaseStepListener - stepStarted: net.thucydides.core.steps.ExecutedStepDescription@16134476
[Test worker] WARN net.thucydides.core.steps.BaseStepListener - stepStarted: net.thucydides.core.steps.ExecutedStepDescription@2db6d68d
[Test worker] WARN net.thucydides.core.steps.BaseStepListener - testFinished: Proceso Autogestion - Agendamiento de servicios:Dado el usuario final cuando desee crear o agendar una orden de servicio [Jhon abrir pagina [jhon opens the Object abrir pagina]], Cuando Crea la orden de servicio [Jhon autogestion [jhon clicks on Heabeas Data]], Entonces verifica que se creo correctamente la orden de servicio
[Test worker] WARN net.thucydides.core.steps.BaseStepListener - TestOutcomes: [Proceso Autogestion - Agendamiento de servicios:Dado el usuario final cuando desee crear o agendar una orden de servicio [Jhon abrir pagina [jhon opens the Object abrir pagina]], Cuando Crea la orden de servicio [Jhon autogestion [jhon clicks on Heabeas Data]], Entonces verifica que se creo correctamente la orden de servicio]
[Test worker] WARN net.thucydides.core.steps.BaseStepListener - Final testOutcomes: [Proceso Autogestion - Agendamiento de servicios:Dado el usuario final cuando desee crear o agendar una orden de servicio [Jhon abrir pagina [jhon opens the Object abrir pagina]], Cuando Crea la orden de servicio [Jhon autogestion [jhon clicks on Heabeas Data]], Entonces verifica que se creo correctamente la orden de servicio]
[Test worker] ERROR net.thucydides.core.steps.ConsoleLoggingListener - 
           __  _____ _____ ____ _____   _____ _    ___ _     _____ ____  
  _       / / |_   _| ____/ ___|_   _| |  ___/ \  |_ _| |   | ____|  _ \ 
 (_)_____| |    | | |  _| \___ \ | |   | |_ / _ \  | || |   |  _| | | | |
  _|_____| |    | | | |___ ___) || |   |  _/ ___ \ | || |___| |___| |_| |
 (_)     | |    |_| |_____|____/ |_|   |_|/_/   \_\___|_____|_____|____/ 
          \_\                                                            

TEST FAILED WITH ERROR: Proceso Autogestion - Agendamiento de servicios
---------------------------------------------------------------------
[Test worker] ERROR net.thucydides.core.steps.ConsoleLoggingListener - TEST FAILED AT STEP jhon clicks on Heabeas Data
[Test worker] ERROR net.thucydides.core.steps.ConsoleLoggingListener - element click intercepted: Element <input class="jss24" name="checkedG" type="checkbox" data-indeterminate="false" value=""> is not clickable at point (117, 173). Other element would receive the click: <div class="jss10">...</div>
]]></system-err>
</testsuite>
