<?xml version="1.0" encoding="UTF-8"?>
<testsuite name="Proceso Autogestion - Agendamiento de servicios" tests="1" skipped="0" failures="0" errors="0" timestamp="2023-10-05T16:31:16" hostname="LTBG60836" time="77.462">
  <properties/>
  <testcase name="Proceso Autogestion - Agendamiento de servicios" classname="Proceso Autogestion - Agendamiento de servicios" time="77.462"/>
  <system-out><![CDATA[El número random generado es: 877675081
]]></system-out>
  <system-err><![CDATA[[Test worker] WARN net.thucydides.core.steps.BaseStepListener - stepStarted: net.thucydides.core.steps.ExecutedStepDescription@2f7a7219
[Test worker] WARN net.thucydides.core.steps.BaseStepListener - stepStarted: net.thucydides.core.steps.ExecutedStepDescription@10667848
[Test worker] WARN net.thucydides.core.steps.BaseStepListener - stepStarted: net.thucydides.core.steps.ExecutedStepDescription@345cf395
oct 05, 2023 11:31:18 AM org.openqa.selenium.remote.DesiredCapabilities chrome
INFORMACIÓN: Using `new ChromeOptions()` is preferred to `DesiredCapabilities.chrome()`
[Test worker] INFO net.serenitybdd.core.webdriver.driverproviders.ProvideNewDriver - Instantiating driver
[Test worker] INFO net.serenitybdd.core.webdriver.driverproviders.ProvideNewDriver - Driver capabilities: Capabilities {acceptInsecureCerts: false, acceptSslCerts: true, browserName: chrome, chrome.switches: --disable-extensions,--star..., goog:chromeOptions: {args: [--disable-extensions, --start-maximized, --test-type, --user-agent=New User Agent], extensions: [], prefs: {pdfjs.disabled: true, profile_default_content_settings.popups: 0}}, handlesAlerts: true, loggingPrefs: org.openqa.selenium.logging..., platform: ANY, version: }
Starting ChromeDriver 117.0.5938.149 (e3344ddefa12e60436fa28c81cf207c1afb4d0a9-refs/branch-heads/5938@{#1539}) on port 45276
Only local connections are allowed.
Please see https://chromedriver.chromium.org/security-considerations for suggestions on keeping ChromeDriver safe.
ChromeDriver was started successfully.
oct 05, 2023 11:31:22 AM org.openqa.selenium.remote.ProtocolHandshake createSession
INFORMACIÓN: Detected dialect: W3C
[Test worker] WARN net.thucydides.core.steps.BaseStepListener - stepFinished: current outcome:Proceso Autogestion - Agendamiento de servicios:Dado el usuario final cuando desee crear o agendar una orden de servicio [Jhon abrir pagina [jhon opens the Object abrir pagina]]
[Test worker] WARN net.thucydides.core.steps.BaseStepListener - stepFinished: current outcome:Proceso Autogestion - Agendamiento de servicios:Dado el usuario final cuando desee crear o agendar una orden de servicio [Jhon abrir pagina [jhon opens the Object abrir pagina]]
[Test worker] WARN net.thucydides.core.steps.BaseStepListener - stepFinished: current outcome:Proceso Autogestion - Agendamiento de servicios:Dado el usuario final cuando desee crear o agendar una orden de servicio [Jhon abrir pagina [jhon opens the Object abrir pagina]]
[Test worker] WARN net.thucydides.core.steps.BaseStepListener - stepStarted: net.thucydides.core.steps.ExecutedStepDescription@2262d6d5
[Test worker] WARN net.thucydides.core.steps.BaseStepListener - stepStarted: net.thucydides.core.steps.ExecutedStepDescription@e700eba
[Test worker] WARN net.thucydides.core.steps.BaseStepListener - stepStarted: net.thucydides.core.steps.ExecutedStepDescription@789c3057
[Test worker] WARN net.thucydides.core.steps.BaseStepListener - stepFinished: current outcome:Proceso Autogestion - Agendamiento de servicios:Dado el usuario final cuando desee crear o agendar una orden de servicio [Jhon abrir pagina [jhon opens the Object abrir pagina]], Cuando Crea la orden de servicio [Jhon autogestion [jhon clicks on Heabeas Data]]
[Test worker] WARN net.thucydides.core.steps.BaseStepListener - stepStarted: net.thucydides.core.steps.ExecutedStepDescription@5f0bab7e
[Test worker] WARN net.thucydides.core.steps.BaseStepListener - stepFinished: current outcome:Proceso Autogestion - Agendamiento de servicios:Dado el usuario final cuando desee crear o agendar una orden de servicio [Jhon abrir pagina [jhon opens the Object abrir pagina]], Cuando Crea la orden de servicio [Jhon autogestion [jhon clicks on Heabeas Data, jhon clicks on Seleccionar el tipo de documento]]
[Test worker] WARN net.thucydides.core.steps.BaseStepListener - stepStarted: net.thucydides.core.steps.ExecutedStepDescription@60f77af
[Test worker] WARN net.thucydides.core.steps.BaseStepListener - stepFinished: current outcome:Proceso Autogestion - Agendamiento de servicios:Dado el usuario final cuando desee crear o agendar una orden de servicio [Jhon abrir pagina [jhon opens the Object abrir pagina]], Cuando Crea la orden de servicio [Jhon autogestion [jhon clicks on Heabeas Data, jhon clicks on Seleccionar el tipo de documento, Jhon seleccionar tipo documento]]
[Test worker] WARN net.thucydides.core.steps.BaseStepListener - stepStarted: net.thucydides.core.steps.ExecutedStepDescription@3e546734
[Test worker] WARN net.thucydides.core.steps.BaseStepListener - stepFinished: current outcome:Proceso Autogestion - Agendamiento de servicios:Dado el usuario final cuando desee crear o agendar una orden de servicio [Jhon abrir pagina [jhon opens the Object abrir pagina]], Cuando Crea la orden de servicio [Jhon autogestion [jhon clicks on Heabeas Data, jhon clicks on Seleccionar el tipo de documento, Jhon seleccionar tipo documento, jhon enters '877675081' into Seleccionar el tipo de documento]]
[Test worker] WARN net.thucydides.core.steps.BaseStepListener - stepStarted: net.thucydides.core.steps.ExecutedStepDescription@7b53b1ad
[Test worker] WARN net.thucydides.core.steps.BaseStepListener - stepFinished: current outcome:Proceso Autogestion - Agendamiento de servicios:Dado el usuario final cuando desee crear o agendar una orden de servicio [Jhon abrir pagina [jhon opens the Object abrir pagina]], Cuando Crea la orden de servicio [Jhon autogestion [jhon clicks on Heabeas Data, jhon clicks on Seleccionar el tipo de documento, Jhon seleccionar tipo documento, jhon enters '877675081' into Seleccionar el tipo de documento, jhon enters 'jhon.quinones1@infotrack.com.co' into ¿Cuál es tu correo electrónico?]]
[Test worker] WARN net.thucydides.core.steps.BaseStepListener - stepStarted: net.thucydides.core.steps.ExecutedStepDescription@10980560
[Test worker] WARN net.thucydides.core.steps.BaseStepListener - stepFinished: current outcome:Proceso Autogestion - Agendamiento de servicios:Dado el usuario final cuando desee crear o agendar una orden de servicio [Jhon abrir pagina [jhon opens the Object abrir pagina]], Cuando Crea la orden de servicio [Jhon autogestion [jhon clicks on Heabeas Data, jhon clicks on Seleccionar el tipo de documento, Jhon seleccionar tipo documento, jhon enters '877675081' into Seleccionar el tipo de documento, jhon enters 'jhon.quinones1@infotrack.com.co' into ¿Cuál es tu correo electrónico?, jhon enters 'Usuario' into ¿Cuales son tus apellidos?]]
[Test worker] WARN net.thucydides.core.steps.BaseStepListener - stepStarted: net.thucydides.core.steps.ExecutedStepDescription@e5c2463
[Test worker] WARN net.thucydides.core.steps.BaseStepListener - stepFinished: current outcome:Proceso Autogestion - Agendamiento de servicios:Dado el usuario final cuando desee crear o agendar una orden de servicio [Jhon abrir pagina [jhon opens the Object abrir pagina]], Cuando Crea la orden de servicio [Jhon autogestion [jhon clicks on Heabeas Data, jhon clicks on Seleccionar el tipo de documento, Jhon seleccionar tipo documento, jhon enters '877675081' into Seleccionar el tipo de documento, jhon enters 'jhon.quinones1@infotrack.com.co' into ¿Cuál es tu correo electrónico?, jhon enters 'Usuario' into ¿Cuales son tus apellidos?, jhon enters '1.0' into ¿Cual es tu telefono fijo?]]
[Test worker] WARN net.thucydides.core.steps.BaseStepListener - stepStarted: net.thucydides.core.steps.ExecutedStepDescription@6371cf2f
[Test worker] WARN net.thucydides.core.steps.BaseStepListener - stepFinished: current outcome:Proceso Autogestion - Agendamiento de servicios:Dado el usuario final cuando desee crear o agendar una orden de servicio [Jhon abrir pagina [jhon opens the Object abrir pagina]], Cuando Crea la orden de servicio [Jhon autogestion [jhon clicks on Heabeas Data, jhon clicks on Seleccionar el tipo de documento, Jhon seleccionar tipo documento, jhon enters '877675081' into Seleccionar el tipo de documento, jhon enters 'jhon.quinones1@infotrack.com.co' into ¿Cuál es tu correo electrónico?, jhon enters 'Usuario' into ¿Cuales son tus apellidos?, jhon enters '1.0' into ¿Cual es tu telefono fijo?, jhon enters '3.0E9' into Ingresa tu numero celular]]
[Test worker] WARN net.thucydides.core.steps.BaseStepListener - stepStarted: net.thucydides.core.steps.ExecutedStepDescription@2f995afc
[Test worker] WARN net.thucydides.core.steps.BaseStepListener - stepFinished: current outcome:Proceso Autogestion - Agendamiento de servicios:Dado el usuario final cuando desee crear o agendar una orden de servicio [Jhon abrir pagina [jhon opens the Object abrir pagina]], Cuando Crea la orden de servicio [Jhon autogestion [jhon clicks on Heabeas Data, jhon clicks on Seleccionar el tipo de documento, Jhon seleccionar tipo documento, jhon enters '877675081' into Seleccionar el tipo de documento, jhon enters 'jhon.quinones1@infotrack.com.co' into ¿Cuál es tu correo electrónico?, jhon enters 'Usuario' into ¿Cuales son tus apellidos?, jhon enters '1.0' into ¿Cual es tu telefono fijo?, jhon enters '3.0E9' into Ingresa tu numero celular, jhon enters '3.0E9' into Seleccionar el tipo de documento]]
[Test worker] WARN net.thucydides.core.steps.BaseStepListener - stepStarted: net.thucydides.core.steps.ExecutedStepDescription@15e1f8fe
[Test worker] WARN net.thucydides.core.steps.BaseStepListener - stepFinished: current outcome:Proceso Autogestion - Agendamiento de servicios:Dado el usuario final cuando desee crear o agendar una orden de servicio [Jhon abrir pagina [jhon opens the Object abrir pagina]], Cuando Crea la orden de servicio [Jhon autogestion [jhon clicks on Heabeas Data, jhon clicks on Seleccionar el tipo de documento, Jhon seleccionar tipo documento, jhon enters '877675081' into Seleccionar el tipo de documento, jhon enters 'jhon.quinones1@infotrack.com.co' into ¿Cuál es tu correo electrónico?, jhon enters 'Usuario' into ¿Cuales son tus apellidos?, jhon enters '1.0' into ¿Cual es tu telefono fijo?, jhon enters '3.0E9' into Ingresa tu numero celular, jhon enters '3.0E9' into Seleccionar el tipo de documento, jhon clicks on Continuar]]
[Test worker] WARN net.thucydides.core.steps.BaseStepListener - stepStarted: net.thucydides.core.steps.ExecutedStepDescription@14fc9bd
[Test worker] WARN net.thucydides.core.steps.BaseStepListener - stepFinished: current outcome:Proceso Autogestion - Agendamiento de servicios:Dado el usuario final cuando desee crear o agendar una orden de servicio [Jhon abrir pagina [jhon opens the Object abrir pagina]], Cuando Crea la orden de servicio [Jhon autogestion [jhon clicks on Heabeas Data, jhon clicks on Seleccionar el tipo de documento, Jhon seleccionar tipo documento, jhon enters '877675081' into Seleccionar el tipo de documento, jhon enters 'jhon.quinones1@infotrack.com.co' into ¿Cuál es tu correo electrónico?, jhon enters 'Usuario' into ¿Cuales son tus apellidos?, jhon enters '1.0' into ¿Cual es tu telefono fijo?, jhon enters '3.0E9' into Ingresa tu numero celular, jhon enters '3.0E9' into Seleccionar el tipo de documento, jhon clicks on Continuar, jhon enters 'Bogota' into Ciudad]]
[Test worker] WARN net.thucydides.core.steps.BaseStepListener - stepStarted: net.thucydides.core.steps.ExecutedStepDescription@39ab5ef7
[Test worker] WARN net.thucydides.core.steps.BaseStepListener - stepFinished: current outcome:Proceso Autogestion - Agendamiento de servicios:Dado el usuario final cuando desee crear o agendar una orden de servicio [Jhon abrir pagina [jhon opens the Object abrir pagina]], Cuando Crea la orden de servicio [Jhon autogestion [jhon clicks on Heabeas Data, jhon clicks on Seleccionar el tipo de documento, Jhon seleccionar tipo documento, jhon enters '877675081' into Seleccionar el tipo de documento, jhon enters 'jhon.quinones1@infotrack.com.co' into ¿Cuál es tu correo electrónico?, jhon enters 'Usuario' into ¿Cuales son tus apellidos?, jhon enters '1.0' into ¿Cual es tu telefono fijo?, jhon enters '3.0E9' into Ingresa tu numero celular, jhon enters '3.0E9' into Seleccionar el tipo de documento, jhon clicks on Continuar, jhon enters 'Bogota' into Ciudad, jhon clicks on Lista de ciudades]]
[Test worker] WARN net.thucydides.core.steps.BaseStepListener - stepStarted: net.thucydides.core.steps.ExecutedStepDescription@4702e7a5
[Test worker] WARN net.thucydides.core.steps.BaseStepListener - stepFinished: current outcome:Proceso Autogestion - Agendamiento de servicios:Dado el usuario final cuando desee crear o agendar una orden de servicio [Jhon abrir pagina [jhon opens the Object abrir pagina]], Cuando Crea la orden de servicio [Jhon autogestion [jhon clicks on Heabeas Data, jhon clicks on Seleccionar el tipo de documento, Jhon seleccionar tipo documento, jhon enters '877675081' into Seleccionar el tipo de documento, jhon enters 'jhon.quinones1@infotrack.com.co' into ¿Cuál es tu correo electrónico?, jhon enters 'Usuario' into ¿Cuales son tus apellidos?, jhon enters '1.0' into ¿Cual es tu telefono fijo?, jhon enters '3.0E9' into Ingresa tu numero celular, jhon enters '3.0E9' into Seleccionar el tipo de documento, jhon clicks on Continuar, jhon enters 'Bogota' into Ciudad, jhon clicks on Lista de ciudades, jhon enters 'Av. C. 127' into Direccion]]
[Test worker] WARN net.thucydides.core.steps.BaseStepListener - stepStarted: net.thucydides.core.steps.ExecutedStepDescription@646cd766
[Test worker] WARN net.thucydides.core.steps.BaseStepListener - stepFinished: current outcome:Proceso Autogestion - Agendamiento de servicios:Dado el usuario final cuando desee crear o agendar una orden de servicio [Jhon abrir pagina [jhon opens the Object abrir pagina]], Cuando Crea la orden de servicio [Jhon autogestion [jhon clicks on Heabeas Data, jhon clicks on Seleccionar el tipo de documento, Jhon seleccionar tipo documento, jhon enters '877675081' into Seleccionar el tipo de documento, jhon enters 'jhon.quinones1@infotrack.com.co' into ¿Cuál es tu correo electrónico?, jhon enters 'Usuario' into ¿Cuales son tus apellidos?, jhon enters '1.0' into ¿Cual es tu telefono fijo?, jhon enters '3.0E9' into Ingresa tu numero celular, jhon enters '3.0E9' into Seleccionar el tipo de documento, jhon clicks on Continuar, jhon enters 'Bogota' into Ciudad, jhon clicks on Lista de ciudades, jhon enters 'Av. C. 127' into Direccion, jhon clicks on Buscar la dirección]]
[Test worker] WARN net.thucydides.core.steps.BaseStepListener - stepStarted: net.thucydides.core.steps.ExecutedStepDescription@1b37fbec
[Test worker] WARN net.thucydides.core.steps.BaseStepListener - stepFinished: current outcome:Proceso Autogestion - Agendamiento de servicios:Dado el usuario final cuando desee crear o agendar una orden de servicio [Jhon abrir pagina [jhon opens the Object abrir pagina]], Cuando Crea la orden de servicio [Jhon autogestion [jhon clicks on Heabeas Data, jhon clicks on Seleccionar el tipo de documento, Jhon seleccionar tipo documento, jhon enters '877675081' into Seleccionar el tipo de documento, jhon enters 'jhon.quinones1@infotrack.com.co' into ¿Cuál es tu correo electrónico?, jhon enters 'Usuario' into ¿Cuales son tus apellidos?, jhon enters '1.0' into ¿Cual es tu telefono fijo?, jhon enters '3.0E9' into Ingresa tu numero celular, jhon enters '3.0E9' into Seleccionar el tipo de documento, jhon clicks on Continuar, jhon enters 'Bogota' into Ciudad, jhon clicks on Lista de ciudades, jhon enters 'Av. C. 127' into Direccion, jhon clicks on Buscar la dirección, jhon enters 'Norte' into Datos adicionales]]
[Test worker] WARN net.thucydides.core.steps.BaseStepListener - stepStarted: net.thucydides.core.steps.ExecutedStepDescription@1a2ac487
[Test worker] WARN net.thucydides.core.steps.BaseStepListener - stepFinished: current outcome:Proceso Autogestion - Agendamiento de servicios:Dado el usuario final cuando desee crear o agendar una orden de servicio [Jhon abrir pagina [jhon opens the Object abrir pagina]], Cuando Crea la orden de servicio [Jhon autogestion [jhon clicks on Heabeas Data, jhon clicks on Seleccionar el tipo de documento, Jhon seleccionar tipo documento, jhon enters '877675081' into Seleccionar el tipo de documento, jhon enters 'jhon.quinones1@infotrack.com.co' into ¿Cuál es tu correo electrónico?, jhon enters 'Usuario' into ¿Cuales son tus apellidos?, jhon enters '1.0' into ¿Cual es tu telefono fijo?, jhon enters '3.0E9' into Ingresa tu numero celular, jhon enters '3.0E9' into Seleccionar el tipo de documento, jhon clicks on Continuar, jhon enters 'Bogota' into Ciudad, jhon clicks on Lista de ciudades, jhon enters 'Av. C. 127' into Direccion, jhon clicks on Buscar la dirección, jhon enters 'Norte' into Datos adicionales, jhon clicks on Continuar ubicación servicio]]
[Test worker] WARN net.thucydides.core.steps.BaseStepListener - stepStarted: net.thucydides.core.steps.ExecutedStepDescription@6d294ddc
[Test worker] WARN net.thucydides.core.steps.BaseStepListener - stepFinished: current outcome:Proceso Autogestion - Agendamiento de servicios:Dado el usuario final cuando desee crear o agendar una orden de servicio [Jhon abrir pagina [jhon opens the Object abrir pagina]], Cuando Crea la orden de servicio [Jhon autogestion [jhon clicks on Heabeas Data, jhon clicks on Seleccionar el tipo de documento, Jhon seleccionar tipo documento, jhon enters '877675081' into Seleccionar el tipo de documento, jhon enters 'jhon.quinones1@infotrack.com.co' into ¿Cuál es tu correo electrónico?, jhon enters 'Usuario' into ¿Cuales son tus apellidos?, jhon enters '1.0' into ¿Cual es tu telefono fijo?, jhon enters '3.0E9' into Ingresa tu numero celular, jhon enters '3.0E9' into Seleccionar el tipo de documento, jhon clicks on Continuar, jhon enters 'Bogota' into Ciudad, jhon clicks on Lista de ciudades, jhon enters 'Av. C. 127' into Direccion, jhon clicks on Buscar la dirección, jhon enters 'Norte' into Datos adicionales, jhon clicks on Continuar ubicación servicio, jhon enters 'Garantia' into ¿Qué tipo de servicio solicitas?]]
[Test worker] WARN net.thucydides.core.steps.BaseStepListener - stepStarted: net.thucydides.core.steps.ExecutedStepDescription@3820cfe
[Test worker] WARN net.thucydides.core.steps.BaseStepListener - stepFinished: current outcome:Proceso Autogestion - Agendamiento de servicios:Dado el usuario final cuando desee crear o agendar una orden de servicio [Jhon abrir pagina [jhon opens the Object abrir pagina]], Cuando Crea la orden de servicio [Jhon autogestion [jhon clicks on Heabeas Data, jhon clicks on Seleccionar el tipo de documento, Jhon seleccionar tipo documento, jhon enters '877675081' into Seleccionar el tipo de documento, jhon enters 'jhon.quinones1@infotrack.com.co' into ¿Cuál es tu correo electrónico?, jhon enters 'Usuario' into ¿Cuales son tus apellidos?, jhon enters '1.0' into ¿Cual es tu telefono fijo?, jhon enters '3.0E9' into Ingresa tu numero celular, jhon enters '3.0E9' into Seleccionar el tipo de documento, jhon clicks on Continuar, jhon enters 'Bogota' into Ciudad, jhon clicks on Lista de ciudades, jhon enters 'Av. C. 127' into Direccion, jhon clicks on Buscar la dirección, jhon enters 'Norte' into Datos adicionales, jhon clicks on Continuar ubicación servicio, jhon enters 'Garantia' into ¿Qué tipo de servicio solicitas?, jhon clicks on ¿Qué tipo de servicio solicitas? Lista]]
[Test worker] WARN net.thucydides.core.steps.BaseStepListener - stepStarted: net.thucydides.core.steps.ExecutedStepDescription@682e422c
[Test worker] WARN net.thucydides.core.steps.BaseStepListener - stepFinished: current outcome:Proceso Autogestion - Agendamiento de servicios:Dado el usuario final cuando desee crear o agendar una orden de servicio [Jhon abrir pagina [jhon opens the Object abrir pagina]], Cuando Crea la orden de servicio [Jhon autogestion [jhon clicks on Heabeas Data, jhon clicks on Seleccionar el tipo de documento, Jhon seleccionar tipo documento, jhon enters '877675081' into Seleccionar el tipo de documento, jhon enters 'jhon.quinones1@infotrack.com.co' into ¿Cuál es tu correo electrónico?, jhon enters 'Usuario' into ¿Cuales son tus apellidos?, jhon enters '1.0' into ¿Cual es tu telefono fijo?, jhon enters '3.0E9' into Ingresa tu numero celular, jhon enters '3.0E9' into Seleccionar el tipo de documento, jhon clicks on Continuar, jhon enters 'Bogota' into Ciudad, jhon clicks on Lista de ciudades, jhon enters 'Av. C. 127' into Direccion, jhon clicks on Buscar la dirección, jhon enters 'Norte' into Datos adicionales, jhon clicks on Continuar ubicación servicio, jhon enters 'Garantia' into ¿Qué tipo de servicio solicitas?, jhon clicks on ¿Qué tipo de servicio solicitas? Lista, jhon enters 'NEVERA 5.3 PIES ALMENDRA' into ¿Cuál es el producto?]]
[Test worker] WARN net.thucydides.core.steps.BaseStepListener - stepStarted: net.thucydides.core.steps.ExecutedStepDescription@32ab408e
[Test worker] WARN net.thucydides.core.steps.BaseStepListener - stepFinished: current outcome:Proceso Autogestion - Agendamiento de servicios:Dado el usuario final cuando desee crear o agendar una orden de servicio [Jhon abrir pagina [jhon opens the Object abrir pagina]], Cuando Crea la orden de servicio [Jhon autogestion [jhon clicks on Heabeas Data, jhon clicks on Seleccionar el tipo de documento, Jhon seleccionar tipo documento, jhon enters '877675081' into Seleccionar el tipo de documento, jhon enters 'jhon.quinones1@infotrack.com.co' into ¿Cuál es tu correo electrónico?, jhon enters 'Usuario' into ¿Cuales son tus apellidos?, jhon enters '1.0' into ¿Cual es tu telefono fijo?, jhon enters '3.0E9' into Ingresa tu numero celular, jhon enters '3.0E9' into Seleccionar el tipo de documento, jhon clicks on Continuar, jhon enters 'Bogota' into Ciudad, jhon clicks on Lista de ciudades, jhon enters 'Av. C. 127' into Direccion, jhon clicks on Buscar la dirección, jhon enters 'Norte' into Datos adicionales, jhon clicks on Continuar ubicación servicio, jhon enters 'Garantia' into ¿Qué tipo de servicio solicitas?, jhon clicks on ¿Qué tipo de servicio solicitas? Lista, jhon enters 'NEVERA 5.3 PIES ALMENDRA' into ¿Cuál es el producto?, jhon clicks on ¿Cuál es el producto? Lista]]
[Test worker] WARN net.thucydides.core.steps.BaseStepListener - stepStarted: net.thucydides.core.steps.ExecutedStepDescription@79252c83
[Test worker] WARN net.thucydides.core.steps.BaseStepListener - stepFinished: current outcome:Proceso Autogestion - Agendamiento de servicios:Dado el usuario final cuando desee crear o agendar una orden de servicio [Jhon abrir pagina [jhon opens the Object abrir pagina]], Cuando Crea la orden de servicio [Jhon autogestion [jhon clicks on Heabeas Data, jhon clicks on Seleccionar el tipo de documento, Jhon seleccionar tipo documento, jhon enters '877675081' into Seleccionar el tipo de documento, jhon enters 'jhon.quinones1@infotrack.com.co' into ¿Cuál es tu correo electrónico?, jhon enters 'Usuario' into ¿Cuales son tus apellidos?, jhon enters '1.0' into ¿Cual es tu telefono fijo?, jhon enters '3.0E9' into Ingresa tu numero celular, jhon enters '3.0E9' into Seleccionar el tipo de documento, jhon clicks on Continuar, jhon enters 'Bogota' into Ciudad, jhon clicks on Lista de ciudades, jhon enters 'Av. C. 127' into Direccion, jhon clicks on Buscar la dirección, jhon enters 'Norte' into Datos adicionales, jhon clicks on Continuar ubicación servicio, jhon enters 'Garantia' into ¿Qué tipo de servicio solicitas?, jhon clicks on ¿Qué tipo de servicio solicitas? Lista, jhon enters 'NEVERA 5.3 PIES ALMENDRA' into ¿Cuál es el producto?, jhon clicks on ¿Cuál es el producto? Lista, jhon enters 'BOTA AGUA' into ¿Cuál es el motivo de la reparación?]]
[Test worker] WARN net.thucydides.core.steps.BaseStepListener - stepStarted: net.thucydides.core.steps.ExecutedStepDescription@34c76167
[Test worker] WARN net.thucydides.core.steps.BaseStepListener - stepFinished: current outcome:Proceso Autogestion - Agendamiento de servicios:Dado el usuario final cuando desee crear o agendar una orden de servicio [Jhon abrir pagina [jhon opens the Object abrir pagina]], Cuando Crea la orden de servicio [Jhon autogestion [jhon clicks on Heabeas Data, jhon clicks on Seleccionar el tipo de documento, Jhon seleccionar tipo documento, jhon enters '877675081' into Seleccionar el tipo de documento, jhon enters 'jhon.quinones1@infotrack.com.co' into ¿Cuál es tu correo electrónico?, jhon enters 'Usuario' into ¿Cuales son tus apellidos?, jhon enters '1.0' into ¿Cual es tu telefono fijo?, jhon enters '3.0E9' into Ingresa tu numero celular, jhon enters '3.0E9' into Seleccionar el tipo de documento, jhon clicks on Continuar, jhon enters 'Bogota' into Ciudad, jhon clicks on Lista de ciudades, jhon enters 'Av. C. 127' into Direccion, jhon clicks on Buscar la dirección, jhon enters 'Norte' into Datos adicionales, jhon clicks on Continuar ubicación servicio, jhon enters 'Garantia' into ¿Qué tipo de servicio solicitas?, jhon clicks on ¿Qué tipo de servicio solicitas? Lista, jhon enters 'NEVERA 5.3 PIES ALMENDRA' into ¿Cuál es el producto?, jhon clicks on ¿Cuál es el producto? Lista, jhon enters 'BOTA AGUA' into ¿Cuál es el motivo de la reparación?, jhon clicks on ¿Cuál es el motivo de la reparación? Lista]]
[Test worker] WARN net.thucydides.core.steps.BaseStepListener - stepStarted: net.thucydides.core.steps.ExecutedStepDescription@255d9277
[Test worker] WARN net.thucydides.core.steps.BaseStepListener - stepFinished: current outcome:Proceso Autogestion - Agendamiento de servicios:Dado el usuario final cuando desee crear o agendar una orden de servicio [Jhon abrir pagina [jhon opens the Object abrir pagina]], Cuando Crea la orden de servicio [Jhon autogestion [jhon clicks on Heabeas Data, jhon clicks on Seleccionar el tipo de documento, Jhon seleccionar tipo documento, jhon enters '877675081' into Seleccionar el tipo de documento, jhon enters 'jhon.quinones1@infotrack.com.co' into ¿Cuál es tu correo electrónico?, jhon enters 'Usuario' into ¿Cuales son tus apellidos?, jhon enters '1.0' into ¿Cual es tu telefono fijo?, jhon enters '3.0E9' into Ingresa tu numero celular, jhon enters '3.0E9' into Seleccionar el tipo de documento, jhon clicks on Continuar, jhon enters 'Bogota' into Ciudad, jhon clicks on Lista de ciudades, jhon enters 'Av. C. 127' into Direccion, jhon clicks on Buscar la dirección, jhon enters 'Norte' into Datos adicionales, jhon clicks on Continuar ubicación servicio, jhon enters 'Garantia' into ¿Qué tipo de servicio solicitas?, jhon clicks on ¿Qué tipo de servicio solicitas? Lista, jhon enters 'NEVERA 5.3 PIES ALMENDRA' into ¿Cuál es el producto?, jhon clicks on ¿Cuál es el producto? Lista, jhon enters 'BOTA AGUA' into ¿Cuál es el motivo de la reparación?, jhon clicks on ¿Cuál es el motivo de la reparación? Lista, jhon enters 'QA AUTOMOTION1' into observaciones]]
[Test worker] WARN net.thucydides.core.steps.BaseStepListener - stepStarted: net.thucydides.core.steps.ExecutedStepDescription@77324a58
[Test worker] WARN net.thucydides.core.steps.BaseStepListener - stepFinished: current outcome:Proceso Autogestion - Agendamiento de servicios:Dado el usuario final cuando desee crear o agendar una orden de servicio [Jhon abrir pagina [jhon opens the Object abrir pagina]], Cuando Crea la orden de servicio [Jhon autogestion [jhon clicks on Heabeas Data, jhon clicks on Seleccionar el tipo de documento, Jhon seleccionar tipo documento, jhon enters '877675081' into Seleccionar el tipo de documento, jhon enters 'jhon.quinones1@infotrack.com.co' into ¿Cuál es tu correo electrónico?, jhon enters 'Usuario' into ¿Cuales son tus apellidos?, jhon enters '1.0' into ¿Cual es tu telefono fijo?, jhon enters '3.0E9' into Ingresa tu numero celular, jhon enters '3.0E9' into Seleccionar el tipo de documento, jhon clicks on Continuar, jhon enters 'Bogota' into Ciudad, jhon clicks on Lista de ciudades, jhon enters 'Av. C. 127' into Direccion, jhon clicks on Buscar la dirección, jhon enters 'Norte' into Datos adicionales, jhon clicks on Continuar ubicación servicio, jhon enters 'Garantia' into ¿Qué tipo de servicio solicitas?, jhon clicks on ¿Qué tipo de servicio solicitas? Lista, jhon enters 'NEVERA 5.3 PIES ALMENDRA' into ¿Cuál es el producto?, jhon clicks on ¿Cuál es el producto? Lista, jhon enters 'BOTA AGUA' into ¿Cuál es el motivo de la reparación?, jhon clicks on ¿Cuál es el motivo de la reparación? Lista, jhon enters 'QA AUTOMOTION1' into observaciones, jhon clicks on Rango AM]]
[Test worker] WARN net.thucydides.core.steps.BaseStepListener - stepStarted: net.thucydides.core.steps.ExecutedStepDescription@682e445e
[Test worker] WARN net.thucydides.core.steps.BaseStepListener - stepFinished: current outcome:Proceso Autogestion - Agendamiento de servicios:Dado el usuario final cuando desee crear o agendar una orden de servicio [Jhon abrir pagina [jhon opens the Object abrir pagina]], Cuando Crea la orden de servicio [Jhon autogestion [jhon clicks on Heabeas Data, jhon clicks on Seleccionar el tipo de documento, Jhon seleccionar tipo documento, jhon enters '877675081' into Seleccionar el tipo de documento, jhon enters 'jhon.quinones1@infotrack.com.co' into ¿Cuál es tu correo electrónico?, jhon enters 'Usuario' into ¿Cuales son tus apellidos?, jhon enters '1.0' into ¿Cual es tu telefono fijo?, jhon enters '3.0E9' into Ingresa tu numero celular, jhon enters '3.0E9' into Seleccionar el tipo de documento, jhon clicks on Continuar, jhon enters 'Bogota' into Ciudad, jhon clicks on Lista de ciudades, jhon enters 'Av. C. 127' into Direccion, jhon clicks on Buscar la dirección, jhon enters 'Norte' into Datos adicionales, jhon clicks on Continuar ubicación servicio, jhon enters 'Garantia' into ¿Qué tipo de servicio solicitas?, jhon clicks on ¿Qué tipo de servicio solicitas? Lista, jhon enters 'NEVERA 5.3 PIES ALMENDRA' into ¿Cuál es el producto?, jhon clicks on ¿Cuál es el producto? Lista, jhon enters 'BOTA AGUA' into ¿Cuál es el motivo de la reparación?, jhon clicks on ¿Cuál es el motivo de la reparación? Lista, jhon enters 'QA AUTOMOTION1' into observaciones, jhon clicks on Rango AM, jhon enters '877675081' into Rango PM]]
[Test worker] WARN net.thucydides.core.steps.BaseStepListener - stepStarted: net.thucydides.core.steps.ExecutedStepDescription@3db6dd52
[Test worker] WARN net.thucydides.core.steps.BaseStepListener - stepFinished: current outcome:Proceso Autogestion - Agendamiento de servicios:Dado el usuario final cuando desee crear o agendar una orden de servicio [Jhon abrir pagina [jhon opens the Object abrir pagina]], Cuando Crea la orden de servicio [Jhon autogestion [jhon clicks on Heabeas Data, jhon clicks on Seleccionar el tipo de documento, Jhon seleccionar tipo documento, jhon enters '877675081' into Seleccionar el tipo de documento, jhon enters 'jhon.quinones1@infotrack.com.co' into ¿Cuál es tu correo electrónico?, jhon enters 'Usuario' into ¿Cuales son tus apellidos?, jhon enters '1.0' into ¿Cual es tu telefono fijo?, jhon enters '3.0E9' into Ingresa tu numero celular, jhon enters '3.0E9' into Seleccionar el tipo de documento, jhon clicks on Continuar, jhon enters 'Bogota' into Ciudad, jhon clicks on Lista de ciudades, jhon enters 'Av. C. 127' into Direccion, jhon clicks on Buscar la dirección, jhon enters 'Norte' into Datos adicionales, jhon clicks on Continuar ubicación servicio, jhon enters 'Garantia' into ¿Qué tipo de servicio solicitas?, jhon clicks on ¿Qué tipo de servicio solicitas? Lista, jhon enters 'NEVERA 5.3 PIES ALMENDRA' into ¿Cuál es el producto?, jhon clicks on ¿Cuál es el producto? Lista, jhon enters 'BOTA AGUA' into ¿Cuál es el motivo de la reparación?, jhon clicks on ¿Cuál es el motivo de la reparación? Lista, jhon enters 'QA AUTOMOTION1' into observaciones, jhon clicks on Rango AM, jhon enters '877675081' into Rango PM, jhon clicks on Fecha]]
[Test worker] WARN net.thucydides.core.steps.BaseStepListener - stepStarted: net.thucydides.core.steps.ExecutedStepDescription@164d01ba
[Test worker] WARN net.thucydides.core.steps.BaseStepListener - stepFinished: current outcome:Proceso Autogestion - Agendamiento de servicios:Dado el usuario final cuando desee crear o agendar una orden de servicio [Jhon abrir pagina [jhon opens the Object abrir pagina]], Cuando Crea la orden de servicio [Jhon autogestion [jhon clicks on Heabeas Data, jhon clicks on Seleccionar el tipo de documento, Jhon seleccionar tipo documento, jhon enters '877675081' into Seleccionar el tipo de documento, jhon enters 'jhon.quinones1@infotrack.com.co' into ¿Cuál es tu correo electrónico?, jhon enters 'Usuario' into ¿Cuales son tus apellidos?, jhon enters '1.0' into ¿Cual es tu telefono fijo?, jhon enters '3.0E9' into Ingresa tu numero celular, jhon enters '3.0E9' into Seleccionar el tipo de documento, jhon clicks on Continuar, jhon enters 'Bogota' into Ciudad, jhon clicks on Lista de ciudades, jhon enters 'Av. C. 127' into Direccion, jhon clicks on Buscar la dirección, jhon enters 'Norte' into Datos adicionales, jhon clicks on Continuar ubicación servicio, jhon enters 'Garantia' into ¿Qué tipo de servicio solicitas?, jhon clicks on ¿Qué tipo de servicio solicitas? Lista, jhon enters 'NEVERA 5.3 PIES ALMENDRA' into ¿Cuál es el producto?, jhon clicks on ¿Cuál es el producto? Lista, jhon enters 'BOTA AGUA' into ¿Cuál es el motivo de la reparación?, jhon clicks on ¿Cuál es el motivo de la reparación? Lista, jhon enters 'QA AUTOMOTION1' into observaciones, jhon clicks on Rango AM, jhon enters '877675081' into Rango PM, jhon clicks on Fecha, jhon clicks on Confirmar Fecha seleccionada]]
[Test worker] WARN net.thucydides.core.steps.BaseStepListener - stepStarted: net.thucydides.core.steps.ExecutedStepDescription@4662752a
[Test worker] WARN net.thucydides.core.steps.BaseStepListener - stepFinished: current outcome:Proceso Autogestion - Agendamiento de servicios:Dado el usuario final cuando desee crear o agendar una orden de servicio [Jhon abrir pagina [jhon opens the Object abrir pagina]], Cuando Crea la orden de servicio [Jhon autogestion [jhon clicks on Heabeas Data, jhon clicks on Seleccionar el tipo de documento, Jhon seleccionar tipo documento, jhon enters '877675081' into Seleccionar el tipo de documento, jhon enters 'jhon.quinones1@infotrack.com.co' into ¿Cuál es tu correo electrónico?, jhon enters 'Usuario' into ¿Cuales son tus apellidos?, jhon enters '1.0' into ¿Cual es tu telefono fijo?, jhon enters '3.0E9' into Ingresa tu numero celular, jhon enters '3.0E9' into Seleccionar el tipo de documento, jhon clicks on Continuar, jhon enters 'Bogota' into Ciudad, jhon clicks on Lista de ciudades, jhon enters 'Av. C. 127' into Direccion, jhon clicks on Buscar la dirección, jhon enters 'Norte' into Datos adicionales, jhon clicks on Continuar ubicación servicio, jhon enters 'Garantia' into ¿Qué tipo de servicio solicitas?, jhon clicks on ¿Qué tipo de servicio solicitas? Lista, jhon enters 'NEVERA 5.3 PIES ALMENDRA' into ¿Cuál es el producto?, jhon clicks on ¿Cuál es el producto? Lista, jhon enters 'BOTA AGUA' into ¿Cuál es el motivo de la reparación?, jhon clicks on ¿Cuál es el motivo de la reparación? Lista, jhon enters 'QA AUTOMOTION1' into observaciones, jhon clicks on Rango AM, jhon enters '877675081' into Rango PM, jhon clicks on Fecha, jhon clicks on Confirmar Fecha seleccionada, jhon clicks on Programar]]
[Test worker] WARN net.thucydides.core.steps.BaseStepListener - stepStarted: net.thucydides.core.steps.ExecutedStepDescription@58164e9a
[Test worker] WARN net.thucydides.core.steps.BaseStepListener - stepFinished: current outcome:Proceso Autogestion - Agendamiento de servicios:Dado el usuario final cuando desee crear o agendar una orden de servicio [Jhon abrir pagina [jhon opens the Object abrir pagina]], Cuando Crea la orden de servicio [Jhon autogestion [jhon clicks on Heabeas Data, jhon clicks on Seleccionar el tipo de documento, Jhon seleccionar tipo documento, jhon enters '877675081' into Seleccionar el tipo de documento, jhon enters 'jhon.quinones1@infotrack.com.co' into ¿Cuál es tu correo electrónico?, jhon enters 'Usuario' into ¿Cuales son tus apellidos?, jhon enters '1.0' into ¿Cual es tu telefono fijo?, jhon enters '3.0E9' into Ingresa tu numero celular, jhon enters '3.0E9' into Seleccionar el tipo de documento, jhon clicks on Continuar, jhon enters 'Bogota' into Ciudad, jhon clicks on Lista de ciudades, jhon enters 'Av. C. 127' into Direccion, jhon clicks on Buscar la dirección, jhon enters 'Norte' into Datos adicionales, jhon clicks on Continuar ubicación servicio, jhon enters 'Garantia' into ¿Qué tipo de servicio solicitas?, jhon clicks on ¿Qué tipo de servicio solicitas? Lista, jhon enters 'NEVERA 5.3 PIES ALMENDRA' into ¿Cuál es el producto?, jhon clicks on ¿Cuál es el producto? Lista, jhon enters 'BOTA AGUA' into ¿Cuál es el motivo de la reparación?, jhon clicks on ¿Cuál es el motivo de la reparación? Lista, jhon enters 'QA AUTOMOTION1' into observaciones, jhon clicks on Rango AM, jhon enters '877675081' into Rango PM, jhon clicks on Fecha, jhon clicks on Confirmar Fecha seleccionada, jhon clicks on Programar, Then ver orden servicio should be a value equal to 'Tu servicio ha sido programado']]
[Test worker] WARN net.thucydides.core.steps.BaseStepListener - stepStarted: net.thucydides.core.steps.ExecutedStepDescription@5b14f482
[Test worker] WARN net.thucydides.core.steps.BaseStepListener - stepFinished: current outcome:Proceso Autogestion - Agendamiento de servicios:Dado el usuario final cuando desee crear o agendar una orden de servicio [Jhon abrir pagina [jhon opens the Object abrir pagina]], Cuando Crea la orden de servicio [Jhon autogestion [jhon clicks on Heabeas Data, jhon clicks on Seleccionar el tipo de documento, Jhon seleccionar tipo documento, jhon enters '877675081' into Seleccionar el tipo de documento, jhon enters 'jhon.quinones1@infotrack.com.co' into ¿Cuál es tu correo electrónico?, jhon enters 'Usuario' into ¿Cuales son tus apellidos?, jhon enters '1.0' into ¿Cual es tu telefono fijo?, jhon enters '3.0E9' into Ingresa tu numero celular, jhon enters '3.0E9' into Seleccionar el tipo de documento, jhon clicks on Continuar, jhon enters 'Bogota' into Ciudad, jhon clicks on Lista de ciudades, jhon enters 'Av. C. 127' into Direccion, jhon clicks on Buscar la dirección, jhon enters 'Norte' into Datos adicionales, jhon clicks on Continuar ubicación servicio, jhon enters 'Garantia' into ¿Qué tipo de servicio solicitas?, jhon clicks on ¿Qué tipo de servicio solicitas? Lista, jhon enters 'NEVERA 5.3 PIES ALMENDRA' into ¿Cuál es el producto?, jhon clicks on ¿Cuál es el producto? Lista, jhon enters 'BOTA AGUA' into ¿Cuál es el motivo de la reparación?, jhon clicks on ¿Cuál es el motivo de la reparación? Lista, jhon enters 'QA AUTOMOTION1' into observaciones, jhon clicks on Rango AM, jhon enters '877675081' into Rango PM, jhon clicks on Fecha, jhon clicks on Confirmar Fecha seleccionada, jhon clicks on Programar, Then ver orden servicio should be a value equal to 'Tu servicio ha sido programado', jhon clicks on Finalizar Orden de servicio]]
Starting ChromeDriver 117.0.5938.149 (e3344ddefa12e60436fa28c81cf207c1afb4d0a9-refs/branch-heads/5938@{#1539}) on port 14967
Only local connections are allowed.
Please see https://chromedriver.chromium.org/security-considerations for suggestions on keeping ChromeDriver safe.
ChromeDriver was started successfully.
oct 05, 2023 11:32:33 AM org.openqa.selenium.remote.ProtocolHandshake createSession
INFORMACIÓN: Detected dialect: W3C
[Test worker] WARN net.thucydides.core.steps.BaseStepListener - stepFinished: current outcome:Proceso Autogestion - Agendamiento de servicios:Dado el usuario final cuando desee crear o agendar una orden de servicio [Jhon abrir pagina [jhon opens the Object abrir pagina]], Cuando Crea la orden de servicio [Jhon autogestion [jhon clicks on Heabeas Data, jhon clicks on Seleccionar el tipo de documento, Jhon seleccionar tipo documento, jhon enters '877675081' into Seleccionar el tipo de documento, jhon enters 'jhon.quinones1@infotrack.com.co' into ¿Cuál es tu correo electrónico?, jhon enters 'Usuario' into ¿Cuales son tus apellidos?, jhon enters '1.0' into ¿Cual es tu telefono fijo?, jhon enters '3.0E9' into Ingresa tu numero celular, jhon enters '3.0E9' into Seleccionar el tipo de documento, jhon clicks on Continuar, jhon enters 'Bogota' into Ciudad, jhon clicks on Lista de ciudades, jhon enters 'Av. C. 127' into Direccion, jhon clicks on Buscar la dirección, jhon enters 'Norte' into Datos adicionales, jhon clicks on Continuar ubicación servicio, jhon enters 'Garantia' into ¿Qué tipo de servicio solicitas?, jhon clicks on ¿Qué tipo de servicio solicitas? Lista, jhon enters 'NEVERA 5.3 PIES ALMENDRA' into ¿Cuál es el producto?, jhon clicks on ¿Cuál es el producto? Lista, jhon enters 'BOTA AGUA' into ¿Cuál es el motivo de la reparación?, jhon clicks on ¿Cuál es el motivo de la reparación? Lista, jhon enters 'QA AUTOMOTION1' into observaciones, jhon clicks on Rango AM, jhon enters '877675081' into Rango PM, jhon clicks on Fecha, jhon clicks on Confirmar Fecha seleccionada, jhon clicks on Programar, Then ver orden servicio should be a value equal to 'Tu servicio ha sido programado', jhon clicks on Finalizar Orden de servicio]]
[Test worker] WARN net.thucydides.core.steps.BaseStepListener - stepFinished: current outcome:Proceso Autogestion - Agendamiento de servicios:Dado el usuario final cuando desee crear o agendar una orden de servicio [Jhon abrir pagina [jhon opens the Object abrir pagina]], Cuando Crea la orden de servicio [Jhon autogestion [jhon clicks on Heabeas Data, jhon clicks on Seleccionar el tipo de documento, Jhon seleccionar tipo documento, jhon enters '877675081' into Seleccionar el tipo de documento, jhon enters 'jhon.quinones1@infotrack.com.co' into ¿Cuál es tu correo electrónico?, jhon enters 'Usuario' into ¿Cuales son tus apellidos?, jhon enters '1.0' into ¿Cual es tu telefono fijo?, jhon enters '3.0E9' into Ingresa tu numero celular, jhon enters '3.0E9' into Seleccionar el tipo de documento, jhon clicks on Continuar, jhon enters 'Bogota' into Ciudad, jhon clicks on Lista de ciudades, jhon enters 'Av. C. 127' into Direccion, jhon clicks on Buscar la dirección, jhon enters 'Norte' into Datos adicionales, jhon clicks on Continuar ubicación servicio, jhon enters 'Garantia' into ¿Qué tipo de servicio solicitas?, jhon clicks on ¿Qué tipo de servicio solicitas? Lista, jhon enters 'NEVERA 5.3 PIES ALMENDRA' into ¿Cuál es el producto?, jhon clicks on ¿Cuál es el producto? Lista, jhon enters 'BOTA AGUA' into ¿Cuál es el motivo de la reparación?, jhon clicks on ¿Cuál es el motivo de la reparación? Lista, jhon enters 'QA AUTOMOTION1' into observaciones, jhon clicks on Rango AM, jhon enters '877675081' into Rango PM, jhon clicks on Fecha, jhon clicks on Confirmar Fecha seleccionada, jhon clicks on Programar, Then ver orden servicio should be a value equal to 'Tu servicio ha sido programado', jhon clicks on Finalizar Orden de servicio]]
[Test worker] WARN net.thucydides.core.steps.BaseStepListener - stepStarted: net.thucydides.core.steps.ExecutedStepDescription@6d421fe
[Test worker] WARN net.thucydides.core.steps.BaseStepListener - stepFinished: current outcome:Proceso Autogestion - Agendamiento de servicios:Dado el usuario final cuando desee crear o agendar una orden de servicio [Jhon abrir pagina [jhon opens the Object abrir pagina]], Cuando Crea la orden de servicio [Jhon autogestion [jhon clicks on Heabeas Data, jhon clicks on Seleccionar el tipo de documento, Jhon seleccionar tipo documento, jhon enters '877675081' into Seleccionar el tipo de documento, jhon enters 'jhon.quinones1@infotrack.com.co' into ¿Cuál es tu correo electrónico?, jhon enters 'Usuario' into ¿Cuales son tus apellidos?, jhon enters '1.0' into ¿Cual es tu telefono fijo?, jhon enters '3.0E9' into Ingresa tu numero celular, jhon enters '3.0E9' into Seleccionar el tipo de documento, jhon clicks on Continuar, jhon enters 'Bogota' into Ciudad, jhon clicks on Lista de ciudades, jhon enters 'Av. C. 127' into Direccion, jhon clicks on Buscar la dirección, jhon enters 'Norte' into Datos adicionales, jhon clicks on Continuar ubicación servicio, jhon enters 'Garantia' into ¿Qué tipo de servicio solicitas?, jhon clicks on ¿Qué tipo de servicio solicitas? Lista, jhon enters 'NEVERA 5.3 PIES ALMENDRA' into ¿Cuál es el producto?, jhon clicks on ¿Cuál es el producto? Lista, jhon enters 'BOTA AGUA' into ¿Cuál es el motivo de la reparación?, jhon clicks on ¿Cuál es el motivo de la reparación? Lista, jhon enters 'QA AUTOMOTION1' into observaciones, jhon clicks on Rango AM, jhon enters '877675081' into Rango PM, jhon clicks on Fecha, jhon clicks on Confirmar Fecha seleccionada, jhon clicks on Programar, Then ver orden servicio should be a value equal to 'Tu servicio ha sido programado', jhon clicks on Finalizar Orden de servicio]], Entonces verifica que se creo correctamente la orden de servicio
[Test worker] WARN net.thucydides.core.steps.BaseStepListener - testFinished: Proceso Autogestion - Agendamiento de servicios:Dado el usuario final cuando desee crear o agendar una orden de servicio [Jhon abrir pagina [jhon opens the Object abrir pagina]], Cuando Crea la orden de servicio [Jhon autogestion [jhon clicks on Heabeas Data, jhon clicks on Seleccionar el tipo de documento, Jhon seleccionar tipo documento, jhon enters '877675081' into Seleccionar el tipo de documento, jhon enters 'jhon.quinones1@infotrack.com.co' into ¿Cuál es tu correo electrónico?, jhon enters 'Usuario' into ¿Cuales son tus apellidos?, jhon enters '1.0' into ¿Cual es tu telefono fijo?, jhon enters '3.0E9' into Ingresa tu numero celular, jhon enters '3.0E9' into Seleccionar el tipo de documento, jhon clicks on Continuar, jhon enters 'Bogota' into Ciudad, jhon clicks on Lista de ciudades, jhon enters 'Av. C. 127' into Direccion, jhon clicks on Buscar la dirección, jhon enters 'Norte' into Datos adicionales, jhon clicks on Continuar ubicación servicio, jhon enters 'Garantia' into ¿Qué tipo de servicio solicitas?, jhon clicks on ¿Qué tipo de servicio solicitas? Lista, jhon enters 'NEVERA 5.3 PIES ALMENDRA' into ¿Cuál es el producto?, jhon clicks on ¿Cuál es el producto? Lista, jhon enters 'BOTA AGUA' into ¿Cuál es el motivo de la reparación?, jhon clicks on ¿Cuál es el motivo de la reparación? Lista, jhon enters 'QA AUTOMOTION1' into observaciones, jhon clicks on Rango AM, jhon enters '877675081' into Rango PM, jhon clicks on Fecha, jhon clicks on Confirmar Fecha seleccionada, jhon clicks on Programar, Then ver orden servicio should be a value equal to 'Tu servicio ha sido programado', jhon clicks on Finalizar Orden de servicio]], Entonces verifica que se creo correctamente la orden de servicio
[Test worker] WARN net.thucydides.core.steps.BaseStepListener - TestOutcomes: [Proceso Autogestion - Agendamiento de servicios:Dado el usuario final cuando desee crear o agendar una orden de servicio [Jhon abrir pagina [jhon opens the Object abrir pagina]], Cuando Crea la orden de servicio [Jhon autogestion [jhon clicks on Heabeas Data, jhon clicks on Seleccionar el tipo de documento, Jhon seleccionar tipo documento, jhon enters '877675081' into Seleccionar el tipo de documento, jhon enters 'jhon.quinones1@infotrack.com.co' into ¿Cuál es tu correo electrónico?, jhon enters 'Usuario' into ¿Cuales son tus apellidos?, jhon enters '1.0' into ¿Cual es tu telefono fijo?, jhon enters '3.0E9' into Ingresa tu numero celular, jhon enters '3.0E9' into Seleccionar el tipo de documento, jhon clicks on Continuar, jhon enters 'Bogota' into Ciudad, jhon clicks on Lista de ciudades, jhon enters 'Av. C. 127' into Direccion, jhon clicks on Buscar la dirección, jhon enters 'Norte' into Datos adicionales, jhon clicks on Continuar ubicación servicio, jhon enters 'Garantia' into ¿Qué tipo de servicio solicitas?, jhon clicks on ¿Qué tipo de servicio solicitas? Lista, jhon enters 'NEVERA 5.3 PIES ALMENDRA' into ¿Cuál es el producto?, jhon clicks on ¿Cuál es el producto? Lista, jhon enters 'BOTA AGUA' into ¿Cuál es el motivo de la reparación?, jhon clicks on ¿Cuál es el motivo de la reparación? Lista, jhon enters 'QA AUTOMOTION1' into observaciones, jhon clicks on Rango AM, jhon enters '877675081' into Rango PM, jhon clicks on Fecha, jhon clicks on Confirmar Fecha seleccionada, jhon clicks on Programar, Then ver orden servicio should be a value equal to 'Tu servicio ha sido programado', jhon clicks on Finalizar Orden de servicio]], Entonces verifica que se creo correctamente la orden de servicio]
[Test worker] WARN net.thucydides.core.steps.BaseStepListener - Final testOutcomes: [Proceso Autogestion - Agendamiento de servicios:Dado el usuario final cuando desee crear o agendar una orden de servicio [Jhon abrir pagina [jhon opens the Object abrir pagina]], Cuando Crea la orden de servicio [Jhon autogestion [jhon clicks on Heabeas Data, jhon clicks on Seleccionar el tipo de documento, Jhon seleccionar tipo documento, jhon enters '877675081' into Seleccionar el tipo de documento, jhon enters 'jhon.quinones1@infotrack.com.co' into ¿Cuál es tu correo electrónico?, jhon enters 'Usuario' into ¿Cuales son tus apellidos?, jhon enters '1.0' into ¿Cual es tu telefono fijo?, jhon enters '3.0E9' into Ingresa tu numero celular, jhon enters '3.0E9' into Seleccionar el tipo de documento, jhon clicks on Continuar, jhon enters 'Bogota' into Ciudad, jhon clicks on Lista de ciudades, jhon enters 'Av. C. 127' into Direccion, jhon clicks on Buscar la dirección, jhon enters 'Norte' into Datos adicionales, jhon clicks on Continuar ubicación servicio, jhon enters 'Garantia' into ¿Qué tipo de servicio solicitas?, jhon clicks on ¿Qué tipo de servicio solicitas? Lista, jhon enters 'NEVERA 5.3 PIES ALMENDRA' into ¿Cuál es el producto?, jhon clicks on ¿Cuál es el producto? Lista, jhon enters 'BOTA AGUA' into ¿Cuál es el motivo de la reparación?, jhon clicks on ¿Cuál es el motivo de la reparación? Lista, jhon enters 'QA AUTOMOTION1' into observaciones, jhon clicks on Rango AM, jhon enters '877675081' into Rango PM, jhon clicks on Fecha, jhon clicks on Confirmar Fecha seleccionada, jhon clicks on Programar, Then ver orden servicio should be a value equal to 'Tu servicio ha sido programado', jhon clicks on Finalizar Orden de servicio]], Entonces verifica que se creo correctamente la orden de servicio]
[Test worker] INFO net.thucydides.core.steps.ConsoleLoggingListener - 
        __    _____ _____ ____ _____   ____   _    ____  ____  _____ ____  
  _     \ \  |_   _| ____/ ___|_   _| |  _ \ / \  / ___|/ ___|| ____|  _ \ 
 (_)_____| |   | | |  _| \___ \ | |   | |_) / _ \ \___ \\___ \|  _| | | | |
  _|_____| |   | | | |___ ___) || |   |  __/ ___ \ ___) |___) | |___| |_| |
 (_)     | |   |_| |_____|____/ |_|   |_| /_/   \_\____/|____/|_____|____/ 
        /_/                                                                

TEST PASSED: Proceso Autogestion - Agendamiento de servicios
----------------------------------------------------------------------------
]]></system-err>
</testsuite>
