<?xml version="1.0" encoding="UTF-8"?>
<testsuite name="Proceso Autogestion - Agendamiento de servicios" tests="1" skipped="0" failures="0" errors="0" timestamp="2023-08-17T21:09:45" hostname="LTBG60836" time="56.311">
  <properties/>
  <testcase name="Proceso Autogestion - Agendamiento de servicios" classname="Proceso Autogestion - Agendamiento de servicios" time="56.311"/>
  <system-out><![CDATA[El número random generado es: 546844547
]]></system-out>
  <system-err><![CDATA[[Test worker] WARN net.thucydides.core.steps.BaseStepListener - stepStarted: net.thucydides.core.steps.ExecutedStepDescription@5d25e6bb
[Test worker] WARN net.thucydides.core.steps.BaseStepListener - stepStarted: net.thucydides.core.steps.ExecutedStepDescription@16ade133
[Test worker] WARN net.thucydides.core.steps.BaseStepListener - stepStarted: net.thucydides.core.steps.ExecutedStepDescription@3cd59ef5
ago 17, 2023 4:09:46 PM org.openqa.selenium.remote.DesiredCapabilities edge
INFORMACIÓN: Using `new EdgeOptions()` is preferred to `DesiredCapabilities.edge()`
[Test worker] INFO net.serenitybdd.core.webdriver.driverproviders.ProvideNewDriver - Instantiating driver
[Test worker] INFO net.serenitybdd.core.webdriver.driverproviders.ProvideNewDriver - Driver capabilities: Capabilities {browserName: MicrosoftEdge, loggingPrefs: org.openqa.selenium.logging..., platform: WINDOWS, version: }
Starting Microsoft Edge WebDriver 115.0.1901.203 (a5a2b1779bcfe71f081bc9104cca968d420a89ac) on port 45350
To submit feedback, report a bug, or suggest new features, please visit https://github.com/MicrosoftEdge/EdgeWebDriver

Only local connections are allowed.
Please see https://aka.ms/WebDriverSecurity for suggestions on keeping Microsoft Edge WebDriver safe.

Microsoft Edge WebDriver was started successfully.
ago 17, 2023 4:09:53 PM org.openqa.selenium.remote.ProtocolHandshake createSession
INFORMACIÓN: Detected dialect: W3C
[Test worker] WARN net.thucydides.core.steps.BaseStepListener - stepFinished: current outcome:Proceso Autogestion - Agendamiento de servicios:Dado el usuario final cuando desee crear o agendar una orden de servicio [Jhon abrir pagina [jhon opens the Object abrir pagina]]
[Test worker] WARN net.thucydides.core.steps.BaseStepListener - stepFinished: current outcome:Proceso Autogestion - Agendamiento de servicios:Dado el usuario final cuando desee crear o agendar una orden de servicio [Jhon abrir pagina [jhon opens the Object abrir pagina]]
[Test worker] WARN net.thucydides.core.steps.BaseStepListener - stepFinished: current outcome:Proceso Autogestion - Agendamiento de servicios:Dado el usuario final cuando desee crear o agendar una orden de servicio [Jhon abrir pagina [jhon opens the Object abrir pagina]]
[Test worker] WARN net.thucydides.core.steps.BaseStepListener - stepStarted: net.thucydides.core.steps.ExecutedStepDescription@12a2585b
[Test worker] WARN net.thucydides.core.steps.BaseStepListener - stepStarted: net.thucydides.core.steps.ExecutedStepDescription@423a0e1d
[Test worker] WARN net.thucydides.core.steps.BaseStepListener - stepStarted: net.thucydides.core.steps.ExecutedStepDescription@72543547
[Test worker] WARN net.thucydides.core.steps.BaseStepListener - stepFinished: current outcome:Proceso Autogestion - Agendamiento de servicios:Dado el usuario final cuando desee crear o agendar una orden de servicio [Jhon abrir pagina [jhon opens the Object abrir pagina]], Cuando Crea la orden de servicio [Jhon autogestion [jhon clicks on Heabeas Data]]
[Test worker] WARN net.thucydides.core.steps.BaseStepListener - stepStarted: net.thucydides.core.steps.ExecutedStepDescription@5ff6dd3c
[Test worker] WARN net.thucydides.core.steps.BaseStepListener - stepFinished: current outcome:Proceso Autogestion - Agendamiento de servicios:Dado el usuario final cuando desee crear o agendar una orden de servicio [Jhon abrir pagina [jhon opens the Object abrir pagina]], Cuando Crea la orden de servicio [Jhon autogestion [jhon clicks on Heabeas Data, jhon clicks on Seleccionar el tipo de documento]]
[Test worker] WARN net.thucydides.core.steps.BaseStepListener - stepStarted: net.thucydides.core.steps.ExecutedStepDescription@67332b1e
[Test worker] WARN net.thucydides.core.steps.BaseStepListener - stepFinished: current outcome:Proceso Autogestion - Agendamiento de servicios:Dado el usuario final cuando desee crear o agendar una orden de servicio [Jhon abrir pagina [jhon opens the Object abrir pagina]], Cuando Crea la orden de servicio [Jhon autogestion [jhon clicks on Heabeas Data, jhon clicks on Seleccionar el tipo de documento, Jhon seleccionar tipo documento]]
[Test worker] WARN net.thucydides.core.steps.BaseStepListener - stepStarted: net.thucydides.core.steps.ExecutedStepDescription@337a6d30
[Test worker] WARN net.thucydides.core.steps.BaseStepListener - stepFinished: current outcome:Proceso Autogestion - Agendamiento de servicios:Dado el usuario final cuando desee crear o agendar una orden de servicio [Jhon abrir pagina [jhon opens the Object abrir pagina]], Cuando Crea la orden de servicio [Jhon autogestion [jhon clicks on Heabeas Data, jhon clicks on Seleccionar el tipo de documento, Jhon seleccionar tipo documento, jhon enters '546844547' into Seleccionar el tipo de documento]]
[Test worker] WARN net.thucydides.core.steps.BaseStepListener - stepStarted: net.thucydides.core.steps.ExecutedStepDescription@52ca2652
[Test worker] WARN net.thucydides.core.steps.BaseStepListener - stepFinished: current outcome:Proceso Autogestion - Agendamiento de servicios:Dado el usuario final cuando desee crear o agendar una orden de servicio [Jhon abrir pagina [jhon opens the Object abrir pagina]], Cuando Crea la orden de servicio [Jhon autogestion [jhon clicks on Heabeas Data, jhon clicks on Seleccionar el tipo de documento, Jhon seleccionar tipo documento, jhon enters '546844547' into Seleccionar el tipo de documento, jhon enters 'jhon.quinones1@infotrack.com.co' into ¿Cuál es tu correo electrónico?]]
[Test worker] WARN net.thucydides.core.steps.BaseStepListener - stepStarted: net.thucydides.core.steps.ExecutedStepDescription@747835f5
[Test worker] WARN net.thucydides.core.steps.BaseStepListener - stepFinished: current outcome:Proceso Autogestion - Agendamiento de servicios:Dado el usuario final cuando desee crear o agendar una orden de servicio [Jhon abrir pagina [jhon opens the Object abrir pagina]], Cuando Crea la orden de servicio [Jhon autogestion [jhon clicks on Heabeas Data, jhon clicks on Seleccionar el tipo de documento, Jhon seleccionar tipo documento, jhon enters '546844547' into Seleccionar el tipo de documento, jhon enters 'jhon.quinones1@infotrack.com.co' into ¿Cuál es tu correo electrónico?, jhon enters 'Usuario' into ¿Cuales son tus apellidos?]]
[Test worker] WARN net.thucydides.core.steps.BaseStepListener - stepStarted: net.thucydides.core.steps.ExecutedStepDescription@29d405e6
[Test worker] WARN net.thucydides.core.steps.BaseStepListener - stepFinished: current outcome:Proceso Autogestion - Agendamiento de servicios:Dado el usuario final cuando desee crear o agendar una orden de servicio [Jhon abrir pagina [jhon opens the Object abrir pagina]], Cuando Crea la orden de servicio [Jhon autogestion [jhon clicks on Heabeas Data, jhon clicks on Seleccionar el tipo de documento, Jhon seleccionar tipo documento, jhon enters '546844547' into Seleccionar el tipo de documento, jhon enters 'jhon.quinones1@infotrack.com.co' into ¿Cuál es tu correo electrónico?, jhon enters 'Usuario' into ¿Cuales son tus apellidos?, jhon enters '1.0' into ¿Cual es tu telefono fijo?]]
[Test worker] WARN net.thucydides.core.steps.BaseStepListener - stepStarted: net.thucydides.core.steps.ExecutedStepDescription@61e86192
[Test worker] WARN net.thucydides.core.steps.BaseStepListener - stepFinished: current outcome:Proceso Autogestion - Agendamiento de servicios:Dado el usuario final cuando desee crear o agendar una orden de servicio [Jhon abrir pagina [jhon opens the Object abrir pagina]], Cuando Crea la orden de servicio [Jhon autogestion [jhon clicks on Heabeas Data, jhon clicks on Seleccionar el tipo de documento, Jhon seleccionar tipo documento, jhon enters '546844547' into Seleccionar el tipo de documento, jhon enters 'jhon.quinones1@infotrack.com.co' into ¿Cuál es tu correo electrónico?, jhon enters 'Usuario' into ¿Cuales son tus apellidos?, jhon enters '1.0' into ¿Cual es tu telefono fijo?, jhon enters '3.0E9' into Ingresa tu numero celular]]
[Test worker] WARN net.thucydides.core.steps.BaseStepListener - stepStarted: net.thucydides.core.steps.ExecutedStepDescription@2a87ba34
[Test worker] WARN net.thucydides.core.steps.BaseStepListener - stepFinished: current outcome:Proceso Autogestion - Agendamiento de servicios:Dado el usuario final cuando desee crear o agendar una orden de servicio [Jhon abrir pagina [jhon opens the Object abrir pagina]], Cuando Crea la orden de servicio [Jhon autogestion [jhon clicks on Heabeas Data, jhon clicks on Seleccionar el tipo de documento, Jhon seleccionar tipo documento, jhon enters '546844547' into Seleccionar el tipo de documento, jhon enters 'jhon.quinones1@infotrack.com.co' into ¿Cuál es tu correo electrónico?, jhon enters 'Usuario' into ¿Cuales son tus apellidos?, jhon enters '1.0' into ¿Cual es tu telefono fijo?, jhon enters '3.0E9' into Ingresa tu numero celular, jhon enters '3.0E9' into Seleccionar el tipo de documento]]
[Test worker] WARN net.thucydides.core.steps.BaseStepListener - stepStarted: net.thucydides.core.steps.ExecutedStepDescription@20d19f2c
[Test worker] WARN net.thucydides.core.steps.BaseStepListener - stepFinished: current outcome:Proceso Autogestion - Agendamiento de servicios:Dado el usuario final cuando desee crear o agendar una orden de servicio [Jhon abrir pagina [jhon opens the Object abrir pagina]], Cuando Crea la orden de servicio [Jhon autogestion [jhon clicks on Heabeas Data, jhon clicks on Seleccionar el tipo de documento, Jhon seleccionar tipo documento, jhon enters '546844547' into Seleccionar el tipo de documento, jhon enters 'jhon.quinones1@infotrack.com.co' into ¿Cuál es tu correo electrónico?, jhon enters 'Usuario' into ¿Cuales son tus apellidos?, jhon enters '1.0' into ¿Cual es tu telefono fijo?, jhon enters '3.0E9' into Ingresa tu numero celular, jhon enters '3.0E9' into Seleccionar el tipo de documento, jhon clicks on Continuar]]
[Test worker] WARN net.thucydides.core.steps.BaseStepListener - stepStarted: net.thucydides.core.steps.ExecutedStepDescription@24876a7e
[Test worker] WARN net.thucydides.core.steps.BaseStepListener - stepFinished: current outcome:Proceso Autogestion - Agendamiento de servicios:Dado el usuario final cuando desee crear o agendar una orden de servicio [Jhon abrir pagina [jhon opens the Object abrir pagina]], Cuando Crea la orden de servicio [Jhon autogestion [jhon clicks on Heabeas Data, jhon clicks on Seleccionar el tipo de documento, Jhon seleccionar tipo documento, jhon enters '546844547' into Seleccionar el tipo de documento, jhon enters 'jhon.quinones1@infotrack.com.co' into ¿Cuál es tu correo electrónico?, jhon enters 'Usuario' into ¿Cuales son tus apellidos?, jhon enters '1.0' into ¿Cual es tu telefono fijo?, jhon enters '3.0E9' into Ingresa tu numero celular, jhon enters '3.0E9' into Seleccionar el tipo de documento, jhon clicks on Continuar, jhon enters 'Bogota' into Ciudad]]
[Test worker] WARN net.thucydides.core.steps.BaseStepListener - stepStarted: net.thucydides.core.steps.ExecutedStepDescription@34c53688
[Test worker] WARN net.thucydides.core.steps.BaseStepListener - stepFinished: current outcome:Proceso Autogestion - Agendamiento de servicios:Dado el usuario final cuando desee crear o agendar una orden de servicio [Jhon abrir pagina [jhon opens the Object abrir pagina]], Cuando Crea la orden de servicio [Jhon autogestion [jhon clicks on Heabeas Data, jhon clicks on Seleccionar el tipo de documento, Jhon seleccionar tipo documento, jhon enters '546844547' into Seleccionar el tipo de documento, jhon enters 'jhon.quinones1@infotrack.com.co' into ¿Cuál es tu correo electrónico?, jhon enters 'Usuario' into ¿Cuales son tus apellidos?, jhon enters '1.0' into ¿Cual es tu telefono fijo?, jhon enters '3.0E9' into Ingresa tu numero celular, jhon enters '3.0E9' into Seleccionar el tipo de documento, jhon clicks on Continuar, jhon enters 'Bogota' into Ciudad, jhon clicks on Lista de ciudades]]
[Test worker] WARN net.thucydides.core.steps.BaseStepListener - stepStarted: net.thucydides.core.steps.ExecutedStepDescription@5e5ddfbc
[Test worker] WARN net.thucydides.core.steps.BaseStepListener - stepFinished: current outcome:Proceso Autogestion - Agendamiento de servicios:Dado el usuario final cuando desee crear o agendar una orden de servicio [Jhon abrir pagina [jhon opens the Object abrir pagina]], Cuando Crea la orden de servicio [Jhon autogestion [jhon clicks on Heabeas Data, jhon clicks on Seleccionar el tipo de documento, Jhon seleccionar tipo documento, jhon enters '546844547' into Seleccionar el tipo de documento, jhon enters 'jhon.quinones1@infotrack.com.co' into ¿Cuál es tu correo electrónico?, jhon enters 'Usuario' into ¿Cuales son tus apellidos?, jhon enters '1.0' into ¿Cual es tu telefono fijo?, jhon enters '3.0E9' into Ingresa tu numero celular, jhon enters '3.0E9' into Seleccionar el tipo de documento, jhon clicks on Continuar, jhon enters 'Bogota' into Ciudad, jhon clicks on Lista de ciudades, jhon enters 'Av. C. 127' into Direccion]]
[Test worker] WARN net.thucydides.core.steps.BaseStepListener - stepStarted: net.thucydides.core.steps.ExecutedStepDescription@2f9b21d6
[Test worker] WARN net.thucydides.core.steps.BaseStepListener - stepFinished: current outcome:Proceso Autogestion - Agendamiento de servicios:Dado el usuario final cuando desee crear o agendar una orden de servicio [Jhon abrir pagina [jhon opens the Object abrir pagina]], Cuando Crea la orden de servicio [Jhon autogestion [jhon clicks on Heabeas Data, jhon clicks on Seleccionar el tipo de documento, Jhon seleccionar tipo documento, jhon enters '546844547' into Seleccionar el tipo de documento, jhon enters 'jhon.quinones1@infotrack.com.co' into ¿Cuál es tu correo electrónico?, jhon enters 'Usuario' into ¿Cuales son tus apellidos?, jhon enters '1.0' into ¿Cual es tu telefono fijo?, jhon enters '3.0E9' into Ingresa tu numero celular, jhon enters '3.0E9' into Seleccionar el tipo de documento, jhon clicks on Continuar, jhon enters 'Bogota' into Ciudad, jhon clicks on Lista de ciudades, jhon enters 'Av. C. 127' into Direccion, jhon clicks on Buscar la dirección]]
[Test worker] WARN net.thucydides.core.steps.BaseStepListener - stepStarted: net.thucydides.core.steps.ExecutedStepDescription@4b03cbad
[Test worker] WARN net.thucydides.core.steps.BaseStepListener - stepFinished: current outcome:Proceso Autogestion - Agendamiento de servicios:Dado el usuario final cuando desee crear o agendar una orden de servicio [Jhon abrir pagina [jhon opens the Object abrir pagina]], Cuando Crea la orden de servicio [Jhon autogestion [jhon clicks on Heabeas Data, jhon clicks on Seleccionar el tipo de documento, Jhon seleccionar tipo documento, jhon enters '546844547' into Seleccionar el tipo de documento, jhon enters 'jhon.quinones1@infotrack.com.co' into ¿Cuál es tu correo electrónico?, jhon enters 'Usuario' into ¿Cuales son tus apellidos?, jhon enters '1.0' into ¿Cual es tu telefono fijo?, jhon enters '3.0E9' into Ingresa tu numero celular, jhon enters '3.0E9' into Seleccionar el tipo de documento, jhon clicks on Continuar, jhon enters 'Bogota' into Ciudad, jhon clicks on Lista de ciudades, jhon enters 'Av. C. 127' into Direccion, jhon clicks on Buscar la dirección, jhon enters 'Norte' into Datos adicionales]]
[Test worker] WARN net.thucydides.core.steps.BaseStepListener - stepStarted: net.thucydides.core.steps.ExecutedStepDescription@5ec88f9e
[Test worker] WARN net.thucydides.core.steps.BaseStepListener - stepFinished: current outcome:Proceso Autogestion - Agendamiento de servicios:Dado el usuario final cuando desee crear o agendar una orden de servicio [Jhon abrir pagina [jhon opens the Object abrir pagina]], Cuando Crea la orden de servicio [Jhon autogestion [jhon clicks on Heabeas Data, jhon clicks on Seleccionar el tipo de documento, Jhon seleccionar tipo documento, jhon enters '546844547' into Seleccionar el tipo de documento, jhon enters 'jhon.quinones1@infotrack.com.co' into ¿Cuál es tu correo electrónico?, jhon enters 'Usuario' into ¿Cuales son tus apellidos?, jhon enters '1.0' into ¿Cual es tu telefono fijo?, jhon enters '3.0E9' into Ingresa tu numero celular, jhon enters '3.0E9' into Seleccionar el tipo de documento, jhon clicks on Continuar, jhon enters 'Bogota' into Ciudad, jhon clicks on Lista de ciudades, jhon enters 'Av. C. 127' into Direccion, jhon clicks on Buscar la dirección, jhon enters 'Norte' into Datos adicionales, jhon clicks on Continuar ubicación servicio]]
Starting Microsoft Edge WebDriver 115.0.1901.203 (a5a2b1779bcfe71f081bc9104cca968d420a89ac) on port 22096
To submit feedback, report a bug, or suggest new features, please visit https://github.com/MicrosoftEdge/EdgeWebDriver

Only local connections are allowed.
Please see https://aka.ms/WebDriverSecurity for suggestions on keeping Microsoft Edge WebDriver safe.

Microsoft Edge WebDriver was started successfully.
ago 17, 2023 4:10:38 PM org.openqa.selenium.remote.ProtocolHandshake createSession
INFORMACIÓN: Detected dialect: W3C
[Test worker] WARN net.thucydides.core.steps.BaseStepListener - stepFinished: current outcome:Proceso Autogestion - Agendamiento de servicios:Dado el usuario final cuando desee crear o agendar una orden de servicio [Jhon abrir pagina [jhon opens the Object abrir pagina]], Cuando Crea la orden de servicio [Jhon autogestion [jhon clicks on Heabeas Data, jhon clicks on Seleccionar el tipo de documento, Jhon seleccionar tipo documento, jhon enters '546844547' into Seleccionar el tipo de documento, jhon enters 'jhon.quinones1@infotrack.com.co' into ¿Cuál es tu correo electrónico?, jhon enters 'Usuario' into ¿Cuales son tus apellidos?, jhon enters '1.0' into ¿Cual es tu telefono fijo?, jhon enters '3.0E9' into Ingresa tu numero celular, jhon enters '3.0E9' into Seleccionar el tipo de documento, jhon clicks on Continuar, jhon enters 'Bogota' into Ciudad, jhon clicks on Lista de ciudades, jhon enters 'Av. C. 127' into Direccion, jhon clicks on Buscar la dirección, jhon enters 'Norte' into Datos adicionales, jhon clicks on Continuar ubicación servicio]]
[Test worker] WARN net.thucydides.core.steps.BaseStepListener - stepFinished: current outcome:Proceso Autogestion - Agendamiento de servicios:Dado el usuario final cuando desee crear o agendar una orden de servicio [Jhon abrir pagina [jhon opens the Object abrir pagina]], Cuando Crea la orden de servicio [Jhon autogestion [jhon clicks on Heabeas Data, jhon clicks on Seleccionar el tipo de documento, Jhon seleccionar tipo documento, jhon enters '546844547' into Seleccionar el tipo de documento, jhon enters 'jhon.quinones1@infotrack.com.co' into ¿Cuál es tu correo electrónico?, jhon enters 'Usuario' into ¿Cuales son tus apellidos?, jhon enters '1.0' into ¿Cual es tu telefono fijo?, jhon enters '3.0E9' into Ingresa tu numero celular, jhon enters '3.0E9' into Seleccionar el tipo de documento, jhon clicks on Continuar, jhon enters 'Bogota' into Ciudad, jhon clicks on Lista de ciudades, jhon enters 'Av. C. 127' into Direccion, jhon clicks on Buscar la dirección, jhon enters 'Norte' into Datos adicionales, jhon clicks on Continuar ubicación servicio]]
[Test worker] WARN net.thucydides.core.steps.BaseStepListener - stepStarted: net.thucydides.core.steps.ExecutedStepDescription@de77146
[Test worker] WARN net.thucydides.core.steps.BaseStepListener - stepFinished: current outcome:Proceso Autogestion - Agendamiento de servicios:Dado el usuario final cuando desee crear o agendar una orden de servicio [Jhon abrir pagina [jhon opens the Object abrir pagina]], Cuando Crea la orden de servicio [Jhon autogestion [jhon clicks on Heabeas Data, jhon clicks on Seleccionar el tipo de documento, Jhon seleccionar tipo documento, jhon enters '546844547' into Seleccionar el tipo de documento, jhon enters 'jhon.quinones1@infotrack.com.co' into ¿Cuál es tu correo electrónico?, jhon enters 'Usuario' into ¿Cuales son tus apellidos?, jhon enters '1.0' into ¿Cual es tu telefono fijo?, jhon enters '3.0E9' into Ingresa tu numero celular, jhon enters '3.0E9' into Seleccionar el tipo de documento, jhon clicks on Continuar, jhon enters 'Bogota' into Ciudad, jhon clicks on Lista de ciudades, jhon enters 'Av. C. 127' into Direccion, jhon clicks on Buscar la dirección, jhon enters 'Norte' into Datos adicionales, jhon clicks on Continuar ubicación servicio]], Entonces verifica que se creo correctamente la orden de servicio
[Test worker] WARN net.thucydides.core.steps.BaseStepListener - testFinished: Proceso Autogestion - Agendamiento de servicios:Dado el usuario final cuando desee crear o agendar una orden de servicio [Jhon abrir pagina [jhon opens the Object abrir pagina]], Cuando Crea la orden de servicio [Jhon autogestion [jhon clicks on Heabeas Data, jhon clicks on Seleccionar el tipo de documento, Jhon seleccionar tipo documento, jhon enters '546844547' into Seleccionar el tipo de documento, jhon enters 'jhon.quinones1@infotrack.com.co' into ¿Cuál es tu correo electrónico?, jhon enters 'Usuario' into ¿Cuales son tus apellidos?, jhon enters '1.0' into ¿Cual es tu telefono fijo?, jhon enters '3.0E9' into Ingresa tu numero celular, jhon enters '3.0E9' into Seleccionar el tipo de documento, jhon clicks on Continuar, jhon enters 'Bogota' into Ciudad, jhon clicks on Lista de ciudades, jhon enters 'Av. C. 127' into Direccion, jhon clicks on Buscar la dirección, jhon enters 'Norte' into Datos adicionales, jhon clicks on Continuar ubicación servicio]], Entonces verifica que se creo correctamente la orden de servicio
[Test worker] WARN net.thucydides.core.steps.BaseStepListener - TestOutcomes: [Proceso Autogestion - Agendamiento de servicios:Dado el usuario final cuando desee crear o agendar una orden de servicio [Jhon abrir pagina [jhon opens the Object abrir pagina]], Cuando Crea la orden de servicio [Jhon autogestion [jhon clicks on Heabeas Data, jhon clicks on Seleccionar el tipo de documento, Jhon seleccionar tipo documento, jhon enters '546844547' into Seleccionar el tipo de documento, jhon enters 'jhon.quinones1@infotrack.com.co' into ¿Cuál es tu correo electrónico?, jhon enters 'Usuario' into ¿Cuales son tus apellidos?, jhon enters '1.0' into ¿Cual es tu telefono fijo?, jhon enters '3.0E9' into Ingresa tu numero celular, jhon enters '3.0E9' into Seleccionar el tipo de documento, jhon clicks on Continuar, jhon enters 'Bogota' into Ciudad, jhon clicks on Lista de ciudades, jhon enters 'Av. C. 127' into Direccion, jhon clicks on Buscar la dirección, jhon enters 'Norte' into Datos adicionales, jhon clicks on Continuar ubicación servicio]], Entonces verifica que se creo correctamente la orden de servicio]
[Test worker] WARN net.thucydides.core.steps.BaseStepListener - Final testOutcomes: [Proceso Autogestion - Agendamiento de servicios:Dado el usuario final cuando desee crear o agendar una orden de servicio [Jhon abrir pagina [jhon opens the Object abrir pagina]], Cuando Crea la orden de servicio [Jhon autogestion [jhon clicks on Heabeas Data, jhon clicks on Seleccionar el tipo de documento, Jhon seleccionar tipo documento, jhon enters '546844547' into Seleccionar el tipo de documento, jhon enters 'jhon.quinones1@infotrack.com.co' into ¿Cuál es tu correo electrónico?, jhon enters 'Usuario' into ¿Cuales son tus apellidos?, jhon enters '1.0' into ¿Cual es tu telefono fijo?, jhon enters '3.0E9' into Ingresa tu numero celular, jhon enters '3.0E9' into Seleccionar el tipo de documento, jhon clicks on Continuar, jhon enters 'Bogota' into Ciudad, jhon clicks on Lista de ciudades, jhon enters 'Av. C. 127' into Direccion, jhon clicks on Buscar la dirección, jhon enters 'Norte' into Datos adicionales, jhon clicks on Continuar ubicación servicio]], Entonces verifica que se creo correctamente la orden de servicio]
[Test worker] INFO net.thucydides.core.steps.ConsoleLoggingListener - 
        __    _____ _____ ____ _____   ____   _    ____  ____  _____ ____  
  _     \ \  |_   _| ____/ ___|_   _| |  _ \ / \  / ___|/ ___|| ____|  _ \ 
 (_)_____| |   | | |  _| \___ \ | |   | |_) / _ \ \___ \\___ \|  _| | | | |
  _|_____| |   | | | |___ ___) || |   |  __/ ___ \ ___) |___) | |___| |_| |
 (_)     | |   |_| |_____|____/ |_|   |_| /_/   \_\____/|____/|_____|____/ 
        /_/                                                                

TEST PASSED: Proceso Autogestion - Agendamiento de servicios
----------------------------------------------------------------------------
]]></system-err>
</testsuite>
