<?xml version="1.0" encoding="UTF-8"?>
<testsuite name="Proceso Autogestion - Agendamiento de servicios" tests="1" skipped="0" failures="0" errors="0" timestamp="2023-08-09T22:49:19" hostname="LTBG60836" time="195.003">
  <properties/>
  <testcase name="Proceso Autogestion - Agendamiento de servicios" classname="Proceso Autogestion - Agendamiento de servicios" time="195.003"/>
  <system-out><![CDATA[]]></system-out>
  <system-err><![CDATA[[Test worker] WARN net.thucydides.core.steps.BaseStepListener - stepStarted: net.thucydides.core.steps.ExecutedStepDescription@5df417a7
[Test worker] WARN net.thucydides.core.steps.BaseStepListener - stepStarted: net.thucydides.core.steps.ExecutedStepDescription@4f82663e
[Test worker] WARN net.thucydides.core.steps.BaseStepListener - stepStarted: net.thucydides.core.steps.ExecutedStepDescription@cfbc8e8
ago 09, 2023 5:49:20 PM org.openqa.selenium.remote.DesiredCapabilities chrome
INFORMACIÓN: Using `new ChromeOptions()` is preferred to `DesiredCapabilities.chrome()`
[Test worker] INFO net.serenitybdd.core.webdriver.driverproviders.ProvideNewDriver - Instantiating driver
[Test worker] INFO net.serenitybdd.core.webdriver.driverproviders.ProvideNewDriver - Driver capabilities: Capabilities {acceptInsecureCerts: false, acceptSslCerts: true, browserName: chrome, chrome.switches: --disable-extensions,--star..., goog:chromeOptions: {args: [--disable-extensions, --start-maximized, --test-type, --user-agent=New User Agent], extensions: [], prefs: {pdfjs.disabled: true, profile_default_content_settings.popups: 0}}, handlesAlerts: true, loggingPrefs: org.openqa.selenium.logging..., platform: ANY, version: }
Starting ChromeDriver 114.0.5735.90 (386bc09e8f4f2e025eddae123f36f6263096ae49-refs/branch-heads/5735@{#1052}) on port 36065
Only local connections are allowed.
Please see https://chromedriver.chromium.org/security-considerations for suggestions on keeping ChromeDriver safe.
ChromeDriver was started successfully.
[1691621364.353][WARNING]: This version of ChromeDriver has not been tested with Chrome version 115.
ago 09, 2023 5:49:24 PM org.openqa.selenium.remote.ProtocolHandshake createSession
INFORMACIÓN: Detected dialect: W3C
[Test worker] WARN net.thucydides.core.steps.BaseStepListener - stepFinished: current outcome:Proceso Autogestion - Agendamiento de servicios:Dado el usuario final cuando desee crear o agendar una orden de servicio [Jhon abrir pagina [jhon opens the Object abrir pagina]]
[Test worker] WARN net.thucydides.core.steps.BaseStepListener - stepFinished: current outcome:Proceso Autogestion - Agendamiento de servicios:Dado el usuario final cuando desee crear o agendar una orden de servicio [Jhon abrir pagina [jhon opens the Object abrir pagina]]
[Test worker] WARN net.thucydides.core.steps.BaseStepListener - stepFinished: current outcome:Proceso Autogestion - Agendamiento de servicios:Dado el usuario final cuando desee crear o agendar una orden de servicio [Jhon abrir pagina [jhon opens the Object abrir pagina]]
[Test worker] WARN net.thucydides.core.steps.BaseStepListener - stepStarted: net.thucydides.core.steps.ExecutedStepDescription@6413d7e7
[Test worker] WARN net.thucydides.core.steps.BaseStepListener - stepStarted: net.thucydides.core.steps.ExecutedStepDescription@4041739c
[Test worker] WARN net.thucydides.core.steps.BaseStepListener - stepStarted: net.thucydides.core.steps.ExecutedStepDescription@3a4aadf8
[Test worker] WARN net.thucydides.core.steps.BaseStepListener - stepFinished: current outcome:Proceso Autogestion - Agendamiento de servicios:Dado el usuario final cuando desee crear o agendar una orden de servicio [Jhon abrir pagina [jhon opens the Object abrir pagina]], Cuando Crea la orden de servicio [Jhon autogestion [jhon clicks on Heabeas Data]]
[Test worker] WARN net.thucydides.core.steps.BaseStepListener - stepStarted: net.thucydides.core.steps.ExecutedStepDescription@3a7b2e2
[Test worker] WARN net.thucydides.core.steps.BaseStepListener - stepFinished: current outcome:Proceso Autogestion - Agendamiento de servicios:Dado el usuario final cuando desee crear o agendar una orden de servicio [Jhon abrir pagina [jhon opens the Object abrir pagina]], Cuando Crea la orden de servicio [Jhon autogestion [jhon clicks on Heabeas Data, jhon clicks on Seleccionar el tipo de documento]]
[Test worker] WARN net.thucydides.core.steps.BaseStepListener - stepStarted: net.thucydides.core.steps.ExecutedStepDescription@2574a9e3
[Test worker] WARN net.thucydides.core.steps.BaseStepListener - stepFinished: current outcome:Proceso Autogestion - Agendamiento de servicios:Dado el usuario final cuando desee crear o agendar una orden de servicio [Jhon abrir pagina [jhon opens the Object abrir pagina]], Cuando Crea la orden de servicio [Jhon autogestion [jhon clicks on Heabeas Data, jhon clicks on Seleccionar el tipo de documento, Jhon seleccionar tipo documento]]
[Test worker] WARN net.thucydides.core.steps.BaseStepListener - stepStarted: net.thucydides.core.steps.ExecutedStepDescription@3e546734
[Test worker] WARN net.thucydides.core.steps.BaseStepListener - stepFinished: current outcome:Proceso Autogestion - Agendamiento de servicios:Dado el usuario final cuando desee crear o agendar una orden de servicio [Jhon abrir pagina [jhon opens the Object abrir pagina]], Cuando Crea la orden de servicio [Jhon autogestion [jhon clicks on Heabeas Data, jhon clicks on Seleccionar el tipo de documento, Jhon seleccionar tipo documento, jhon enters '8.300675571E9' into Seleccionar el tipo de documento]]
[Test worker] WARN net.thucydides.core.steps.BaseStepListener - stepStarted: net.thucydides.core.steps.ExecutedStepDescription@7b53b1ad
[Test worker] WARN net.thucydides.core.steps.BaseStepListener - stepFinished: current outcome:Proceso Autogestion - Agendamiento de servicios:Dado el usuario final cuando desee crear o agendar una orden de servicio [Jhon abrir pagina [jhon opens the Object abrir pagina]], Cuando Crea la orden de servicio [Jhon autogestion [jhon clicks on Heabeas Data, jhon clicks on Seleccionar el tipo de documento, Jhon seleccionar tipo documento, jhon enters '8.300675571E9' into Seleccionar el tipo de documento, jhon enters 'jhon.quinones@infotrack.com.co' into ¿Cuál es tu correo electrónico?]]
[Test worker] WARN net.thucydides.core.steps.BaseStepListener - stepStarted: net.thucydides.core.steps.ExecutedStepDescription@611e5819
[Test worker] WARN net.thucydides.core.steps.BaseStepListener - stepFinished: current outcome:Proceso Autogestion - Agendamiento de servicios:Dado el usuario final cuando desee crear o agendar una orden de servicio [Jhon abrir pagina [jhon opens the Object abrir pagina]], Cuando Crea la orden de servicio [Jhon autogestion [jhon clicks on Heabeas Data, jhon clicks on Seleccionar el tipo de documento, Jhon seleccionar tipo documento, jhon enters '8.300675571E9' into Seleccionar el tipo de documento, jhon enters 'jhon.quinones@infotrack.com.co' into ¿Cuál es tu correo electrónico?, jhon enters 'Test Automotion9' into Ingresa tu nombre]]
[Test worker] WARN net.thucydides.core.steps.BaseStepListener - stepStarted: net.thucydides.core.steps.ExecutedStepDescription@3e1f1046
[Test worker] WARN net.thucydides.core.steps.BaseStepListener - stepFinished: current outcome:Proceso Autogestion - Agendamiento de servicios:Dado el usuario final cuando desee crear o agendar una orden de servicio [Jhon abrir pagina [jhon opens the Object abrir pagina]], Cuando Crea la orden de servicio [Jhon autogestion [jhon clicks on Heabeas Data, jhon clicks on Seleccionar el tipo de documento, Jhon seleccionar tipo documento, jhon enters '8.300675571E9' into Seleccionar el tipo de documento, jhon enters 'jhon.quinones@infotrack.com.co' into ¿Cuál es tu correo electrónico?, jhon enters 'Test Automotion9' into Ingresa tu nombre, jhon enters '3.0E9' into Ingresa tu numero celular]]
[Test worker] WARN net.thucydides.core.steps.BaseStepListener - stepStarted: net.thucydides.core.steps.ExecutedStepDescription@184823ed
[Test worker] WARN net.thucydides.core.steps.BaseStepListener - stepFinished: current outcome:Proceso Autogestion - Agendamiento de servicios:Dado el usuario final cuando desee crear o agendar una orden de servicio [Jhon abrir pagina [jhon opens the Object abrir pagina]], Cuando Crea la orden de servicio [Jhon autogestion [jhon clicks on Heabeas Data, jhon clicks on Seleccionar el tipo de documento, Jhon seleccionar tipo documento, jhon enters '8.300675571E9' into Seleccionar el tipo de documento, jhon enters 'jhon.quinones@infotrack.com.co' into ¿Cuál es tu correo electrónico?, jhon enters 'Test Automotion9' into Ingresa tu nombre, jhon enters '3.0E9' into Ingresa tu numero celular, jhon enters '3.0E9' into Seleccionar el tipo de documento]]
[Test worker] WARN net.thucydides.core.steps.BaseStepListener - stepStarted: net.thucydides.core.steps.ExecutedStepDescription@72ce812e
[Test worker] WARN net.thucydides.core.steps.BaseStepListener - stepFinished: current outcome:Proceso Autogestion - Agendamiento de servicios:Dado el usuario final cuando desee crear o agendar una orden de servicio [Jhon abrir pagina [jhon opens the Object abrir pagina]], Cuando Crea la orden de servicio [Jhon autogestion [jhon clicks on Heabeas Data, jhon clicks on Seleccionar el tipo de documento, Jhon seleccionar tipo documento, jhon enters '8.300675571E9' into Seleccionar el tipo de documento, jhon enters 'jhon.quinones@infotrack.com.co' into ¿Cuál es tu correo electrónico?, jhon enters 'Test Automotion9' into Ingresa tu nombre, jhon enters '3.0E9' into Ingresa tu numero celular, jhon enters '3.0E9' into Seleccionar el tipo de documento, jhon clicks on Continuar]]
[Test worker] WARN net.thucydides.core.steps.BaseStepListener - stepStarted: net.thucydides.core.steps.ExecutedStepDescription@243bf087
[Test worker] WARN net.thucydides.core.steps.BaseStepListener - stepFinished: current outcome:Proceso Autogestion - Agendamiento de servicios:Dado el usuario final cuando desee crear o agendar una orden de servicio [Jhon abrir pagina [jhon opens the Object abrir pagina]], Cuando Crea la orden de servicio [Jhon autogestion [jhon clicks on Heabeas Data, jhon clicks on Seleccionar el tipo de documento, Jhon seleccionar tipo documento, jhon enters '8.300675571E9' into Seleccionar el tipo de documento, jhon enters 'jhon.quinones@infotrack.com.co' into ¿Cuál es tu correo electrónico?, jhon enters 'Test Automotion9' into Ingresa tu nombre, jhon enters '3.0E9' into Ingresa tu numero celular, jhon enters '3.0E9' into Seleccionar el tipo de documento, jhon clicks on Continuar, jhon enters 'Bogota' into Ciudad]]
[Test worker] WARN net.thucydides.core.steps.BaseStepListener - stepStarted: net.thucydides.core.steps.ExecutedStepDescription@7d9c45ee
[Test worker] WARN net.thucydides.core.steps.BaseStepListener - stepFinished: current outcome:Proceso Autogestion - Agendamiento de servicios:Dado el usuario final cuando desee crear o agendar una orden de servicio [Jhon abrir pagina [jhon opens the Object abrir pagina]], Cuando Crea la orden de servicio [Jhon autogestion [jhon clicks on Heabeas Data, jhon clicks on Seleccionar el tipo de documento, Jhon seleccionar tipo documento, jhon enters '8.300675571E9' into Seleccionar el tipo de documento, jhon enters 'jhon.quinones@infotrack.com.co' into ¿Cuál es tu correo electrónico?, jhon enters 'Test Automotion9' into Ingresa tu nombre, jhon enters '3.0E9' into Ingresa tu numero celular, jhon enters '3.0E9' into Seleccionar el tipo de documento, jhon clicks on Continuar, jhon enters 'Bogota' into Ciudad, jhon clicks on Lista de ciudades]]
[Test worker] WARN net.thucydides.core.steps.BaseStepListener - stepStarted: net.thucydides.core.steps.ExecutedStepDescription@5f8a02cf
[Test worker] WARN net.thucydides.core.steps.BaseStepListener - stepFinished: current outcome:Proceso Autogestion - Agendamiento de servicios:Dado el usuario final cuando desee crear o agendar una orden de servicio [Jhon abrir pagina [jhon opens the Object abrir pagina]], Cuando Crea la orden de servicio [Jhon autogestion [jhon clicks on Heabeas Data, jhon clicks on Seleccionar el tipo de documento, Jhon seleccionar tipo documento, jhon enters '8.300675571E9' into Seleccionar el tipo de documento, jhon enters 'jhon.quinones@infotrack.com.co' into ¿Cuál es tu correo electrónico?, jhon enters 'Test Automotion9' into Ingresa tu nombre, jhon enters '3.0E9' into Ingresa tu numero celular, jhon enters '3.0E9' into Seleccionar el tipo de documento, jhon clicks on Continuar, jhon enters 'Bogota' into Ciudad, jhon clicks on Lista de ciudades, jhon enters 'Av. C. 127' into Direccion]]
[Test worker] WARN net.thucydides.core.steps.BaseStepListener - stepStarted: net.thucydides.core.steps.ExecutedStepDescription@fbe70d8
[Test worker] WARN net.thucydides.core.steps.BaseStepListener - stepFinished: current outcome:Proceso Autogestion - Agendamiento de servicios:Dado el usuario final cuando desee crear o agendar una orden de servicio [Jhon abrir pagina [jhon opens the Object abrir pagina]], Cuando Crea la orden de servicio [Jhon autogestion [jhon clicks on Heabeas Data, jhon clicks on Seleccionar el tipo de documento, Jhon seleccionar tipo documento, jhon enters '8.300675571E9' into Seleccionar el tipo de documento, jhon enters 'jhon.quinones@infotrack.com.co' into ¿Cuál es tu correo electrónico?, jhon enters 'Test Automotion9' into Ingresa tu nombre, jhon enters '3.0E9' into Ingresa tu numero celular, jhon enters '3.0E9' into Seleccionar el tipo de documento, jhon clicks on Continuar, jhon enters 'Bogota' into Ciudad, jhon clicks on Lista de ciudades, jhon enters 'Av. C. 127' into Direccion, jhon clicks on Buscar la dirección]]
[Test worker] WARN net.thucydides.core.steps.BaseStepListener - stepStarted: net.thucydides.core.steps.ExecutedStepDescription@3757e8e2
[Test worker] WARN net.thucydides.core.steps.BaseStepListener - stepFinished: current outcome:Proceso Autogestion - Agendamiento de servicios:Dado el usuario final cuando desee crear o agendar una orden de servicio [Jhon abrir pagina [jhon opens the Object abrir pagina]], Cuando Crea la orden de servicio [Jhon autogestion [jhon clicks on Heabeas Data, jhon clicks on Seleccionar el tipo de documento, Jhon seleccionar tipo documento, jhon enters '8.300675571E9' into Seleccionar el tipo de documento, jhon enters 'jhon.quinones@infotrack.com.co' into ¿Cuál es tu correo electrónico?, jhon enters 'Test Automotion9' into Ingresa tu nombre, jhon enters '3.0E9' into Ingresa tu numero celular, jhon enters '3.0E9' into Seleccionar el tipo de documento, jhon clicks on Continuar, jhon enters 'Bogota' into Ciudad, jhon clicks on Lista de ciudades, jhon enters 'Av. C. 127' into Direccion, jhon clicks on Buscar la dirección, jhon enters 'Norte' into Datos adicionales]]
[Test worker] WARN net.thucydides.core.steps.BaseStepListener - stepStarted: net.thucydides.core.steps.ExecutedStepDescription@240f350a
[Test worker] WARN net.thucydides.core.steps.BaseStepListener - stepFinished: current outcome:Proceso Autogestion - Agendamiento de servicios:Dado el usuario final cuando desee crear o agendar una orden de servicio [Jhon abrir pagina [jhon opens the Object abrir pagina]], Cuando Crea la orden de servicio [Jhon autogestion [jhon clicks on Heabeas Data, jhon clicks on Seleccionar el tipo de documento, Jhon seleccionar tipo documento, jhon enters '8.300675571E9' into Seleccionar el tipo de documento, jhon enters 'jhon.quinones@infotrack.com.co' into ¿Cuál es tu correo electrónico?, jhon enters 'Test Automotion9' into Ingresa tu nombre, jhon enters '3.0E9' into Ingresa tu numero celular, jhon enters '3.0E9' into Seleccionar el tipo de documento, jhon clicks on Continuar, jhon enters 'Bogota' into Ciudad, jhon clicks on Lista de ciudades, jhon enters 'Av. C. 127' into Direccion, jhon clicks on Buscar la dirección, jhon enters 'Norte' into Datos adicionales, jhon clicks on Continuar ubicación servicio]]
[Test worker] WARN net.thucydides.core.steps.BaseStepListener - stepStarted: net.thucydides.core.steps.ExecutedStepDescription@76396509
[Test worker] WARN net.thucydides.core.steps.BaseStepListener - stepFinished: current outcome:Proceso Autogestion - Agendamiento de servicios:Dado el usuario final cuando desee crear o agendar una orden de servicio [Jhon abrir pagina [jhon opens the Object abrir pagina]], Cuando Crea la orden de servicio [Jhon autogestion [jhon clicks on Heabeas Data, jhon clicks on Seleccionar el tipo de documento, Jhon seleccionar tipo documento, jhon enters '8.300675571E9' into Seleccionar el tipo de documento, jhon enters 'jhon.quinones@infotrack.com.co' into ¿Cuál es tu correo electrónico?, jhon enters 'Test Automotion9' into Ingresa tu nombre, jhon enters '3.0E9' into Ingresa tu numero celular, jhon enters '3.0E9' into Seleccionar el tipo de documento, jhon clicks on Continuar, jhon enters 'Bogota' into Ciudad, jhon clicks on Lista de ciudades, jhon enters 'Av. C. 127' into Direccion, jhon clicks on Buscar la dirección, jhon enters 'Norte' into Datos adicionales, jhon clicks on Continuar ubicación servicio, jhon enters 'Garantia' into ¿Qué tipo de servicio solicitas?]]
[Test worker] WARN net.thucydides.core.steps.BaseStepListener - stepStarted: net.thucydides.core.steps.ExecutedStepDescription@12abcd1e
[Test worker] WARN net.thucydides.core.steps.BaseStepListener - stepFinished: current outcome:Proceso Autogestion - Agendamiento de servicios:Dado el usuario final cuando desee crear o agendar una orden de servicio [Jhon abrir pagina [jhon opens the Object abrir pagina]], Cuando Crea la orden de servicio [Jhon autogestion [jhon clicks on Heabeas Data, jhon clicks on Seleccionar el tipo de documento, Jhon seleccionar tipo documento, jhon enters '8.300675571E9' into Seleccionar el tipo de documento, jhon enters 'jhon.quinones@infotrack.com.co' into ¿Cuál es tu correo electrónico?, jhon enters 'Test Automotion9' into Ingresa tu nombre, jhon enters '3.0E9' into Ingresa tu numero celular, jhon enters '3.0E9' into Seleccionar el tipo de documento, jhon clicks on Continuar, jhon enters 'Bogota' into Ciudad, jhon clicks on Lista de ciudades, jhon enters 'Av. C. 127' into Direccion, jhon clicks on Buscar la dirección, jhon enters 'Norte' into Datos adicionales, jhon clicks on Continuar ubicación servicio, jhon enters 'Garantia' into ¿Qué tipo de servicio solicitas?, jhon clicks on ¿Qué tipo de servicio solicitas? Lista]]
[Test worker] WARN net.thucydides.core.steps.BaseStepListener - stepStarted: net.thucydides.core.steps.ExecutedStepDescription@2dfa02c1
[Test worker] WARN net.thucydides.core.steps.BaseStepListener - stepFinished: current outcome:Proceso Autogestion - Agendamiento de servicios:Dado el usuario final cuando desee crear o agendar una orden de servicio [Jhon abrir pagina [jhon opens the Object abrir pagina]], Cuando Crea la orden de servicio [Jhon autogestion [jhon clicks on Heabeas Data, jhon clicks on Seleccionar el tipo de documento, Jhon seleccionar tipo documento, jhon enters '8.300675571E9' into Seleccionar el tipo de documento, jhon enters 'jhon.quinones@infotrack.com.co' into ¿Cuál es tu correo electrónico?, jhon enters 'Test Automotion9' into Ingresa tu nombre, jhon enters '3.0E9' into Ingresa tu numero celular, jhon enters '3.0E9' into Seleccionar el tipo de documento, jhon clicks on Continuar, jhon enters 'Bogota' into Ciudad, jhon clicks on Lista de ciudades, jhon enters 'Av. C. 127' into Direccion, jhon clicks on Buscar la dirección, jhon enters 'Norte' into Datos adicionales, jhon clicks on Continuar ubicación servicio, jhon enters 'Garantia' into ¿Qué tipo de servicio solicitas?, jhon clicks on ¿Qué tipo de servicio solicitas? Lista, jhon enters 'NEVERA 5.3 PIES ALMENDRA' into ¿Cuál es el producto?]]
[Test worker] WARN net.thucydides.core.steps.BaseStepListener - stepStarted: net.thucydides.core.steps.ExecutedStepDescription@544e3679
[Test worker] WARN net.thucydides.core.steps.BaseStepListener - stepFinished: current outcome:Proceso Autogestion - Agendamiento de servicios:Dado el usuario final cuando desee crear o agendar una orden de servicio [Jhon abrir pagina [jhon opens the Object abrir pagina]], Cuando Crea la orden de servicio [Jhon autogestion [jhon clicks on Heabeas Data, jhon clicks on Seleccionar el tipo de documento, Jhon seleccionar tipo documento, jhon enters '8.300675571E9' into Seleccionar el tipo de documento, jhon enters 'jhon.quinones@infotrack.com.co' into ¿Cuál es tu correo electrónico?, jhon enters 'Test Automotion9' into Ingresa tu nombre, jhon enters '3.0E9' into Ingresa tu numero celular, jhon enters '3.0E9' into Seleccionar el tipo de documento, jhon clicks on Continuar, jhon enters 'Bogota' into Ciudad, jhon clicks on Lista de ciudades, jhon enters 'Av. C. 127' into Direccion, jhon clicks on Buscar la dirección, jhon enters 'Norte' into Datos adicionales, jhon clicks on Continuar ubicación servicio, jhon enters 'Garantia' into ¿Qué tipo de servicio solicitas?, jhon clicks on ¿Qué tipo de servicio solicitas? Lista, jhon enters 'NEVERA 5.3 PIES ALMENDRA' into ¿Cuál es el producto?, jhon clicks on ¿Cuál es el producto? Lista]]
[Test worker] WARN net.thucydides.core.steps.BaseStepListener - stepStarted: net.thucydides.core.steps.ExecutedStepDescription@73e4387
[Test worker] WARN net.thucydides.core.steps.BaseStepListener - stepFinished: current outcome:Proceso Autogestion - Agendamiento de servicios:Dado el usuario final cuando desee crear o agendar una orden de servicio [Jhon abrir pagina [jhon opens the Object abrir pagina]], Cuando Crea la orden de servicio [Jhon autogestion [jhon clicks on Heabeas Data, jhon clicks on Seleccionar el tipo de documento, Jhon seleccionar tipo documento, jhon enters '8.300675571E9' into Seleccionar el tipo de documento, jhon enters 'jhon.quinones@infotrack.com.co' into ¿Cuál es tu correo electrónico?, jhon enters 'Test Automotion9' into Ingresa tu nombre, jhon enters '3.0E9' into Ingresa tu numero celular, jhon enters '3.0E9' into Seleccionar el tipo de documento, jhon clicks on Continuar, jhon enters 'Bogota' into Ciudad, jhon clicks on Lista de ciudades, jhon enters 'Av. C. 127' into Direccion, jhon clicks on Buscar la dirección, jhon enters 'Norte' into Datos adicionales, jhon clicks on Continuar ubicación servicio, jhon enters 'Garantia' into ¿Qué tipo de servicio solicitas?, jhon clicks on ¿Qué tipo de servicio solicitas? Lista, jhon enters 'NEVERA 5.3 PIES ALMENDRA' into ¿Cuál es el producto?, jhon clicks on ¿Cuál es el producto? Lista, jhon enters 'BOTA AGUA' into ¿Cuál es el motivo de la reparación?]]
[Test worker] WARN net.thucydides.core.steps.BaseStepListener - stepStarted: net.thucydides.core.steps.ExecutedStepDescription@47fcefb3
[Test worker] WARN net.thucydides.core.steps.BaseStepListener - stepFinished: current outcome:Proceso Autogestion - Agendamiento de servicios:Dado el usuario final cuando desee crear o agendar una orden de servicio [Jhon abrir pagina [jhon opens the Object abrir pagina]], Cuando Crea la orden de servicio [Jhon autogestion [jhon clicks on Heabeas Data, jhon clicks on Seleccionar el tipo de documento, Jhon seleccionar tipo documento, jhon enters '8.300675571E9' into Seleccionar el tipo de documento, jhon enters 'jhon.quinones@infotrack.com.co' into ¿Cuál es tu correo electrónico?, jhon enters 'Test Automotion9' into Ingresa tu nombre, jhon enters '3.0E9' into Ingresa tu numero celular, jhon enters '3.0E9' into Seleccionar el tipo de documento, jhon clicks on Continuar, jhon enters 'Bogota' into Ciudad, jhon clicks on Lista de ciudades, jhon enters 'Av. C. 127' into Direccion, jhon clicks on Buscar la dirección, jhon enters 'Norte' into Datos adicionales, jhon clicks on Continuar ubicación servicio, jhon enters 'Garantia' into ¿Qué tipo de servicio solicitas?, jhon clicks on ¿Qué tipo de servicio solicitas? Lista, jhon enters 'NEVERA 5.3 PIES ALMENDRA' into ¿Cuál es el producto?, jhon clicks on ¿Cuál es el producto? Lista, jhon enters 'BOTA AGUA' into ¿Cuál es el motivo de la reparación?, jhon clicks on ¿Cuál es el motivo de la reparación? Lista]]
[Test worker] WARN net.thucydides.core.steps.BaseStepListener - stepStarted: net.thucydides.core.steps.ExecutedStepDescription@70d4f672
[Test worker] WARN net.thucydides.core.steps.BaseStepListener - stepFinished: current outcome:Proceso Autogestion - Agendamiento de servicios:Dado el usuario final cuando desee crear o agendar una orden de servicio [Jhon abrir pagina [jhon opens the Object abrir pagina]], Cuando Crea la orden de servicio [Jhon autogestion [jhon clicks on Heabeas Data, jhon clicks on Seleccionar el tipo de documento, Jhon seleccionar tipo documento, jhon enters '8.300675571E9' into Seleccionar el tipo de documento, jhon enters 'jhon.quinones@infotrack.com.co' into ¿Cuál es tu correo electrónico?, jhon enters 'Test Automotion9' into Ingresa tu nombre, jhon enters '3.0E9' into Ingresa tu numero celular, jhon enters '3.0E9' into Seleccionar el tipo de documento, jhon clicks on Continuar, jhon enters 'Bogota' into Ciudad, jhon clicks on Lista de ciudades, jhon enters 'Av. C. 127' into Direccion, jhon clicks on Buscar la dirección, jhon enters 'Norte' into Datos adicionales, jhon clicks on Continuar ubicación servicio, jhon enters 'Garantia' into ¿Qué tipo de servicio solicitas?, jhon clicks on ¿Qué tipo de servicio solicitas? Lista, jhon enters 'NEVERA 5.3 PIES ALMENDRA' into ¿Cuál es el producto?, jhon clicks on ¿Cuál es el producto? Lista, jhon enters 'BOTA AGUA' into ¿Cuál es el motivo de la reparación?, jhon clicks on ¿Cuál es el motivo de la reparación? Lista, jhon enters 'QA AUTOMOTION' into observaciones]]
[Test worker] WARN net.thucydides.core.steps.BaseStepListener - stepStarted: net.thucydides.core.steps.ExecutedStepDescription@71531dd7
[Test worker] WARN net.thucydides.core.steps.BaseStepListener - stepFinished: current outcome:Proceso Autogestion - Agendamiento de servicios:Dado el usuario final cuando desee crear o agendar una orden de servicio [Jhon abrir pagina [jhon opens the Object abrir pagina]], Cuando Crea la orden de servicio [Jhon autogestion [jhon clicks on Heabeas Data, jhon clicks on Seleccionar el tipo de documento, Jhon seleccionar tipo documento, jhon enters '8.300675571E9' into Seleccionar el tipo de documento, jhon enters 'jhon.quinones@infotrack.com.co' into ¿Cuál es tu correo electrónico?, jhon enters 'Test Automotion9' into Ingresa tu nombre, jhon enters '3.0E9' into Ingresa tu numero celular, jhon enters '3.0E9' into Seleccionar el tipo de documento, jhon clicks on Continuar, jhon enters 'Bogota' into Ciudad, jhon clicks on Lista de ciudades, jhon enters 'Av. C. 127' into Direccion, jhon clicks on Buscar la dirección, jhon enters 'Norte' into Datos adicionales, jhon clicks on Continuar ubicación servicio, jhon enters 'Garantia' into ¿Qué tipo de servicio solicitas?, jhon clicks on ¿Qué tipo de servicio solicitas? Lista, jhon enters 'NEVERA 5.3 PIES ALMENDRA' into ¿Cuál es el producto?, jhon clicks on ¿Cuál es el producto? Lista, jhon enters 'BOTA AGUA' into ¿Cuál es el motivo de la reparación?, jhon clicks on ¿Cuál es el motivo de la reparación? Lista, jhon enters 'QA AUTOMOTION' into observaciones, jhon clicks on Rango AM]]
[Test worker] WARN net.thucydides.core.steps.BaseStepListener - stepStarted: net.thucydides.core.steps.ExecutedStepDescription@30508066
[Test worker] WARN net.thucydides.core.steps.BaseStepListener - stepFinished: current outcome:Proceso Autogestion - Agendamiento de servicios:Dado el usuario final cuando desee crear o agendar una orden de servicio [Jhon abrir pagina [jhon opens the Object abrir pagina]], Cuando Crea la orden de servicio [Jhon autogestion [jhon clicks on Heabeas Data, jhon clicks on Seleccionar el tipo de documento, Jhon seleccionar tipo documento, jhon enters '8.300675571E9' into Seleccionar el tipo de documento, jhon enters 'jhon.quinones@infotrack.com.co' into ¿Cuál es tu correo electrónico?, jhon enters 'Test Automotion9' into Ingresa tu nombre, jhon enters '3.0E9' into Ingresa tu numero celular, jhon enters '3.0E9' into Seleccionar el tipo de documento, jhon clicks on Continuar, jhon enters 'Bogota' into Ciudad, jhon clicks on Lista de ciudades, jhon enters 'Av. C. 127' into Direccion, jhon clicks on Buscar la dirección, jhon enters 'Norte' into Datos adicionales, jhon clicks on Continuar ubicación servicio, jhon enters 'Garantia' into ¿Qué tipo de servicio solicitas?, jhon clicks on ¿Qué tipo de servicio solicitas? Lista, jhon enters 'NEVERA 5.3 PIES ALMENDRA' into ¿Cuál es el producto?, jhon clicks on ¿Cuál es el producto? Lista, jhon enters 'BOTA AGUA' into ¿Cuál es el motivo de la reparación?, jhon clicks on ¿Cuál es el motivo de la reparación? Lista, jhon enters 'QA AUTOMOTION' into observaciones, jhon clicks on Rango AM, jhon enters '1.012439364E9' into Rango PM]]
[Test worker] WARN net.thucydides.core.steps.BaseStepListener - stepStarted: net.thucydides.core.steps.ExecutedStepDescription@79add732
[Test worker] WARN net.thucydides.core.steps.BaseStepListener - stepFinished: current outcome:Proceso Autogestion - Agendamiento de servicios:Dado el usuario final cuando desee crear o agendar una orden de servicio [Jhon abrir pagina [jhon opens the Object abrir pagina]], Cuando Crea la orden de servicio [Jhon autogestion [jhon clicks on Heabeas Data, jhon clicks on Seleccionar el tipo de documento, Jhon seleccionar tipo documento, jhon enters '8.300675571E9' into Seleccionar el tipo de documento, jhon enters 'jhon.quinones@infotrack.com.co' into ¿Cuál es tu correo electrónico?, jhon enters 'Test Automotion9' into Ingresa tu nombre, jhon enters '3.0E9' into Ingresa tu numero celular, jhon enters '3.0E9' into Seleccionar el tipo de documento, jhon clicks on Continuar, jhon enters 'Bogota' into Ciudad, jhon clicks on Lista de ciudades, jhon enters 'Av. C. 127' into Direccion, jhon clicks on Buscar la dirección, jhon enters 'Norte' into Datos adicionales, jhon clicks on Continuar ubicación servicio, jhon enters 'Garantia' into ¿Qué tipo de servicio solicitas?, jhon clicks on ¿Qué tipo de servicio solicitas? Lista, jhon enters 'NEVERA 5.3 PIES ALMENDRA' into ¿Cuál es el producto?, jhon clicks on ¿Cuál es el producto? Lista, jhon enters 'BOTA AGUA' into ¿Cuál es el motivo de la reparación?, jhon clicks on ¿Cuál es el motivo de la reparación? Lista, jhon enters 'QA AUTOMOTION' into observaciones, jhon clicks on Rango AM, jhon enters '1.012439364E9' into Rango PM, jhon clicks on Fecha]]
[Test worker] WARN net.thucydides.core.steps.BaseStepListener - stepStarted: net.thucydides.core.steps.ExecutedStepDescription@582a3b19
[Test worker] WARN net.thucydides.core.steps.BaseStepListener - stepFinished: current outcome:Proceso Autogestion - Agendamiento de servicios:Dado el usuario final cuando desee crear o agendar una orden de servicio [Jhon abrir pagina [jhon opens the Object abrir pagina]], Cuando Crea la orden de servicio [Jhon autogestion [jhon clicks on Heabeas Data, jhon clicks on Seleccionar el tipo de documento, Jhon seleccionar tipo documento, jhon enters '8.300675571E9' into Seleccionar el tipo de documento, jhon enters 'jhon.quinones@infotrack.com.co' into ¿Cuál es tu correo electrónico?, jhon enters 'Test Automotion9' into Ingresa tu nombre, jhon enters '3.0E9' into Ingresa tu numero celular, jhon enters '3.0E9' into Seleccionar el tipo de documento, jhon clicks on Continuar, jhon enters 'Bogota' into Ciudad, jhon clicks on Lista de ciudades, jhon enters 'Av. C. 127' into Direccion, jhon clicks on Buscar la dirección, jhon enters 'Norte' into Datos adicionales, jhon clicks on Continuar ubicación servicio, jhon enters 'Garantia' into ¿Qué tipo de servicio solicitas?, jhon clicks on ¿Qué tipo de servicio solicitas? Lista, jhon enters 'NEVERA 5.3 PIES ALMENDRA' into ¿Cuál es el producto?, jhon clicks on ¿Cuál es el producto? Lista, jhon enters 'BOTA AGUA' into ¿Cuál es el motivo de la reparación?, jhon clicks on ¿Cuál es el motivo de la reparación? Lista, jhon enters 'QA AUTOMOTION' into observaciones, jhon clicks on Rango AM, jhon enters '1.012439364E9' into Rango PM, jhon clicks on Fecha, jhon clicks on Confirmar Fecha seleccionada]]
[Test worker] WARN net.thucydides.core.steps.BaseStepListener - stepStarted: net.thucydides.core.steps.ExecutedStepDescription@70f148dc
[Test worker] WARN net.thucydides.core.steps.BaseStepListener - stepFinished: current outcome:Proceso Autogestion - Agendamiento de servicios:Dado el usuario final cuando desee crear o agendar una orden de servicio [Jhon abrir pagina [jhon opens the Object abrir pagina]], Cuando Crea la orden de servicio [Jhon autogestion [jhon clicks on Heabeas Data, jhon clicks on Seleccionar el tipo de documento, Jhon seleccionar tipo documento, jhon enters '8.300675571E9' into Seleccionar el tipo de documento, jhon enters 'jhon.quinones@infotrack.com.co' into ¿Cuál es tu correo electrónico?, jhon enters 'Test Automotion9' into Ingresa tu nombre, jhon enters '3.0E9' into Ingresa tu numero celular, jhon enters '3.0E9' into Seleccionar el tipo de documento, jhon clicks on Continuar, jhon enters 'Bogota' into Ciudad, jhon clicks on Lista de ciudades, jhon enters 'Av. C. 127' into Direccion, jhon clicks on Buscar la dirección, jhon enters 'Norte' into Datos adicionales, jhon clicks on Continuar ubicación servicio, jhon enters 'Garantia' into ¿Qué tipo de servicio solicitas?, jhon clicks on ¿Qué tipo de servicio solicitas? Lista, jhon enters 'NEVERA 5.3 PIES ALMENDRA' into ¿Cuál es el producto?, jhon clicks on ¿Cuál es el producto? Lista, jhon enters 'BOTA AGUA' into ¿Cuál es el motivo de la reparación?, jhon clicks on ¿Cuál es el motivo de la reparación? Lista, jhon enters 'QA AUTOMOTION' into observaciones, jhon clicks on Rango AM, jhon enters '1.012439364E9' into Rango PM, jhon clicks on Fecha, jhon clicks on Confirmar Fecha seleccionada, jhon clicks on Programar]]
[Test worker] WARN net.thucydides.core.steps.BaseStepListener - stepStarted: net.thucydides.core.steps.ExecutedStepDescription@5e2a6991
[Test worker] WARN net.thucydides.core.steps.BaseStepListener - stepFinished: current outcome:Proceso Autogestion - Agendamiento de servicios:Dado el usuario final cuando desee crear o agendar una orden de servicio [Jhon abrir pagina [jhon opens the Object abrir pagina]], Cuando Crea la orden de servicio [Jhon autogestion [jhon clicks on Heabeas Data, jhon clicks on Seleccionar el tipo de documento, Jhon seleccionar tipo documento, jhon enters '8.300675571E9' into Seleccionar el tipo de documento, jhon enters 'jhon.quinones@infotrack.com.co' into ¿Cuál es tu correo electrónico?, jhon enters 'Test Automotion9' into Ingresa tu nombre, jhon enters '3.0E9' into Ingresa tu numero celular, jhon enters '3.0E9' into Seleccionar el tipo de documento, jhon clicks on Continuar, jhon enters 'Bogota' into Ciudad, jhon clicks on Lista de ciudades, jhon enters 'Av. C. 127' into Direccion, jhon clicks on Buscar la dirección, jhon enters 'Norte' into Datos adicionales, jhon clicks on Continuar ubicación servicio, jhon enters 'Garantia' into ¿Qué tipo de servicio solicitas?, jhon clicks on ¿Qué tipo de servicio solicitas? Lista, jhon enters 'NEVERA 5.3 PIES ALMENDRA' into ¿Cuál es el producto?, jhon clicks on ¿Cuál es el producto? Lista, jhon enters 'BOTA AGUA' into ¿Cuál es el motivo de la reparación?, jhon clicks on ¿Cuál es el motivo de la reparación? Lista, jhon enters 'QA AUTOMOTION' into observaciones, jhon clicks on Rango AM, jhon enters '1.012439364E9' into Rango PM, jhon clicks on Fecha, jhon clicks on Confirmar Fecha seleccionada, jhon clicks on Programar, jhon clicks on Finalizar Orden de servicio]]
[Test worker] WARN net.thucydides.core.steps.BaseStepListener - stepStarted: net.thucydides.core.steps.ExecutedStepDescription@274fdea6
[Test worker] WARN net.thucydides.core.steps.BaseStepListener - stepFinished: current outcome:Proceso Autogestion - Agendamiento de servicios:Dado el usuario final cuando desee crear o agendar una orden de servicio [Jhon abrir pagina [jhon opens the Object abrir pagina]], Cuando Crea la orden de servicio [Jhon autogestion [jhon clicks on Heabeas Data, jhon clicks on Seleccionar el tipo de documento, Jhon seleccionar tipo documento, jhon enters '8.300675571E9' into Seleccionar el tipo de documento, jhon enters 'jhon.quinones@infotrack.com.co' into ¿Cuál es tu correo electrónico?, jhon enters 'Test Automotion9' into Ingresa tu nombre, jhon enters '3.0E9' into Ingresa tu numero celular, jhon enters '3.0E9' into Seleccionar el tipo de documento, jhon clicks on Continuar, jhon enters 'Bogota' into Ciudad, jhon clicks on Lista de ciudades, jhon enters 'Av. C. 127' into Direccion, jhon clicks on Buscar la dirección, jhon enters 'Norte' into Datos adicionales, jhon clicks on Continuar ubicación servicio, jhon enters 'Garantia' into ¿Qué tipo de servicio solicitas?, jhon clicks on ¿Qué tipo de servicio solicitas? Lista, jhon enters 'NEVERA 5.3 PIES ALMENDRA' into ¿Cuál es el producto?, jhon clicks on ¿Cuál es el producto? Lista, jhon enters 'BOTA AGUA' into ¿Cuál es el motivo de la reparación?, jhon clicks on ¿Cuál es el motivo de la reparación? Lista, jhon enters 'QA AUTOMOTION' into observaciones, jhon clicks on Rango AM, jhon enters '1.012439364E9' into Rango PM, jhon clicks on Fecha, jhon clicks on Confirmar Fecha seleccionada, jhon clicks on Programar, jhon clicks on Finalizar Orden de servicio, jhon clicks on Heabeas Data]]
[Test worker] WARN net.thucydides.core.steps.BaseStepListener - stepStarted: net.thucydides.core.steps.ExecutedStepDescription@57a667c8
[Test worker] WARN net.thucydides.core.steps.BaseStepListener - stepFinished: current outcome:Proceso Autogestion - Agendamiento de servicios:Dado el usuario final cuando desee crear o agendar una orden de servicio [Jhon abrir pagina [jhon opens the Object abrir pagina]], Cuando Crea la orden de servicio [Jhon autogestion [jhon clicks on Heabeas Data, jhon clicks on Seleccionar el tipo de documento, Jhon seleccionar tipo documento, jhon enters '8.300675571E9' into Seleccionar el tipo de documento, jhon enters 'jhon.quinones@infotrack.com.co' into ¿Cuál es tu correo electrónico?, jhon enters 'Test Automotion9' into Ingresa tu nombre, jhon enters '3.0E9' into Ingresa tu numero celular, jhon enters '3.0E9' into Seleccionar el tipo de documento, jhon clicks on Continuar, jhon enters 'Bogota' into Ciudad, jhon clicks on Lista de ciudades, jhon enters 'Av. C. 127' into Direccion, jhon clicks on Buscar la dirección, jhon enters 'Norte' into Datos adicionales, jhon clicks on Continuar ubicación servicio, jhon enters 'Garantia' into ¿Qué tipo de servicio solicitas?, jhon clicks on ¿Qué tipo de servicio solicitas? Lista, jhon enters 'NEVERA 5.3 PIES ALMENDRA' into ¿Cuál es el producto?, jhon clicks on ¿Cuál es el producto? Lista, jhon enters 'BOTA AGUA' into ¿Cuál es el motivo de la reparación?, jhon clicks on ¿Cuál es el motivo de la reparación? Lista, jhon enters 'QA AUTOMOTION' into observaciones, jhon clicks on Rango AM, jhon enters '1.012439364E9' into Rango PM, jhon clicks on Fecha, jhon clicks on Confirmar Fecha seleccionada, jhon clicks on Programar, jhon clicks on Finalizar Orden de servicio, jhon clicks on Heabeas Data, jhon clicks on Seleccionar el tipo de documento]]
[Test worker] WARN net.thucydides.core.steps.BaseStepListener - stepStarted: net.thucydides.core.steps.ExecutedStepDescription@7b3cbe6e
[Test worker] WARN net.thucydides.core.steps.BaseStepListener - stepFinished: current outcome:Proceso Autogestion - Agendamiento de servicios:Dado el usuario final cuando desee crear o agendar una orden de servicio [Jhon abrir pagina [jhon opens the Object abrir pagina]], Cuando Crea la orden de servicio [Jhon autogestion [jhon clicks on Heabeas Data, jhon clicks on Seleccionar el tipo de documento, Jhon seleccionar tipo documento, jhon enters '8.300675571E9' into Seleccionar el tipo de documento, jhon enters 'jhon.quinones@infotrack.com.co' into ¿Cuál es tu correo electrónico?, jhon enters 'Test Automotion9' into Ingresa tu nombre, jhon enters '3.0E9' into Ingresa tu numero celular, jhon enters '3.0E9' into Seleccionar el tipo de documento, jhon clicks on Continuar, jhon enters 'Bogota' into Ciudad, jhon clicks on Lista de ciudades, jhon enters 'Av. C. 127' into Direccion, jhon clicks on Buscar la dirección, jhon enters 'Norte' into Datos adicionales, jhon clicks on Continuar ubicación servicio, jhon enters 'Garantia' into ¿Qué tipo de servicio solicitas?, jhon clicks on ¿Qué tipo de servicio solicitas? Lista, jhon enters 'NEVERA 5.3 PIES ALMENDRA' into ¿Cuál es el producto?, jhon clicks on ¿Cuál es el producto? Lista, jhon enters 'BOTA AGUA' into ¿Cuál es el motivo de la reparación?, jhon clicks on ¿Cuál es el motivo de la reparación? Lista, jhon enters 'QA AUTOMOTION' into observaciones, jhon clicks on Rango AM, jhon enters '1.012439364E9' into Rango PM, jhon clicks on Fecha, jhon clicks on Confirmar Fecha seleccionada, jhon clicks on Programar, jhon clicks on Finalizar Orden de servicio, jhon clicks on Heabeas Data, jhon clicks on Seleccionar el tipo de documento, Jhon seleccionar tipo documento]]
[Test worker] WARN net.thucydides.core.steps.BaseStepListener - stepStarted: net.thucydides.core.steps.ExecutedStepDescription@55bf35e5
[Test worker] WARN net.thucydides.core.steps.BaseStepListener - stepFinished: current outcome:Proceso Autogestion - Agendamiento de servicios:Dado el usuario final cuando desee crear o agendar una orden de servicio [Jhon abrir pagina [jhon opens the Object abrir pagina]], Cuando Crea la orden de servicio [Jhon autogestion [jhon clicks on Heabeas Data, jhon clicks on Seleccionar el tipo de documento, Jhon seleccionar tipo documento, jhon enters '8.300675571E9' into Seleccionar el tipo de documento, jhon enters 'jhon.quinones@infotrack.com.co' into ¿Cuál es tu correo electrónico?, jhon enters 'Test Automotion9' into Ingresa tu nombre, jhon enters '3.0E9' into Ingresa tu numero celular, jhon enters '3.0E9' into Seleccionar el tipo de documento, jhon clicks on Continuar, jhon enters 'Bogota' into Ciudad, jhon clicks on Lista de ciudades, jhon enters 'Av. C. 127' into Direccion, jhon clicks on Buscar la dirección, jhon enters 'Norte' into Datos adicionales, jhon clicks on Continuar ubicación servicio, jhon enters 'Garantia' into ¿Qué tipo de servicio solicitas?, jhon clicks on ¿Qué tipo de servicio solicitas? Lista, jhon enters 'NEVERA 5.3 PIES ALMENDRA' into ¿Cuál es el producto?, jhon clicks on ¿Cuál es el producto? Lista, jhon enters 'BOTA AGUA' into ¿Cuál es el motivo de la reparación?, jhon clicks on ¿Cuál es el motivo de la reparación? Lista, jhon enters 'QA AUTOMOTION' into observaciones, jhon clicks on Rango AM, jhon enters '1.012439364E9' into Rango PM, jhon clicks on Fecha, jhon clicks on Confirmar Fecha seleccionada, jhon clicks on Programar, jhon clicks on Finalizar Orden de servicio, jhon clicks on Heabeas Data, jhon clicks on Seleccionar el tipo de documento, Jhon seleccionar tipo documento, jhon enters '1.012439357E9' into Seleccionar el tipo de documento]]
[Test worker] WARN net.thucydides.core.steps.BaseStepListener - stepStarted: net.thucydides.core.steps.ExecutedStepDescription@439f2d87
[Test worker] WARN net.thucydides.core.steps.BaseStepListener - stepFinished: current outcome:Proceso Autogestion - Agendamiento de servicios:Dado el usuario final cuando desee crear o agendar una orden de servicio [Jhon abrir pagina [jhon opens the Object abrir pagina]], Cuando Crea la orden de servicio [Jhon autogestion [jhon clicks on Heabeas Data, jhon clicks on Seleccionar el tipo de documento, Jhon seleccionar tipo documento, jhon enters '8.300675571E9' into Seleccionar el tipo de documento, jhon enters 'jhon.quinones@infotrack.com.co' into ¿Cuál es tu correo electrónico?, jhon enters 'Test Automotion9' into Ingresa tu nombre, jhon enters '3.0E9' into Ingresa tu numero celular, jhon enters '3.0E9' into Seleccionar el tipo de documento, jhon clicks on Continuar, jhon enters 'Bogota' into Ciudad, jhon clicks on Lista de ciudades, jhon enters 'Av. C. 127' into Direccion, jhon clicks on Buscar la dirección, jhon enters 'Norte' into Datos adicionales, jhon clicks on Continuar ubicación servicio, jhon enters 'Garantia' into ¿Qué tipo de servicio solicitas?, jhon clicks on ¿Qué tipo de servicio solicitas? Lista, jhon enters 'NEVERA 5.3 PIES ALMENDRA' into ¿Cuál es el producto?, jhon clicks on ¿Cuál es el producto? Lista, jhon enters 'BOTA AGUA' into ¿Cuál es el motivo de la reparación?, jhon clicks on ¿Cuál es el motivo de la reparación? Lista, jhon enters 'QA AUTOMOTION' into observaciones, jhon clicks on Rango AM, jhon enters '1.012439364E9' into Rango PM, jhon clicks on Fecha, jhon clicks on Confirmar Fecha seleccionada, jhon clicks on Programar, jhon clicks on Finalizar Orden de servicio, jhon clicks on Heabeas Data, jhon clicks on Seleccionar el tipo de documento, Jhon seleccionar tipo documento, jhon enters '1.012439357E9' into Seleccionar el tipo de documento, jhon enters 'jhon.quinones@infotrack.com.co' into ¿Cuál es tu correo electrónico?]]
[Test worker] WARN net.thucydides.core.steps.BaseStepListener - stepStarted: net.thucydides.core.steps.ExecutedStepDescription@63dda940
[Test worker] WARN net.thucydides.core.steps.BaseStepListener - stepFinished: current outcome:Proceso Autogestion - Agendamiento de servicios:Dado el usuario final cuando desee crear o agendar una orden de servicio [Jhon abrir pagina [jhon opens the Object abrir pagina]], Cuando Crea la orden de servicio [Jhon autogestion [jhon clicks on Heabeas Data, jhon clicks on Seleccionar el tipo de documento, Jhon seleccionar tipo documento, jhon enters '8.300675571E9' into Seleccionar el tipo de documento, jhon enters 'jhon.quinones@infotrack.com.co' into ¿Cuál es tu correo electrónico?, jhon enters 'Test Automotion9' into Ingresa tu nombre, jhon enters '3.0E9' into Ingresa tu numero celular, jhon enters '3.0E9' into Seleccionar el tipo de documento, jhon clicks on Continuar, jhon enters 'Bogota' into Ciudad, jhon clicks on Lista de ciudades, jhon enters 'Av. C. 127' into Direccion, jhon clicks on Buscar la dirección, jhon enters 'Norte' into Datos adicionales, jhon clicks on Continuar ubicación servicio, jhon enters 'Garantia' into ¿Qué tipo de servicio solicitas?, jhon clicks on ¿Qué tipo de servicio solicitas? Lista, jhon enters 'NEVERA 5.3 PIES ALMENDRA' into ¿Cuál es el producto?, jhon clicks on ¿Cuál es el producto? Lista, jhon enters 'BOTA AGUA' into ¿Cuál es el motivo de la reparación?, jhon clicks on ¿Cuál es el motivo de la reparación? Lista, jhon enters 'QA AUTOMOTION' into observaciones, jhon clicks on Rango AM, jhon enters '1.012439364E9' into Rango PM, jhon clicks on Fecha, jhon clicks on Confirmar Fecha seleccionada, jhon clicks on Programar, jhon clicks on Finalizar Orden de servicio, jhon clicks on Heabeas Data, jhon clicks on Seleccionar el tipo de documento, Jhon seleccionar tipo documento, jhon enters '1.012439357E9' into Seleccionar el tipo de documento, jhon enters 'jhon.quinones@infotrack.com.co' into ¿Cuál es tu correo electrónico?, jhon enters 'QA 2' into ¿Cuales son tus apellidos?]]
[Test worker] WARN net.thucydides.core.steps.BaseStepListener - stepStarted: net.thucydides.core.steps.ExecutedStepDescription@482a58c7
[Test worker] WARN net.thucydides.core.steps.BaseStepListener - stepFinished: current outcome:Proceso Autogestion - Agendamiento de servicios:Dado el usuario final cuando desee crear o agendar una orden de servicio [Jhon abrir pagina [jhon opens the Object abrir pagina]], Cuando Crea la orden de servicio [Jhon autogestion [jhon clicks on Heabeas Data, jhon clicks on Seleccionar el tipo de documento, Jhon seleccionar tipo documento, jhon enters '8.300675571E9' into Seleccionar el tipo de documento, jhon enters 'jhon.quinones@infotrack.com.co' into ¿Cuál es tu correo electrónico?, jhon enters 'Test Automotion9' into Ingresa tu nombre, jhon enters '3.0E9' into Ingresa tu numero celular, jhon enters '3.0E9' into Seleccionar el tipo de documento, jhon clicks on Continuar, jhon enters 'Bogota' into Ciudad, jhon clicks on Lista de ciudades, jhon enters 'Av. C. 127' into Direccion, jhon clicks on Buscar la dirección, jhon enters 'Norte' into Datos adicionales, jhon clicks on Continuar ubicación servicio, jhon enters 'Garantia' into ¿Qué tipo de servicio solicitas?, jhon clicks on ¿Qué tipo de servicio solicitas? Lista, jhon enters 'NEVERA 5.3 PIES ALMENDRA' into ¿Cuál es el producto?, jhon clicks on ¿Cuál es el producto? Lista, jhon enters 'BOTA AGUA' into ¿Cuál es el motivo de la reparación?, jhon clicks on ¿Cuál es el motivo de la reparación? Lista, jhon enters 'QA AUTOMOTION' into observaciones, jhon clicks on Rango AM, jhon enters '1.012439364E9' into Rango PM, jhon clicks on Fecha, jhon clicks on Confirmar Fecha seleccionada, jhon clicks on Programar, jhon clicks on Finalizar Orden de servicio, jhon clicks on Heabeas Data, jhon clicks on Seleccionar el tipo de documento, Jhon seleccionar tipo documento, jhon enters '1.012439357E9' into Seleccionar el tipo de documento, jhon enters 'jhon.quinones@infotrack.com.co' into ¿Cuál es tu correo electrónico?, jhon enters 'QA 2' into ¿Cuales son tus apellidos?, jhon enters 'TEST 2' into ¿Cual es tu telefono fijo?]]
[Test worker] WARN net.thucydides.core.steps.BaseStepListener - stepStarted: net.thucydides.core.steps.ExecutedStepDescription@698d6d30
[Test worker] WARN net.thucydides.core.steps.BaseStepListener - stepFinished: current outcome:Proceso Autogestion - Agendamiento de servicios:Dado el usuario final cuando desee crear o agendar una orden de servicio [Jhon abrir pagina [jhon opens the Object abrir pagina]], Cuando Crea la orden de servicio [Jhon autogestion [jhon clicks on Heabeas Data, jhon clicks on Seleccionar el tipo de documento, Jhon seleccionar tipo documento, jhon enters '8.300675571E9' into Seleccionar el tipo de documento, jhon enters 'jhon.quinones@infotrack.com.co' into ¿Cuál es tu correo electrónico?, jhon enters 'Test Automotion9' into Ingresa tu nombre, jhon enters '3.0E9' into Ingresa tu numero celular, jhon enters '3.0E9' into Seleccionar el tipo de documento, jhon clicks on Continuar, jhon enters 'Bogota' into Ciudad, jhon clicks on Lista de ciudades, jhon enters 'Av. C. 127' into Direccion, jhon clicks on Buscar la dirección, jhon enters 'Norte' into Datos adicionales, jhon clicks on Continuar ubicación servicio, jhon enters 'Garantia' into ¿Qué tipo de servicio solicitas?, jhon clicks on ¿Qué tipo de servicio solicitas? Lista, jhon enters 'NEVERA 5.3 PIES ALMENDRA' into ¿Cuál es el producto?, jhon clicks on ¿Cuál es el producto? Lista, jhon enters 'BOTA AGUA' into ¿Cuál es el motivo de la reparación?, jhon clicks on ¿Cuál es el motivo de la reparación? Lista, jhon enters 'QA AUTOMOTION' into observaciones, jhon clicks on Rango AM, jhon enters '1.012439364E9' into Rango PM, jhon clicks on Fecha, jhon clicks on Confirmar Fecha seleccionada, jhon clicks on Programar, jhon clicks on Finalizar Orden de servicio, jhon clicks on Heabeas Data, jhon clicks on Seleccionar el tipo de documento, Jhon seleccionar tipo documento, jhon enters '1.012439357E9' into Seleccionar el tipo de documento, jhon enters 'jhon.quinones@infotrack.com.co' into ¿Cuál es tu correo electrónico?, jhon enters 'QA 2' into ¿Cuales son tus apellidos?, jhon enters 'TEST 2' into ¿Cual es tu telefono fijo?, jhon enters '3.000000001E9' into Ingresa tu numero celular]]
[Test worker] WARN net.thucydides.core.steps.BaseStepListener - stepStarted: net.thucydides.core.steps.ExecutedStepDescription@2b170932
[Test worker] WARN net.thucydides.core.steps.BaseStepListener - stepFinished: current outcome:Proceso Autogestion - Agendamiento de servicios:Dado el usuario final cuando desee crear o agendar una orden de servicio [Jhon abrir pagina [jhon opens the Object abrir pagina]], Cuando Crea la orden de servicio [Jhon autogestion [jhon clicks on Heabeas Data, jhon clicks on Seleccionar el tipo de documento, Jhon seleccionar tipo documento, jhon enters '8.300675571E9' into Seleccionar el tipo de documento, jhon enters 'jhon.quinones@infotrack.com.co' into ¿Cuál es tu correo electrónico?, jhon enters 'Test Automotion9' into Ingresa tu nombre, jhon enters '3.0E9' into Ingresa tu numero celular, jhon enters '3.0E9' into Seleccionar el tipo de documento, jhon clicks on Continuar, jhon enters 'Bogota' into Ciudad, jhon clicks on Lista de ciudades, jhon enters 'Av. C. 127' into Direccion, jhon clicks on Buscar la dirección, jhon enters 'Norte' into Datos adicionales, jhon clicks on Continuar ubicación servicio, jhon enters 'Garantia' into ¿Qué tipo de servicio solicitas?, jhon clicks on ¿Qué tipo de servicio solicitas? Lista, jhon enters 'NEVERA 5.3 PIES ALMENDRA' into ¿Cuál es el producto?, jhon clicks on ¿Cuál es el producto? Lista, jhon enters 'BOTA AGUA' into ¿Cuál es el motivo de la reparación?, jhon clicks on ¿Cuál es el motivo de la reparación? Lista, jhon enters 'QA AUTOMOTION' into observaciones, jhon clicks on Rango AM, jhon enters '1.012439364E9' into Rango PM, jhon clicks on Fecha, jhon clicks on Confirmar Fecha seleccionada, jhon clicks on Programar, jhon clicks on Finalizar Orden de servicio, jhon clicks on Heabeas Data, jhon clicks on Seleccionar el tipo de documento, Jhon seleccionar tipo documento, jhon enters '1.012439357E9' into Seleccionar el tipo de documento, jhon enters 'jhon.quinones@infotrack.com.co' into ¿Cuál es tu correo electrónico?, jhon enters 'QA 2' into ¿Cuales son tus apellidos?, jhon enters 'TEST 2' into ¿Cual es tu telefono fijo?, jhon enters '3.000000001E9' into Ingresa tu numero celular, jhon enters '3.000000001E9' into Seleccionar el tipo de documento]]
[Test worker] WARN net.thucydides.core.steps.BaseStepListener - stepStarted: net.thucydides.core.steps.ExecutedStepDescription@7cb29ea8
[Test worker] WARN net.thucydides.core.steps.BaseStepListener - stepFinished: current outcome:Proceso Autogestion - Agendamiento de servicios:Dado el usuario final cuando desee crear o agendar una orden de servicio [Jhon abrir pagina [jhon opens the Object abrir pagina]], Cuando Crea la orden de servicio [Jhon autogestion [jhon clicks on Heabeas Data, jhon clicks on Seleccionar el tipo de documento, Jhon seleccionar tipo documento, jhon enters '8.300675571E9' into Seleccionar el tipo de documento, jhon enters 'jhon.quinones@infotrack.com.co' into ¿Cuál es tu correo electrónico?, jhon enters 'Test Automotion9' into Ingresa tu nombre, jhon enters '3.0E9' into Ingresa tu numero celular, jhon enters '3.0E9' into Seleccionar el tipo de documento, jhon clicks on Continuar, jhon enters 'Bogota' into Ciudad, jhon clicks on Lista de ciudades, jhon enters 'Av. C. 127' into Direccion, jhon clicks on Buscar la dirección, jhon enters 'Norte' into Datos adicionales, jhon clicks on Continuar ubicación servicio, jhon enters 'Garantia' into ¿Qué tipo de servicio solicitas?, jhon clicks on ¿Qué tipo de servicio solicitas? Lista, jhon enters 'NEVERA 5.3 PIES ALMENDRA' into ¿Cuál es el producto?, jhon clicks on ¿Cuál es el producto? Lista, jhon enters 'BOTA AGUA' into ¿Cuál es el motivo de la reparación?, jhon clicks on ¿Cuál es el motivo de la reparación? Lista, jhon enters 'QA AUTOMOTION' into observaciones, jhon clicks on Rango AM, jhon enters '1.012439364E9' into Rango PM, jhon clicks on Fecha, jhon clicks on Confirmar Fecha seleccionada, jhon clicks on Programar, jhon clicks on Finalizar Orden de servicio, jhon clicks on Heabeas Data, jhon clicks on Seleccionar el tipo de documento, Jhon seleccionar tipo documento, jhon enters '1.012439357E9' into Seleccionar el tipo de documento, jhon enters 'jhon.quinones@infotrack.com.co' into ¿Cuál es tu correo electrónico?, jhon enters 'QA 2' into ¿Cuales son tus apellidos?, jhon enters 'TEST 2' into ¿Cual es tu telefono fijo?, jhon enters '3.000000001E9' into Ingresa tu numero celular, jhon enters '3.000000001E9' into Seleccionar el tipo de documento, jhon clicks on Continuar]]
[Test worker] WARN net.thucydides.core.steps.BaseStepListener - stepStarted: net.thucydides.core.steps.ExecutedStepDescription@388f1258
[Test worker] WARN net.thucydides.core.steps.BaseStepListener - stepFinished: current outcome:Proceso Autogestion - Agendamiento de servicios:Dado el usuario final cuando desee crear o agendar una orden de servicio [Jhon abrir pagina [jhon opens the Object abrir pagina]], Cuando Crea la orden de servicio [Jhon autogestion [jhon clicks on Heabeas Data, jhon clicks on Seleccionar el tipo de documento, Jhon seleccionar tipo documento, jhon enters '8.300675571E9' into Seleccionar el tipo de documento, jhon enters 'jhon.quinones@infotrack.com.co' into ¿Cuál es tu correo electrónico?, jhon enters 'Test Automotion9' into Ingresa tu nombre, jhon enters '3.0E9' into Ingresa tu numero celular, jhon enters '3.0E9' into Seleccionar el tipo de documento, jhon clicks on Continuar, jhon enters 'Bogota' into Ciudad, jhon clicks on Lista de ciudades, jhon enters 'Av. C. 127' into Direccion, jhon clicks on Buscar la dirección, jhon enters 'Norte' into Datos adicionales, jhon clicks on Continuar ubicación servicio, jhon enters 'Garantia' into ¿Qué tipo de servicio solicitas?, jhon clicks on ¿Qué tipo de servicio solicitas? Lista, jhon enters 'NEVERA 5.3 PIES ALMENDRA' into ¿Cuál es el producto?, jhon clicks on ¿Cuál es el producto? Lista, jhon enters 'BOTA AGUA' into ¿Cuál es el motivo de la reparación?, jhon clicks on ¿Cuál es el motivo de la reparación? Lista, jhon enters 'QA AUTOMOTION' into observaciones, jhon clicks on Rango AM, jhon enters '1.012439364E9' into Rango PM, jhon clicks on Fecha, jhon clicks on Confirmar Fecha seleccionada, jhon clicks on Programar, jhon clicks on Finalizar Orden de servicio, jhon clicks on Heabeas Data, jhon clicks on Seleccionar el tipo de documento, Jhon seleccionar tipo documento, jhon enters '1.012439357E9' into Seleccionar el tipo de documento, jhon enters 'jhon.quinones@infotrack.com.co' into ¿Cuál es tu correo electrónico?, jhon enters 'QA 2' into ¿Cuales son tus apellidos?, jhon enters 'TEST 2' into ¿Cual es tu telefono fijo?, jhon enters '3.000000001E9' into Ingresa tu numero celular, jhon enters '3.000000001E9' into Seleccionar el tipo de documento, jhon clicks on Continuar, jhon enters 'Soacha' into Ciudad]]
[Test worker] WARN net.thucydides.core.steps.BaseStepListener - stepStarted: net.thucydides.core.steps.ExecutedStepDescription@351e89fc
[Test worker] WARN net.thucydides.core.steps.BaseStepListener - stepFinished: current outcome:Proceso Autogestion - Agendamiento de servicios:Dado el usuario final cuando desee crear o agendar una orden de servicio [Jhon abrir pagina [jhon opens the Object abrir pagina]], Cuando Crea la orden de servicio [Jhon autogestion [jhon clicks on Heabeas Data, jhon clicks on Seleccionar el tipo de documento, Jhon seleccionar tipo documento, jhon enters '8.300675571E9' into Seleccionar el tipo de documento, jhon enters 'jhon.quinones@infotrack.com.co' into ¿Cuál es tu correo electrónico?, jhon enters 'Test Automotion9' into Ingresa tu nombre, jhon enters '3.0E9' into Ingresa tu numero celular, jhon enters '3.0E9' into Seleccionar el tipo de documento, jhon clicks on Continuar, jhon enters 'Bogota' into Ciudad, jhon clicks on Lista de ciudades, jhon enters 'Av. C. 127' into Direccion, jhon clicks on Buscar la dirección, jhon enters 'Norte' into Datos adicionales, jhon clicks on Continuar ubicación servicio, jhon enters 'Garantia' into ¿Qué tipo de servicio solicitas?, jhon clicks on ¿Qué tipo de servicio solicitas? Lista, jhon enters 'NEVERA 5.3 PIES ALMENDRA' into ¿Cuál es el producto?, jhon clicks on ¿Cuál es el producto? Lista, jhon enters 'BOTA AGUA' into ¿Cuál es el motivo de la reparación?, jhon clicks on ¿Cuál es el motivo de la reparación? Lista, jhon enters 'QA AUTOMOTION' into observaciones, jhon clicks on Rango AM, jhon enters '1.012439364E9' into Rango PM, jhon clicks on Fecha, jhon clicks on Confirmar Fecha seleccionada, jhon clicks on Programar, jhon clicks on Finalizar Orden de servicio, jhon clicks on Heabeas Data, jhon clicks on Seleccionar el tipo de documento, Jhon seleccionar tipo documento, jhon enters '1.012439357E9' into Seleccionar el tipo de documento, jhon enters 'jhon.quinones@infotrack.com.co' into ¿Cuál es tu correo electrónico?, jhon enters 'QA 2' into ¿Cuales son tus apellidos?, jhon enters 'TEST 2' into ¿Cual es tu telefono fijo?, jhon enters '3.000000001E9' into Ingresa tu numero celular, jhon enters '3.000000001E9' into Seleccionar el tipo de documento, jhon clicks on Continuar, jhon enters 'Soacha' into Ciudad, jhon clicks on Lista de ciudades]]
[Test worker] WARN net.thucydides.core.steps.BaseStepListener - stepStarted: net.thucydides.core.steps.ExecutedStepDescription@3eac2e8a
[Test worker] WARN net.thucydides.core.steps.BaseStepListener - stepFinished: current outcome:Proceso Autogestion - Agendamiento de servicios:Dado el usuario final cuando desee crear o agendar una orden de servicio [Jhon abrir pagina [jhon opens the Object abrir pagina]], Cuando Crea la orden de servicio [Jhon autogestion [jhon clicks on Heabeas Data, jhon clicks on Seleccionar el tipo de documento, Jhon seleccionar tipo documento, jhon enters '8.300675571E9' into Seleccionar el tipo de documento, jhon enters 'jhon.quinones@infotrack.com.co' into ¿Cuál es tu correo electrónico?, jhon enters 'Test Automotion9' into Ingresa tu nombre, jhon enters '3.0E9' into Ingresa tu numero celular, jhon enters '3.0E9' into Seleccionar el tipo de documento, jhon clicks on Continuar, jhon enters 'Bogota' into Ciudad, jhon clicks on Lista de ciudades, jhon enters 'Av. C. 127' into Direccion, jhon clicks on Buscar la dirección, jhon enters 'Norte' into Datos adicionales, jhon clicks on Continuar ubicación servicio, jhon enters 'Garantia' into ¿Qué tipo de servicio solicitas?, jhon clicks on ¿Qué tipo de servicio solicitas? Lista, jhon enters 'NEVERA 5.3 PIES ALMENDRA' into ¿Cuál es el producto?, jhon clicks on ¿Cuál es el producto? Lista, jhon enters 'BOTA AGUA' into ¿Cuál es el motivo de la reparación?, jhon clicks on ¿Cuál es el motivo de la reparación? Lista, jhon enters 'QA AUTOMOTION' into observaciones, jhon clicks on Rango AM, jhon enters '1.012439364E9' into Rango PM, jhon clicks on Fecha, jhon clicks on Confirmar Fecha seleccionada, jhon clicks on Programar, jhon clicks on Finalizar Orden de servicio, jhon clicks on Heabeas Data, jhon clicks on Seleccionar el tipo de documento, Jhon seleccionar tipo documento, jhon enters '1.012439357E9' into Seleccionar el tipo de documento, jhon enters 'jhon.quinones@infotrack.com.co' into ¿Cuál es tu correo electrónico?, jhon enters 'QA 2' into ¿Cuales son tus apellidos?, jhon enters 'TEST 2' into ¿Cual es tu telefono fijo?, jhon enters '3.000000001E9' into Ingresa tu numero celular, jhon enters '3.000000001E9' into Seleccionar el tipo de documento, jhon clicks on Continuar, jhon enters 'Soacha' into Ciudad, jhon clicks on Lista de ciudades, jhon enters 'Cl 15 # 19 a – 159' into Direccion]]
[Test worker] WARN net.thucydides.core.steps.BaseStepListener - stepStarted: net.thucydides.core.steps.ExecutedStepDescription@547aaa32
[Test worker] WARN net.thucydides.core.steps.BaseStepListener - stepFinished: current outcome:Proceso Autogestion - Agendamiento de servicios:Dado el usuario final cuando desee crear o agendar una orden de servicio [Jhon abrir pagina [jhon opens the Object abrir pagina]], Cuando Crea la orden de servicio [Jhon autogestion [jhon clicks on Heabeas Data, jhon clicks on Seleccionar el tipo de documento, Jhon seleccionar tipo documento, jhon enters '8.300675571E9' into Seleccionar el tipo de documento, jhon enters 'jhon.quinones@infotrack.com.co' into ¿Cuál es tu correo electrónico?, jhon enters 'Test Automotion9' into Ingresa tu nombre, jhon enters '3.0E9' into Ingresa tu numero celular, jhon enters '3.0E9' into Seleccionar el tipo de documento, jhon clicks on Continuar, jhon enters 'Bogota' into Ciudad, jhon clicks on Lista de ciudades, jhon enters 'Av. C. 127' into Direccion, jhon clicks on Buscar la dirección, jhon enters 'Norte' into Datos adicionales, jhon clicks on Continuar ubicación servicio, jhon enters 'Garantia' into ¿Qué tipo de servicio solicitas?, jhon clicks on ¿Qué tipo de servicio solicitas? Lista, jhon enters 'NEVERA 5.3 PIES ALMENDRA' into ¿Cuál es el producto?, jhon clicks on ¿Cuál es el producto? Lista, jhon enters 'BOTA AGUA' into ¿Cuál es el motivo de la reparación?, jhon clicks on ¿Cuál es el motivo de la reparación? Lista, jhon enters 'QA AUTOMOTION' into observaciones, jhon clicks on Rango AM, jhon enters '1.012439364E9' into Rango PM, jhon clicks on Fecha, jhon clicks on Confirmar Fecha seleccionada, jhon clicks on Programar, jhon clicks on Finalizar Orden de servicio, jhon clicks on Heabeas Data, jhon clicks on Seleccionar el tipo de documento, Jhon seleccionar tipo documento, jhon enters '1.012439357E9' into Seleccionar el tipo de documento, jhon enters 'jhon.quinones@infotrack.com.co' into ¿Cuál es tu correo electrónico?, jhon enters 'QA 2' into ¿Cuales son tus apellidos?, jhon enters 'TEST 2' into ¿Cual es tu telefono fijo?, jhon enters '3.000000001E9' into Ingresa tu numero celular, jhon enters '3.000000001E9' into Seleccionar el tipo de documento, jhon clicks on Continuar, jhon enters 'Soacha' into Ciudad, jhon clicks on Lista de ciudades, jhon enters 'Cl 15 # 19 a – 159' into Direccion, jhon clicks on Buscar la dirección]]
[Test worker] WARN net.thucydides.core.steps.BaseStepListener - stepStarted: net.thucydides.core.steps.ExecutedStepDescription@6a6d1ff3
[Test worker] WARN net.thucydides.core.steps.BaseStepListener - stepFinished: current outcome:Proceso Autogestion - Agendamiento de servicios:Dado el usuario final cuando desee crear o agendar una orden de servicio [Jhon abrir pagina [jhon opens the Object abrir pagina]], Cuando Crea la orden de servicio [Jhon autogestion [jhon clicks on Heabeas Data, jhon clicks on Seleccionar el tipo de documento, Jhon seleccionar tipo documento, jhon enters '8.300675571E9' into Seleccionar el tipo de documento, jhon enters 'jhon.quinones@infotrack.com.co' into ¿Cuál es tu correo electrónico?, jhon enters 'Test Automotion9' into Ingresa tu nombre, jhon enters '3.0E9' into Ingresa tu numero celular, jhon enters '3.0E9' into Seleccionar el tipo de documento, jhon clicks on Continuar, jhon enters 'Bogota' into Ciudad, jhon clicks on Lista de ciudades, jhon enters 'Av. C. 127' into Direccion, jhon clicks on Buscar la dirección, jhon enters 'Norte' into Datos adicionales, jhon clicks on Continuar ubicación servicio, jhon enters 'Garantia' into ¿Qué tipo de servicio solicitas?, jhon clicks on ¿Qué tipo de servicio solicitas? Lista, jhon enters 'NEVERA 5.3 PIES ALMENDRA' into ¿Cuál es el producto?, jhon clicks on ¿Cuál es el producto? Lista, jhon enters 'BOTA AGUA' into ¿Cuál es el motivo de la reparación?, jhon clicks on ¿Cuál es el motivo de la reparación? Lista, jhon enters 'QA AUTOMOTION' into observaciones, jhon clicks on Rango AM, jhon enters '1.012439364E9' into Rango PM, jhon clicks on Fecha, jhon clicks on Confirmar Fecha seleccionada, jhon clicks on Programar, jhon clicks on Finalizar Orden de servicio, jhon clicks on Heabeas Data, jhon clicks on Seleccionar el tipo de documento, Jhon seleccionar tipo documento, jhon enters '1.012439357E9' into Seleccionar el tipo de documento, jhon enters 'jhon.quinones@infotrack.com.co' into ¿Cuál es tu correo electrónico?, jhon enters 'QA 2' into ¿Cuales son tus apellidos?, jhon enters 'TEST 2' into ¿Cual es tu telefono fijo?, jhon enters '3.000000001E9' into Ingresa tu numero celular, jhon enters '3.000000001E9' into Seleccionar el tipo de documento, jhon clicks on Continuar, jhon enters 'Soacha' into Ciudad, jhon clicks on Lista de ciudades, jhon enters 'Cl 15 # 19 a – 159' into Direccion, jhon clicks on Buscar la dirección, jhon enters 'Armonia IV' into Datos adicionales]]
[Test worker] WARN net.thucydides.core.steps.BaseStepListener - stepStarted: net.thucydides.core.steps.ExecutedStepDescription@30cafd13
[Test worker] WARN net.thucydides.core.steps.BaseStepListener - stepFinished: current outcome:Proceso Autogestion - Agendamiento de servicios:Dado el usuario final cuando desee crear o agendar una orden de servicio [Jhon abrir pagina [jhon opens the Object abrir pagina]], Cuando Crea la orden de servicio [Jhon autogestion [jhon clicks on Heabeas Data, jhon clicks on Seleccionar el tipo de documento, Jhon seleccionar tipo documento, jhon enters '8.300675571E9' into Seleccionar el tipo de documento, jhon enters 'jhon.quinones@infotrack.com.co' into ¿Cuál es tu correo electrónico?, jhon enters 'Test Automotion9' into Ingresa tu nombre, jhon enters '3.0E9' into Ingresa tu numero celular, jhon enters '3.0E9' into Seleccionar el tipo de documento, jhon clicks on Continuar, jhon enters 'Bogota' into Ciudad, jhon clicks on Lista de ciudades, jhon enters 'Av. C. 127' into Direccion, jhon clicks on Buscar la dirección, jhon enters 'Norte' into Datos adicionales, jhon clicks on Continuar ubicación servicio, jhon enters 'Garantia' into ¿Qué tipo de servicio solicitas?, jhon clicks on ¿Qué tipo de servicio solicitas? Lista, jhon enters 'NEVERA 5.3 PIES ALMENDRA' into ¿Cuál es el producto?, jhon clicks on ¿Cuál es el producto? Lista, jhon enters 'BOTA AGUA' into ¿Cuál es el motivo de la reparación?, jhon clicks on ¿Cuál es el motivo de la reparación? Lista, jhon enters 'QA AUTOMOTION' into observaciones, jhon clicks on Rango AM, jhon enters '1.012439364E9' into Rango PM, jhon clicks on Fecha, jhon clicks on Confirmar Fecha seleccionada, jhon clicks on Programar, jhon clicks on Finalizar Orden de servicio, jhon clicks on Heabeas Data, jhon clicks on Seleccionar el tipo de documento, Jhon seleccionar tipo documento, jhon enters '1.012439357E9' into Seleccionar el tipo de documento, jhon enters 'jhon.quinones@infotrack.com.co' into ¿Cuál es tu correo electrónico?, jhon enters 'QA 2' into ¿Cuales son tus apellidos?, jhon enters 'TEST 2' into ¿Cual es tu telefono fijo?, jhon enters '3.000000001E9' into Ingresa tu numero celular, jhon enters '3.000000001E9' into Seleccionar el tipo de documento, jhon clicks on Continuar, jhon enters 'Soacha' into Ciudad, jhon clicks on Lista de ciudades, jhon enters 'Cl 15 # 19 a – 159' into Direccion, jhon clicks on Buscar la dirección, jhon enters 'Armonia IV' into Datos adicionales, jhon clicks on Continuar ubicación servicio]]
[Test worker] WARN net.thucydides.core.steps.BaseStepListener - stepStarted: net.thucydides.core.steps.ExecutedStepDescription@73b74615
[Test worker] WARN net.thucydides.core.steps.BaseStepListener - stepFinished: current outcome:Proceso Autogestion - Agendamiento de servicios:Dado el usuario final cuando desee crear o agendar una orden de servicio [Jhon abrir pagina [jhon opens the Object abrir pagina]], Cuando Crea la orden de servicio [Jhon autogestion [jhon clicks on Heabeas Data, jhon clicks on Seleccionar el tipo de documento, Jhon seleccionar tipo documento, jhon enters '8.300675571E9' into Seleccionar el tipo de documento, jhon enters 'jhon.quinones@infotrack.com.co' into ¿Cuál es tu correo electrónico?, jhon enters 'Test Automotion9' into Ingresa tu nombre, jhon enters '3.0E9' into Ingresa tu numero celular, jhon enters '3.0E9' into Seleccionar el tipo de documento, jhon clicks on Continuar, jhon enters 'Bogota' into Ciudad, jhon clicks on Lista de ciudades, jhon enters 'Av. C. 127' into Direccion, jhon clicks on Buscar la dirección, jhon enters 'Norte' into Datos adicionales, jhon clicks on Continuar ubicación servicio, jhon enters 'Garantia' into ¿Qué tipo de servicio solicitas?, jhon clicks on ¿Qué tipo de servicio solicitas? Lista, jhon enters 'NEVERA 5.3 PIES ALMENDRA' into ¿Cuál es el producto?, jhon clicks on ¿Cuál es el producto? Lista, jhon enters 'BOTA AGUA' into ¿Cuál es el motivo de la reparación?, jhon clicks on ¿Cuál es el motivo de la reparación? Lista, jhon enters 'QA AUTOMOTION' into observaciones, jhon clicks on Rango AM, jhon enters '1.012439364E9' into Rango PM, jhon clicks on Fecha, jhon clicks on Confirmar Fecha seleccionada, jhon clicks on Programar, jhon clicks on Finalizar Orden de servicio, jhon clicks on Heabeas Data, jhon clicks on Seleccionar el tipo de documento, Jhon seleccionar tipo documento, jhon enters '1.012439357E9' into Seleccionar el tipo de documento, jhon enters 'jhon.quinones@infotrack.com.co' into ¿Cuál es tu correo electrónico?, jhon enters 'QA 2' into ¿Cuales son tus apellidos?, jhon enters 'TEST 2' into ¿Cual es tu telefono fijo?, jhon enters '3.000000001E9' into Ingresa tu numero celular, jhon enters '3.000000001E9' into Seleccionar el tipo de documento, jhon clicks on Continuar, jhon enters 'Soacha' into Ciudad, jhon clicks on Lista de ciudades, jhon enters 'Cl 15 # 19 a – 159' into Direccion, jhon clicks on Buscar la dirección, jhon enters 'Armonia IV' into Datos adicionales, jhon clicks on Continuar ubicación servicio, jhon enters 'Reparación' into ¿Qué tipo de servicio solicitas?]]
[Test worker] WARN net.thucydides.core.steps.BaseStepListener - stepStarted: net.thucydides.core.steps.ExecutedStepDescription@5731caaf
[Test worker] WARN net.thucydides.core.steps.BaseStepListener - stepFinished: current outcome:Proceso Autogestion - Agendamiento de servicios:Dado el usuario final cuando desee crear o agendar una orden de servicio [Jhon abrir pagina [jhon opens the Object abrir pagina]], Cuando Crea la orden de servicio [Jhon autogestion [jhon clicks on Heabeas Data, jhon clicks on Seleccionar el tipo de documento, Jhon seleccionar tipo documento, jhon enters '8.300675571E9' into Seleccionar el tipo de documento, jhon enters 'jhon.quinones@infotrack.com.co' into ¿Cuál es tu correo electrónico?, jhon enters 'Test Automotion9' into Ingresa tu nombre, jhon enters '3.0E9' into Ingresa tu numero celular, jhon enters '3.0E9' into Seleccionar el tipo de documento, jhon clicks on Continuar, jhon enters 'Bogota' into Ciudad, jhon clicks on Lista de ciudades, jhon enters 'Av. C. 127' into Direccion, jhon clicks on Buscar la dirección, jhon enters 'Norte' into Datos adicionales, jhon clicks on Continuar ubicación servicio, jhon enters 'Garantia' into ¿Qué tipo de servicio solicitas?, jhon clicks on ¿Qué tipo de servicio solicitas? Lista, jhon enters 'NEVERA 5.3 PIES ALMENDRA' into ¿Cuál es el producto?, jhon clicks on ¿Cuál es el producto? Lista, jhon enters 'BOTA AGUA' into ¿Cuál es el motivo de la reparación?, jhon clicks on ¿Cuál es el motivo de la reparación? Lista, jhon enters 'QA AUTOMOTION' into observaciones, jhon clicks on Rango AM, jhon enters '1.012439364E9' into Rango PM, jhon clicks on Fecha, jhon clicks on Confirmar Fecha seleccionada, jhon clicks on Programar, jhon clicks on Finalizar Orden de servicio, jhon clicks on Heabeas Data, jhon clicks on Seleccionar el tipo de documento, Jhon seleccionar tipo documento, jhon enters '1.012439357E9' into Seleccionar el tipo de documento, jhon enters 'jhon.quinones@infotrack.com.co' into ¿Cuál es tu correo electrónico?, jhon enters 'QA 2' into ¿Cuales son tus apellidos?, jhon enters 'TEST 2' into ¿Cual es tu telefono fijo?, jhon enters '3.000000001E9' into Ingresa tu numero celular, jhon enters '3.000000001E9' into Seleccionar el tipo de documento, jhon clicks on Continuar, jhon enters 'Soacha' into Ciudad, jhon clicks on Lista de ciudades, jhon enters 'Cl 15 # 19 a – 159' into Direccion, jhon clicks on Buscar la dirección, jhon enters 'Armonia IV' into Datos adicionales, jhon clicks on Continuar ubicación servicio, jhon enters 'Reparación' into ¿Qué tipo de servicio solicitas?, jhon clicks on ¿Qué tipo de servicio solicitas? Lista]]
[Test worker] WARN net.thucydides.core.steps.BaseStepListener - stepStarted: net.thucydides.core.steps.ExecutedStepDescription@6dece1f9
[Test worker] WARN net.thucydides.core.steps.BaseStepListener - stepFinished: current outcome:Proceso Autogestion - Agendamiento de servicios:Dado el usuario final cuando desee crear o agendar una orden de servicio [Jhon abrir pagina [jhon opens the Object abrir pagina]], Cuando Crea la orden de servicio [Jhon autogestion [jhon clicks on Heabeas Data, jhon clicks on Seleccionar el tipo de documento, Jhon seleccionar tipo documento, jhon enters '8.300675571E9' into Seleccionar el tipo de documento, jhon enters 'jhon.quinones@infotrack.com.co' into ¿Cuál es tu correo electrónico?, jhon enters 'Test Automotion9' into Ingresa tu nombre, jhon enters '3.0E9' into Ingresa tu numero celular, jhon enters '3.0E9' into Seleccionar el tipo de documento, jhon clicks on Continuar, jhon enters 'Bogota' into Ciudad, jhon clicks on Lista de ciudades, jhon enters 'Av. C. 127' into Direccion, jhon clicks on Buscar la dirección, jhon enters 'Norte' into Datos adicionales, jhon clicks on Continuar ubicación servicio, jhon enters 'Garantia' into ¿Qué tipo de servicio solicitas?, jhon clicks on ¿Qué tipo de servicio solicitas? Lista, jhon enters 'NEVERA 5.3 PIES ALMENDRA' into ¿Cuál es el producto?, jhon clicks on ¿Cuál es el producto? Lista, jhon enters 'BOTA AGUA' into ¿Cuál es el motivo de la reparación?, jhon clicks on ¿Cuál es el motivo de la reparación? Lista, jhon enters 'QA AUTOMOTION' into observaciones, jhon clicks on Rango AM, jhon enters '1.012439364E9' into Rango PM, jhon clicks on Fecha, jhon clicks on Confirmar Fecha seleccionada, jhon clicks on Programar, jhon clicks on Finalizar Orden de servicio, jhon clicks on Heabeas Data, jhon clicks on Seleccionar el tipo de documento, Jhon seleccionar tipo documento, jhon enters '1.012439357E9' into Seleccionar el tipo de documento, jhon enters 'jhon.quinones@infotrack.com.co' into ¿Cuál es tu correo electrónico?, jhon enters 'QA 2' into ¿Cuales son tus apellidos?, jhon enters 'TEST 2' into ¿Cual es tu telefono fijo?, jhon enters '3.000000001E9' into Ingresa tu numero celular, jhon enters '3.000000001E9' into Seleccionar el tipo de documento, jhon clicks on Continuar, jhon enters 'Soacha' into Ciudad, jhon clicks on Lista de ciudades, jhon enters 'Cl 15 # 19 a – 159' into Direccion, jhon clicks on Buscar la dirección, jhon enters 'Armonia IV' into Datos adicionales, jhon clicks on Continuar ubicación servicio, jhon enters 'Reparación' into ¿Qué tipo de servicio solicitas?, jhon clicks on ¿Qué tipo de servicio solicitas? Lista, jhon enters 'CALENTADOR DE PASO 10 LTS. GAS NATURAL' into ¿Cuál es el producto?]]
[Test worker] WARN net.thucydides.core.steps.BaseStepListener - stepStarted: net.thucydides.core.steps.ExecutedStepDescription@36e409e0
[Test worker] WARN net.thucydides.core.steps.BaseStepListener - stepFinished: current outcome:Proceso Autogestion - Agendamiento de servicios:Dado el usuario final cuando desee crear o agendar una orden de servicio [Jhon abrir pagina [jhon opens the Object abrir pagina]], Cuando Crea la orden de servicio [Jhon autogestion [jhon clicks on Heabeas Data, jhon clicks on Seleccionar el tipo de documento, Jhon seleccionar tipo documento, jhon enters '8.300675571E9' into Seleccionar el tipo de documento, jhon enters 'jhon.quinones@infotrack.com.co' into ¿Cuál es tu correo electrónico?, jhon enters 'Test Automotion9' into Ingresa tu nombre, jhon enters '3.0E9' into Ingresa tu numero celular, jhon enters '3.0E9' into Seleccionar el tipo de documento, jhon clicks on Continuar, jhon enters 'Bogota' into Ciudad, jhon clicks on Lista de ciudades, jhon enters 'Av. C. 127' into Direccion, jhon clicks on Buscar la dirección, jhon enters 'Norte' into Datos adicionales, jhon clicks on Continuar ubicación servicio, jhon enters 'Garantia' into ¿Qué tipo de servicio solicitas?, jhon clicks on ¿Qué tipo de servicio solicitas? Lista, jhon enters 'NEVERA 5.3 PIES ALMENDRA' into ¿Cuál es el producto?, jhon clicks on ¿Cuál es el producto? Lista, jhon enters 'BOTA AGUA' into ¿Cuál es el motivo de la reparación?, jhon clicks on ¿Cuál es el motivo de la reparación? Lista, jhon enters 'QA AUTOMOTION' into observaciones, jhon clicks on Rango AM, jhon enters '1.012439364E9' into Rango PM, jhon clicks on Fecha, jhon clicks on Confirmar Fecha seleccionada, jhon clicks on Programar, jhon clicks on Finalizar Orden de servicio, jhon clicks on Heabeas Data, jhon clicks on Seleccionar el tipo de documento, Jhon seleccionar tipo documento, jhon enters '1.012439357E9' into Seleccionar el tipo de documento, jhon enters 'jhon.quinones@infotrack.com.co' into ¿Cuál es tu correo electrónico?, jhon enters 'QA 2' into ¿Cuales son tus apellidos?, jhon enters 'TEST 2' into ¿Cual es tu telefono fijo?, jhon enters '3.000000001E9' into Ingresa tu numero celular, jhon enters '3.000000001E9' into Seleccionar el tipo de documento, jhon clicks on Continuar, jhon enters 'Soacha' into Ciudad, jhon clicks on Lista de ciudades, jhon enters 'Cl 15 # 19 a – 159' into Direccion, jhon clicks on Buscar la dirección, jhon enters 'Armonia IV' into Datos adicionales, jhon clicks on Continuar ubicación servicio, jhon enters 'Reparación' into ¿Qué tipo de servicio solicitas?, jhon clicks on ¿Qué tipo de servicio solicitas? Lista, jhon enters 'CALENTADOR DE PASO 10 LTS. GAS NATURAL' into ¿Cuál es el producto?, jhon clicks on ¿Cuál es el producto? Lista]]
[Test worker] WARN net.thucydides.core.steps.BaseStepListener - stepStarted: net.thucydides.core.steps.ExecutedStepDescription@49c83262
[Test worker] WARN net.thucydides.core.steps.BaseStepListener - stepFinished: current outcome:Proceso Autogestion - Agendamiento de servicios:Dado el usuario final cuando desee crear o agendar una orden de servicio [Jhon abrir pagina [jhon opens the Object abrir pagina]], Cuando Crea la orden de servicio [Jhon autogestion [jhon clicks on Heabeas Data, jhon clicks on Seleccionar el tipo de documento, Jhon seleccionar tipo documento, jhon enters '8.300675571E9' into Seleccionar el tipo de documento, jhon enters 'jhon.quinones@infotrack.com.co' into ¿Cuál es tu correo electrónico?, jhon enters 'Test Automotion9' into Ingresa tu nombre, jhon enters '3.0E9' into Ingresa tu numero celular, jhon enters '3.0E9' into Seleccionar el tipo de documento, jhon clicks on Continuar, jhon enters 'Bogota' into Ciudad, jhon clicks on Lista de ciudades, jhon enters 'Av. C. 127' into Direccion, jhon clicks on Buscar la dirección, jhon enters 'Norte' into Datos adicionales, jhon clicks on Continuar ubicación servicio, jhon enters 'Garantia' into ¿Qué tipo de servicio solicitas?, jhon clicks on ¿Qué tipo de servicio solicitas? Lista, jhon enters 'NEVERA 5.3 PIES ALMENDRA' into ¿Cuál es el producto?, jhon clicks on ¿Cuál es el producto? Lista, jhon enters 'BOTA AGUA' into ¿Cuál es el motivo de la reparación?, jhon clicks on ¿Cuál es el motivo de la reparación? Lista, jhon enters 'QA AUTOMOTION' into observaciones, jhon clicks on Rango AM, jhon enters '1.012439364E9' into Rango PM, jhon clicks on Fecha, jhon clicks on Confirmar Fecha seleccionada, jhon clicks on Programar, jhon clicks on Finalizar Orden de servicio, jhon clicks on Heabeas Data, jhon clicks on Seleccionar el tipo de documento, Jhon seleccionar tipo documento, jhon enters '1.012439357E9' into Seleccionar el tipo de documento, jhon enters 'jhon.quinones@infotrack.com.co' into ¿Cuál es tu correo electrónico?, jhon enters 'QA 2' into ¿Cuales son tus apellidos?, jhon enters 'TEST 2' into ¿Cual es tu telefono fijo?, jhon enters '3.000000001E9' into Ingresa tu numero celular, jhon enters '3.000000001E9' into Seleccionar el tipo de documento, jhon clicks on Continuar, jhon enters 'Soacha' into Ciudad, jhon clicks on Lista de ciudades, jhon enters 'Cl 15 # 19 a – 159' into Direccion, jhon clicks on Buscar la dirección, jhon enters 'Armonia IV' into Datos adicionales, jhon clicks on Continuar ubicación servicio, jhon enters 'Reparación' into ¿Qué tipo de servicio solicitas?, jhon clicks on ¿Qué tipo de servicio solicitas? Lista, jhon enters 'CALENTADOR DE PASO 10 LTS. GAS NATURAL' into ¿Cuál es el producto?, jhon clicks on ¿Cuál es el producto? Lista, jhon enters 'BOTA AGUA' into ¿Cuál es el motivo de la reparación?]]
[Test worker] WARN net.thucydides.core.steps.BaseStepListener - stepStarted: net.thucydides.core.steps.ExecutedStepDescription@5dae5a70
[Test worker] WARN net.thucydides.core.steps.BaseStepListener - stepFinished: current outcome:Proceso Autogestion - Agendamiento de servicios:Dado el usuario final cuando desee crear o agendar una orden de servicio [Jhon abrir pagina [jhon opens the Object abrir pagina]], Cuando Crea la orden de servicio [Jhon autogestion [jhon clicks on Heabeas Data, jhon clicks on Seleccionar el tipo de documento, Jhon seleccionar tipo documento, jhon enters '8.300675571E9' into Seleccionar el tipo de documento, jhon enters 'jhon.quinones@infotrack.com.co' into ¿Cuál es tu correo electrónico?, jhon enters 'Test Automotion9' into Ingresa tu nombre, jhon enters '3.0E9' into Ingresa tu numero celular, jhon enters '3.0E9' into Seleccionar el tipo de documento, jhon clicks on Continuar, jhon enters 'Bogota' into Ciudad, jhon clicks on Lista de ciudades, jhon enters 'Av. C. 127' into Direccion, jhon clicks on Buscar la dirección, jhon enters 'Norte' into Datos adicionales, jhon clicks on Continuar ubicación servicio, jhon enters 'Garantia' into ¿Qué tipo de servicio solicitas?, jhon clicks on ¿Qué tipo de servicio solicitas? Lista, jhon enters 'NEVERA 5.3 PIES ALMENDRA' into ¿Cuál es el producto?, jhon clicks on ¿Cuál es el producto? Lista, jhon enters 'BOTA AGUA' into ¿Cuál es el motivo de la reparación?, jhon clicks on ¿Cuál es el motivo de la reparación? Lista, jhon enters 'QA AUTOMOTION' into observaciones, jhon clicks on Rango AM, jhon enters '1.012439364E9' into Rango PM, jhon clicks on Fecha, jhon clicks on Confirmar Fecha seleccionada, jhon clicks on Programar, jhon clicks on Finalizar Orden de servicio, jhon clicks on Heabeas Data, jhon clicks on Seleccionar el tipo de documento, Jhon seleccionar tipo documento, jhon enters '1.012439357E9' into Seleccionar el tipo de documento, jhon enters 'jhon.quinones@infotrack.com.co' into ¿Cuál es tu correo electrónico?, jhon enters 'QA 2' into ¿Cuales son tus apellidos?, jhon enters 'TEST 2' into ¿Cual es tu telefono fijo?, jhon enters '3.000000001E9' into Ingresa tu numero celular, jhon enters '3.000000001E9' into Seleccionar el tipo de documento, jhon clicks on Continuar, jhon enters 'Soacha' into Ciudad, jhon clicks on Lista de ciudades, jhon enters 'Cl 15 # 19 a – 159' into Direccion, jhon clicks on Buscar la dirección, jhon enters 'Armonia IV' into Datos adicionales, jhon clicks on Continuar ubicación servicio, jhon enters 'Reparación' into ¿Qué tipo de servicio solicitas?, jhon clicks on ¿Qué tipo de servicio solicitas? Lista, jhon enters 'CALENTADOR DE PASO 10 LTS. GAS NATURAL' into ¿Cuál es el producto?, jhon clicks on ¿Cuál es el producto? Lista, jhon enters 'BOTA AGUA' into ¿Cuál es el motivo de la reparación?, jhon clicks on ¿Cuál es el motivo de la reparación? Lista]]
[Test worker] WARN net.thucydides.core.steps.BaseStepListener - stepStarted: net.thucydides.core.steps.ExecutedStepDescription@1e471884
[Test worker] WARN net.thucydides.core.steps.BaseStepListener - stepFinished: current outcome:Proceso Autogestion - Agendamiento de servicios:Dado el usuario final cuando desee crear o agendar una orden de servicio [Jhon abrir pagina [jhon opens the Object abrir pagina]], Cuando Crea la orden de servicio [Jhon autogestion [jhon clicks on Heabeas Data, jhon clicks on Seleccionar el tipo de documento, Jhon seleccionar tipo documento, jhon enters '8.300675571E9' into Seleccionar el tipo de documento, jhon enters 'jhon.quinones@infotrack.com.co' into ¿Cuál es tu correo electrónico?, jhon enters 'Test Automotion9' into Ingresa tu nombre, jhon enters '3.0E9' into Ingresa tu numero celular, jhon enters '3.0E9' into Seleccionar el tipo de documento, jhon clicks on Continuar, jhon enters 'Bogota' into Ciudad, jhon clicks on Lista de ciudades, jhon enters 'Av. C. 127' into Direccion, jhon clicks on Buscar la dirección, jhon enters 'Norte' into Datos adicionales, jhon clicks on Continuar ubicación servicio, jhon enters 'Garantia' into ¿Qué tipo de servicio solicitas?, jhon clicks on ¿Qué tipo de servicio solicitas? Lista, jhon enters 'NEVERA 5.3 PIES ALMENDRA' into ¿Cuál es el producto?, jhon clicks on ¿Cuál es el producto? Lista, jhon enters 'BOTA AGUA' into ¿Cuál es el motivo de la reparación?, jhon clicks on ¿Cuál es el motivo de la reparación? Lista, jhon enters 'QA AUTOMOTION' into observaciones, jhon clicks on Rango AM, jhon enters '1.012439364E9' into Rango PM, jhon clicks on Fecha, jhon clicks on Confirmar Fecha seleccionada, jhon clicks on Programar, jhon clicks on Finalizar Orden de servicio, jhon clicks on Heabeas Data, jhon clicks on Seleccionar el tipo de documento, Jhon seleccionar tipo documento, jhon enters '1.012439357E9' into Seleccionar el tipo de documento, jhon enters 'jhon.quinones@infotrack.com.co' into ¿Cuál es tu correo electrónico?, jhon enters 'QA 2' into ¿Cuales son tus apellidos?, jhon enters 'TEST 2' into ¿Cual es tu telefono fijo?, jhon enters '3.000000001E9' into Ingresa tu numero celular, jhon enters '3.000000001E9' into Seleccionar el tipo de documento, jhon clicks on Continuar, jhon enters 'Soacha' into Ciudad, jhon clicks on Lista de ciudades, jhon enters 'Cl 15 # 19 a – 159' into Direccion, jhon clicks on Buscar la dirección, jhon enters 'Armonia IV' into Datos adicionales, jhon clicks on Continuar ubicación servicio, jhon enters 'Reparación' into ¿Qué tipo de servicio solicitas?, jhon clicks on ¿Qué tipo de servicio solicitas? Lista, jhon enters 'CALENTADOR DE PASO 10 LTS. GAS NATURAL' into ¿Cuál es el producto?, jhon clicks on ¿Cuál es el producto? Lista, jhon enters 'BOTA AGUA' into ¿Cuál es el motivo de la reparación?, jhon clicks on ¿Cuál es el motivo de la reparación? Lista, jhon enters 'QA AUTOMOTION' into observaciones]]
[Test worker] WARN net.thucydides.core.steps.BaseStepListener - stepStarted: net.thucydides.core.steps.ExecutedStepDescription@134abd78
[Test worker] WARN net.thucydides.core.steps.BaseStepListener - stepFinished: current outcome:Proceso Autogestion - Agendamiento de servicios:Dado el usuario final cuando desee crear o agendar una orden de servicio [Jhon abrir pagina [jhon opens the Object abrir pagina]], Cuando Crea la orden de servicio [Jhon autogestion [jhon clicks on Heabeas Data, jhon clicks on Seleccionar el tipo de documento, Jhon seleccionar tipo documento, jhon enters '8.300675571E9' into Seleccionar el tipo de documento, jhon enters 'jhon.quinones@infotrack.com.co' into ¿Cuál es tu correo electrónico?, jhon enters 'Test Automotion9' into Ingresa tu nombre, jhon enters '3.0E9' into Ingresa tu numero celular, jhon enters '3.0E9' into Seleccionar el tipo de documento, jhon clicks on Continuar, jhon enters 'Bogota' into Ciudad, jhon clicks on Lista de ciudades, jhon enters 'Av. C. 127' into Direccion, jhon clicks on Buscar la dirección, jhon enters 'Norte' into Datos adicionales, jhon clicks on Continuar ubicación servicio, jhon enters 'Garantia' into ¿Qué tipo de servicio solicitas?, jhon clicks on ¿Qué tipo de servicio solicitas? Lista, jhon enters 'NEVERA 5.3 PIES ALMENDRA' into ¿Cuál es el producto?, jhon clicks on ¿Cuál es el producto? Lista, jhon enters 'BOTA AGUA' into ¿Cuál es el motivo de la reparación?, jhon clicks on ¿Cuál es el motivo de la reparación? Lista, jhon enters 'QA AUTOMOTION' into observaciones, jhon clicks on Rango AM, jhon enters '1.012439364E9' into Rango PM, jhon clicks on Fecha, jhon clicks on Confirmar Fecha seleccionada, jhon clicks on Programar, jhon clicks on Finalizar Orden de servicio, jhon clicks on Heabeas Data, jhon clicks on Seleccionar el tipo de documento, Jhon seleccionar tipo documento, jhon enters '1.012439357E9' into Seleccionar el tipo de documento, jhon enters 'jhon.quinones@infotrack.com.co' into ¿Cuál es tu correo electrónico?, jhon enters 'QA 2' into ¿Cuales son tus apellidos?, jhon enters 'TEST 2' into ¿Cual es tu telefono fijo?, jhon enters '3.000000001E9' into Ingresa tu numero celular, jhon enters '3.000000001E9' into Seleccionar el tipo de documento, jhon clicks on Continuar, jhon enters 'Soacha' into Ciudad, jhon clicks on Lista de ciudades, jhon enters 'Cl 15 # 19 a – 159' into Direccion, jhon clicks on Buscar la dirección, jhon enters 'Armonia IV' into Datos adicionales, jhon clicks on Continuar ubicación servicio, jhon enters 'Reparación' into ¿Qué tipo de servicio solicitas?, jhon clicks on ¿Qué tipo de servicio solicitas? Lista, jhon enters 'CALENTADOR DE PASO 10 LTS. GAS NATURAL' into ¿Cuál es el producto?, jhon clicks on ¿Cuál es el producto? Lista, jhon enters 'BOTA AGUA' into ¿Cuál es el motivo de la reparación?, jhon clicks on ¿Cuál es el motivo de la reparación? Lista, jhon enters 'QA AUTOMOTION' into observaciones, jhon clicks on Rango AM]]
[Test worker] WARN net.thucydides.core.steps.BaseStepListener - stepStarted: net.thucydides.core.steps.ExecutedStepDescription@41938e1e
[Test worker] WARN net.thucydides.core.steps.BaseStepListener - stepFinished: current outcome:Proceso Autogestion - Agendamiento de servicios:Dado el usuario final cuando desee crear o agendar una orden de servicio [Jhon abrir pagina [jhon opens the Object abrir pagina]], Cuando Crea la orden de servicio [Jhon autogestion [jhon clicks on Heabeas Data, jhon clicks on Seleccionar el tipo de documento, Jhon seleccionar tipo documento, jhon enters '8.300675571E9' into Seleccionar el tipo de documento, jhon enters 'jhon.quinones@infotrack.com.co' into ¿Cuál es tu correo electrónico?, jhon enters 'Test Automotion9' into Ingresa tu nombre, jhon enters '3.0E9' into Ingresa tu numero celular, jhon enters '3.0E9' into Seleccionar el tipo de documento, jhon clicks on Continuar, jhon enters 'Bogota' into Ciudad, jhon clicks on Lista de ciudades, jhon enters 'Av. C. 127' into Direccion, jhon clicks on Buscar la dirección, jhon enters 'Norte' into Datos adicionales, jhon clicks on Continuar ubicación servicio, jhon enters 'Garantia' into ¿Qué tipo de servicio solicitas?, jhon clicks on ¿Qué tipo de servicio solicitas? Lista, jhon enters 'NEVERA 5.3 PIES ALMENDRA' into ¿Cuál es el producto?, jhon clicks on ¿Cuál es el producto? Lista, jhon enters 'BOTA AGUA' into ¿Cuál es el motivo de la reparación?, jhon clicks on ¿Cuál es el motivo de la reparación? Lista, jhon enters 'QA AUTOMOTION' into observaciones, jhon clicks on Rango AM, jhon enters '1.012439364E9' into Rango PM, jhon clicks on Fecha, jhon clicks on Confirmar Fecha seleccionada, jhon clicks on Programar, jhon clicks on Finalizar Orden de servicio, jhon clicks on Heabeas Data, jhon clicks on Seleccionar el tipo de documento, Jhon seleccionar tipo documento, jhon enters '1.012439357E9' into Seleccionar el tipo de documento, jhon enters 'jhon.quinones@infotrack.com.co' into ¿Cuál es tu correo electrónico?, jhon enters 'QA 2' into ¿Cuales son tus apellidos?, jhon enters 'TEST 2' into ¿Cual es tu telefono fijo?, jhon enters '3.000000001E9' into Ingresa tu numero celular, jhon enters '3.000000001E9' into Seleccionar el tipo de documento, jhon clicks on Continuar, jhon enters 'Soacha' into Ciudad, jhon clicks on Lista de ciudades, jhon enters 'Cl 15 # 19 a – 159' into Direccion, jhon clicks on Buscar la dirección, jhon enters 'Armonia IV' into Datos adicionales, jhon clicks on Continuar ubicación servicio, jhon enters 'Reparación' into ¿Qué tipo de servicio solicitas?, jhon clicks on ¿Qué tipo de servicio solicitas? Lista, jhon enters 'CALENTADOR DE PASO 10 LTS. GAS NATURAL' into ¿Cuál es el producto?, jhon clicks on ¿Cuál es el producto? Lista, jhon enters 'BOTA AGUA' into ¿Cuál es el motivo de la reparación?, jhon clicks on ¿Cuál es el motivo de la reparación? Lista, jhon enters 'QA AUTOMOTION' into observaciones, jhon clicks on Rango AM, jhon enters '1.012439357E9' into Rango PM]]
[Test worker] WARN net.thucydides.core.steps.BaseStepListener - stepStarted: net.thucydides.core.steps.ExecutedStepDescription@2a5c6b76
[Test worker] WARN net.thucydides.core.steps.BaseStepListener - stepFinished: current outcome:Proceso Autogestion - Agendamiento de servicios:Dado el usuario final cuando desee crear o agendar una orden de servicio [Jhon abrir pagina [jhon opens the Object abrir pagina]], Cuando Crea la orden de servicio [Jhon autogestion [jhon clicks on Heabeas Data, jhon clicks on Seleccionar el tipo de documento, Jhon seleccionar tipo documento, jhon enters '8.300675571E9' into Seleccionar el tipo de documento, jhon enters 'jhon.quinones@infotrack.com.co' into ¿Cuál es tu correo electrónico?, jhon enters 'Test Automotion9' into Ingresa tu nombre, jhon enters '3.0E9' into Ingresa tu numero celular, jhon enters '3.0E9' into Seleccionar el tipo de documento, jhon clicks on Continuar, jhon enters 'Bogota' into Ciudad, jhon clicks on Lista de ciudades, jhon enters 'Av. C. 127' into Direccion, jhon clicks on Buscar la dirección, jhon enters 'Norte' into Datos adicionales, jhon clicks on Continuar ubicación servicio, jhon enters 'Garantia' into ¿Qué tipo de servicio solicitas?, jhon clicks on ¿Qué tipo de servicio solicitas? Lista, jhon enters 'NEVERA 5.3 PIES ALMENDRA' into ¿Cuál es el producto?, jhon clicks on ¿Cuál es el producto? Lista, jhon enters 'BOTA AGUA' into ¿Cuál es el motivo de la reparación?, jhon clicks on ¿Cuál es el motivo de la reparación? Lista, jhon enters 'QA AUTOMOTION' into observaciones, jhon clicks on Rango AM, jhon enters '1.012439364E9' into Rango PM, jhon clicks on Fecha, jhon clicks on Confirmar Fecha seleccionada, jhon clicks on Programar, jhon clicks on Finalizar Orden de servicio, jhon clicks on Heabeas Data, jhon clicks on Seleccionar el tipo de documento, Jhon seleccionar tipo documento, jhon enters '1.012439357E9' into Seleccionar el tipo de documento, jhon enters 'jhon.quinones@infotrack.com.co' into ¿Cuál es tu correo electrónico?, jhon enters 'QA 2' into ¿Cuales son tus apellidos?, jhon enters 'TEST 2' into ¿Cual es tu telefono fijo?, jhon enters '3.000000001E9' into Ingresa tu numero celular, jhon enters '3.000000001E9' into Seleccionar el tipo de documento, jhon clicks on Continuar, jhon enters 'Soacha' into Ciudad, jhon clicks on Lista de ciudades, jhon enters 'Cl 15 # 19 a – 159' into Direccion, jhon clicks on Buscar la dirección, jhon enters 'Armonia IV' into Datos adicionales, jhon clicks on Continuar ubicación servicio, jhon enters 'Reparación' into ¿Qué tipo de servicio solicitas?, jhon clicks on ¿Qué tipo de servicio solicitas? Lista, jhon enters 'CALENTADOR DE PASO 10 LTS. GAS NATURAL' into ¿Cuál es el producto?, jhon clicks on ¿Cuál es el producto? Lista, jhon enters 'BOTA AGUA' into ¿Cuál es el motivo de la reparación?, jhon clicks on ¿Cuál es el motivo de la reparación? Lista, jhon enters 'QA AUTOMOTION' into observaciones, jhon clicks on Rango AM, jhon enters '1.012439357E9' into Rango PM, jhon clicks on Fecha]]
[Test worker] WARN net.thucydides.core.steps.BaseStepListener - stepStarted: net.thucydides.core.steps.ExecutedStepDescription@64757d56
[Test worker] WARN net.thucydides.core.steps.BaseStepListener - stepFinished: current outcome:Proceso Autogestion - Agendamiento de servicios:Dado el usuario final cuando desee crear o agendar una orden de servicio [Jhon abrir pagina [jhon opens the Object abrir pagina]], Cuando Crea la orden de servicio [Jhon autogestion [jhon clicks on Heabeas Data, jhon clicks on Seleccionar el tipo de documento, Jhon seleccionar tipo documento, jhon enters '8.300675571E9' into Seleccionar el tipo de documento, jhon enters 'jhon.quinones@infotrack.com.co' into ¿Cuál es tu correo electrónico?, jhon enters 'Test Automotion9' into Ingresa tu nombre, jhon enters '3.0E9' into Ingresa tu numero celular, jhon enters '3.0E9' into Seleccionar el tipo de documento, jhon clicks on Continuar, jhon enters 'Bogota' into Ciudad, jhon clicks on Lista de ciudades, jhon enters 'Av. C. 127' into Direccion, jhon clicks on Buscar la dirección, jhon enters 'Norte' into Datos adicionales, jhon clicks on Continuar ubicación servicio, jhon enters 'Garantia' into ¿Qué tipo de servicio solicitas?, jhon clicks on ¿Qué tipo de servicio solicitas? Lista, jhon enters 'NEVERA 5.3 PIES ALMENDRA' into ¿Cuál es el producto?, jhon clicks on ¿Cuál es el producto? Lista, jhon enters 'BOTA AGUA' into ¿Cuál es el motivo de la reparación?, jhon clicks on ¿Cuál es el motivo de la reparación? Lista, jhon enters 'QA AUTOMOTION' into observaciones, jhon clicks on Rango AM, jhon enters '1.012439364E9' into Rango PM, jhon clicks on Fecha, jhon clicks on Confirmar Fecha seleccionada, jhon clicks on Programar, jhon clicks on Finalizar Orden de servicio, jhon clicks on Heabeas Data, jhon clicks on Seleccionar el tipo de documento, Jhon seleccionar tipo documento, jhon enters '1.012439357E9' into Seleccionar el tipo de documento, jhon enters 'jhon.quinones@infotrack.com.co' into ¿Cuál es tu correo electrónico?, jhon enters 'QA 2' into ¿Cuales son tus apellidos?, jhon enters 'TEST 2' into ¿Cual es tu telefono fijo?, jhon enters '3.000000001E9' into Ingresa tu numero celular, jhon enters '3.000000001E9' into Seleccionar el tipo de documento, jhon clicks on Continuar, jhon enters 'Soacha' into Ciudad, jhon clicks on Lista de ciudades, jhon enters 'Cl 15 # 19 a – 159' into Direccion, jhon clicks on Buscar la dirección, jhon enters 'Armonia IV' into Datos adicionales, jhon clicks on Continuar ubicación servicio, jhon enters 'Reparación' into ¿Qué tipo de servicio solicitas?, jhon clicks on ¿Qué tipo de servicio solicitas? Lista, jhon enters 'CALENTADOR DE PASO 10 LTS. GAS NATURAL' into ¿Cuál es el producto?, jhon clicks on ¿Cuál es el producto? Lista, jhon enters 'BOTA AGUA' into ¿Cuál es el motivo de la reparación?, jhon clicks on ¿Cuál es el motivo de la reparación? Lista, jhon enters 'QA AUTOMOTION' into observaciones, jhon clicks on Rango AM, jhon enters '1.012439357E9' into Rango PM, jhon clicks on Fecha, jhon clicks on Confirmar Fecha seleccionada]]
[Test worker] WARN net.thucydides.core.steps.BaseStepListener - stepStarted: net.thucydides.core.steps.ExecutedStepDescription@405d8a80
[Test worker] WARN net.thucydides.core.steps.BaseStepListener - stepFinished: current outcome:Proceso Autogestion - Agendamiento de servicios:Dado el usuario final cuando desee crear o agendar una orden de servicio [Jhon abrir pagina [jhon opens the Object abrir pagina]], Cuando Crea la orden de servicio [Jhon autogestion [jhon clicks on Heabeas Data, jhon clicks on Seleccionar el tipo de documento, Jhon seleccionar tipo documento, jhon enters '8.300675571E9' into Seleccionar el tipo de documento, jhon enters 'jhon.quinones@infotrack.com.co' into ¿Cuál es tu correo electrónico?, jhon enters 'Test Automotion9' into Ingresa tu nombre, jhon enters '3.0E9' into Ingresa tu numero celular, jhon enters '3.0E9' into Seleccionar el tipo de documento, jhon clicks on Continuar, jhon enters 'Bogota' into Ciudad, jhon clicks on Lista de ciudades, jhon enters 'Av. C. 127' into Direccion, jhon clicks on Buscar la dirección, jhon enters 'Norte' into Datos adicionales, jhon clicks on Continuar ubicación servicio, jhon enters 'Garantia' into ¿Qué tipo de servicio solicitas?, jhon clicks on ¿Qué tipo de servicio solicitas? Lista, jhon enters 'NEVERA 5.3 PIES ALMENDRA' into ¿Cuál es el producto?, jhon clicks on ¿Cuál es el producto? Lista, jhon enters 'BOTA AGUA' into ¿Cuál es el motivo de la reparación?, jhon clicks on ¿Cuál es el motivo de la reparación? Lista, jhon enters 'QA AUTOMOTION' into observaciones, jhon clicks on Rango AM, jhon enters '1.012439364E9' into Rango PM, jhon clicks on Fecha, jhon clicks on Confirmar Fecha seleccionada, jhon clicks on Programar, jhon clicks on Finalizar Orden de servicio, jhon clicks on Heabeas Data, jhon clicks on Seleccionar el tipo de documento, Jhon seleccionar tipo documento, jhon enters '1.012439357E9' into Seleccionar el tipo de documento, jhon enters 'jhon.quinones@infotrack.com.co' into ¿Cuál es tu correo electrónico?, jhon enters 'QA 2' into ¿Cuales son tus apellidos?, jhon enters 'TEST 2' into ¿Cual es tu telefono fijo?, jhon enters '3.000000001E9' into Ingresa tu numero celular, jhon enters '3.000000001E9' into Seleccionar el tipo de documento, jhon clicks on Continuar, jhon enters 'Soacha' into Ciudad, jhon clicks on Lista de ciudades, jhon enters 'Cl 15 # 19 a – 159' into Direccion, jhon clicks on Buscar la dirección, jhon enters 'Armonia IV' into Datos adicionales, jhon clicks on Continuar ubicación servicio, jhon enters 'Reparación' into ¿Qué tipo de servicio solicitas?, jhon clicks on ¿Qué tipo de servicio solicitas? Lista, jhon enters 'CALENTADOR DE PASO 10 LTS. GAS NATURAL' into ¿Cuál es el producto?, jhon clicks on ¿Cuál es el producto? Lista, jhon enters 'BOTA AGUA' into ¿Cuál es el motivo de la reparación?, jhon clicks on ¿Cuál es el motivo de la reparación? Lista, jhon enters 'QA AUTOMOTION' into observaciones, jhon clicks on Rango AM, jhon enters '1.012439357E9' into Rango PM, jhon clicks on Fecha, jhon clicks on Confirmar Fecha seleccionada, jhon clicks on Programar]]
[Test worker] WARN net.thucydides.core.steps.BaseStepListener - stepStarted: net.thucydides.core.steps.ExecutedStepDescription@f10d055
[Test worker] WARN net.thucydides.core.steps.BaseStepListener - stepFinished: current outcome:Proceso Autogestion - Agendamiento de servicios:Dado el usuario final cuando desee crear o agendar una orden de servicio [Jhon abrir pagina [jhon opens the Object abrir pagina]], Cuando Crea la orden de servicio [Jhon autogestion [jhon clicks on Heabeas Data, jhon clicks on Seleccionar el tipo de documento, Jhon seleccionar tipo documento, jhon enters '8.300675571E9' into Seleccionar el tipo de documento, jhon enters 'jhon.quinones@infotrack.com.co' into ¿Cuál es tu correo electrónico?, jhon enters 'Test Automotion9' into Ingresa tu nombre, jhon enters '3.0E9' into Ingresa tu numero celular, jhon enters '3.0E9' into Seleccionar el tipo de documento, jhon clicks on Continuar, jhon enters 'Bogota' into Ciudad, jhon clicks on Lista de ciudades, jhon enters 'Av. C. 127' into Direccion, jhon clicks on Buscar la dirección, jhon enters 'Norte' into Datos adicionales, jhon clicks on Continuar ubicación servicio, jhon enters 'Garantia' into ¿Qué tipo de servicio solicitas?, jhon clicks on ¿Qué tipo de servicio solicitas? Lista, jhon enters 'NEVERA 5.3 PIES ALMENDRA' into ¿Cuál es el producto?, jhon clicks on ¿Cuál es el producto? Lista, jhon enters 'BOTA AGUA' into ¿Cuál es el motivo de la reparación?, jhon clicks on ¿Cuál es el motivo de la reparación? Lista, jhon enters 'QA AUTOMOTION' into observaciones, jhon clicks on Rango AM, jhon enters '1.012439364E9' into Rango PM, jhon clicks on Fecha, jhon clicks on Confirmar Fecha seleccionada, jhon clicks on Programar, jhon clicks on Finalizar Orden de servicio, jhon clicks on Heabeas Data, jhon clicks on Seleccionar el tipo de documento, Jhon seleccionar tipo documento, jhon enters '1.012439357E9' into Seleccionar el tipo de documento, jhon enters 'jhon.quinones@infotrack.com.co' into ¿Cuál es tu correo electrónico?, jhon enters 'QA 2' into ¿Cuales son tus apellidos?, jhon enters 'TEST 2' into ¿Cual es tu telefono fijo?, jhon enters '3.000000001E9' into Ingresa tu numero celular, jhon enters '3.000000001E9' into Seleccionar el tipo de documento, jhon clicks on Continuar, jhon enters 'Soacha' into Ciudad, jhon clicks on Lista de ciudades, jhon enters 'Cl 15 # 19 a – 159' into Direccion, jhon clicks on Buscar la dirección, jhon enters 'Armonia IV' into Datos adicionales, jhon clicks on Continuar ubicación servicio, jhon enters 'Reparación' into ¿Qué tipo de servicio solicitas?, jhon clicks on ¿Qué tipo de servicio solicitas? Lista, jhon enters 'CALENTADOR DE PASO 10 LTS. GAS NATURAL' into ¿Cuál es el producto?, jhon clicks on ¿Cuál es el producto? Lista, jhon enters 'BOTA AGUA' into ¿Cuál es el motivo de la reparación?, jhon clicks on ¿Cuál es el motivo de la reparación? Lista, jhon enters 'QA AUTOMOTION' into observaciones, jhon clicks on Rango AM, jhon enters '1.012439357E9' into Rango PM, jhon clicks on Fecha, jhon clicks on Confirmar Fecha seleccionada, jhon clicks on Programar, jhon clicks on Finalizar Orden de servicio]]
[Test worker] WARN net.thucydides.core.steps.BaseStepListener - stepStarted: net.thucydides.core.steps.ExecutedStepDescription@5f7cd50e
[Test worker] WARN net.thucydides.core.steps.BaseStepListener - stepFinished: current outcome:Proceso Autogestion - Agendamiento de servicios:Dado el usuario final cuando desee crear o agendar una orden de servicio [Jhon abrir pagina [jhon opens the Object abrir pagina]], Cuando Crea la orden de servicio [Jhon autogestion [jhon clicks on Heabeas Data, jhon clicks on Seleccionar el tipo de documento, Jhon seleccionar tipo documento, jhon enters '8.300675571E9' into Seleccionar el tipo de documento, jhon enters 'jhon.quinones@infotrack.com.co' into ¿Cuál es tu correo electrónico?, jhon enters 'Test Automotion9' into Ingresa tu nombre, jhon enters '3.0E9' into Ingresa tu numero celular, jhon enters '3.0E9' into Seleccionar el tipo de documento, jhon clicks on Continuar, jhon enters 'Bogota' into Ciudad, jhon clicks on Lista de ciudades, jhon enters 'Av. C. 127' into Direccion, jhon clicks on Buscar la dirección, jhon enters 'Norte' into Datos adicionales, jhon clicks on Continuar ubicación servicio, jhon enters 'Garantia' into ¿Qué tipo de servicio solicitas?, jhon clicks on ¿Qué tipo de servicio solicitas? Lista, jhon enters 'NEVERA 5.3 PIES ALMENDRA' into ¿Cuál es el producto?, jhon clicks on ¿Cuál es el producto? Lista, jhon enters 'BOTA AGUA' into ¿Cuál es el motivo de la reparación?, jhon clicks on ¿Cuál es el motivo de la reparación? Lista, jhon enters 'QA AUTOMOTION' into observaciones, jhon clicks on Rango AM, jhon enters '1.012439364E9' into Rango PM, jhon clicks on Fecha, jhon clicks on Confirmar Fecha seleccionada, jhon clicks on Programar, jhon clicks on Finalizar Orden de servicio, jhon clicks on Heabeas Data, jhon clicks on Seleccionar el tipo de documento, Jhon seleccionar tipo documento, jhon enters '1.012439357E9' into Seleccionar el tipo de documento, jhon enters 'jhon.quinones@infotrack.com.co' into ¿Cuál es tu correo electrónico?, jhon enters 'QA 2' into ¿Cuales son tus apellidos?, jhon enters 'TEST 2' into ¿Cual es tu telefono fijo?, jhon enters '3.000000001E9' into Ingresa tu numero celular, jhon enters '3.000000001E9' into Seleccionar el tipo de documento, jhon clicks on Continuar, jhon enters 'Soacha' into Ciudad, jhon clicks on Lista de ciudades, jhon enters 'Cl 15 # 19 a – 159' into Direccion, jhon clicks on Buscar la dirección, jhon enters 'Armonia IV' into Datos adicionales, jhon clicks on Continuar ubicación servicio, jhon enters 'Reparación' into ¿Qué tipo de servicio solicitas?, jhon clicks on ¿Qué tipo de servicio solicitas? Lista, jhon enters 'CALENTADOR DE PASO 10 LTS. GAS NATURAL' into ¿Cuál es el producto?, jhon clicks on ¿Cuál es el producto? Lista, jhon enters 'BOTA AGUA' into ¿Cuál es el motivo de la reparación?, jhon clicks on ¿Cuál es el motivo de la reparación? Lista, jhon enters 'QA AUTOMOTION' into observaciones, jhon clicks on Rango AM, jhon enters '1.012439357E9' into Rango PM, jhon clicks on Fecha, jhon clicks on Confirmar Fecha seleccionada, jhon clicks on Programar, jhon clicks on Finalizar Orden de servicio, jhon clicks on Heabeas Data]]
[Test worker] WARN net.thucydides.core.steps.BaseStepListener - stepStarted: net.thucydides.core.steps.ExecutedStepDescription@2d5ae78e
[Test worker] WARN net.thucydides.core.steps.BaseStepListener - stepFinished: current outcome:Proceso Autogestion - Agendamiento de servicios:Dado el usuario final cuando desee crear o agendar una orden de servicio [Jhon abrir pagina [jhon opens the Object abrir pagina]], Cuando Crea la orden de servicio [Jhon autogestion [jhon clicks on Heabeas Data, jhon clicks on Seleccionar el tipo de documento, Jhon seleccionar tipo documento, jhon enters '8.300675571E9' into Seleccionar el tipo de documento, jhon enters 'jhon.quinones@infotrack.com.co' into ¿Cuál es tu correo electrónico?, jhon enters 'Test Automotion9' into Ingresa tu nombre, jhon enters '3.0E9' into Ingresa tu numero celular, jhon enters '3.0E9' into Seleccionar el tipo de documento, jhon clicks on Continuar, jhon enters 'Bogota' into Ciudad, jhon clicks on Lista de ciudades, jhon enters 'Av. C. 127' into Direccion, jhon clicks on Buscar la dirección, jhon enters 'Norte' into Datos adicionales, jhon clicks on Continuar ubicación servicio, jhon enters 'Garantia' into ¿Qué tipo de servicio solicitas?, jhon clicks on ¿Qué tipo de servicio solicitas? Lista, jhon enters 'NEVERA 5.3 PIES ALMENDRA' into ¿Cuál es el producto?, jhon clicks on ¿Cuál es el producto? Lista, jhon enters 'BOTA AGUA' into ¿Cuál es el motivo de la reparación?, jhon clicks on ¿Cuál es el motivo de la reparación? Lista, jhon enters 'QA AUTOMOTION' into observaciones, jhon clicks on Rango AM, jhon enters '1.012439364E9' into Rango PM, jhon clicks on Fecha, jhon clicks on Confirmar Fecha seleccionada, jhon clicks on Programar, jhon clicks on Finalizar Orden de servicio, jhon clicks on Heabeas Data, jhon clicks on Seleccionar el tipo de documento, Jhon seleccionar tipo documento, jhon enters '1.012439357E9' into Seleccionar el tipo de documento, jhon enters 'jhon.quinones@infotrack.com.co' into ¿Cuál es tu correo electrónico?, jhon enters 'QA 2' into ¿Cuales son tus apellidos?, jhon enters 'TEST 2' into ¿Cual es tu telefono fijo?, jhon enters '3.000000001E9' into Ingresa tu numero celular, jhon enters '3.000000001E9' into Seleccionar el tipo de documento, jhon clicks on Continuar, jhon enters 'Soacha' into Ciudad, jhon clicks on Lista de ciudades, jhon enters 'Cl 15 # 19 a – 159' into Direccion, jhon clicks on Buscar la dirección, jhon enters 'Armonia IV' into Datos adicionales, jhon clicks on Continuar ubicación servicio, jhon enters 'Reparación' into ¿Qué tipo de servicio solicitas?, jhon clicks on ¿Qué tipo de servicio solicitas? Lista, jhon enters 'CALENTADOR DE PASO 10 LTS. GAS NATURAL' into ¿Cuál es el producto?, jhon clicks on ¿Cuál es el producto? Lista, jhon enters 'BOTA AGUA' into ¿Cuál es el motivo de la reparación?, jhon clicks on ¿Cuál es el motivo de la reparación? Lista, jhon enters 'QA AUTOMOTION' into observaciones, jhon clicks on Rango AM, jhon enters '1.012439357E9' into Rango PM, jhon clicks on Fecha, jhon clicks on Confirmar Fecha seleccionada, jhon clicks on Programar, jhon clicks on Finalizar Orden de servicio, jhon clicks on Heabeas Data, jhon clicks on Seleccionar el tipo de documento]]
[Test worker] WARN net.thucydides.core.steps.BaseStepListener - stepStarted: net.thucydides.core.steps.ExecutedStepDescription@6c2883b1
[Test worker] WARN net.thucydides.core.steps.BaseStepListener - stepFinished: current outcome:Proceso Autogestion - Agendamiento de servicios:Dado el usuario final cuando desee crear o agendar una orden de servicio [Jhon abrir pagina [jhon opens the Object abrir pagina]], Cuando Crea la orden de servicio [Jhon autogestion [jhon clicks on Heabeas Data, jhon clicks on Seleccionar el tipo de documento, Jhon seleccionar tipo documento, jhon enters '8.300675571E9' into Seleccionar el tipo de documento, jhon enters 'jhon.quinones@infotrack.com.co' into ¿Cuál es tu correo electrónico?, jhon enters 'Test Automotion9' into Ingresa tu nombre, jhon enters '3.0E9' into Ingresa tu numero celular, jhon enters '3.0E9' into Seleccionar el tipo de documento, jhon clicks on Continuar, jhon enters 'Bogota' into Ciudad, jhon clicks on Lista de ciudades, jhon enters 'Av. C. 127' into Direccion, jhon clicks on Buscar la dirección, jhon enters 'Norte' into Datos adicionales, jhon clicks on Continuar ubicación servicio, jhon enters 'Garantia' into ¿Qué tipo de servicio solicitas?, jhon clicks on ¿Qué tipo de servicio solicitas? Lista, jhon enters 'NEVERA 5.3 PIES ALMENDRA' into ¿Cuál es el producto?, jhon clicks on ¿Cuál es el producto? Lista, jhon enters 'BOTA AGUA' into ¿Cuál es el motivo de la reparación?, jhon clicks on ¿Cuál es el motivo de la reparación? Lista, jhon enters 'QA AUTOMOTION' into observaciones, jhon clicks on Rango AM, jhon enters '1.012439364E9' into Rango PM, jhon clicks on Fecha, jhon clicks on Confirmar Fecha seleccionada, jhon clicks on Programar, jhon clicks on Finalizar Orden de servicio, jhon clicks on Heabeas Data, jhon clicks on Seleccionar el tipo de documento, Jhon seleccionar tipo documento, jhon enters '1.012439357E9' into Seleccionar el tipo de documento, jhon enters 'jhon.quinones@infotrack.com.co' into ¿Cuál es tu correo electrónico?, jhon enters 'QA 2' into ¿Cuales son tus apellidos?, jhon enters 'TEST 2' into ¿Cual es tu telefono fijo?, jhon enters '3.000000001E9' into Ingresa tu numero celular, jhon enters '3.000000001E9' into Seleccionar el tipo de documento, jhon clicks on Continuar, jhon enters 'Soacha' into Ciudad, jhon clicks on Lista de ciudades, jhon enters 'Cl 15 # 19 a – 159' into Direccion, jhon clicks on Buscar la dirección, jhon enters 'Armonia IV' into Datos adicionales, jhon clicks on Continuar ubicación servicio, jhon enters 'Reparación' into ¿Qué tipo de servicio solicitas?, jhon clicks on ¿Qué tipo de servicio solicitas? Lista, jhon enters 'CALENTADOR DE PASO 10 LTS. GAS NATURAL' into ¿Cuál es el producto?, jhon clicks on ¿Cuál es el producto? Lista, jhon enters 'BOTA AGUA' into ¿Cuál es el motivo de la reparación?, jhon clicks on ¿Cuál es el motivo de la reparación? Lista, jhon enters 'QA AUTOMOTION' into observaciones, jhon clicks on Rango AM, jhon enters '1.012439357E9' into Rango PM, jhon clicks on Fecha, jhon clicks on Confirmar Fecha seleccionada, jhon clicks on Programar, jhon clicks on Finalizar Orden de servicio, jhon clicks on Heabeas Data, jhon clicks on Seleccionar el tipo de documento, Jhon seleccionar tipo documento]]
[Test worker] WARN net.thucydides.core.steps.BaseStepListener - stepStarted: net.thucydides.core.steps.ExecutedStepDescription@574ebdaf
[Test worker] WARN net.thucydides.core.steps.BaseStepListener - stepFinished: current outcome:Proceso Autogestion - Agendamiento de servicios:Dado el usuario final cuando desee crear o agendar una orden de servicio [Jhon abrir pagina [jhon opens the Object abrir pagina]], Cuando Crea la orden de servicio [Jhon autogestion [jhon clicks on Heabeas Data, jhon clicks on Seleccionar el tipo de documento, Jhon seleccionar tipo documento, jhon enters '8.300675571E9' into Seleccionar el tipo de documento, jhon enters 'jhon.quinones@infotrack.com.co' into ¿Cuál es tu correo electrónico?, jhon enters 'Test Automotion9' into Ingresa tu nombre, jhon enters '3.0E9' into Ingresa tu numero celular, jhon enters '3.0E9' into Seleccionar el tipo de documento, jhon clicks on Continuar, jhon enters 'Bogota' into Ciudad, jhon clicks on Lista de ciudades, jhon enters 'Av. C. 127' into Direccion, jhon clicks on Buscar la dirección, jhon enters 'Norte' into Datos adicionales, jhon clicks on Continuar ubicación servicio, jhon enters 'Garantia' into ¿Qué tipo de servicio solicitas?, jhon clicks on ¿Qué tipo de servicio solicitas? Lista, jhon enters 'NEVERA 5.3 PIES ALMENDRA' into ¿Cuál es el producto?, jhon clicks on ¿Cuál es el producto? Lista, jhon enters 'BOTA AGUA' into ¿Cuál es el motivo de la reparación?, jhon clicks on ¿Cuál es el motivo de la reparación? Lista, jhon enters 'QA AUTOMOTION' into observaciones, jhon clicks on Rango AM, jhon enters '1.012439364E9' into Rango PM, jhon clicks on Fecha, jhon clicks on Confirmar Fecha seleccionada, jhon clicks on Programar, jhon clicks on Finalizar Orden de servicio, jhon clicks on Heabeas Data, jhon clicks on Seleccionar el tipo de documento, Jhon seleccionar tipo documento, jhon enters '1.012439357E9' into Seleccionar el tipo de documento, jhon enters 'jhon.quinones@infotrack.com.co' into ¿Cuál es tu correo electrónico?, jhon enters 'QA 2' into ¿Cuales son tus apellidos?, jhon enters 'TEST 2' into ¿Cual es tu telefono fijo?, jhon enters '3.000000001E9' into Ingresa tu numero celular, jhon enters '3.000000001E9' into Seleccionar el tipo de documento, jhon clicks on Continuar, jhon enters 'Soacha' into Ciudad, jhon clicks on Lista de ciudades, jhon enters 'Cl 15 # 19 a – 159' into Direccion, jhon clicks on Buscar la dirección, jhon enters 'Armonia IV' into Datos adicionales, jhon clicks on Continuar ubicación servicio, jhon enters 'Reparación' into ¿Qué tipo de servicio solicitas?, jhon clicks on ¿Qué tipo de servicio solicitas? Lista, jhon enters 'CALENTADOR DE PASO 10 LTS. GAS NATURAL' into ¿Cuál es el producto?, jhon clicks on ¿Cuál es el producto? Lista, jhon enters 'BOTA AGUA' into ¿Cuál es el motivo de la reparación?, jhon clicks on ¿Cuál es el motivo de la reparación? Lista, jhon enters 'QA AUTOMOTION' into observaciones, jhon clicks on Rango AM, jhon enters '1.012439357E9' into Rango PM, jhon clicks on Fecha, jhon clicks on Confirmar Fecha seleccionada, jhon clicks on Programar, jhon clicks on Finalizar Orden de servicio, jhon clicks on Heabeas Data, jhon clicks on Seleccionar el tipo de documento, Jhon seleccionar tipo documento, jhon enters '8.300675571E9' into Seleccionar el tipo de documento]]
[Test worker] WARN net.thucydides.core.steps.BaseStepListener - stepStarted: net.thucydides.core.steps.ExecutedStepDescription@780129bc
[Test worker] WARN net.thucydides.core.steps.BaseStepListener - stepFinished: current outcome:Proceso Autogestion - Agendamiento de servicios:Dado el usuario final cuando desee crear o agendar una orden de servicio [Jhon abrir pagina [jhon opens the Object abrir pagina]], Cuando Crea la orden de servicio [Jhon autogestion [jhon clicks on Heabeas Data, jhon clicks on Seleccionar el tipo de documento, Jhon seleccionar tipo documento, jhon enters '8.300675571E9' into Seleccionar el tipo de documento, jhon enters 'jhon.quinones@infotrack.com.co' into ¿Cuál es tu correo electrónico?, jhon enters 'Test Automotion9' into Ingresa tu nombre, jhon enters '3.0E9' into Ingresa tu numero celular, jhon enters '3.0E9' into Seleccionar el tipo de documento, jhon clicks on Continuar, jhon enters 'Bogota' into Ciudad, jhon clicks on Lista de ciudades, jhon enters 'Av. C. 127' into Direccion, jhon clicks on Buscar la dirección, jhon enters 'Norte' into Datos adicionales, jhon clicks on Continuar ubicación servicio, jhon enters 'Garantia' into ¿Qué tipo de servicio solicitas?, jhon clicks on ¿Qué tipo de servicio solicitas? Lista, jhon enters 'NEVERA 5.3 PIES ALMENDRA' into ¿Cuál es el producto?, jhon clicks on ¿Cuál es el producto? Lista, jhon enters 'BOTA AGUA' into ¿Cuál es el motivo de la reparación?, jhon clicks on ¿Cuál es el motivo de la reparación? Lista, jhon enters 'QA AUTOMOTION' into observaciones, jhon clicks on Rango AM, jhon enters '1.012439364E9' into Rango PM, jhon clicks on Fecha, jhon clicks on Confirmar Fecha seleccionada, jhon clicks on Programar, jhon clicks on Finalizar Orden de servicio, jhon clicks on Heabeas Data, jhon clicks on Seleccionar el tipo de documento, Jhon seleccionar tipo documento, jhon enters '1.012439357E9' into Seleccionar el tipo de documento, jhon enters 'jhon.quinones@infotrack.com.co' into ¿Cuál es tu correo electrónico?, jhon enters 'QA 2' into ¿Cuales son tus apellidos?, jhon enters 'TEST 2' into ¿Cual es tu telefono fijo?, jhon enters '3.000000001E9' into Ingresa tu numero celular, jhon enters '3.000000001E9' into Seleccionar el tipo de documento, jhon clicks on Continuar, jhon enters 'Soacha' into Ciudad, jhon clicks on Lista de ciudades, jhon enters 'Cl 15 # 19 a – 159' into Direccion, jhon clicks on Buscar la dirección, jhon enters 'Armonia IV' into Datos adicionales, jhon clicks on Continuar ubicación servicio, jhon enters 'Reparación' into ¿Qué tipo de servicio solicitas?, jhon clicks on ¿Qué tipo de servicio solicitas? Lista, jhon enters 'CALENTADOR DE PASO 10 LTS. GAS NATURAL' into ¿Cuál es el producto?, jhon clicks on ¿Cuál es el producto? Lista, jhon enters 'BOTA AGUA' into ¿Cuál es el motivo de la reparación?, jhon clicks on ¿Cuál es el motivo de la reparación? Lista, jhon enters 'QA AUTOMOTION' into observaciones, jhon clicks on Rango AM, jhon enters '1.012439357E9' into Rango PM, jhon clicks on Fecha, jhon clicks on Confirmar Fecha seleccionada, jhon clicks on Programar, jhon clicks on Finalizar Orden de servicio, jhon clicks on Heabeas Data, jhon clicks on Seleccionar el tipo de documento, Jhon seleccionar tipo documento, jhon enters '8.300675571E9' into Seleccionar el tipo de documento, jhon enters 'jhon.quinones@infotrack.com.co' into ¿Cuál es tu correo electrónico?]]
[Test worker] WARN net.thucydides.core.steps.BaseStepListener - stepStarted: net.thucydides.core.steps.ExecutedStepDescription@24eecabf
[Test worker] WARN net.thucydides.core.steps.BaseStepListener - stepFinished: current outcome:Proceso Autogestion - Agendamiento de servicios:Dado el usuario final cuando desee crear o agendar una orden de servicio [Jhon abrir pagina [jhon opens the Object abrir pagina]], Cuando Crea la orden de servicio [Jhon autogestion [jhon clicks on Heabeas Data, jhon clicks on Seleccionar el tipo de documento, Jhon seleccionar tipo documento, jhon enters '8.300675571E9' into Seleccionar el tipo de documento, jhon enters 'jhon.quinones@infotrack.com.co' into ¿Cuál es tu correo electrónico?, jhon enters 'Test Automotion9' into Ingresa tu nombre, jhon enters '3.0E9' into Ingresa tu numero celular, jhon enters '3.0E9' into Seleccionar el tipo de documento, jhon clicks on Continuar, jhon enters 'Bogota' into Ciudad, jhon clicks on Lista de ciudades, jhon enters 'Av. C. 127' into Direccion, jhon clicks on Buscar la dirección, jhon enters 'Norte' into Datos adicionales, jhon clicks on Continuar ubicación servicio, jhon enters 'Garantia' into ¿Qué tipo de servicio solicitas?, jhon clicks on ¿Qué tipo de servicio solicitas? Lista, jhon enters 'NEVERA 5.3 PIES ALMENDRA' into ¿Cuál es el producto?, jhon clicks on ¿Cuál es el producto? Lista, jhon enters 'BOTA AGUA' into ¿Cuál es el motivo de la reparación?, jhon clicks on ¿Cuál es el motivo de la reparación? Lista, jhon enters 'QA AUTOMOTION' into observaciones, jhon clicks on Rango AM, jhon enters '1.012439364E9' into Rango PM, jhon clicks on Fecha, jhon clicks on Confirmar Fecha seleccionada, jhon clicks on Programar, jhon clicks on Finalizar Orden de servicio, jhon clicks on Heabeas Data, jhon clicks on Seleccionar el tipo de documento, Jhon seleccionar tipo documento, jhon enters '1.012439357E9' into Seleccionar el tipo de documento, jhon enters 'jhon.quinones@infotrack.com.co' into ¿Cuál es tu correo electrónico?, jhon enters 'QA 2' into ¿Cuales son tus apellidos?, jhon enters 'TEST 2' into ¿Cual es tu telefono fijo?, jhon enters '3.000000001E9' into Ingresa tu numero celular, jhon enters '3.000000001E9' into Seleccionar el tipo de documento, jhon clicks on Continuar, jhon enters 'Soacha' into Ciudad, jhon clicks on Lista de ciudades, jhon enters 'Cl 15 # 19 a – 159' into Direccion, jhon clicks on Buscar la dirección, jhon enters 'Armonia IV' into Datos adicionales, jhon clicks on Continuar ubicación servicio, jhon enters 'Reparación' into ¿Qué tipo de servicio solicitas?, jhon clicks on ¿Qué tipo de servicio solicitas? Lista, jhon enters 'CALENTADOR DE PASO 10 LTS. GAS NATURAL' into ¿Cuál es el producto?, jhon clicks on ¿Cuál es el producto? Lista, jhon enters 'BOTA AGUA' into ¿Cuál es el motivo de la reparación?, jhon clicks on ¿Cuál es el motivo de la reparación? Lista, jhon enters 'QA AUTOMOTION' into observaciones, jhon clicks on Rango AM, jhon enters '1.012439357E9' into Rango PM, jhon clicks on Fecha, jhon clicks on Confirmar Fecha seleccionada, jhon clicks on Programar, jhon clicks on Finalizar Orden de servicio, jhon clicks on Heabeas Data, jhon clicks on Seleccionar el tipo de documento, Jhon seleccionar tipo documento, jhon enters '8.300675571E9' into Seleccionar el tipo de documento, jhon enters 'jhon.quinones@infotrack.com.co' into ¿Cuál es tu correo electrónico?, jhon enters 'Test Automotion11' into Ingresa tu nombre]]
[Test worker] WARN net.thucydides.core.steps.BaseStepListener - stepStarted: net.thucydides.core.steps.ExecutedStepDescription@4468fda8
[Test worker] WARN net.thucydides.core.steps.BaseStepListener - stepFinished: current outcome:Proceso Autogestion - Agendamiento de servicios:Dado el usuario final cuando desee crear o agendar una orden de servicio [Jhon abrir pagina [jhon opens the Object abrir pagina]], Cuando Crea la orden de servicio [Jhon autogestion [jhon clicks on Heabeas Data, jhon clicks on Seleccionar el tipo de documento, Jhon seleccionar tipo documento, jhon enters '8.300675571E9' into Seleccionar el tipo de documento, jhon enters 'jhon.quinones@infotrack.com.co' into ¿Cuál es tu correo electrónico?, jhon enters 'Test Automotion9' into Ingresa tu nombre, jhon enters '3.0E9' into Ingresa tu numero celular, jhon enters '3.0E9' into Seleccionar el tipo de documento, jhon clicks on Continuar, jhon enters 'Bogota' into Ciudad, jhon clicks on Lista de ciudades, jhon enters 'Av. C. 127' into Direccion, jhon clicks on Buscar la dirección, jhon enters 'Norte' into Datos adicionales, jhon clicks on Continuar ubicación servicio, jhon enters 'Garantia' into ¿Qué tipo de servicio solicitas?, jhon clicks on ¿Qué tipo de servicio solicitas? Lista, jhon enters 'NEVERA 5.3 PIES ALMENDRA' into ¿Cuál es el producto?, jhon clicks on ¿Cuál es el producto? Lista, jhon enters 'BOTA AGUA' into ¿Cuál es el motivo de la reparación?, jhon clicks on ¿Cuál es el motivo de la reparación? Lista, jhon enters 'QA AUTOMOTION' into observaciones, jhon clicks on Rango AM, jhon enters '1.012439364E9' into Rango PM, jhon clicks on Fecha, jhon clicks on Confirmar Fecha seleccionada, jhon clicks on Programar, jhon clicks on Finalizar Orden de servicio, jhon clicks on Heabeas Data, jhon clicks on Seleccionar el tipo de documento, Jhon seleccionar tipo documento, jhon enters '1.012439357E9' into Seleccionar el tipo de documento, jhon enters 'jhon.quinones@infotrack.com.co' into ¿Cuál es tu correo electrónico?, jhon enters 'QA 2' into ¿Cuales son tus apellidos?, jhon enters 'TEST 2' into ¿Cual es tu telefono fijo?, jhon enters '3.000000001E9' into Ingresa tu numero celular, jhon enters '3.000000001E9' into Seleccionar el tipo de documento, jhon clicks on Continuar, jhon enters 'Soacha' into Ciudad, jhon clicks on Lista de ciudades, jhon enters 'Cl 15 # 19 a – 159' into Direccion, jhon clicks on Buscar la dirección, jhon enters 'Armonia IV' into Datos adicionales, jhon clicks on Continuar ubicación servicio, jhon enters 'Reparación' into ¿Qué tipo de servicio solicitas?, jhon clicks on ¿Qué tipo de servicio solicitas? Lista, jhon enters 'CALENTADOR DE PASO 10 LTS. GAS NATURAL' into ¿Cuál es el producto?, jhon clicks on ¿Cuál es el producto? Lista, jhon enters 'BOTA AGUA' into ¿Cuál es el motivo de la reparación?, jhon clicks on ¿Cuál es el motivo de la reparación? Lista, jhon enters 'QA AUTOMOTION' into observaciones, jhon clicks on Rango AM, jhon enters '1.012439357E9' into Rango PM, jhon clicks on Fecha, jhon clicks on Confirmar Fecha seleccionada, jhon clicks on Programar, jhon clicks on Finalizar Orden de servicio, jhon clicks on Heabeas Data, jhon clicks on Seleccionar el tipo de documento, Jhon seleccionar tipo documento, jhon enters '8.300675571E9' into Seleccionar el tipo de documento, jhon enters 'jhon.quinones@infotrack.com.co' into ¿Cuál es tu correo electrónico?, jhon enters 'Test Automotion11' into Ingresa tu nombre, jhon enters '3.000000002E9' into Ingresa tu numero celular]]
[Test worker] WARN net.thucydides.core.steps.BaseStepListener - stepStarted: net.thucydides.core.steps.ExecutedStepDescription@36871e98
[Test worker] WARN net.thucydides.core.steps.BaseStepListener - stepFinished: current outcome:Proceso Autogestion - Agendamiento de servicios:Dado el usuario final cuando desee crear o agendar una orden de servicio [Jhon abrir pagina [jhon opens the Object abrir pagina]], Cuando Crea la orden de servicio [Jhon autogestion [jhon clicks on Heabeas Data, jhon clicks on Seleccionar el tipo de documento, Jhon seleccionar tipo documento, jhon enters '8.300675571E9' into Seleccionar el tipo de documento, jhon enters 'jhon.quinones@infotrack.com.co' into ¿Cuál es tu correo electrónico?, jhon enters 'Test Automotion9' into Ingresa tu nombre, jhon enters '3.0E9' into Ingresa tu numero celular, jhon enters '3.0E9' into Seleccionar el tipo de documento, jhon clicks on Continuar, jhon enters 'Bogota' into Ciudad, jhon clicks on Lista de ciudades, jhon enters 'Av. C. 127' into Direccion, jhon clicks on Buscar la dirección, jhon enters 'Norte' into Datos adicionales, jhon clicks on Continuar ubicación servicio, jhon enters 'Garantia' into ¿Qué tipo de servicio solicitas?, jhon clicks on ¿Qué tipo de servicio solicitas? Lista, jhon enters 'NEVERA 5.3 PIES ALMENDRA' into ¿Cuál es el producto?, jhon clicks on ¿Cuál es el producto? Lista, jhon enters 'BOTA AGUA' into ¿Cuál es el motivo de la reparación?, jhon clicks on ¿Cuál es el motivo de la reparación? Lista, jhon enters 'QA AUTOMOTION' into observaciones, jhon clicks on Rango AM, jhon enters '1.012439364E9' into Rango PM, jhon clicks on Fecha, jhon clicks on Confirmar Fecha seleccionada, jhon clicks on Programar, jhon clicks on Finalizar Orden de servicio, jhon clicks on Heabeas Data, jhon clicks on Seleccionar el tipo de documento, Jhon seleccionar tipo documento, jhon enters '1.012439357E9' into Seleccionar el tipo de documento, jhon enters 'jhon.quinones@infotrack.com.co' into ¿Cuál es tu correo electrónico?, jhon enters 'QA 2' into ¿Cuales son tus apellidos?, jhon enters 'TEST 2' into ¿Cual es tu telefono fijo?, jhon enters '3.000000001E9' into Ingresa tu numero celular, jhon enters '3.000000001E9' into Seleccionar el tipo de documento, jhon clicks on Continuar, jhon enters 'Soacha' into Ciudad, jhon clicks on Lista de ciudades, jhon enters 'Cl 15 # 19 a – 159' into Direccion, jhon clicks on Buscar la dirección, jhon enters 'Armonia IV' into Datos adicionales, jhon clicks on Continuar ubicación servicio, jhon enters 'Reparación' into ¿Qué tipo de servicio solicitas?, jhon clicks on ¿Qué tipo de servicio solicitas? Lista, jhon enters 'CALENTADOR DE PASO 10 LTS. GAS NATURAL' into ¿Cuál es el producto?, jhon clicks on ¿Cuál es el producto? Lista, jhon enters 'BOTA AGUA' into ¿Cuál es el motivo de la reparación?, jhon clicks on ¿Cuál es el motivo de la reparación? Lista, jhon enters 'QA AUTOMOTION' into observaciones, jhon clicks on Rango AM, jhon enters '1.012439357E9' into Rango PM, jhon clicks on Fecha, jhon clicks on Confirmar Fecha seleccionada, jhon clicks on Programar, jhon clicks on Finalizar Orden de servicio, jhon clicks on Heabeas Data, jhon clicks on Seleccionar el tipo de documento, Jhon seleccionar tipo documento, jhon enters '8.300675571E9' into Seleccionar el tipo de documento, jhon enters 'jhon.quinones@infotrack.com.co' into ¿Cuál es tu correo electrónico?, jhon enters 'Test Automotion11' into Ingresa tu nombre, jhon enters '3.000000002E9' into Ingresa tu numero celular, jhon enters '3.000000002E9' into Seleccionar el tipo de documento]]
[Test worker] WARN net.thucydides.core.steps.BaseStepListener - stepStarted: net.thucydides.core.steps.ExecutedStepDescription@3c64339f
[Test worker] WARN net.thucydides.core.steps.BaseStepListener - stepFinished: current outcome:Proceso Autogestion - Agendamiento de servicios:Dado el usuario final cuando desee crear o agendar una orden de servicio [Jhon abrir pagina [jhon opens the Object abrir pagina]], Cuando Crea la orden de servicio [Jhon autogestion [jhon clicks on Heabeas Data, jhon clicks on Seleccionar el tipo de documento, Jhon seleccionar tipo documento, jhon enters '8.300675571E9' into Seleccionar el tipo de documento, jhon enters 'jhon.quinones@infotrack.com.co' into ¿Cuál es tu correo electrónico?, jhon enters 'Test Automotion9' into Ingresa tu nombre, jhon enters '3.0E9' into Ingresa tu numero celular, jhon enters '3.0E9' into Seleccionar el tipo de documento, jhon clicks on Continuar, jhon enters 'Bogota' into Ciudad, jhon clicks on Lista de ciudades, jhon enters 'Av. C. 127' into Direccion, jhon clicks on Buscar la dirección, jhon enters 'Norte' into Datos adicionales, jhon clicks on Continuar ubicación servicio, jhon enters 'Garantia' into ¿Qué tipo de servicio solicitas?, jhon clicks on ¿Qué tipo de servicio solicitas? Lista, jhon enters 'NEVERA 5.3 PIES ALMENDRA' into ¿Cuál es el producto?, jhon clicks on ¿Cuál es el producto? Lista, jhon enters 'BOTA AGUA' into ¿Cuál es el motivo de la reparación?, jhon clicks on ¿Cuál es el motivo de la reparación? Lista, jhon enters 'QA AUTOMOTION' into observaciones, jhon clicks on Rango AM, jhon enters '1.012439364E9' into Rango PM, jhon clicks on Fecha, jhon clicks on Confirmar Fecha seleccionada, jhon clicks on Programar, jhon clicks on Finalizar Orden de servicio, jhon clicks on Heabeas Data, jhon clicks on Seleccionar el tipo de documento, Jhon seleccionar tipo documento, jhon enters '1.012439357E9' into Seleccionar el tipo de documento, jhon enters 'jhon.quinones@infotrack.com.co' into ¿Cuál es tu correo electrónico?, jhon enters 'QA 2' into ¿Cuales son tus apellidos?, jhon enters 'TEST 2' into ¿Cual es tu telefono fijo?, jhon enters '3.000000001E9' into Ingresa tu numero celular, jhon enters '3.000000001E9' into Seleccionar el tipo de documento, jhon clicks on Continuar, jhon enters 'Soacha' into Ciudad, jhon clicks on Lista de ciudades, jhon enters 'Cl 15 # 19 a – 159' into Direccion, jhon clicks on Buscar la dirección, jhon enters 'Armonia IV' into Datos adicionales, jhon clicks on Continuar ubicación servicio, jhon enters 'Reparación' into ¿Qué tipo de servicio solicitas?, jhon clicks on ¿Qué tipo de servicio solicitas? Lista, jhon enters 'CALENTADOR DE PASO 10 LTS. GAS NATURAL' into ¿Cuál es el producto?, jhon clicks on ¿Cuál es el producto? Lista, jhon enters 'BOTA AGUA' into ¿Cuál es el motivo de la reparación?, jhon clicks on ¿Cuál es el motivo de la reparación? Lista, jhon enters 'QA AUTOMOTION' into observaciones, jhon clicks on Rango AM, jhon enters '1.012439357E9' into Rango PM, jhon clicks on Fecha, jhon clicks on Confirmar Fecha seleccionada, jhon clicks on Programar, jhon clicks on Finalizar Orden de servicio, jhon clicks on Heabeas Data, jhon clicks on Seleccionar el tipo de documento, Jhon seleccionar tipo documento, jhon enters '8.300675571E9' into Seleccionar el tipo de documento, jhon enters 'jhon.quinones@infotrack.com.co' into ¿Cuál es tu correo electrónico?, jhon enters 'Test Automotion11' into Ingresa tu nombre, jhon enters '3.000000002E9' into Ingresa tu numero celular, jhon enters '3.000000002E9' into Seleccionar el tipo de documento, jhon clicks on Continuar]]
[Test worker] WARN net.thucydides.core.steps.BaseStepListener - stepStarted: net.thucydides.core.steps.ExecutedStepDescription@727dcc64
[Test worker] WARN net.thucydides.core.steps.BaseStepListener - stepFinished: current outcome:Proceso Autogestion - Agendamiento de servicios:Dado el usuario final cuando desee crear o agendar una orden de servicio [Jhon abrir pagina [jhon opens the Object abrir pagina]], Cuando Crea la orden de servicio [Jhon autogestion [jhon clicks on Heabeas Data, jhon clicks on Seleccionar el tipo de documento, Jhon seleccionar tipo documento, jhon enters '8.300675571E9' into Seleccionar el tipo de documento, jhon enters 'jhon.quinones@infotrack.com.co' into ¿Cuál es tu correo electrónico?, jhon enters 'Test Automotion9' into Ingresa tu nombre, jhon enters '3.0E9' into Ingresa tu numero celular, jhon enters '3.0E9' into Seleccionar el tipo de documento, jhon clicks on Continuar, jhon enters 'Bogota' into Ciudad, jhon clicks on Lista de ciudades, jhon enters 'Av. C. 127' into Direccion, jhon clicks on Buscar la dirección, jhon enters 'Norte' into Datos adicionales, jhon clicks on Continuar ubicación servicio, jhon enters 'Garantia' into ¿Qué tipo de servicio solicitas?, jhon clicks on ¿Qué tipo de servicio solicitas? Lista, jhon enters 'NEVERA 5.3 PIES ALMENDRA' into ¿Cuál es el producto?, jhon clicks on ¿Cuál es el producto? Lista, jhon enters 'BOTA AGUA' into ¿Cuál es el motivo de la reparación?, jhon clicks on ¿Cuál es el motivo de la reparación? Lista, jhon enters 'QA AUTOMOTION' into observaciones, jhon clicks on Rango AM, jhon enters '1.012439364E9' into Rango PM, jhon clicks on Fecha, jhon clicks on Confirmar Fecha seleccionada, jhon clicks on Programar, jhon clicks on Finalizar Orden de servicio, jhon clicks on Heabeas Data, jhon clicks on Seleccionar el tipo de documento, Jhon seleccionar tipo documento, jhon enters '1.012439357E9' into Seleccionar el tipo de documento, jhon enters 'jhon.quinones@infotrack.com.co' into ¿Cuál es tu correo electrónico?, jhon enters 'QA 2' into ¿Cuales son tus apellidos?, jhon enters 'TEST 2' into ¿Cual es tu telefono fijo?, jhon enters '3.000000001E9' into Ingresa tu numero celular, jhon enters '3.000000001E9' into Seleccionar el tipo de documento, jhon clicks on Continuar, jhon enters 'Soacha' into Ciudad, jhon clicks on Lista de ciudades, jhon enters 'Cl 15 # 19 a – 159' into Direccion, jhon clicks on Buscar la dirección, jhon enters 'Armonia IV' into Datos adicionales, jhon clicks on Continuar ubicación servicio, jhon enters 'Reparación' into ¿Qué tipo de servicio solicitas?, jhon clicks on ¿Qué tipo de servicio solicitas? Lista, jhon enters 'CALENTADOR DE PASO 10 LTS. GAS NATURAL' into ¿Cuál es el producto?, jhon clicks on ¿Cuál es el producto? Lista, jhon enters 'BOTA AGUA' into ¿Cuál es el motivo de la reparación?, jhon clicks on ¿Cuál es el motivo de la reparación? Lista, jhon enters 'QA AUTOMOTION' into observaciones, jhon clicks on Rango AM, jhon enters '1.012439357E9' into Rango PM, jhon clicks on Fecha, jhon clicks on Confirmar Fecha seleccionada, jhon clicks on Programar, jhon clicks on Finalizar Orden de servicio, jhon clicks on Heabeas Data, jhon clicks on Seleccionar el tipo de documento, Jhon seleccionar tipo documento, jhon enters '8.300675571E9' into Seleccionar el tipo de documento, jhon enters 'jhon.quinones@infotrack.com.co' into ¿Cuál es tu correo electrónico?, jhon enters 'Test Automotion11' into Ingresa tu nombre, jhon enters '3.000000002E9' into Ingresa tu numero celular, jhon enters '3.000000002E9' into Seleccionar el tipo de documento, jhon clicks on Continuar, jhon enters 'Bogota' into Ciudad]]
[Test worker] WARN net.thucydides.core.steps.BaseStepListener - stepStarted: net.thucydides.core.steps.ExecutedStepDescription@3220c28
[Test worker] WARN net.thucydides.core.steps.BaseStepListener - stepFinished: current outcome:Proceso Autogestion - Agendamiento de servicios:Dado el usuario final cuando desee crear o agendar una orden de servicio [Jhon abrir pagina [jhon opens the Object abrir pagina]], Cuando Crea la orden de servicio [Jhon autogestion [jhon clicks on Heabeas Data, jhon clicks on Seleccionar el tipo de documento, Jhon seleccionar tipo documento, jhon enters '8.300675571E9' into Seleccionar el tipo de documento, jhon enters 'jhon.quinones@infotrack.com.co' into ¿Cuál es tu correo electrónico?, jhon enters 'Test Automotion9' into Ingresa tu nombre, jhon enters '3.0E9' into Ingresa tu numero celular, jhon enters '3.0E9' into Seleccionar el tipo de documento, jhon clicks on Continuar, jhon enters 'Bogota' into Ciudad, jhon clicks on Lista de ciudades, jhon enters 'Av. C. 127' into Direccion, jhon clicks on Buscar la dirección, jhon enters 'Norte' into Datos adicionales, jhon clicks on Continuar ubicación servicio, jhon enters 'Garantia' into ¿Qué tipo de servicio solicitas?, jhon clicks on ¿Qué tipo de servicio solicitas? Lista, jhon enters 'NEVERA 5.3 PIES ALMENDRA' into ¿Cuál es el producto?, jhon clicks on ¿Cuál es el producto? Lista, jhon enters 'BOTA AGUA' into ¿Cuál es el motivo de la reparación?, jhon clicks on ¿Cuál es el motivo de la reparación? Lista, jhon enters 'QA AUTOMOTION' into observaciones, jhon clicks on Rango AM, jhon enters '1.012439364E9' into Rango PM, jhon clicks on Fecha, jhon clicks on Confirmar Fecha seleccionada, jhon clicks on Programar, jhon clicks on Finalizar Orden de servicio, jhon clicks on Heabeas Data, jhon clicks on Seleccionar el tipo de documento, Jhon seleccionar tipo documento, jhon enters '1.012439357E9' into Seleccionar el tipo de documento, jhon enters 'jhon.quinones@infotrack.com.co' into ¿Cuál es tu correo electrónico?, jhon enters 'QA 2' into ¿Cuales son tus apellidos?, jhon enters 'TEST 2' into ¿Cual es tu telefono fijo?, jhon enters '3.000000001E9' into Ingresa tu numero celular, jhon enters '3.000000001E9' into Seleccionar el tipo de documento, jhon clicks on Continuar, jhon enters 'Soacha' into Ciudad, jhon clicks on Lista de ciudades, jhon enters 'Cl 15 # 19 a – 159' into Direccion, jhon clicks on Buscar la dirección, jhon enters 'Armonia IV' into Datos adicionales, jhon clicks on Continuar ubicación servicio, jhon enters 'Reparación' into ¿Qué tipo de servicio solicitas?, jhon clicks on ¿Qué tipo de servicio solicitas? Lista, jhon enters 'CALENTADOR DE PASO 10 LTS. GAS NATURAL' into ¿Cuál es el producto?, jhon clicks on ¿Cuál es el producto? Lista, jhon enters 'BOTA AGUA' into ¿Cuál es el motivo de la reparación?, jhon clicks on ¿Cuál es el motivo de la reparación? Lista, jhon enters 'QA AUTOMOTION' into observaciones, jhon clicks on Rango AM, jhon enters '1.012439357E9' into Rango PM, jhon clicks on Fecha, jhon clicks on Confirmar Fecha seleccionada, jhon clicks on Programar, jhon clicks on Finalizar Orden de servicio, jhon clicks on Heabeas Data, jhon clicks on Seleccionar el tipo de documento, Jhon seleccionar tipo documento, jhon enters '8.300675571E9' into Seleccionar el tipo de documento, jhon enters 'jhon.quinones@infotrack.com.co' into ¿Cuál es tu correo electrónico?, jhon enters 'Test Automotion11' into Ingresa tu nombre, jhon enters '3.000000002E9' into Ingresa tu numero celular, jhon enters '3.000000002E9' into Seleccionar el tipo de documento, jhon clicks on Continuar, jhon enters 'Bogota' into Ciudad, jhon clicks on Lista de ciudades]]
[Test worker] WARN net.thucydides.core.steps.BaseStepListener - stepStarted: net.thucydides.core.steps.ExecutedStepDescription@71262020
[Test worker] WARN net.thucydides.core.steps.BaseStepListener - stepFinished: current outcome:Proceso Autogestion - Agendamiento de servicios:Dado el usuario final cuando desee crear o agendar una orden de servicio [Jhon abrir pagina [jhon opens the Object abrir pagina]], Cuando Crea la orden de servicio [Jhon autogestion [jhon clicks on Heabeas Data, jhon clicks on Seleccionar el tipo de documento, Jhon seleccionar tipo documento, jhon enters '8.300675571E9' into Seleccionar el tipo de documento, jhon enters 'jhon.quinones@infotrack.com.co' into ¿Cuál es tu correo electrónico?, jhon enters 'Test Automotion9' into Ingresa tu nombre, jhon enters '3.0E9' into Ingresa tu numero celular, jhon enters '3.0E9' into Seleccionar el tipo de documento, jhon clicks on Continuar, jhon enters 'Bogota' into Ciudad, jhon clicks on Lista de ciudades, jhon enters 'Av. C. 127' into Direccion, jhon clicks on Buscar la dirección, jhon enters 'Norte' into Datos adicionales, jhon clicks on Continuar ubicación servicio, jhon enters 'Garantia' into ¿Qué tipo de servicio solicitas?, jhon clicks on ¿Qué tipo de servicio solicitas? Lista, jhon enters 'NEVERA 5.3 PIES ALMENDRA' into ¿Cuál es el producto?, jhon clicks on ¿Cuál es el producto? Lista, jhon enters 'BOTA AGUA' into ¿Cuál es el motivo de la reparación?, jhon clicks on ¿Cuál es el motivo de la reparación? Lista, jhon enters 'QA AUTOMOTION' into observaciones, jhon clicks on Rango AM, jhon enters '1.012439364E9' into Rango PM, jhon clicks on Fecha, jhon clicks on Confirmar Fecha seleccionada, jhon clicks on Programar, jhon clicks on Finalizar Orden de servicio, jhon clicks on Heabeas Data, jhon clicks on Seleccionar el tipo de documento, Jhon seleccionar tipo documento, jhon enters '1.012439357E9' into Seleccionar el tipo de documento, jhon enters 'jhon.quinones@infotrack.com.co' into ¿Cuál es tu correo electrónico?, jhon enters 'QA 2' into ¿Cuales son tus apellidos?, jhon enters 'TEST 2' into ¿Cual es tu telefono fijo?, jhon enters '3.000000001E9' into Ingresa tu numero celular, jhon enters '3.000000001E9' into Seleccionar el tipo de documento, jhon clicks on Continuar, jhon enters 'Soacha' into Ciudad, jhon clicks on Lista de ciudades, jhon enters 'Cl 15 # 19 a – 159' into Direccion, jhon clicks on Buscar la dirección, jhon enters 'Armonia IV' into Datos adicionales, jhon clicks on Continuar ubicación servicio, jhon enters 'Reparación' into ¿Qué tipo de servicio solicitas?, jhon clicks on ¿Qué tipo de servicio solicitas? Lista, jhon enters 'CALENTADOR DE PASO 10 LTS. GAS NATURAL' into ¿Cuál es el producto?, jhon clicks on ¿Cuál es el producto? Lista, jhon enters 'BOTA AGUA' into ¿Cuál es el motivo de la reparación?, jhon clicks on ¿Cuál es el motivo de la reparación? Lista, jhon enters 'QA AUTOMOTION' into observaciones, jhon clicks on Rango AM, jhon enters '1.012439357E9' into Rango PM, jhon clicks on Fecha, jhon clicks on Confirmar Fecha seleccionada, jhon clicks on Programar, jhon clicks on Finalizar Orden de servicio, jhon clicks on Heabeas Data, jhon clicks on Seleccionar el tipo de documento, Jhon seleccionar tipo documento, jhon enters '8.300675571E9' into Seleccionar el tipo de documento, jhon enters 'jhon.quinones@infotrack.com.co' into ¿Cuál es tu correo electrónico?, jhon enters 'Test Automotion11' into Ingresa tu nombre, jhon enters '3.000000002E9' into Ingresa tu numero celular, jhon enters '3.000000002E9' into Seleccionar el tipo de documento, jhon clicks on Continuar, jhon enters 'Bogota' into Ciudad, jhon clicks on Lista de ciudades, jhon enters 'Av. Carrera 86 # 55A - 75 Engativá' into Direccion]]
[Test worker] WARN net.thucydides.core.steps.BaseStepListener - stepStarted: net.thucydides.core.steps.ExecutedStepDescription@75e4fe3c
[Test worker] WARN net.thucydides.core.steps.BaseStepListener - stepFinished: current outcome:Proceso Autogestion - Agendamiento de servicios:Dado el usuario final cuando desee crear o agendar una orden de servicio [Jhon abrir pagina [jhon opens the Object abrir pagina]], Cuando Crea la orden de servicio [Jhon autogestion [jhon clicks on Heabeas Data, jhon clicks on Seleccionar el tipo de documento, Jhon seleccionar tipo documento, jhon enters '8.300675571E9' into Seleccionar el tipo de documento, jhon enters 'jhon.quinones@infotrack.com.co' into ¿Cuál es tu correo electrónico?, jhon enters 'Test Automotion9' into Ingresa tu nombre, jhon enters '3.0E9' into Ingresa tu numero celular, jhon enters '3.0E9' into Seleccionar el tipo de documento, jhon clicks on Continuar, jhon enters 'Bogota' into Ciudad, jhon clicks on Lista de ciudades, jhon enters 'Av. C. 127' into Direccion, jhon clicks on Buscar la dirección, jhon enters 'Norte' into Datos adicionales, jhon clicks on Continuar ubicación servicio, jhon enters 'Garantia' into ¿Qué tipo de servicio solicitas?, jhon clicks on ¿Qué tipo de servicio solicitas? Lista, jhon enters 'NEVERA 5.3 PIES ALMENDRA' into ¿Cuál es el producto?, jhon clicks on ¿Cuál es el producto? Lista, jhon enters 'BOTA AGUA' into ¿Cuál es el motivo de la reparación?, jhon clicks on ¿Cuál es el motivo de la reparación? Lista, jhon enters 'QA AUTOMOTION' into observaciones, jhon clicks on Rango AM, jhon enters '1.012439364E9' into Rango PM, jhon clicks on Fecha, jhon clicks on Confirmar Fecha seleccionada, jhon clicks on Programar, jhon clicks on Finalizar Orden de servicio, jhon clicks on Heabeas Data, jhon clicks on Seleccionar el tipo de documento, Jhon seleccionar tipo documento, jhon enters '1.012439357E9' into Seleccionar el tipo de documento, jhon enters 'jhon.quinones@infotrack.com.co' into ¿Cuál es tu correo electrónico?, jhon enters 'QA 2' into ¿Cuales son tus apellidos?, jhon enters 'TEST 2' into ¿Cual es tu telefono fijo?, jhon enters '3.000000001E9' into Ingresa tu numero celular, jhon enters '3.000000001E9' into Seleccionar el tipo de documento, jhon clicks on Continuar, jhon enters 'Soacha' into Ciudad, jhon clicks on Lista de ciudades, jhon enters 'Cl 15 # 19 a – 159' into Direccion, jhon clicks on Buscar la dirección, jhon enters 'Armonia IV' into Datos adicionales, jhon clicks on Continuar ubicación servicio, jhon enters 'Reparación' into ¿Qué tipo de servicio solicitas?, jhon clicks on ¿Qué tipo de servicio solicitas? Lista, jhon enters 'CALENTADOR DE PASO 10 LTS. GAS NATURAL' into ¿Cuál es el producto?, jhon clicks on ¿Cuál es el producto? Lista, jhon enters 'BOTA AGUA' into ¿Cuál es el motivo de la reparación?, jhon clicks on ¿Cuál es el motivo de la reparación? Lista, jhon enters 'QA AUTOMOTION' into observaciones, jhon clicks on Rango AM, jhon enters '1.012439357E9' into Rango PM, jhon clicks on Fecha, jhon clicks on Confirmar Fecha seleccionada, jhon clicks on Programar, jhon clicks on Finalizar Orden de servicio, jhon clicks on Heabeas Data, jhon clicks on Seleccionar el tipo de documento, Jhon seleccionar tipo documento, jhon enters '8.300675571E9' into Seleccionar el tipo de documento, jhon enters 'jhon.quinones@infotrack.com.co' into ¿Cuál es tu correo electrónico?, jhon enters 'Test Automotion11' into Ingresa tu nombre, jhon enters '3.000000002E9' into Ingresa tu numero celular, jhon enters '3.000000002E9' into Seleccionar el tipo de documento, jhon clicks on Continuar, jhon enters 'Bogota' into Ciudad, jhon clicks on Lista de ciudades, jhon enters 'Av. Carrera 86 # 55A - 75 Engativá' into Direccion, jhon clicks on Buscar la dirección]]
[Test worker] WARN net.thucydides.core.steps.BaseStepListener - stepStarted: net.thucydides.core.steps.ExecutedStepDescription@73dbe25
[Test worker] WARN net.thucydides.core.steps.BaseStepListener - stepFinished: current outcome:Proceso Autogestion - Agendamiento de servicios:Dado el usuario final cuando desee crear o agendar una orden de servicio [Jhon abrir pagina [jhon opens the Object abrir pagina]], Cuando Crea la orden de servicio [Jhon autogestion [jhon clicks on Heabeas Data, jhon clicks on Seleccionar el tipo de documento, Jhon seleccionar tipo documento, jhon enters '8.300675571E9' into Seleccionar el tipo de documento, jhon enters 'jhon.quinones@infotrack.com.co' into ¿Cuál es tu correo electrónico?, jhon enters 'Test Automotion9' into Ingresa tu nombre, jhon enters '3.0E9' into Ingresa tu numero celular, jhon enters '3.0E9' into Seleccionar el tipo de documento, jhon clicks on Continuar, jhon enters 'Bogota' into Ciudad, jhon clicks on Lista de ciudades, jhon enters 'Av. C. 127' into Direccion, jhon clicks on Buscar la dirección, jhon enters 'Norte' into Datos adicionales, jhon clicks on Continuar ubicación servicio, jhon enters 'Garantia' into ¿Qué tipo de servicio solicitas?, jhon clicks on ¿Qué tipo de servicio solicitas? Lista, jhon enters 'NEVERA 5.3 PIES ALMENDRA' into ¿Cuál es el producto?, jhon clicks on ¿Cuál es el producto? Lista, jhon enters 'BOTA AGUA' into ¿Cuál es el motivo de la reparación?, jhon clicks on ¿Cuál es el motivo de la reparación? Lista, jhon enters 'QA AUTOMOTION' into observaciones, jhon clicks on Rango AM, jhon enters '1.012439364E9' into Rango PM, jhon clicks on Fecha, jhon clicks on Confirmar Fecha seleccionada, jhon clicks on Programar, jhon clicks on Finalizar Orden de servicio, jhon clicks on Heabeas Data, jhon clicks on Seleccionar el tipo de documento, Jhon seleccionar tipo documento, jhon enters '1.012439357E9' into Seleccionar el tipo de documento, jhon enters 'jhon.quinones@infotrack.com.co' into ¿Cuál es tu correo electrónico?, jhon enters 'QA 2' into ¿Cuales son tus apellidos?, jhon enters 'TEST 2' into ¿Cual es tu telefono fijo?, jhon enters '3.000000001E9' into Ingresa tu numero celular, jhon enters '3.000000001E9' into Seleccionar el tipo de documento, jhon clicks on Continuar, jhon enters 'Soacha' into Ciudad, jhon clicks on Lista de ciudades, jhon enters 'Cl 15 # 19 a – 159' into Direccion, jhon clicks on Buscar la dirección, jhon enters 'Armonia IV' into Datos adicionales, jhon clicks on Continuar ubicación servicio, jhon enters 'Reparación' into ¿Qué tipo de servicio solicitas?, jhon clicks on ¿Qué tipo de servicio solicitas? Lista, jhon enters 'CALENTADOR DE PASO 10 LTS. GAS NATURAL' into ¿Cuál es el producto?, jhon clicks on ¿Cuál es el producto? Lista, jhon enters 'BOTA AGUA' into ¿Cuál es el motivo de la reparación?, jhon clicks on ¿Cuál es el motivo de la reparación? Lista, jhon enters 'QA AUTOMOTION' into observaciones, jhon clicks on Rango AM, jhon enters '1.012439357E9' into Rango PM, jhon clicks on Fecha, jhon clicks on Confirmar Fecha seleccionada, jhon clicks on Programar, jhon clicks on Finalizar Orden de servicio, jhon clicks on Heabeas Data, jhon clicks on Seleccionar el tipo de documento, Jhon seleccionar tipo documento, jhon enters '8.300675571E9' into Seleccionar el tipo de documento, jhon enters 'jhon.quinones@infotrack.com.co' into ¿Cuál es tu correo electrónico?, jhon enters 'Test Automotion11' into Ingresa tu nombre, jhon enters '3.000000002E9' into Ingresa tu numero celular, jhon enters '3.000000002E9' into Seleccionar el tipo de documento, jhon clicks on Continuar, jhon enters 'Bogota' into Ciudad, jhon clicks on Lista de ciudades, jhon enters 'Av. Carrera 86 # 55A - 75 Engativá' into Direccion, jhon clicks on Buscar la dirección, jhon enters 'Bogota' into Datos adicionales]]
[Test worker] WARN net.thucydides.core.steps.BaseStepListener - stepStarted: net.thucydides.core.steps.ExecutedStepDescription@304068
[Test worker] WARN net.thucydides.core.steps.BaseStepListener - stepFinished: current outcome:Proceso Autogestion - Agendamiento de servicios:Dado el usuario final cuando desee crear o agendar una orden de servicio [Jhon abrir pagina [jhon opens the Object abrir pagina]], Cuando Crea la orden de servicio [Jhon autogestion [jhon clicks on Heabeas Data, jhon clicks on Seleccionar el tipo de documento, Jhon seleccionar tipo documento, jhon enters '8.300675571E9' into Seleccionar el tipo de documento, jhon enters 'jhon.quinones@infotrack.com.co' into ¿Cuál es tu correo electrónico?, jhon enters 'Test Automotion9' into Ingresa tu nombre, jhon enters '3.0E9' into Ingresa tu numero celular, jhon enters '3.0E9' into Seleccionar el tipo de documento, jhon clicks on Continuar, jhon enters 'Bogota' into Ciudad, jhon clicks on Lista de ciudades, jhon enters 'Av. C. 127' into Direccion, jhon clicks on Buscar la dirección, jhon enters 'Norte' into Datos adicionales, jhon clicks on Continuar ubicación servicio, jhon enters 'Garantia' into ¿Qué tipo de servicio solicitas?, jhon clicks on ¿Qué tipo de servicio solicitas? Lista, jhon enters 'NEVERA 5.3 PIES ALMENDRA' into ¿Cuál es el producto?, jhon clicks on ¿Cuál es el producto? Lista, jhon enters 'BOTA AGUA' into ¿Cuál es el motivo de la reparación?, jhon clicks on ¿Cuál es el motivo de la reparación? Lista, jhon enters 'QA AUTOMOTION' into observaciones, jhon clicks on Rango AM, jhon enters '1.012439364E9' into Rango PM, jhon clicks on Fecha, jhon clicks on Confirmar Fecha seleccionada, jhon clicks on Programar, jhon clicks on Finalizar Orden de servicio, jhon clicks on Heabeas Data, jhon clicks on Seleccionar el tipo de documento, Jhon seleccionar tipo documento, jhon enters '1.012439357E9' into Seleccionar el tipo de documento, jhon enters 'jhon.quinones@infotrack.com.co' into ¿Cuál es tu correo electrónico?, jhon enters 'QA 2' into ¿Cuales son tus apellidos?, jhon enters 'TEST 2' into ¿Cual es tu telefono fijo?, jhon enters '3.000000001E9' into Ingresa tu numero celular, jhon enters '3.000000001E9' into Seleccionar el tipo de documento, jhon clicks on Continuar, jhon enters 'Soacha' into Ciudad, jhon clicks on Lista de ciudades, jhon enters 'Cl 15 # 19 a – 159' into Direccion, jhon clicks on Buscar la dirección, jhon enters 'Armonia IV' into Datos adicionales, jhon clicks on Continuar ubicación servicio, jhon enters 'Reparación' into ¿Qué tipo de servicio solicitas?, jhon clicks on ¿Qué tipo de servicio solicitas? Lista, jhon enters 'CALENTADOR DE PASO 10 LTS. GAS NATURAL' into ¿Cuál es el producto?, jhon clicks on ¿Cuál es el producto? Lista, jhon enters 'BOTA AGUA' into ¿Cuál es el motivo de la reparación?, jhon clicks on ¿Cuál es el motivo de la reparación? Lista, jhon enters 'QA AUTOMOTION' into observaciones, jhon clicks on Rango AM, jhon enters '1.012439357E9' into Rango PM, jhon clicks on Fecha, jhon clicks on Confirmar Fecha seleccionada, jhon clicks on Programar, jhon clicks on Finalizar Orden de servicio, jhon clicks on Heabeas Data, jhon clicks on Seleccionar el tipo de documento, Jhon seleccionar tipo documento, jhon enters '8.300675571E9' into Seleccionar el tipo de documento, jhon enters 'jhon.quinones@infotrack.com.co' into ¿Cuál es tu correo electrónico?, jhon enters 'Test Automotion11' into Ingresa tu nombre, jhon enters '3.000000002E9' into Ingresa tu numero celular, jhon enters '3.000000002E9' into Seleccionar el tipo de documento, jhon clicks on Continuar, jhon enters 'Bogota' into Ciudad, jhon clicks on Lista de ciudades, jhon enters 'Av. Carrera 86 # 55A - 75 Engativá' into Direccion, jhon clicks on Buscar la dirección, jhon enters 'Bogota' into Datos adicionales, jhon clicks on Continuar ubicación servicio]]
[Test worker] WARN net.thucydides.core.steps.BaseStepListener - stepStarted: net.thucydides.core.steps.ExecutedStepDescription@6d2db15b
[Test worker] WARN net.thucydides.core.steps.BaseStepListener - stepFinished: current outcome:Proceso Autogestion - Agendamiento de servicios:Dado el usuario final cuando desee crear o agendar una orden de servicio [Jhon abrir pagina [jhon opens the Object abrir pagina]], Cuando Crea la orden de servicio [Jhon autogestion [jhon clicks on Heabeas Data, jhon clicks on Seleccionar el tipo de documento, Jhon seleccionar tipo documento, jhon enters '8.300675571E9' into Seleccionar el tipo de documento, jhon enters 'jhon.quinones@infotrack.com.co' into ¿Cuál es tu correo electrónico?, jhon enters 'Test Automotion9' into Ingresa tu nombre, jhon enters '3.0E9' into Ingresa tu numero celular, jhon enters '3.0E9' into Seleccionar el tipo de documento, jhon clicks on Continuar, jhon enters 'Bogota' into Ciudad, jhon clicks on Lista de ciudades, jhon enters 'Av. C. 127' into Direccion, jhon clicks on Buscar la dirección, jhon enters 'Norte' into Datos adicionales, jhon clicks on Continuar ubicación servicio, jhon enters 'Garantia' into ¿Qué tipo de servicio solicitas?, jhon clicks on ¿Qué tipo de servicio solicitas? Lista, jhon enters 'NEVERA 5.3 PIES ALMENDRA' into ¿Cuál es el producto?, jhon clicks on ¿Cuál es el producto? Lista, jhon enters 'BOTA AGUA' into ¿Cuál es el motivo de la reparación?, jhon clicks on ¿Cuál es el motivo de la reparación? Lista, jhon enters 'QA AUTOMOTION' into observaciones, jhon clicks on Rango AM, jhon enters '1.012439364E9' into Rango PM, jhon clicks on Fecha, jhon clicks on Confirmar Fecha seleccionada, jhon clicks on Programar, jhon clicks on Finalizar Orden de servicio, jhon clicks on Heabeas Data, jhon clicks on Seleccionar el tipo de documento, Jhon seleccionar tipo documento, jhon enters '1.012439357E9' into Seleccionar el tipo de documento, jhon enters 'jhon.quinones@infotrack.com.co' into ¿Cuál es tu correo electrónico?, jhon enters 'QA 2' into ¿Cuales son tus apellidos?, jhon enters 'TEST 2' into ¿Cual es tu telefono fijo?, jhon enters '3.000000001E9' into Ingresa tu numero celular, jhon enters '3.000000001E9' into Seleccionar el tipo de documento, jhon clicks on Continuar, jhon enters 'Soacha' into Ciudad, jhon clicks on Lista de ciudades, jhon enters 'Cl 15 # 19 a – 159' into Direccion, jhon clicks on Buscar la dirección, jhon enters 'Armonia IV' into Datos adicionales, jhon clicks on Continuar ubicación servicio, jhon enters 'Reparación' into ¿Qué tipo de servicio solicitas?, jhon clicks on ¿Qué tipo de servicio solicitas? Lista, jhon enters 'CALENTADOR DE PASO 10 LTS. GAS NATURAL' into ¿Cuál es el producto?, jhon clicks on ¿Cuál es el producto? Lista, jhon enters 'BOTA AGUA' into ¿Cuál es el motivo de la reparación?, jhon clicks on ¿Cuál es el motivo de la reparación? Lista, jhon enters 'QA AUTOMOTION' into observaciones, jhon clicks on Rango AM, jhon enters '1.012439357E9' into Rango PM, jhon clicks on Fecha, jhon clicks on Confirmar Fecha seleccionada, jhon clicks on Programar, jhon clicks on Finalizar Orden de servicio, jhon clicks on Heabeas Data, jhon clicks on Seleccionar el tipo de documento, Jhon seleccionar tipo documento, jhon enters '8.300675571E9' into Seleccionar el tipo de documento, jhon enters 'jhon.quinones@infotrack.com.co' into ¿Cuál es tu correo electrónico?, jhon enters 'Test Automotion11' into Ingresa tu nombre, jhon enters '3.000000002E9' into Ingresa tu numero celular, jhon enters '3.000000002E9' into Seleccionar el tipo de documento, jhon clicks on Continuar, jhon enters 'Bogota' into Ciudad, jhon clicks on Lista de ciudades, jhon enters 'Av. Carrera 86 # 55A - 75 Engativá' into Direccion, jhon clicks on Buscar la dirección, jhon enters 'Bogota' into Datos adicionales, jhon clicks on Continuar ubicación servicio, jhon enters 'Garantia' into ¿Qué tipo de servicio solicitas?]]
[Test worker] WARN net.thucydides.core.steps.BaseStepListener - stepStarted: net.thucydides.core.steps.ExecutedStepDescription@6b6fd0
[Test worker] WARN net.thucydides.core.steps.BaseStepListener - stepFinished: current outcome:Proceso Autogestion - Agendamiento de servicios:Dado el usuario final cuando desee crear o agendar una orden de servicio [Jhon abrir pagina [jhon opens the Object abrir pagina]], Cuando Crea la orden de servicio [Jhon autogestion [jhon clicks on Heabeas Data, jhon clicks on Seleccionar el tipo de documento, Jhon seleccionar tipo documento, jhon enters '8.300675571E9' into Seleccionar el tipo de documento, jhon enters 'jhon.quinones@infotrack.com.co' into ¿Cuál es tu correo electrónico?, jhon enters 'Test Automotion9' into Ingresa tu nombre, jhon enters '3.0E9' into Ingresa tu numero celular, jhon enters '3.0E9' into Seleccionar el tipo de documento, jhon clicks on Continuar, jhon enters 'Bogota' into Ciudad, jhon clicks on Lista de ciudades, jhon enters 'Av. C. 127' into Direccion, jhon clicks on Buscar la dirección, jhon enters 'Norte' into Datos adicionales, jhon clicks on Continuar ubicación servicio, jhon enters 'Garantia' into ¿Qué tipo de servicio solicitas?, jhon clicks on ¿Qué tipo de servicio solicitas? Lista, jhon enters 'NEVERA 5.3 PIES ALMENDRA' into ¿Cuál es el producto?, jhon clicks on ¿Cuál es el producto? Lista, jhon enters 'BOTA AGUA' into ¿Cuál es el motivo de la reparación?, jhon clicks on ¿Cuál es el motivo de la reparación? Lista, jhon enters 'QA AUTOMOTION' into observaciones, jhon clicks on Rango AM, jhon enters '1.012439364E9' into Rango PM, jhon clicks on Fecha, jhon clicks on Confirmar Fecha seleccionada, jhon clicks on Programar, jhon clicks on Finalizar Orden de servicio, jhon clicks on Heabeas Data, jhon clicks on Seleccionar el tipo de documento, Jhon seleccionar tipo documento, jhon enters '1.012439357E9' into Seleccionar el tipo de documento, jhon enters 'jhon.quinones@infotrack.com.co' into ¿Cuál es tu correo electrónico?, jhon enters 'QA 2' into ¿Cuales son tus apellidos?, jhon enters 'TEST 2' into ¿Cual es tu telefono fijo?, jhon enters '3.000000001E9' into Ingresa tu numero celular, jhon enters '3.000000001E9' into Seleccionar el tipo de documento, jhon clicks on Continuar, jhon enters 'Soacha' into Ciudad, jhon clicks on Lista de ciudades, jhon enters 'Cl 15 # 19 a – 159' into Direccion, jhon clicks on Buscar la dirección, jhon enters 'Armonia IV' into Datos adicionales, jhon clicks on Continuar ubicación servicio, jhon enters 'Reparación' into ¿Qué tipo de servicio solicitas?, jhon clicks on ¿Qué tipo de servicio solicitas? Lista, jhon enters 'CALENTADOR DE PASO 10 LTS. GAS NATURAL' into ¿Cuál es el producto?, jhon clicks on ¿Cuál es el producto? Lista, jhon enters 'BOTA AGUA' into ¿Cuál es el motivo de la reparación?, jhon clicks on ¿Cuál es el motivo de la reparación? Lista, jhon enters 'QA AUTOMOTION' into observaciones, jhon clicks on Rango AM, jhon enters '1.012439357E9' into Rango PM, jhon clicks on Fecha, jhon clicks on Confirmar Fecha seleccionada, jhon clicks on Programar, jhon clicks on Finalizar Orden de servicio, jhon clicks on Heabeas Data, jhon clicks on Seleccionar el tipo de documento, Jhon seleccionar tipo documento, jhon enters '8.300675571E9' into Seleccionar el tipo de documento, jhon enters 'jhon.quinones@infotrack.com.co' into ¿Cuál es tu correo electrónico?, jhon enters 'Test Automotion11' into Ingresa tu nombre, jhon enters '3.000000002E9' into Ingresa tu numero celular, jhon enters '3.000000002E9' into Seleccionar el tipo de documento, jhon clicks on Continuar, jhon enters 'Bogota' into Ciudad, jhon clicks on Lista de ciudades, jhon enters 'Av. Carrera 86 # 55A - 75 Engativá' into Direccion, jhon clicks on Buscar la dirección, jhon enters 'Bogota' into Datos adicionales, jhon clicks on Continuar ubicación servicio, jhon enters 'Garantia' into ¿Qué tipo de servicio solicitas?, jhon clicks on ¿Qué tipo de servicio solicitas? Lista]]
[Test worker] WARN net.thucydides.core.steps.BaseStepListener - stepStarted: net.thucydides.core.steps.ExecutedStepDescription@7976e536
[Test worker] WARN net.thucydides.core.steps.BaseStepListener - stepFinished: current outcome:Proceso Autogestion - Agendamiento de servicios:Dado el usuario final cuando desee crear o agendar una orden de servicio [Jhon abrir pagina [jhon opens the Object abrir pagina]], Cuando Crea la orden de servicio [Jhon autogestion [jhon clicks on Heabeas Data, jhon clicks on Seleccionar el tipo de documento, Jhon seleccionar tipo documento, jhon enters '8.300675571E9' into Seleccionar el tipo de documento, jhon enters 'jhon.quinones@infotrack.com.co' into ¿Cuál es tu correo electrónico?, jhon enters 'Test Automotion9' into Ingresa tu nombre, jhon enters '3.0E9' into Ingresa tu numero celular, jhon enters '3.0E9' into Seleccionar el tipo de documento, jhon clicks on Continuar, jhon enters 'Bogota' into Ciudad, jhon clicks on Lista de ciudades, jhon enters 'Av. C. 127' into Direccion, jhon clicks on Buscar la dirección, jhon enters 'Norte' into Datos adicionales, jhon clicks on Continuar ubicación servicio, jhon enters 'Garantia' into ¿Qué tipo de servicio solicitas?, jhon clicks on ¿Qué tipo de servicio solicitas? Lista, jhon enters 'NEVERA 5.3 PIES ALMENDRA' into ¿Cuál es el producto?, jhon clicks on ¿Cuál es el producto? Lista, jhon enters 'BOTA AGUA' into ¿Cuál es el motivo de la reparación?, jhon clicks on ¿Cuál es el motivo de la reparación? Lista, jhon enters 'QA AUTOMOTION' into observaciones, jhon clicks on Rango AM, jhon enters '1.012439364E9' into Rango PM, jhon clicks on Fecha, jhon clicks on Confirmar Fecha seleccionada, jhon clicks on Programar, jhon clicks on Finalizar Orden de servicio, jhon clicks on Heabeas Data, jhon clicks on Seleccionar el tipo de documento, Jhon seleccionar tipo documento, jhon enters '1.012439357E9' into Seleccionar el tipo de documento, jhon enters 'jhon.quinones@infotrack.com.co' into ¿Cuál es tu correo electrónico?, jhon enters 'QA 2' into ¿Cuales son tus apellidos?, jhon enters 'TEST 2' into ¿Cual es tu telefono fijo?, jhon enters '3.000000001E9' into Ingresa tu numero celular, jhon enters '3.000000001E9' into Seleccionar el tipo de documento, jhon clicks on Continuar, jhon enters 'Soacha' into Ciudad, jhon clicks on Lista de ciudades, jhon enters 'Cl 15 # 19 a – 159' into Direccion, jhon clicks on Buscar la dirección, jhon enters 'Armonia IV' into Datos adicionales, jhon clicks on Continuar ubicación servicio, jhon enters 'Reparación' into ¿Qué tipo de servicio solicitas?, jhon clicks on ¿Qué tipo de servicio solicitas? Lista, jhon enters 'CALENTADOR DE PASO 10 LTS. GAS NATURAL' into ¿Cuál es el producto?, jhon clicks on ¿Cuál es el producto? Lista, jhon enters 'BOTA AGUA' into ¿Cuál es el motivo de la reparación?, jhon clicks on ¿Cuál es el motivo de la reparación? Lista, jhon enters 'QA AUTOMOTION' into observaciones, jhon clicks on Rango AM, jhon enters '1.012439357E9' into Rango PM, jhon clicks on Fecha, jhon clicks on Confirmar Fecha seleccionada, jhon clicks on Programar, jhon clicks on Finalizar Orden de servicio, jhon clicks on Heabeas Data, jhon clicks on Seleccionar el tipo de documento, Jhon seleccionar tipo documento, jhon enters '8.300675571E9' into Seleccionar el tipo de documento, jhon enters 'jhon.quinones@infotrack.com.co' into ¿Cuál es tu correo electrónico?, jhon enters 'Test Automotion11' into Ingresa tu nombre, jhon enters '3.000000002E9' into Ingresa tu numero celular, jhon enters '3.000000002E9' into Seleccionar el tipo de documento, jhon clicks on Continuar, jhon enters 'Bogota' into Ciudad, jhon clicks on Lista de ciudades, jhon enters 'Av. Carrera 86 # 55A - 75 Engativá' into Direccion, jhon clicks on Buscar la dirección, jhon enters 'Bogota' into Datos adicionales, jhon clicks on Continuar ubicación servicio, jhon enters 'Garantia' into ¿Qué tipo de servicio solicitas?, jhon clicks on ¿Qué tipo de servicio solicitas? Lista, jhon enters 'ESTUFA A GAS 4 PUESTOS E/E 120V NEGRA' into ¿Cuál es el producto?]]
[Test worker] WARN net.thucydides.core.steps.BaseStepListener - stepStarted: net.thucydides.core.steps.ExecutedStepDescription@c82ad22
[Test worker] WARN net.thucydides.core.steps.BaseStepListener - stepFinished: current outcome:Proceso Autogestion - Agendamiento de servicios:Dado el usuario final cuando desee crear o agendar una orden de servicio [Jhon abrir pagina [jhon opens the Object abrir pagina]], Cuando Crea la orden de servicio [Jhon autogestion [jhon clicks on Heabeas Data, jhon clicks on Seleccionar el tipo de documento, Jhon seleccionar tipo documento, jhon enters '8.300675571E9' into Seleccionar el tipo de documento, jhon enters 'jhon.quinones@infotrack.com.co' into ¿Cuál es tu correo electrónico?, jhon enters 'Test Automotion9' into Ingresa tu nombre, jhon enters '3.0E9' into Ingresa tu numero celular, jhon enters '3.0E9' into Seleccionar el tipo de documento, jhon clicks on Continuar, jhon enters 'Bogota' into Ciudad, jhon clicks on Lista de ciudades, jhon enters 'Av. C. 127' into Direccion, jhon clicks on Buscar la dirección, jhon enters 'Norte' into Datos adicionales, jhon clicks on Continuar ubicación servicio, jhon enters 'Garantia' into ¿Qué tipo de servicio solicitas?, jhon clicks on ¿Qué tipo de servicio solicitas? Lista, jhon enters 'NEVERA 5.3 PIES ALMENDRA' into ¿Cuál es el producto?, jhon clicks on ¿Cuál es el producto? Lista, jhon enters 'BOTA AGUA' into ¿Cuál es el motivo de la reparación?, jhon clicks on ¿Cuál es el motivo de la reparación? Lista, jhon enters 'QA AUTOMOTION' into observaciones, jhon clicks on Rango AM, jhon enters '1.012439364E9' into Rango PM, jhon clicks on Fecha, jhon clicks on Confirmar Fecha seleccionada, jhon clicks on Programar, jhon clicks on Finalizar Orden de servicio, jhon clicks on Heabeas Data, jhon clicks on Seleccionar el tipo de documento, Jhon seleccionar tipo documento, jhon enters '1.012439357E9' into Seleccionar el tipo de documento, jhon enters 'jhon.quinones@infotrack.com.co' into ¿Cuál es tu correo electrónico?, jhon enters 'QA 2' into ¿Cuales son tus apellidos?, jhon enters 'TEST 2' into ¿Cual es tu telefono fijo?, jhon enters '3.000000001E9' into Ingresa tu numero celular, jhon enters '3.000000001E9' into Seleccionar el tipo de documento, jhon clicks on Continuar, jhon enters 'Soacha' into Ciudad, jhon clicks on Lista de ciudades, jhon enters 'Cl 15 # 19 a – 159' into Direccion, jhon clicks on Buscar la dirección, jhon enters 'Armonia IV' into Datos adicionales, jhon clicks on Continuar ubicación servicio, jhon enters 'Reparación' into ¿Qué tipo de servicio solicitas?, jhon clicks on ¿Qué tipo de servicio solicitas? Lista, jhon enters 'CALENTADOR DE PASO 10 LTS. GAS NATURAL' into ¿Cuál es el producto?, jhon clicks on ¿Cuál es el producto? Lista, jhon enters 'BOTA AGUA' into ¿Cuál es el motivo de la reparación?, jhon clicks on ¿Cuál es el motivo de la reparación? Lista, jhon enters 'QA AUTOMOTION' into observaciones, jhon clicks on Rango AM, jhon enters '1.012439357E9' into Rango PM, jhon clicks on Fecha, jhon clicks on Confirmar Fecha seleccionada, jhon clicks on Programar, jhon clicks on Finalizar Orden de servicio, jhon clicks on Heabeas Data, jhon clicks on Seleccionar el tipo de documento, Jhon seleccionar tipo documento, jhon enters '8.300675571E9' into Seleccionar el tipo de documento, jhon enters 'jhon.quinones@infotrack.com.co' into ¿Cuál es tu correo electrónico?, jhon enters 'Test Automotion11' into Ingresa tu nombre, jhon enters '3.000000002E9' into Ingresa tu numero celular, jhon enters '3.000000002E9' into Seleccionar el tipo de documento, jhon clicks on Continuar, jhon enters 'Bogota' into Ciudad, jhon clicks on Lista de ciudades, jhon enters 'Av. Carrera 86 # 55A - 75 Engativá' into Direccion, jhon clicks on Buscar la dirección, jhon enters 'Bogota' into Datos adicionales, jhon clicks on Continuar ubicación servicio, jhon enters 'Garantia' into ¿Qué tipo de servicio solicitas?, jhon clicks on ¿Qué tipo de servicio solicitas? Lista, jhon enters 'ESTUFA A GAS 4 PUESTOS E/E 120V NEGRA' into ¿Cuál es el producto?, jhon clicks on ¿Cuál es el producto? Lista]]
[Test worker] WARN net.thucydides.core.steps.BaseStepListener - stepStarted: net.thucydides.core.steps.ExecutedStepDescription@1b632442
[Test worker] WARN net.thucydides.core.steps.BaseStepListener - stepFinished: current outcome:Proceso Autogestion - Agendamiento de servicios:Dado el usuario final cuando desee crear o agendar una orden de servicio [Jhon abrir pagina [jhon opens the Object abrir pagina]], Cuando Crea la orden de servicio [Jhon autogestion [jhon clicks on Heabeas Data, jhon clicks on Seleccionar el tipo de documento, Jhon seleccionar tipo documento, jhon enters '8.300675571E9' into Seleccionar el tipo de documento, jhon enters 'jhon.quinones@infotrack.com.co' into ¿Cuál es tu correo electrónico?, jhon enters 'Test Automotion9' into Ingresa tu nombre, jhon enters '3.0E9' into Ingresa tu numero celular, jhon enters '3.0E9' into Seleccionar el tipo de documento, jhon clicks on Continuar, jhon enters 'Bogota' into Ciudad, jhon clicks on Lista de ciudades, jhon enters 'Av. C. 127' into Direccion, jhon clicks on Buscar la dirección, jhon enters 'Norte' into Datos adicionales, jhon clicks on Continuar ubicación servicio, jhon enters 'Garantia' into ¿Qué tipo de servicio solicitas?, jhon clicks on ¿Qué tipo de servicio solicitas? Lista, jhon enters 'NEVERA 5.3 PIES ALMENDRA' into ¿Cuál es el producto?, jhon clicks on ¿Cuál es el producto? Lista, jhon enters 'BOTA AGUA' into ¿Cuál es el motivo de la reparación?, jhon clicks on ¿Cuál es el motivo de la reparación? Lista, jhon enters 'QA AUTOMOTION' into observaciones, jhon clicks on Rango AM, jhon enters '1.012439364E9' into Rango PM, jhon clicks on Fecha, jhon clicks on Confirmar Fecha seleccionada, jhon clicks on Programar, jhon clicks on Finalizar Orden de servicio, jhon clicks on Heabeas Data, jhon clicks on Seleccionar el tipo de documento, Jhon seleccionar tipo documento, jhon enters '1.012439357E9' into Seleccionar el tipo de documento, jhon enters 'jhon.quinones@infotrack.com.co' into ¿Cuál es tu correo electrónico?, jhon enters 'QA 2' into ¿Cuales son tus apellidos?, jhon enters 'TEST 2' into ¿Cual es tu telefono fijo?, jhon enters '3.000000001E9' into Ingresa tu numero celular, jhon enters '3.000000001E9' into Seleccionar el tipo de documento, jhon clicks on Continuar, jhon enters 'Soacha' into Ciudad, jhon clicks on Lista de ciudades, jhon enters 'Cl 15 # 19 a – 159' into Direccion, jhon clicks on Buscar la dirección, jhon enters 'Armonia IV' into Datos adicionales, jhon clicks on Continuar ubicación servicio, jhon enters 'Reparación' into ¿Qué tipo de servicio solicitas?, jhon clicks on ¿Qué tipo de servicio solicitas? Lista, jhon enters 'CALENTADOR DE PASO 10 LTS. GAS NATURAL' into ¿Cuál es el producto?, jhon clicks on ¿Cuál es el producto? Lista, jhon enters 'BOTA AGUA' into ¿Cuál es el motivo de la reparación?, jhon clicks on ¿Cuál es el motivo de la reparación? Lista, jhon enters 'QA AUTOMOTION' into observaciones, jhon clicks on Rango AM, jhon enters '1.012439357E9' into Rango PM, jhon clicks on Fecha, jhon clicks on Confirmar Fecha seleccionada, jhon clicks on Programar, jhon clicks on Finalizar Orden de servicio, jhon clicks on Heabeas Data, jhon clicks on Seleccionar el tipo de documento, Jhon seleccionar tipo documento, jhon enters '8.300675571E9' into Seleccionar el tipo de documento, jhon enters 'jhon.quinones@infotrack.com.co' into ¿Cuál es tu correo electrónico?, jhon enters 'Test Automotion11' into Ingresa tu nombre, jhon enters '3.000000002E9' into Ingresa tu numero celular, jhon enters '3.000000002E9' into Seleccionar el tipo de documento, jhon clicks on Continuar, jhon enters 'Bogota' into Ciudad, jhon clicks on Lista de ciudades, jhon enters 'Av. Carrera 86 # 55A - 75 Engativá' into Direccion, jhon clicks on Buscar la dirección, jhon enters 'Bogota' into Datos adicionales, jhon clicks on Continuar ubicación servicio, jhon enters 'Garantia' into ¿Qué tipo de servicio solicitas?, jhon clicks on ¿Qué tipo de servicio solicitas? Lista, jhon enters 'ESTUFA A GAS 4 PUESTOS E/E 120V NEGRA' into ¿Cuál es el producto?, jhon clicks on ¿Cuál es el producto? Lista, jhon enters 'AHUMA' into ¿Cuál es el motivo de la reparación?]]
[Test worker] WARN net.thucydides.core.steps.BaseStepListener - stepStarted: net.thucydides.core.steps.ExecutedStepDescription@6ffc6ea7
[Test worker] WARN net.thucydides.core.steps.BaseStepListener - stepFinished: current outcome:Proceso Autogestion - Agendamiento de servicios:Dado el usuario final cuando desee crear o agendar una orden de servicio [Jhon abrir pagina [jhon opens the Object abrir pagina]], Cuando Crea la orden de servicio [Jhon autogestion [jhon clicks on Heabeas Data, jhon clicks on Seleccionar el tipo de documento, Jhon seleccionar tipo documento, jhon enters '8.300675571E9' into Seleccionar el tipo de documento, jhon enters 'jhon.quinones@infotrack.com.co' into ¿Cuál es tu correo electrónico?, jhon enters 'Test Automotion9' into Ingresa tu nombre, jhon enters '3.0E9' into Ingresa tu numero celular, jhon enters '3.0E9' into Seleccionar el tipo de documento, jhon clicks on Continuar, jhon enters 'Bogota' into Ciudad, jhon clicks on Lista de ciudades, jhon enters 'Av. C. 127' into Direccion, jhon clicks on Buscar la dirección, jhon enters 'Norte' into Datos adicionales, jhon clicks on Continuar ubicación servicio, jhon enters 'Garantia' into ¿Qué tipo de servicio solicitas?, jhon clicks on ¿Qué tipo de servicio solicitas? Lista, jhon enters 'NEVERA 5.3 PIES ALMENDRA' into ¿Cuál es el producto?, jhon clicks on ¿Cuál es el producto? Lista, jhon enters 'BOTA AGUA' into ¿Cuál es el motivo de la reparación?, jhon clicks on ¿Cuál es el motivo de la reparación? Lista, jhon enters 'QA AUTOMOTION' into observaciones, jhon clicks on Rango AM, jhon enters '1.012439364E9' into Rango PM, jhon clicks on Fecha, jhon clicks on Confirmar Fecha seleccionada, jhon clicks on Programar, jhon clicks on Finalizar Orden de servicio, jhon clicks on Heabeas Data, jhon clicks on Seleccionar el tipo de documento, Jhon seleccionar tipo documento, jhon enters '1.012439357E9' into Seleccionar el tipo de documento, jhon enters 'jhon.quinones@infotrack.com.co' into ¿Cuál es tu correo electrónico?, jhon enters 'QA 2' into ¿Cuales son tus apellidos?, jhon enters 'TEST 2' into ¿Cual es tu telefono fijo?, jhon enters '3.000000001E9' into Ingresa tu numero celular, jhon enters '3.000000001E9' into Seleccionar el tipo de documento, jhon clicks on Continuar, jhon enters 'Soacha' into Ciudad, jhon clicks on Lista de ciudades, jhon enters 'Cl 15 # 19 a – 159' into Direccion, jhon clicks on Buscar la dirección, jhon enters 'Armonia IV' into Datos adicionales, jhon clicks on Continuar ubicación servicio, jhon enters 'Reparación' into ¿Qué tipo de servicio solicitas?, jhon clicks on ¿Qué tipo de servicio solicitas? Lista, jhon enters 'CALENTADOR DE PASO 10 LTS. GAS NATURAL' into ¿Cuál es el producto?, jhon clicks on ¿Cuál es el producto? Lista, jhon enters 'BOTA AGUA' into ¿Cuál es el motivo de la reparación?, jhon clicks on ¿Cuál es el motivo de la reparación? Lista, jhon enters 'QA AUTOMOTION' into observaciones, jhon clicks on Rango AM, jhon enters '1.012439357E9' into Rango PM, jhon clicks on Fecha, jhon clicks on Confirmar Fecha seleccionada, jhon clicks on Programar, jhon clicks on Finalizar Orden de servicio, jhon clicks on Heabeas Data, jhon clicks on Seleccionar el tipo de documento, Jhon seleccionar tipo documento, jhon enters '8.300675571E9' into Seleccionar el tipo de documento, jhon enters 'jhon.quinones@infotrack.com.co' into ¿Cuál es tu correo electrónico?, jhon enters 'Test Automotion11' into Ingresa tu nombre, jhon enters '3.000000002E9' into Ingresa tu numero celular, jhon enters '3.000000002E9' into Seleccionar el tipo de documento, jhon clicks on Continuar, jhon enters 'Bogota' into Ciudad, jhon clicks on Lista de ciudades, jhon enters 'Av. Carrera 86 # 55A - 75 Engativá' into Direccion, jhon clicks on Buscar la dirección, jhon enters 'Bogota' into Datos adicionales, jhon clicks on Continuar ubicación servicio, jhon enters 'Garantia' into ¿Qué tipo de servicio solicitas?, jhon clicks on ¿Qué tipo de servicio solicitas? Lista, jhon enters 'ESTUFA A GAS 4 PUESTOS E/E 120V NEGRA' into ¿Cuál es el producto?, jhon clicks on ¿Cuál es el producto? Lista, jhon enters 'AHUMA' into ¿Cuál es el motivo de la reparación?, jhon clicks on ¿Cuál es el motivo de la reparación? Lista]]
[Test worker] WARN net.thucydides.core.steps.BaseStepListener - stepStarted: net.thucydides.core.steps.ExecutedStepDescription@4ad8d36f
[Test worker] WARN net.thucydides.core.steps.BaseStepListener - stepFinished: current outcome:Proceso Autogestion - Agendamiento de servicios:Dado el usuario final cuando desee crear o agendar una orden de servicio [Jhon abrir pagina [jhon opens the Object abrir pagina]], Cuando Crea la orden de servicio [Jhon autogestion [jhon clicks on Heabeas Data, jhon clicks on Seleccionar el tipo de documento, Jhon seleccionar tipo documento, jhon enters '8.300675571E9' into Seleccionar el tipo de documento, jhon enters 'jhon.quinones@infotrack.com.co' into ¿Cuál es tu correo electrónico?, jhon enters 'Test Automotion9' into Ingresa tu nombre, jhon enters '3.0E9' into Ingresa tu numero celular, jhon enters '3.0E9' into Seleccionar el tipo de documento, jhon clicks on Continuar, jhon enters 'Bogota' into Ciudad, jhon clicks on Lista de ciudades, jhon enters 'Av. C. 127' into Direccion, jhon clicks on Buscar la dirección, jhon enters 'Norte' into Datos adicionales, jhon clicks on Continuar ubicación servicio, jhon enters 'Garantia' into ¿Qué tipo de servicio solicitas?, jhon clicks on ¿Qué tipo de servicio solicitas? Lista, jhon enters 'NEVERA 5.3 PIES ALMENDRA' into ¿Cuál es el producto?, jhon clicks on ¿Cuál es el producto? Lista, jhon enters 'BOTA AGUA' into ¿Cuál es el motivo de la reparación?, jhon clicks on ¿Cuál es el motivo de la reparación? Lista, jhon enters 'QA AUTOMOTION' into observaciones, jhon clicks on Rango AM, jhon enters '1.012439364E9' into Rango PM, jhon clicks on Fecha, jhon clicks on Confirmar Fecha seleccionada, jhon clicks on Programar, jhon clicks on Finalizar Orden de servicio, jhon clicks on Heabeas Data, jhon clicks on Seleccionar el tipo de documento, Jhon seleccionar tipo documento, jhon enters '1.012439357E9' into Seleccionar el tipo de documento, jhon enters 'jhon.quinones@infotrack.com.co' into ¿Cuál es tu correo electrónico?, jhon enters 'QA 2' into ¿Cuales son tus apellidos?, jhon enters 'TEST 2' into ¿Cual es tu telefono fijo?, jhon enters '3.000000001E9' into Ingresa tu numero celular, jhon enters '3.000000001E9' into Seleccionar el tipo de documento, jhon clicks on Continuar, jhon enters 'Soacha' into Ciudad, jhon clicks on Lista de ciudades, jhon enters 'Cl 15 # 19 a – 159' into Direccion, jhon clicks on Buscar la dirección, jhon enters 'Armonia IV' into Datos adicionales, jhon clicks on Continuar ubicación servicio, jhon enters 'Reparación' into ¿Qué tipo de servicio solicitas?, jhon clicks on ¿Qué tipo de servicio solicitas? Lista, jhon enters 'CALENTADOR DE PASO 10 LTS. GAS NATURAL' into ¿Cuál es el producto?, jhon clicks on ¿Cuál es el producto? Lista, jhon enters 'BOTA AGUA' into ¿Cuál es el motivo de la reparación?, jhon clicks on ¿Cuál es el motivo de la reparación? Lista, jhon enters 'QA AUTOMOTION' into observaciones, jhon clicks on Rango AM, jhon enters '1.012439357E9' into Rango PM, jhon clicks on Fecha, jhon clicks on Confirmar Fecha seleccionada, jhon clicks on Programar, jhon clicks on Finalizar Orden de servicio, jhon clicks on Heabeas Data, jhon clicks on Seleccionar el tipo de documento, Jhon seleccionar tipo documento, jhon enters '8.300675571E9' into Seleccionar el tipo de documento, jhon enters 'jhon.quinones@infotrack.com.co' into ¿Cuál es tu correo electrónico?, jhon enters 'Test Automotion11' into Ingresa tu nombre, jhon enters '3.000000002E9' into Ingresa tu numero celular, jhon enters '3.000000002E9' into Seleccionar el tipo de documento, jhon clicks on Continuar, jhon enters 'Bogota' into Ciudad, jhon clicks on Lista de ciudades, jhon enters 'Av. Carrera 86 # 55A - 75 Engativá' into Direccion, jhon clicks on Buscar la dirección, jhon enters 'Bogota' into Datos adicionales, jhon clicks on Continuar ubicación servicio, jhon enters 'Garantia' into ¿Qué tipo de servicio solicitas?, jhon clicks on ¿Qué tipo de servicio solicitas? Lista, jhon enters 'ESTUFA A GAS 4 PUESTOS E/E 120V NEGRA' into ¿Cuál es el producto?, jhon clicks on ¿Cuál es el producto? Lista, jhon enters 'AHUMA' into ¿Cuál es el motivo de la reparación?, jhon clicks on ¿Cuál es el motivo de la reparación? Lista, jhon enters 'QA AUTOMOTION' into observaciones]]
[Test worker] WARN net.thucydides.core.steps.BaseStepListener - stepStarted: net.thucydides.core.steps.ExecutedStepDescription@472719df
[Test worker] WARN net.thucydides.core.steps.BaseStepListener - stepFinished: current outcome:Proceso Autogestion - Agendamiento de servicios:Dado el usuario final cuando desee crear o agendar una orden de servicio [Jhon abrir pagina [jhon opens the Object abrir pagina]], Cuando Crea la orden de servicio [Jhon autogestion [jhon clicks on Heabeas Data, jhon clicks on Seleccionar el tipo de documento, Jhon seleccionar tipo documento, jhon enters '8.300675571E9' into Seleccionar el tipo de documento, jhon enters 'jhon.quinones@infotrack.com.co' into ¿Cuál es tu correo electrónico?, jhon enters 'Test Automotion9' into Ingresa tu nombre, jhon enters '3.0E9' into Ingresa tu numero celular, jhon enters '3.0E9' into Seleccionar el tipo de documento, jhon clicks on Continuar, jhon enters 'Bogota' into Ciudad, jhon clicks on Lista de ciudades, jhon enters 'Av. C. 127' into Direccion, jhon clicks on Buscar la dirección, jhon enters 'Norte' into Datos adicionales, jhon clicks on Continuar ubicación servicio, jhon enters 'Garantia' into ¿Qué tipo de servicio solicitas?, jhon clicks on ¿Qué tipo de servicio solicitas? Lista, jhon enters 'NEVERA 5.3 PIES ALMENDRA' into ¿Cuál es el producto?, jhon clicks on ¿Cuál es el producto? Lista, jhon enters 'BOTA AGUA' into ¿Cuál es el motivo de la reparación?, jhon clicks on ¿Cuál es el motivo de la reparación? Lista, jhon enters 'QA AUTOMOTION' into observaciones, jhon clicks on Rango AM, jhon enters '1.012439364E9' into Rango PM, jhon clicks on Fecha, jhon clicks on Confirmar Fecha seleccionada, jhon clicks on Programar, jhon clicks on Finalizar Orden de servicio, jhon clicks on Heabeas Data, jhon clicks on Seleccionar el tipo de documento, Jhon seleccionar tipo documento, jhon enters '1.012439357E9' into Seleccionar el tipo de documento, jhon enters 'jhon.quinones@infotrack.com.co' into ¿Cuál es tu correo electrónico?, jhon enters 'QA 2' into ¿Cuales son tus apellidos?, jhon enters 'TEST 2' into ¿Cual es tu telefono fijo?, jhon enters '3.000000001E9' into Ingresa tu numero celular, jhon enters '3.000000001E9' into Seleccionar el tipo de documento, jhon clicks on Continuar, jhon enters 'Soacha' into Ciudad, jhon clicks on Lista de ciudades, jhon enters 'Cl 15 # 19 a – 159' into Direccion, jhon clicks on Buscar la dirección, jhon enters 'Armonia IV' into Datos adicionales, jhon clicks on Continuar ubicación servicio, jhon enters 'Reparación' into ¿Qué tipo de servicio solicitas?, jhon clicks on ¿Qué tipo de servicio solicitas? Lista, jhon enters 'CALENTADOR DE PASO 10 LTS. GAS NATURAL' into ¿Cuál es el producto?, jhon clicks on ¿Cuál es el producto? Lista, jhon enters 'BOTA AGUA' into ¿Cuál es el motivo de la reparación?, jhon clicks on ¿Cuál es el motivo de la reparación? Lista, jhon enters 'QA AUTOMOTION' into observaciones, jhon clicks on Rango AM, jhon enters '1.012439357E9' into Rango PM, jhon clicks on Fecha, jhon clicks on Confirmar Fecha seleccionada, jhon clicks on Programar, jhon clicks on Finalizar Orden de servicio, jhon clicks on Heabeas Data, jhon clicks on Seleccionar el tipo de documento, Jhon seleccionar tipo documento, jhon enters '8.300675571E9' into Seleccionar el tipo de documento, jhon enters 'jhon.quinones@infotrack.com.co' into ¿Cuál es tu correo electrónico?, jhon enters 'Test Automotion11' into Ingresa tu nombre, jhon enters '3.000000002E9' into Ingresa tu numero celular, jhon enters '3.000000002E9' into Seleccionar el tipo de documento, jhon clicks on Continuar, jhon enters 'Bogota' into Ciudad, jhon clicks on Lista de ciudades, jhon enters 'Av. Carrera 86 # 55A - 75 Engativá' into Direccion, jhon clicks on Buscar la dirección, jhon enters 'Bogota' into Datos adicionales, jhon clicks on Continuar ubicación servicio, jhon enters 'Garantia' into ¿Qué tipo de servicio solicitas?, jhon clicks on ¿Qué tipo de servicio solicitas? Lista, jhon enters 'ESTUFA A GAS 4 PUESTOS E/E 120V NEGRA' into ¿Cuál es el producto?, jhon clicks on ¿Cuál es el producto? Lista, jhon enters 'AHUMA' into ¿Cuál es el motivo de la reparación?, jhon clicks on ¿Cuál es el motivo de la reparación? Lista, jhon enters 'QA AUTOMOTION' into observaciones, jhon clicks on Rango AM]]
[Test worker] WARN net.thucydides.core.steps.BaseStepListener - stepStarted: net.thucydides.core.steps.ExecutedStepDescription@474619d9
[Test worker] WARN net.thucydides.core.steps.BaseStepListener - stepFinished: current outcome:Proceso Autogestion - Agendamiento de servicios:Dado el usuario final cuando desee crear o agendar una orden de servicio [Jhon abrir pagina [jhon opens the Object abrir pagina]], Cuando Crea la orden de servicio [Jhon autogestion [jhon clicks on Heabeas Data, jhon clicks on Seleccionar el tipo de documento, Jhon seleccionar tipo documento, jhon enters '8.300675571E9' into Seleccionar el tipo de documento, jhon enters 'jhon.quinones@infotrack.com.co' into ¿Cuál es tu correo electrónico?, jhon enters 'Test Automotion9' into Ingresa tu nombre, jhon enters '3.0E9' into Ingresa tu numero celular, jhon enters '3.0E9' into Seleccionar el tipo de documento, jhon clicks on Continuar, jhon enters 'Bogota' into Ciudad, jhon clicks on Lista de ciudades, jhon enters 'Av. C. 127' into Direccion, jhon clicks on Buscar la dirección, jhon enters 'Norte' into Datos adicionales, jhon clicks on Continuar ubicación servicio, jhon enters 'Garantia' into ¿Qué tipo de servicio solicitas?, jhon clicks on ¿Qué tipo de servicio solicitas? Lista, jhon enters 'NEVERA 5.3 PIES ALMENDRA' into ¿Cuál es el producto?, jhon clicks on ¿Cuál es el producto? Lista, jhon enters 'BOTA AGUA' into ¿Cuál es el motivo de la reparación?, jhon clicks on ¿Cuál es el motivo de la reparación? Lista, jhon enters 'QA AUTOMOTION' into observaciones, jhon clicks on Rango AM, jhon enters '1.012439364E9' into Rango PM, jhon clicks on Fecha, jhon clicks on Confirmar Fecha seleccionada, jhon clicks on Programar, jhon clicks on Finalizar Orden de servicio, jhon clicks on Heabeas Data, jhon clicks on Seleccionar el tipo de documento, Jhon seleccionar tipo documento, jhon enters '1.012439357E9' into Seleccionar el tipo de documento, jhon enters 'jhon.quinones@infotrack.com.co' into ¿Cuál es tu correo electrónico?, jhon enters 'QA 2' into ¿Cuales son tus apellidos?, jhon enters 'TEST 2' into ¿Cual es tu telefono fijo?, jhon enters '3.000000001E9' into Ingresa tu numero celular, jhon enters '3.000000001E9' into Seleccionar el tipo de documento, jhon clicks on Continuar, jhon enters 'Soacha' into Ciudad, jhon clicks on Lista de ciudades, jhon enters 'Cl 15 # 19 a – 159' into Direccion, jhon clicks on Buscar la dirección, jhon enters 'Armonia IV' into Datos adicionales, jhon clicks on Continuar ubicación servicio, jhon enters 'Reparación' into ¿Qué tipo de servicio solicitas?, jhon clicks on ¿Qué tipo de servicio solicitas? Lista, jhon enters 'CALENTADOR DE PASO 10 LTS. GAS NATURAL' into ¿Cuál es el producto?, jhon clicks on ¿Cuál es el producto? Lista, jhon enters 'BOTA AGUA' into ¿Cuál es el motivo de la reparación?, jhon clicks on ¿Cuál es el motivo de la reparación? Lista, jhon enters 'QA AUTOMOTION' into observaciones, jhon clicks on Rango AM, jhon enters '1.012439357E9' into Rango PM, jhon clicks on Fecha, jhon clicks on Confirmar Fecha seleccionada, jhon clicks on Programar, jhon clicks on Finalizar Orden de servicio, jhon clicks on Heabeas Data, jhon clicks on Seleccionar el tipo de documento, Jhon seleccionar tipo documento, jhon enters '8.300675571E9' into Seleccionar el tipo de documento, jhon enters 'jhon.quinones@infotrack.com.co' into ¿Cuál es tu correo electrónico?, jhon enters 'Test Automotion11' into Ingresa tu nombre, jhon enters '3.000000002E9' into Ingresa tu numero celular, jhon enters '3.000000002E9' into Seleccionar el tipo de documento, jhon clicks on Continuar, jhon enters 'Bogota' into Ciudad, jhon clicks on Lista de ciudades, jhon enters 'Av. Carrera 86 # 55A - 75 Engativá' into Direccion, jhon clicks on Buscar la dirección, jhon enters 'Bogota' into Datos adicionales, jhon clicks on Continuar ubicación servicio, jhon enters 'Garantia' into ¿Qué tipo de servicio solicitas?, jhon clicks on ¿Qué tipo de servicio solicitas? Lista, jhon enters 'ESTUFA A GAS 4 PUESTOS E/E 120V NEGRA' into ¿Cuál es el producto?, jhon clicks on ¿Cuál es el producto? Lista, jhon enters 'AHUMA' into ¿Cuál es el motivo de la reparación?, jhon clicks on ¿Cuál es el motivo de la reparación? Lista, jhon enters 'QA AUTOMOTION' into observaciones, jhon clicks on Rango AM, jhon enters '1.012439358E9' into Rango PM]]
[Test worker] WARN net.thucydides.core.steps.BaseStepListener - stepStarted: net.thucydides.core.steps.ExecutedStepDescription@fbe8fd3
[Test worker] WARN net.thucydides.core.steps.BaseStepListener - stepFinished: current outcome:Proceso Autogestion - Agendamiento de servicios:Dado el usuario final cuando desee crear o agendar una orden de servicio [Jhon abrir pagina [jhon opens the Object abrir pagina]], Cuando Crea la orden de servicio [Jhon autogestion [jhon clicks on Heabeas Data, jhon clicks on Seleccionar el tipo de documento, Jhon seleccionar tipo documento, jhon enters '8.300675571E9' into Seleccionar el tipo de documento, jhon enters 'jhon.quinones@infotrack.com.co' into ¿Cuál es tu correo electrónico?, jhon enters 'Test Automotion9' into Ingresa tu nombre, jhon enters '3.0E9' into Ingresa tu numero celular, jhon enters '3.0E9' into Seleccionar el tipo de documento, jhon clicks on Continuar, jhon enters 'Bogota' into Ciudad, jhon clicks on Lista de ciudades, jhon enters 'Av. C. 127' into Direccion, jhon clicks on Buscar la dirección, jhon enters 'Norte' into Datos adicionales, jhon clicks on Continuar ubicación servicio, jhon enters 'Garantia' into ¿Qué tipo de servicio solicitas?, jhon clicks on ¿Qué tipo de servicio solicitas? Lista, jhon enters 'NEVERA 5.3 PIES ALMENDRA' into ¿Cuál es el producto?, jhon clicks on ¿Cuál es el producto? Lista, jhon enters 'BOTA AGUA' into ¿Cuál es el motivo de la reparación?, jhon clicks on ¿Cuál es el motivo de la reparación? Lista, jhon enters 'QA AUTOMOTION' into observaciones, jhon clicks on Rango AM, jhon enters '1.012439364E9' into Rango PM, jhon clicks on Fecha, jhon clicks on Confirmar Fecha seleccionada, jhon clicks on Programar, jhon clicks on Finalizar Orden de servicio, jhon clicks on Heabeas Data, jhon clicks on Seleccionar el tipo de documento, Jhon seleccionar tipo documento, jhon enters '1.012439357E9' into Seleccionar el tipo de documento, jhon enters 'jhon.quinones@infotrack.com.co' into ¿Cuál es tu correo electrónico?, jhon enters 'QA 2' into ¿Cuales son tus apellidos?, jhon enters 'TEST 2' into ¿Cual es tu telefono fijo?, jhon enters '3.000000001E9' into Ingresa tu numero celular, jhon enters '3.000000001E9' into Seleccionar el tipo de documento, jhon clicks on Continuar, jhon enters 'Soacha' into Ciudad, jhon clicks on Lista de ciudades, jhon enters 'Cl 15 # 19 a – 159' into Direccion, jhon clicks on Buscar la dirección, jhon enters 'Armonia IV' into Datos adicionales, jhon clicks on Continuar ubicación servicio, jhon enters 'Reparación' into ¿Qué tipo de servicio solicitas?, jhon clicks on ¿Qué tipo de servicio solicitas? Lista, jhon enters 'CALENTADOR DE PASO 10 LTS. GAS NATURAL' into ¿Cuál es el producto?, jhon clicks on ¿Cuál es el producto? Lista, jhon enters 'BOTA AGUA' into ¿Cuál es el motivo de la reparación?, jhon clicks on ¿Cuál es el motivo de la reparación? Lista, jhon enters 'QA AUTOMOTION' into observaciones, jhon clicks on Rango AM, jhon enters '1.012439357E9' into Rango PM, jhon clicks on Fecha, jhon clicks on Confirmar Fecha seleccionada, jhon clicks on Programar, jhon clicks on Finalizar Orden de servicio, jhon clicks on Heabeas Data, jhon clicks on Seleccionar el tipo de documento, Jhon seleccionar tipo documento, jhon enters '8.300675571E9' into Seleccionar el tipo de documento, jhon enters 'jhon.quinones@infotrack.com.co' into ¿Cuál es tu correo electrónico?, jhon enters 'Test Automotion11' into Ingresa tu nombre, jhon enters '3.000000002E9' into Ingresa tu numero celular, jhon enters '3.000000002E9' into Seleccionar el tipo de documento, jhon clicks on Continuar, jhon enters 'Bogota' into Ciudad, jhon clicks on Lista de ciudades, jhon enters 'Av. Carrera 86 # 55A - 75 Engativá' into Direccion, jhon clicks on Buscar la dirección, jhon enters 'Bogota' into Datos adicionales, jhon clicks on Continuar ubicación servicio, jhon enters 'Garantia' into ¿Qué tipo de servicio solicitas?, jhon clicks on ¿Qué tipo de servicio solicitas? Lista, jhon enters 'ESTUFA A GAS 4 PUESTOS E/E 120V NEGRA' into ¿Cuál es el producto?, jhon clicks on ¿Cuál es el producto? Lista, jhon enters 'AHUMA' into ¿Cuál es el motivo de la reparación?, jhon clicks on ¿Cuál es el motivo de la reparación? Lista, jhon enters 'QA AUTOMOTION' into observaciones, jhon clicks on Rango AM, jhon enters '1.012439358E9' into Rango PM, jhon clicks on Fecha]]
[Test worker] WARN net.thucydides.core.steps.BaseStepListener - stepStarted: net.thucydides.core.steps.ExecutedStepDescription@4746fb8c
[Test worker] WARN net.thucydides.core.steps.BaseStepListener - stepFinished: current outcome:Proceso Autogestion - Agendamiento de servicios:Dado el usuario final cuando desee crear o agendar una orden de servicio [Jhon abrir pagina [jhon opens the Object abrir pagina]], Cuando Crea la orden de servicio [Jhon autogestion [jhon clicks on Heabeas Data, jhon clicks on Seleccionar el tipo de documento, Jhon seleccionar tipo documento, jhon enters '8.300675571E9' into Seleccionar el tipo de documento, jhon enters 'jhon.quinones@infotrack.com.co' into ¿Cuál es tu correo electrónico?, jhon enters 'Test Automotion9' into Ingresa tu nombre, jhon enters '3.0E9' into Ingresa tu numero celular, jhon enters '3.0E9' into Seleccionar el tipo de documento, jhon clicks on Continuar, jhon enters 'Bogota' into Ciudad, jhon clicks on Lista de ciudades, jhon enters 'Av. C. 127' into Direccion, jhon clicks on Buscar la dirección, jhon enters 'Norte' into Datos adicionales, jhon clicks on Continuar ubicación servicio, jhon enters 'Garantia' into ¿Qué tipo de servicio solicitas?, jhon clicks on ¿Qué tipo de servicio solicitas? Lista, jhon enters 'NEVERA 5.3 PIES ALMENDRA' into ¿Cuál es el producto?, jhon clicks on ¿Cuál es el producto? Lista, jhon enters 'BOTA AGUA' into ¿Cuál es el motivo de la reparación?, jhon clicks on ¿Cuál es el motivo de la reparación? Lista, jhon enters 'QA AUTOMOTION' into observaciones, jhon clicks on Rango AM, jhon enters '1.012439364E9' into Rango PM, jhon clicks on Fecha, jhon clicks on Confirmar Fecha seleccionada, jhon clicks on Programar, jhon clicks on Finalizar Orden de servicio, jhon clicks on Heabeas Data, jhon clicks on Seleccionar el tipo de documento, Jhon seleccionar tipo documento, jhon enters '1.012439357E9' into Seleccionar el tipo de documento, jhon enters 'jhon.quinones@infotrack.com.co' into ¿Cuál es tu correo electrónico?, jhon enters 'QA 2' into ¿Cuales son tus apellidos?, jhon enters 'TEST 2' into ¿Cual es tu telefono fijo?, jhon enters '3.000000001E9' into Ingresa tu numero celular, jhon enters '3.000000001E9' into Seleccionar el tipo de documento, jhon clicks on Continuar, jhon enters 'Soacha' into Ciudad, jhon clicks on Lista de ciudades, jhon enters 'Cl 15 # 19 a – 159' into Direccion, jhon clicks on Buscar la dirección, jhon enters 'Armonia IV' into Datos adicionales, jhon clicks on Continuar ubicación servicio, jhon enters 'Reparación' into ¿Qué tipo de servicio solicitas?, jhon clicks on ¿Qué tipo de servicio solicitas? Lista, jhon enters 'CALENTADOR DE PASO 10 LTS. GAS NATURAL' into ¿Cuál es el producto?, jhon clicks on ¿Cuál es el producto? Lista, jhon enters 'BOTA AGUA' into ¿Cuál es el motivo de la reparación?, jhon clicks on ¿Cuál es el motivo de la reparación? Lista, jhon enters 'QA AUTOMOTION' into observaciones, jhon clicks on Rango AM, jhon enters '1.012439357E9' into Rango PM, jhon clicks on Fecha, jhon clicks on Confirmar Fecha seleccionada, jhon clicks on Programar, jhon clicks on Finalizar Orden de servicio, jhon clicks on Heabeas Data, jhon clicks on Seleccionar el tipo de documento, Jhon seleccionar tipo documento, jhon enters '8.300675571E9' into Seleccionar el tipo de documento, jhon enters 'jhon.quinones@infotrack.com.co' into ¿Cuál es tu correo electrónico?, jhon enters 'Test Automotion11' into Ingresa tu nombre, jhon enters '3.000000002E9' into Ingresa tu numero celular, jhon enters '3.000000002E9' into Seleccionar el tipo de documento, jhon clicks on Continuar, jhon enters 'Bogota' into Ciudad, jhon clicks on Lista de ciudades, jhon enters 'Av. Carrera 86 # 55A - 75 Engativá' into Direccion, jhon clicks on Buscar la dirección, jhon enters 'Bogota' into Datos adicionales, jhon clicks on Continuar ubicación servicio, jhon enters 'Garantia' into ¿Qué tipo de servicio solicitas?, jhon clicks on ¿Qué tipo de servicio solicitas? Lista, jhon enters 'ESTUFA A GAS 4 PUESTOS E/E 120V NEGRA' into ¿Cuál es el producto?, jhon clicks on ¿Cuál es el producto? Lista, jhon enters 'AHUMA' into ¿Cuál es el motivo de la reparación?, jhon clicks on ¿Cuál es el motivo de la reparación? Lista, jhon enters 'QA AUTOMOTION' into observaciones, jhon clicks on Rango AM, jhon enters '1.012439358E9' into Rango PM, jhon clicks on Fecha, jhon clicks on Confirmar Fecha seleccionada]]
[Test worker] WARN net.thucydides.core.steps.BaseStepListener - stepStarted: net.thucydides.core.steps.ExecutedStepDescription@1ab9c735
[Test worker] WARN net.thucydides.core.steps.BaseStepListener - stepFinished: current outcome:Proceso Autogestion - Agendamiento de servicios:Dado el usuario final cuando desee crear o agendar una orden de servicio [Jhon abrir pagina [jhon opens the Object abrir pagina]], Cuando Crea la orden de servicio [Jhon autogestion [jhon clicks on Heabeas Data, jhon clicks on Seleccionar el tipo de documento, Jhon seleccionar tipo documento, jhon enters '8.300675571E9' into Seleccionar el tipo de documento, jhon enters 'jhon.quinones@infotrack.com.co' into ¿Cuál es tu correo electrónico?, jhon enters 'Test Automotion9' into Ingresa tu nombre, jhon enters '3.0E9' into Ingresa tu numero celular, jhon enters '3.0E9' into Seleccionar el tipo de documento, jhon clicks on Continuar, jhon enters 'Bogota' into Ciudad, jhon clicks on Lista de ciudades, jhon enters 'Av. C. 127' into Direccion, jhon clicks on Buscar la dirección, jhon enters 'Norte' into Datos adicionales, jhon clicks on Continuar ubicación servicio, jhon enters 'Garantia' into ¿Qué tipo de servicio solicitas?, jhon clicks on ¿Qué tipo de servicio solicitas? Lista, jhon enters 'NEVERA 5.3 PIES ALMENDRA' into ¿Cuál es el producto?, jhon clicks on ¿Cuál es el producto? Lista, jhon enters 'BOTA AGUA' into ¿Cuál es el motivo de la reparación?, jhon clicks on ¿Cuál es el motivo de la reparación? Lista, jhon enters 'QA AUTOMOTION' into observaciones, jhon clicks on Rango AM, jhon enters '1.012439364E9' into Rango PM, jhon clicks on Fecha, jhon clicks on Confirmar Fecha seleccionada, jhon clicks on Programar, jhon clicks on Finalizar Orden de servicio, jhon clicks on Heabeas Data, jhon clicks on Seleccionar el tipo de documento, Jhon seleccionar tipo documento, jhon enters '1.012439357E9' into Seleccionar el tipo de documento, jhon enters 'jhon.quinones@infotrack.com.co' into ¿Cuál es tu correo electrónico?, jhon enters 'QA 2' into ¿Cuales son tus apellidos?, jhon enters 'TEST 2' into ¿Cual es tu telefono fijo?, jhon enters '3.000000001E9' into Ingresa tu numero celular, jhon enters '3.000000001E9' into Seleccionar el tipo de documento, jhon clicks on Continuar, jhon enters 'Soacha' into Ciudad, jhon clicks on Lista de ciudades, jhon enters 'Cl 15 # 19 a – 159' into Direccion, jhon clicks on Buscar la dirección, jhon enters 'Armonia IV' into Datos adicionales, jhon clicks on Continuar ubicación servicio, jhon enters 'Reparación' into ¿Qué tipo de servicio solicitas?, jhon clicks on ¿Qué tipo de servicio solicitas? Lista, jhon enters 'CALENTADOR DE PASO 10 LTS. GAS NATURAL' into ¿Cuál es el producto?, jhon clicks on ¿Cuál es el producto? Lista, jhon enters 'BOTA AGUA' into ¿Cuál es el motivo de la reparación?, jhon clicks on ¿Cuál es el motivo de la reparación? Lista, jhon enters 'QA AUTOMOTION' into observaciones, jhon clicks on Rango AM, jhon enters '1.012439357E9' into Rango PM, jhon clicks on Fecha, jhon clicks on Confirmar Fecha seleccionada, jhon clicks on Programar, jhon clicks on Finalizar Orden de servicio, jhon clicks on Heabeas Data, jhon clicks on Seleccionar el tipo de documento, Jhon seleccionar tipo documento, jhon enters '8.300675571E9' into Seleccionar el tipo de documento, jhon enters 'jhon.quinones@infotrack.com.co' into ¿Cuál es tu correo electrónico?, jhon enters 'Test Automotion11' into Ingresa tu nombre, jhon enters '3.000000002E9' into Ingresa tu numero celular, jhon enters '3.000000002E9' into Seleccionar el tipo de documento, jhon clicks on Continuar, jhon enters 'Bogota' into Ciudad, jhon clicks on Lista de ciudades, jhon enters 'Av. Carrera 86 # 55A - 75 Engativá' into Direccion, jhon clicks on Buscar la dirección, jhon enters 'Bogota' into Datos adicionales, jhon clicks on Continuar ubicación servicio, jhon enters 'Garantia' into ¿Qué tipo de servicio solicitas?, jhon clicks on ¿Qué tipo de servicio solicitas? Lista, jhon enters 'ESTUFA A GAS 4 PUESTOS E/E 120V NEGRA' into ¿Cuál es el producto?, jhon clicks on ¿Cuál es el producto? Lista, jhon enters 'AHUMA' into ¿Cuál es el motivo de la reparación?, jhon clicks on ¿Cuál es el motivo de la reparación? Lista, jhon enters 'QA AUTOMOTION' into observaciones, jhon clicks on Rango AM, jhon enters '1.012439358E9' into Rango PM, jhon clicks on Fecha, jhon clicks on Confirmar Fecha seleccionada, jhon clicks on Programar]]
[Test worker] WARN net.thucydides.core.steps.BaseStepListener - stepStarted: net.thucydides.core.steps.ExecutedStepDescription@688d2a5d
[Test worker] WARN net.thucydides.core.steps.BaseStepListener - stepFinished: current outcome:Proceso Autogestion - Agendamiento de servicios:Dado el usuario final cuando desee crear o agendar una orden de servicio [Jhon abrir pagina [jhon opens the Object abrir pagina]], Cuando Crea la orden de servicio [Jhon autogestion [jhon clicks on Heabeas Data, jhon clicks on Seleccionar el tipo de documento, Jhon seleccionar tipo documento, jhon enters '8.300675571E9' into Seleccionar el tipo de documento, jhon enters 'jhon.quinones@infotrack.com.co' into ¿Cuál es tu correo electrónico?, jhon enters 'Test Automotion9' into Ingresa tu nombre, jhon enters '3.0E9' into Ingresa tu numero celular, jhon enters '3.0E9' into Seleccionar el tipo de documento, jhon clicks on Continuar, jhon enters 'Bogota' into Ciudad, jhon clicks on Lista de ciudades, jhon enters 'Av. C. 127' into Direccion, jhon clicks on Buscar la dirección, jhon enters 'Norte' into Datos adicionales, jhon clicks on Continuar ubicación servicio, jhon enters 'Garantia' into ¿Qué tipo de servicio solicitas?, jhon clicks on ¿Qué tipo de servicio solicitas? Lista, jhon enters 'NEVERA 5.3 PIES ALMENDRA' into ¿Cuál es el producto?, jhon clicks on ¿Cuál es el producto? Lista, jhon enters 'BOTA AGUA' into ¿Cuál es el motivo de la reparación?, jhon clicks on ¿Cuál es el motivo de la reparación? Lista, jhon enters 'QA AUTOMOTION' into observaciones, jhon clicks on Rango AM, jhon enters '1.012439364E9' into Rango PM, jhon clicks on Fecha, jhon clicks on Confirmar Fecha seleccionada, jhon clicks on Programar, jhon clicks on Finalizar Orden de servicio, jhon clicks on Heabeas Data, jhon clicks on Seleccionar el tipo de documento, Jhon seleccionar tipo documento, jhon enters '1.012439357E9' into Seleccionar el tipo de documento, jhon enters 'jhon.quinones@infotrack.com.co' into ¿Cuál es tu correo electrónico?, jhon enters 'QA 2' into ¿Cuales son tus apellidos?, jhon enters 'TEST 2' into ¿Cual es tu telefono fijo?, jhon enters '3.000000001E9' into Ingresa tu numero celular, jhon enters '3.000000001E9' into Seleccionar el tipo de documento, jhon clicks on Continuar, jhon enters 'Soacha' into Ciudad, jhon clicks on Lista de ciudades, jhon enters 'Cl 15 # 19 a – 159' into Direccion, jhon clicks on Buscar la dirección, jhon enters 'Armonia IV' into Datos adicionales, jhon clicks on Continuar ubicación servicio, jhon enters 'Reparación' into ¿Qué tipo de servicio solicitas?, jhon clicks on ¿Qué tipo de servicio solicitas? Lista, jhon enters 'CALENTADOR DE PASO 10 LTS. GAS NATURAL' into ¿Cuál es el producto?, jhon clicks on ¿Cuál es el producto? Lista, jhon enters 'BOTA AGUA' into ¿Cuál es el motivo de la reparación?, jhon clicks on ¿Cuál es el motivo de la reparación? Lista, jhon enters 'QA AUTOMOTION' into observaciones, jhon clicks on Rango AM, jhon enters '1.012439357E9' into Rango PM, jhon clicks on Fecha, jhon clicks on Confirmar Fecha seleccionada, jhon clicks on Programar, jhon clicks on Finalizar Orden de servicio, jhon clicks on Heabeas Data, jhon clicks on Seleccionar el tipo de documento, Jhon seleccionar tipo documento, jhon enters '8.300675571E9' into Seleccionar el tipo de documento, jhon enters 'jhon.quinones@infotrack.com.co' into ¿Cuál es tu correo electrónico?, jhon enters 'Test Automotion11' into Ingresa tu nombre, jhon enters '3.000000002E9' into Ingresa tu numero celular, jhon enters '3.000000002E9' into Seleccionar el tipo de documento, jhon clicks on Continuar, jhon enters 'Bogota' into Ciudad, jhon clicks on Lista de ciudades, jhon enters 'Av. Carrera 86 # 55A - 75 Engativá' into Direccion, jhon clicks on Buscar la dirección, jhon enters 'Bogota' into Datos adicionales, jhon clicks on Continuar ubicación servicio, jhon enters 'Garantia' into ¿Qué tipo de servicio solicitas?, jhon clicks on ¿Qué tipo de servicio solicitas? Lista, jhon enters 'ESTUFA A GAS 4 PUESTOS E/E 120V NEGRA' into ¿Cuál es el producto?, jhon clicks on ¿Cuál es el producto? Lista, jhon enters 'AHUMA' into ¿Cuál es el motivo de la reparación?, jhon clicks on ¿Cuál es el motivo de la reparación? Lista, jhon enters 'QA AUTOMOTION' into observaciones, jhon clicks on Rango AM, jhon enters '1.012439358E9' into Rango PM, jhon clicks on Fecha, jhon clicks on Confirmar Fecha seleccionada, jhon clicks on Programar, jhon clicks on Finalizar Orden de servicio]]
[Test worker] WARN net.thucydides.core.steps.BaseStepListener - stepStarted: net.thucydides.core.steps.ExecutedStepDescription@79ec57b8
[Test worker] WARN net.thucydides.core.steps.BaseStepListener - stepFinished: current outcome:Proceso Autogestion - Agendamiento de servicios:Dado el usuario final cuando desee crear o agendar una orden de servicio [Jhon abrir pagina [jhon opens the Object abrir pagina]], Cuando Crea la orden de servicio [Jhon autogestion [jhon clicks on Heabeas Data, jhon clicks on Seleccionar el tipo de documento, Jhon seleccionar tipo documento, jhon enters '8.300675571E9' into Seleccionar el tipo de documento, jhon enters 'jhon.quinones@infotrack.com.co' into ¿Cuál es tu correo electrónico?, jhon enters 'Test Automotion9' into Ingresa tu nombre, jhon enters '3.0E9' into Ingresa tu numero celular, jhon enters '3.0E9' into Seleccionar el tipo de documento, jhon clicks on Continuar, jhon enters 'Bogota' into Ciudad, jhon clicks on Lista de ciudades, jhon enters 'Av. C. 127' into Direccion, jhon clicks on Buscar la dirección, jhon enters 'Norte' into Datos adicionales, jhon clicks on Continuar ubicación servicio, jhon enters 'Garantia' into ¿Qué tipo de servicio solicitas?, jhon clicks on ¿Qué tipo de servicio solicitas? Lista, jhon enters 'NEVERA 5.3 PIES ALMENDRA' into ¿Cuál es el producto?, jhon clicks on ¿Cuál es el producto? Lista, jhon enters 'BOTA AGUA' into ¿Cuál es el motivo de la reparación?, jhon clicks on ¿Cuál es el motivo de la reparación? Lista, jhon enters 'QA AUTOMOTION' into observaciones, jhon clicks on Rango AM, jhon enters '1.012439364E9' into Rango PM, jhon clicks on Fecha, jhon clicks on Confirmar Fecha seleccionada, jhon clicks on Programar, jhon clicks on Finalizar Orden de servicio, jhon clicks on Heabeas Data, jhon clicks on Seleccionar el tipo de documento, Jhon seleccionar tipo documento, jhon enters '1.012439357E9' into Seleccionar el tipo de documento, jhon enters 'jhon.quinones@infotrack.com.co' into ¿Cuál es tu correo electrónico?, jhon enters 'QA 2' into ¿Cuales son tus apellidos?, jhon enters 'TEST 2' into ¿Cual es tu telefono fijo?, jhon enters '3.000000001E9' into Ingresa tu numero celular, jhon enters '3.000000001E9' into Seleccionar el tipo de documento, jhon clicks on Continuar, jhon enters 'Soacha' into Ciudad, jhon clicks on Lista de ciudades, jhon enters 'Cl 15 # 19 a – 159' into Direccion, jhon clicks on Buscar la dirección, jhon enters 'Armonia IV' into Datos adicionales, jhon clicks on Continuar ubicación servicio, jhon enters 'Reparación' into ¿Qué tipo de servicio solicitas?, jhon clicks on ¿Qué tipo de servicio solicitas? Lista, jhon enters 'CALENTADOR DE PASO 10 LTS. GAS NATURAL' into ¿Cuál es el producto?, jhon clicks on ¿Cuál es el producto? Lista, jhon enters 'BOTA AGUA' into ¿Cuál es el motivo de la reparación?, jhon clicks on ¿Cuál es el motivo de la reparación? Lista, jhon enters 'QA AUTOMOTION' into observaciones, jhon clicks on Rango AM, jhon enters '1.012439357E9' into Rango PM, jhon clicks on Fecha, jhon clicks on Confirmar Fecha seleccionada, jhon clicks on Programar, jhon clicks on Finalizar Orden de servicio, jhon clicks on Heabeas Data, jhon clicks on Seleccionar el tipo de documento, Jhon seleccionar tipo documento, jhon enters '8.300675571E9' into Seleccionar el tipo de documento, jhon enters 'jhon.quinones@infotrack.com.co' into ¿Cuál es tu correo electrónico?, jhon enters 'Test Automotion11' into Ingresa tu nombre, jhon enters '3.000000002E9' into Ingresa tu numero celular, jhon enters '3.000000002E9' into Seleccionar el tipo de documento, jhon clicks on Continuar, jhon enters 'Bogota' into Ciudad, jhon clicks on Lista de ciudades, jhon enters 'Av. Carrera 86 # 55A - 75 Engativá' into Direccion, jhon clicks on Buscar la dirección, jhon enters 'Bogota' into Datos adicionales, jhon clicks on Continuar ubicación servicio, jhon enters 'Garantia' into ¿Qué tipo de servicio solicitas?, jhon clicks on ¿Qué tipo de servicio solicitas? Lista, jhon enters 'ESTUFA A GAS 4 PUESTOS E/E 120V NEGRA' into ¿Cuál es el producto?, jhon clicks on ¿Cuál es el producto? Lista, jhon enters 'AHUMA' into ¿Cuál es el motivo de la reparación?, jhon clicks on ¿Cuál es el motivo de la reparación? Lista, jhon enters 'QA AUTOMOTION' into observaciones, jhon clicks on Rango AM, jhon enters '1.012439358E9' into Rango PM, jhon clicks on Fecha, jhon clicks on Confirmar Fecha seleccionada, jhon clicks on Programar, jhon clicks on Finalizar Orden de servicio, jhon clicks on Heabeas Data]]
[Test worker] WARN net.thucydides.core.steps.BaseStepListener - stepStarted: net.thucydides.core.steps.ExecutedStepDescription@672d8370
[Test worker] WARN net.thucydides.core.steps.BaseStepListener - stepFinished: current outcome:Proceso Autogestion - Agendamiento de servicios:Dado el usuario final cuando desee crear o agendar una orden de servicio [Jhon abrir pagina [jhon opens the Object abrir pagina]], Cuando Crea la orden de servicio [Jhon autogestion [jhon clicks on Heabeas Data, jhon clicks on Seleccionar el tipo de documento, Jhon seleccionar tipo documento, jhon enters '8.300675571E9' into Seleccionar el tipo de documento, jhon enters 'jhon.quinones@infotrack.com.co' into ¿Cuál es tu correo electrónico?, jhon enters 'Test Automotion9' into Ingresa tu nombre, jhon enters '3.0E9' into Ingresa tu numero celular, jhon enters '3.0E9' into Seleccionar el tipo de documento, jhon clicks on Continuar, jhon enters 'Bogota' into Ciudad, jhon clicks on Lista de ciudades, jhon enters 'Av. C. 127' into Direccion, jhon clicks on Buscar la dirección, jhon enters 'Norte' into Datos adicionales, jhon clicks on Continuar ubicación servicio, jhon enters 'Garantia' into ¿Qué tipo de servicio solicitas?, jhon clicks on ¿Qué tipo de servicio solicitas? Lista, jhon enters 'NEVERA 5.3 PIES ALMENDRA' into ¿Cuál es el producto?, jhon clicks on ¿Cuál es el producto? Lista, jhon enters 'BOTA AGUA' into ¿Cuál es el motivo de la reparación?, jhon clicks on ¿Cuál es el motivo de la reparación? Lista, jhon enters 'QA AUTOMOTION' into observaciones, jhon clicks on Rango AM, jhon enters '1.012439364E9' into Rango PM, jhon clicks on Fecha, jhon clicks on Confirmar Fecha seleccionada, jhon clicks on Programar, jhon clicks on Finalizar Orden de servicio, jhon clicks on Heabeas Data, jhon clicks on Seleccionar el tipo de documento, Jhon seleccionar tipo documento, jhon enters '1.012439357E9' into Seleccionar el tipo de documento, jhon enters 'jhon.quinones@infotrack.com.co' into ¿Cuál es tu correo electrónico?, jhon enters 'QA 2' into ¿Cuales son tus apellidos?, jhon enters 'TEST 2' into ¿Cual es tu telefono fijo?, jhon enters '3.000000001E9' into Ingresa tu numero celular, jhon enters '3.000000001E9' into Seleccionar el tipo de documento, jhon clicks on Continuar, jhon enters 'Soacha' into Ciudad, jhon clicks on Lista de ciudades, jhon enters 'Cl 15 # 19 a – 159' into Direccion, jhon clicks on Buscar la dirección, jhon enters 'Armonia IV' into Datos adicionales, jhon clicks on Continuar ubicación servicio, jhon enters 'Reparación' into ¿Qué tipo de servicio solicitas?, jhon clicks on ¿Qué tipo de servicio solicitas? Lista, jhon enters 'CALENTADOR DE PASO 10 LTS. GAS NATURAL' into ¿Cuál es el producto?, jhon clicks on ¿Cuál es el producto? Lista, jhon enters 'BOTA AGUA' into ¿Cuál es el motivo de la reparación?, jhon clicks on ¿Cuál es el motivo de la reparación? Lista, jhon enters 'QA AUTOMOTION' into observaciones, jhon clicks on Rango AM, jhon enters '1.012439357E9' into Rango PM, jhon clicks on Fecha, jhon clicks on Confirmar Fecha seleccionada, jhon clicks on Programar, jhon clicks on Finalizar Orden de servicio, jhon clicks on Heabeas Data, jhon clicks on Seleccionar el tipo de documento, Jhon seleccionar tipo documento, jhon enters '8.300675571E9' into Seleccionar el tipo de documento, jhon enters 'jhon.quinones@infotrack.com.co' into ¿Cuál es tu correo electrónico?, jhon enters 'Test Automotion11' into Ingresa tu nombre, jhon enters '3.000000002E9' into Ingresa tu numero celular, jhon enters '3.000000002E9' into Seleccionar el tipo de documento, jhon clicks on Continuar, jhon enters 'Bogota' into Ciudad, jhon clicks on Lista de ciudades, jhon enters 'Av. Carrera 86 # 55A - 75 Engativá' into Direccion, jhon clicks on Buscar la dirección, jhon enters 'Bogota' into Datos adicionales, jhon clicks on Continuar ubicación servicio, jhon enters 'Garantia' into ¿Qué tipo de servicio solicitas?, jhon clicks on ¿Qué tipo de servicio solicitas? Lista, jhon enters 'ESTUFA A GAS 4 PUESTOS E/E 120V NEGRA' into ¿Cuál es el producto?, jhon clicks on ¿Cuál es el producto? Lista, jhon enters 'AHUMA' into ¿Cuál es el motivo de la reparación?, jhon clicks on ¿Cuál es el motivo de la reparación? Lista, jhon enters 'QA AUTOMOTION' into observaciones, jhon clicks on Rango AM, jhon enters '1.012439358E9' into Rango PM, jhon clicks on Fecha, jhon clicks on Confirmar Fecha seleccionada, jhon clicks on Programar, jhon clicks on Finalizar Orden de servicio, jhon clicks on Heabeas Data, jhon clicks on Seleccionar el tipo de documento]]
[Test worker] WARN net.thucydides.core.steps.BaseStepListener - stepStarted: net.thucydides.core.steps.ExecutedStepDescription@2d7aa291
[Test worker] WARN net.thucydides.core.steps.BaseStepListener - stepFinished: current outcome:Proceso Autogestion - Agendamiento de servicios:Dado el usuario final cuando desee crear o agendar una orden de servicio [Jhon abrir pagina [jhon opens the Object abrir pagina]], Cuando Crea la orden de servicio [Jhon autogestion [jhon clicks on Heabeas Data, jhon clicks on Seleccionar el tipo de documento, Jhon seleccionar tipo documento, jhon enters '8.300675571E9' into Seleccionar el tipo de documento, jhon enters 'jhon.quinones@infotrack.com.co' into ¿Cuál es tu correo electrónico?, jhon enters 'Test Automotion9' into Ingresa tu nombre, jhon enters '3.0E9' into Ingresa tu numero celular, jhon enters '3.0E9' into Seleccionar el tipo de documento, jhon clicks on Continuar, jhon enters 'Bogota' into Ciudad, jhon clicks on Lista de ciudades, jhon enters 'Av. C. 127' into Direccion, jhon clicks on Buscar la dirección, jhon enters 'Norte' into Datos adicionales, jhon clicks on Continuar ubicación servicio, jhon enters 'Garantia' into ¿Qué tipo de servicio solicitas?, jhon clicks on ¿Qué tipo de servicio solicitas? Lista, jhon enters 'NEVERA 5.3 PIES ALMENDRA' into ¿Cuál es el producto?, jhon clicks on ¿Cuál es el producto? Lista, jhon enters 'BOTA AGUA' into ¿Cuál es el motivo de la reparación?, jhon clicks on ¿Cuál es el motivo de la reparación? Lista, jhon enters 'QA AUTOMOTION' into observaciones, jhon clicks on Rango AM, jhon enters '1.012439364E9' into Rango PM, jhon clicks on Fecha, jhon clicks on Confirmar Fecha seleccionada, jhon clicks on Programar, jhon clicks on Finalizar Orden de servicio, jhon clicks on Heabeas Data, jhon clicks on Seleccionar el tipo de documento, Jhon seleccionar tipo documento, jhon enters '1.012439357E9' into Seleccionar el tipo de documento, jhon enters 'jhon.quinones@infotrack.com.co' into ¿Cuál es tu correo electrónico?, jhon enters 'QA 2' into ¿Cuales son tus apellidos?, jhon enters 'TEST 2' into ¿Cual es tu telefono fijo?, jhon enters '3.000000001E9' into Ingresa tu numero celular, jhon enters '3.000000001E9' into Seleccionar el tipo de documento, jhon clicks on Continuar, jhon enters 'Soacha' into Ciudad, jhon clicks on Lista de ciudades, jhon enters 'Cl 15 # 19 a – 159' into Direccion, jhon clicks on Buscar la dirección, jhon enters 'Armonia IV' into Datos adicionales, jhon clicks on Continuar ubicación servicio, jhon enters 'Reparación' into ¿Qué tipo de servicio solicitas?, jhon clicks on ¿Qué tipo de servicio solicitas? Lista, jhon enters 'CALENTADOR DE PASO 10 LTS. GAS NATURAL' into ¿Cuál es el producto?, jhon clicks on ¿Cuál es el producto? Lista, jhon enters 'BOTA AGUA' into ¿Cuál es el motivo de la reparación?, jhon clicks on ¿Cuál es el motivo de la reparación? Lista, jhon enters 'QA AUTOMOTION' into observaciones, jhon clicks on Rango AM, jhon enters '1.012439357E9' into Rango PM, jhon clicks on Fecha, jhon clicks on Confirmar Fecha seleccionada, jhon clicks on Programar, jhon clicks on Finalizar Orden de servicio, jhon clicks on Heabeas Data, jhon clicks on Seleccionar el tipo de documento, Jhon seleccionar tipo documento, jhon enters '8.300675571E9' into Seleccionar el tipo de documento, jhon enters 'jhon.quinones@infotrack.com.co' into ¿Cuál es tu correo electrónico?, jhon enters 'Test Automotion11' into Ingresa tu nombre, jhon enters '3.000000002E9' into Ingresa tu numero celular, jhon enters '3.000000002E9' into Seleccionar el tipo de documento, jhon clicks on Continuar, jhon enters 'Bogota' into Ciudad, jhon clicks on Lista de ciudades, jhon enters 'Av. Carrera 86 # 55A - 75 Engativá' into Direccion, jhon clicks on Buscar la dirección, jhon enters 'Bogota' into Datos adicionales, jhon clicks on Continuar ubicación servicio, jhon enters 'Garantia' into ¿Qué tipo de servicio solicitas?, jhon clicks on ¿Qué tipo de servicio solicitas? Lista, jhon enters 'ESTUFA A GAS 4 PUESTOS E/E 120V NEGRA' into ¿Cuál es el producto?, jhon clicks on ¿Cuál es el producto? Lista, jhon enters 'AHUMA' into ¿Cuál es el motivo de la reparación?, jhon clicks on ¿Cuál es el motivo de la reparación? Lista, jhon enters 'QA AUTOMOTION' into observaciones, jhon clicks on Rango AM, jhon enters '1.012439358E9' into Rango PM, jhon clicks on Fecha, jhon clicks on Confirmar Fecha seleccionada, jhon clicks on Programar, jhon clicks on Finalizar Orden de servicio, jhon clicks on Heabeas Data, jhon clicks on Seleccionar el tipo de documento, Jhon seleccionar tipo documento]]
[Test worker] WARN net.thucydides.core.steps.BaseStepListener - stepStarted: net.thucydides.core.steps.ExecutedStepDescription@183ef89a
[Test worker] WARN net.thucydides.core.steps.BaseStepListener - stepFinished: current outcome:Proceso Autogestion - Agendamiento de servicios:Dado el usuario final cuando desee crear o agendar una orden de servicio [Jhon abrir pagina [jhon opens the Object abrir pagina]], Cuando Crea la orden de servicio [Jhon autogestion [jhon clicks on Heabeas Data, jhon clicks on Seleccionar el tipo de documento, Jhon seleccionar tipo documento, jhon enters '8.300675571E9' into Seleccionar el tipo de documento, jhon enters 'jhon.quinones@infotrack.com.co' into ¿Cuál es tu correo electrónico?, jhon enters 'Test Automotion9' into Ingresa tu nombre, jhon enters '3.0E9' into Ingresa tu numero celular, jhon enters '3.0E9' into Seleccionar el tipo de documento, jhon clicks on Continuar, jhon enters 'Bogota' into Ciudad, jhon clicks on Lista de ciudades, jhon enters 'Av. C. 127' into Direccion, jhon clicks on Buscar la dirección, jhon enters 'Norte' into Datos adicionales, jhon clicks on Continuar ubicación servicio, jhon enters 'Garantia' into ¿Qué tipo de servicio solicitas?, jhon clicks on ¿Qué tipo de servicio solicitas? Lista, jhon enters 'NEVERA 5.3 PIES ALMENDRA' into ¿Cuál es el producto?, jhon clicks on ¿Cuál es el producto? Lista, jhon enters 'BOTA AGUA' into ¿Cuál es el motivo de la reparación?, jhon clicks on ¿Cuál es el motivo de la reparación? Lista, jhon enters 'QA AUTOMOTION' into observaciones, jhon clicks on Rango AM, jhon enters '1.012439364E9' into Rango PM, jhon clicks on Fecha, jhon clicks on Confirmar Fecha seleccionada, jhon clicks on Programar, jhon clicks on Finalizar Orden de servicio, jhon clicks on Heabeas Data, jhon clicks on Seleccionar el tipo de documento, Jhon seleccionar tipo documento, jhon enters '1.012439357E9' into Seleccionar el tipo de documento, jhon enters 'jhon.quinones@infotrack.com.co' into ¿Cuál es tu correo electrónico?, jhon enters 'QA 2' into ¿Cuales son tus apellidos?, jhon enters 'TEST 2' into ¿Cual es tu telefono fijo?, jhon enters '3.000000001E9' into Ingresa tu numero celular, jhon enters '3.000000001E9' into Seleccionar el tipo de documento, jhon clicks on Continuar, jhon enters 'Soacha' into Ciudad, jhon clicks on Lista de ciudades, jhon enters 'Cl 15 # 19 a – 159' into Direccion, jhon clicks on Buscar la dirección, jhon enters 'Armonia IV' into Datos adicionales, jhon clicks on Continuar ubicación servicio, jhon enters 'Reparación' into ¿Qué tipo de servicio solicitas?, jhon clicks on ¿Qué tipo de servicio solicitas? Lista, jhon enters 'CALENTADOR DE PASO 10 LTS. GAS NATURAL' into ¿Cuál es el producto?, jhon clicks on ¿Cuál es el producto? Lista, jhon enters 'BOTA AGUA' into ¿Cuál es el motivo de la reparación?, jhon clicks on ¿Cuál es el motivo de la reparación? Lista, jhon enters 'QA AUTOMOTION' into observaciones, jhon clicks on Rango AM, jhon enters '1.012439357E9' into Rango PM, jhon clicks on Fecha, jhon clicks on Confirmar Fecha seleccionada, jhon clicks on Programar, jhon clicks on Finalizar Orden de servicio, jhon clicks on Heabeas Data, jhon clicks on Seleccionar el tipo de documento, Jhon seleccionar tipo documento, jhon enters '8.300675571E9' into Seleccionar el tipo de documento, jhon enters 'jhon.quinones@infotrack.com.co' into ¿Cuál es tu correo electrónico?, jhon enters 'Test Automotion11' into Ingresa tu nombre, jhon enters '3.000000002E9' into Ingresa tu numero celular, jhon enters '3.000000002E9' into Seleccionar el tipo de documento, jhon clicks on Continuar, jhon enters 'Bogota' into Ciudad, jhon clicks on Lista de ciudades, jhon enters 'Av. Carrera 86 # 55A - 75 Engativá' into Direccion, jhon clicks on Buscar la dirección, jhon enters 'Bogota' into Datos adicionales, jhon clicks on Continuar ubicación servicio, jhon enters 'Garantia' into ¿Qué tipo de servicio solicitas?, jhon clicks on ¿Qué tipo de servicio solicitas? Lista, jhon enters 'ESTUFA A GAS 4 PUESTOS E/E 120V NEGRA' into ¿Cuál es el producto?, jhon clicks on ¿Cuál es el producto? Lista, jhon enters 'AHUMA' into ¿Cuál es el motivo de la reparación?, jhon clicks on ¿Cuál es el motivo de la reparación? Lista, jhon enters 'QA AUTOMOTION' into observaciones, jhon clicks on Rango AM, jhon enters '1.012439358E9' into Rango PM, jhon clicks on Fecha, jhon clicks on Confirmar Fecha seleccionada, jhon clicks on Programar, jhon clicks on Finalizar Orden de servicio, jhon clicks on Heabeas Data, jhon clicks on Seleccionar el tipo de documento, Jhon seleccionar tipo documento, jhon enters '1.012439359E9' into Seleccionar el tipo de documento]]
[Test worker] WARN net.thucydides.core.steps.BaseStepListener - stepStarted: net.thucydides.core.steps.ExecutedStepDescription@c6c84fa
[Test worker] WARN net.thucydides.core.steps.BaseStepListener - stepFinished: current outcome:Proceso Autogestion - Agendamiento de servicios:Dado el usuario final cuando desee crear o agendar una orden de servicio [Jhon abrir pagina [jhon opens the Object abrir pagina]], Cuando Crea la orden de servicio [Jhon autogestion [jhon clicks on Heabeas Data, jhon clicks on Seleccionar el tipo de documento, Jhon seleccionar tipo documento, jhon enters '8.300675571E9' into Seleccionar el tipo de documento, jhon enters 'jhon.quinones@infotrack.com.co' into ¿Cuál es tu correo electrónico?, jhon enters 'Test Automotion9' into Ingresa tu nombre, jhon enters '3.0E9' into Ingresa tu numero celular, jhon enters '3.0E9' into Seleccionar el tipo de documento, jhon clicks on Continuar, jhon enters 'Bogota' into Ciudad, jhon clicks on Lista de ciudades, jhon enters 'Av. C. 127' into Direccion, jhon clicks on Buscar la dirección, jhon enters 'Norte' into Datos adicionales, jhon clicks on Continuar ubicación servicio, jhon enters 'Garantia' into ¿Qué tipo de servicio solicitas?, jhon clicks on ¿Qué tipo de servicio solicitas? Lista, jhon enters 'NEVERA 5.3 PIES ALMENDRA' into ¿Cuál es el producto?, jhon clicks on ¿Cuál es el producto? Lista, jhon enters 'BOTA AGUA' into ¿Cuál es el motivo de la reparación?, jhon clicks on ¿Cuál es el motivo de la reparación? Lista, jhon enters 'QA AUTOMOTION' into observaciones, jhon clicks on Rango AM, jhon enters '1.012439364E9' into Rango PM, jhon clicks on Fecha, jhon clicks on Confirmar Fecha seleccionada, jhon clicks on Programar, jhon clicks on Finalizar Orden de servicio, jhon clicks on Heabeas Data, jhon clicks on Seleccionar el tipo de documento, Jhon seleccionar tipo documento, jhon enters '1.012439357E9' into Seleccionar el tipo de documento, jhon enters 'jhon.quinones@infotrack.com.co' into ¿Cuál es tu correo electrónico?, jhon enters 'QA 2' into ¿Cuales son tus apellidos?, jhon enters 'TEST 2' into ¿Cual es tu telefono fijo?, jhon enters '3.000000001E9' into Ingresa tu numero celular, jhon enters '3.000000001E9' into Seleccionar el tipo de documento, jhon clicks on Continuar, jhon enters 'Soacha' into Ciudad, jhon clicks on Lista de ciudades, jhon enters 'Cl 15 # 19 a – 159' into Direccion, jhon clicks on Buscar la dirección, jhon enters 'Armonia IV' into Datos adicionales, jhon clicks on Continuar ubicación servicio, jhon enters 'Reparación' into ¿Qué tipo de servicio solicitas?, jhon clicks on ¿Qué tipo de servicio solicitas? Lista, jhon enters 'CALENTADOR DE PASO 10 LTS. GAS NATURAL' into ¿Cuál es el producto?, jhon clicks on ¿Cuál es el producto? Lista, jhon enters 'BOTA AGUA' into ¿Cuál es el motivo de la reparación?, jhon clicks on ¿Cuál es el motivo de la reparación? Lista, jhon enters 'QA AUTOMOTION' into observaciones, jhon clicks on Rango AM, jhon enters '1.012439357E9' into Rango PM, jhon clicks on Fecha, jhon clicks on Confirmar Fecha seleccionada, jhon clicks on Programar, jhon clicks on Finalizar Orden de servicio, jhon clicks on Heabeas Data, jhon clicks on Seleccionar el tipo de documento, Jhon seleccionar tipo documento, jhon enters '8.300675571E9' into Seleccionar el tipo de documento, jhon enters 'jhon.quinones@infotrack.com.co' into ¿Cuál es tu correo electrónico?, jhon enters 'Test Automotion11' into Ingresa tu nombre, jhon enters '3.000000002E9' into Ingresa tu numero celular, jhon enters '3.000000002E9' into Seleccionar el tipo de documento, jhon clicks on Continuar, jhon enters 'Bogota' into Ciudad, jhon clicks on Lista de ciudades, jhon enters 'Av. Carrera 86 # 55A - 75 Engativá' into Direccion, jhon clicks on Buscar la dirección, jhon enters 'Bogota' into Datos adicionales, jhon clicks on Continuar ubicación servicio, jhon enters 'Garantia' into ¿Qué tipo de servicio solicitas?, jhon clicks on ¿Qué tipo de servicio solicitas? Lista, jhon enters 'ESTUFA A GAS 4 PUESTOS E/E 120V NEGRA' into ¿Cuál es el producto?, jhon clicks on ¿Cuál es el producto? Lista, jhon enters 'AHUMA' into ¿Cuál es el motivo de la reparación?, jhon clicks on ¿Cuál es el motivo de la reparación? Lista, jhon enters 'QA AUTOMOTION' into observaciones, jhon clicks on Rango AM, jhon enters '1.012439358E9' into Rango PM, jhon clicks on Fecha, jhon clicks on Confirmar Fecha seleccionada, jhon clicks on Programar, jhon clicks on Finalizar Orden de servicio, jhon clicks on Heabeas Data, jhon clicks on Seleccionar el tipo de documento, Jhon seleccionar tipo documento, jhon enters '1.012439359E9' into Seleccionar el tipo de documento, jhon enters 'jhon.quinones@infotrack.com.co' into ¿Cuál es tu correo electrónico?]]
[Test worker] WARN net.thucydides.core.steps.BaseStepListener - stepStarted: net.thucydides.core.steps.ExecutedStepDescription@6071631f
[Test worker] WARN net.thucydides.core.steps.BaseStepListener - stepFinished: current outcome:Proceso Autogestion - Agendamiento de servicios:Dado el usuario final cuando desee crear o agendar una orden de servicio [Jhon abrir pagina [jhon opens the Object abrir pagina]], Cuando Crea la orden de servicio [Jhon autogestion [jhon clicks on Heabeas Data, jhon clicks on Seleccionar el tipo de documento, Jhon seleccionar tipo documento, jhon enters '8.300675571E9' into Seleccionar el tipo de documento, jhon enters 'jhon.quinones@infotrack.com.co' into ¿Cuál es tu correo electrónico?, jhon enters 'Test Automotion9' into Ingresa tu nombre, jhon enters '3.0E9' into Ingresa tu numero celular, jhon enters '3.0E9' into Seleccionar el tipo de documento, jhon clicks on Continuar, jhon enters 'Bogota' into Ciudad, jhon clicks on Lista de ciudades, jhon enters 'Av. C. 127' into Direccion, jhon clicks on Buscar la dirección, jhon enters 'Norte' into Datos adicionales, jhon clicks on Continuar ubicación servicio, jhon enters 'Garantia' into ¿Qué tipo de servicio solicitas?, jhon clicks on ¿Qué tipo de servicio solicitas? Lista, jhon enters 'NEVERA 5.3 PIES ALMENDRA' into ¿Cuál es el producto?, jhon clicks on ¿Cuál es el producto? Lista, jhon enters 'BOTA AGUA' into ¿Cuál es el motivo de la reparación?, jhon clicks on ¿Cuál es el motivo de la reparación? Lista, jhon enters 'QA AUTOMOTION' into observaciones, jhon clicks on Rango AM, jhon enters '1.012439364E9' into Rango PM, jhon clicks on Fecha, jhon clicks on Confirmar Fecha seleccionada, jhon clicks on Programar, jhon clicks on Finalizar Orden de servicio, jhon clicks on Heabeas Data, jhon clicks on Seleccionar el tipo de documento, Jhon seleccionar tipo documento, jhon enters '1.012439357E9' into Seleccionar el tipo de documento, jhon enters 'jhon.quinones@infotrack.com.co' into ¿Cuál es tu correo electrónico?, jhon enters 'QA 2' into ¿Cuales son tus apellidos?, jhon enters 'TEST 2' into ¿Cual es tu telefono fijo?, jhon enters '3.000000001E9' into Ingresa tu numero celular, jhon enters '3.000000001E9' into Seleccionar el tipo de documento, jhon clicks on Continuar, jhon enters 'Soacha' into Ciudad, jhon clicks on Lista de ciudades, jhon enters 'Cl 15 # 19 a – 159' into Direccion, jhon clicks on Buscar la dirección, jhon enters 'Armonia IV' into Datos adicionales, jhon clicks on Continuar ubicación servicio, jhon enters 'Reparación' into ¿Qué tipo de servicio solicitas?, jhon clicks on ¿Qué tipo de servicio solicitas? Lista, jhon enters 'CALENTADOR DE PASO 10 LTS. GAS NATURAL' into ¿Cuál es el producto?, jhon clicks on ¿Cuál es el producto? Lista, jhon enters 'BOTA AGUA' into ¿Cuál es el motivo de la reparación?, jhon clicks on ¿Cuál es el motivo de la reparación? Lista, jhon enters 'QA AUTOMOTION' into observaciones, jhon clicks on Rango AM, jhon enters '1.012439357E9' into Rango PM, jhon clicks on Fecha, jhon clicks on Confirmar Fecha seleccionada, jhon clicks on Programar, jhon clicks on Finalizar Orden de servicio, jhon clicks on Heabeas Data, jhon clicks on Seleccionar el tipo de documento, Jhon seleccionar tipo documento, jhon enters '8.300675571E9' into Seleccionar el tipo de documento, jhon enters 'jhon.quinones@infotrack.com.co' into ¿Cuál es tu correo electrónico?, jhon enters 'Test Automotion11' into Ingresa tu nombre, jhon enters '3.000000002E9' into Ingresa tu numero celular, jhon enters '3.000000002E9' into Seleccionar el tipo de documento, jhon clicks on Continuar, jhon enters 'Bogota' into Ciudad, jhon clicks on Lista de ciudades, jhon enters 'Av. Carrera 86 # 55A - 75 Engativá' into Direccion, jhon clicks on Buscar la dirección, jhon enters 'Bogota' into Datos adicionales, jhon clicks on Continuar ubicación servicio, jhon enters 'Garantia' into ¿Qué tipo de servicio solicitas?, jhon clicks on ¿Qué tipo de servicio solicitas? Lista, jhon enters 'ESTUFA A GAS 4 PUESTOS E/E 120V NEGRA' into ¿Cuál es el producto?, jhon clicks on ¿Cuál es el producto? Lista, jhon enters 'AHUMA' into ¿Cuál es el motivo de la reparación?, jhon clicks on ¿Cuál es el motivo de la reparación? Lista, jhon enters 'QA AUTOMOTION' into observaciones, jhon clicks on Rango AM, jhon enters '1.012439358E9' into Rango PM, jhon clicks on Fecha, jhon clicks on Confirmar Fecha seleccionada, jhon clicks on Programar, jhon clicks on Finalizar Orden de servicio, jhon clicks on Heabeas Data, jhon clicks on Seleccionar el tipo de documento, Jhon seleccionar tipo documento, jhon enters '1.012439359E9' into Seleccionar el tipo de documento, jhon enters 'jhon.quinones@infotrack.com.co' into ¿Cuál es tu correo electrónico?, jhon enters 'QA 4' into ¿Cuales son tus apellidos?]]
[Test worker] WARN net.thucydides.core.steps.BaseStepListener - stepStarted: net.thucydides.core.steps.ExecutedStepDescription@7a8b7e11
[Test worker] WARN net.thucydides.core.steps.BaseStepListener - stepFinished: current outcome:Proceso Autogestion - Agendamiento de servicios:Dado el usuario final cuando desee crear o agendar una orden de servicio [Jhon abrir pagina [jhon opens the Object abrir pagina]], Cuando Crea la orden de servicio [Jhon autogestion [jhon clicks on Heabeas Data, jhon clicks on Seleccionar el tipo de documento, Jhon seleccionar tipo documento, jhon enters '8.300675571E9' into Seleccionar el tipo de documento, jhon enters 'jhon.quinones@infotrack.com.co' into ¿Cuál es tu correo electrónico?, jhon enters 'Test Automotion9' into Ingresa tu nombre, jhon enters '3.0E9' into Ingresa tu numero celular, jhon enters '3.0E9' into Seleccionar el tipo de documento, jhon clicks on Continuar, jhon enters 'Bogota' into Ciudad, jhon clicks on Lista de ciudades, jhon enters 'Av. C. 127' into Direccion, jhon clicks on Buscar la dirección, jhon enters 'Norte' into Datos adicionales, jhon clicks on Continuar ubicación servicio, jhon enters 'Garantia' into ¿Qué tipo de servicio solicitas?, jhon clicks on ¿Qué tipo de servicio solicitas? Lista, jhon enters 'NEVERA 5.3 PIES ALMENDRA' into ¿Cuál es el producto?, jhon clicks on ¿Cuál es el producto? Lista, jhon enters 'BOTA AGUA' into ¿Cuál es el motivo de la reparación?, jhon clicks on ¿Cuál es el motivo de la reparación? Lista, jhon enters 'QA AUTOMOTION' into observaciones, jhon clicks on Rango AM, jhon enters '1.012439364E9' into Rango PM, jhon clicks on Fecha, jhon clicks on Confirmar Fecha seleccionada, jhon clicks on Programar, jhon clicks on Finalizar Orden de servicio, jhon clicks on Heabeas Data, jhon clicks on Seleccionar el tipo de documento, Jhon seleccionar tipo documento, jhon enters '1.012439357E9' into Seleccionar el tipo de documento, jhon enters 'jhon.quinones@infotrack.com.co' into ¿Cuál es tu correo electrónico?, jhon enters 'QA 2' into ¿Cuales son tus apellidos?, jhon enters 'TEST 2' into ¿Cual es tu telefono fijo?, jhon enters '3.000000001E9' into Ingresa tu numero celular, jhon enters '3.000000001E9' into Seleccionar el tipo de documento, jhon clicks on Continuar, jhon enters 'Soacha' into Ciudad, jhon clicks on Lista de ciudades, jhon enters 'Cl 15 # 19 a – 159' into Direccion, jhon clicks on Buscar la dirección, jhon enters 'Armonia IV' into Datos adicionales, jhon clicks on Continuar ubicación servicio, jhon enters 'Reparación' into ¿Qué tipo de servicio solicitas?, jhon clicks on ¿Qué tipo de servicio solicitas? Lista, jhon enters 'CALENTADOR DE PASO 10 LTS. GAS NATURAL' into ¿Cuál es el producto?, jhon clicks on ¿Cuál es el producto? Lista, jhon enters 'BOTA AGUA' into ¿Cuál es el motivo de la reparación?, jhon clicks on ¿Cuál es el motivo de la reparación? Lista, jhon enters 'QA AUTOMOTION' into observaciones, jhon clicks on Rango AM, jhon enters '1.012439357E9' into Rango PM, jhon clicks on Fecha, jhon clicks on Confirmar Fecha seleccionada, jhon clicks on Programar, jhon clicks on Finalizar Orden de servicio, jhon clicks on Heabeas Data, jhon clicks on Seleccionar el tipo de documento, Jhon seleccionar tipo documento, jhon enters '8.300675571E9' into Seleccionar el tipo de documento, jhon enters 'jhon.quinones@infotrack.com.co' into ¿Cuál es tu correo electrónico?, jhon enters 'Test Automotion11' into Ingresa tu nombre, jhon enters '3.000000002E9' into Ingresa tu numero celular, jhon enters '3.000000002E9' into Seleccionar el tipo de documento, jhon clicks on Continuar, jhon enters 'Bogota' into Ciudad, jhon clicks on Lista de ciudades, jhon enters 'Av. Carrera 86 # 55A - 75 Engativá' into Direccion, jhon clicks on Buscar la dirección, jhon enters 'Bogota' into Datos adicionales, jhon clicks on Continuar ubicación servicio, jhon enters 'Garantia' into ¿Qué tipo de servicio solicitas?, jhon clicks on ¿Qué tipo de servicio solicitas? Lista, jhon enters 'ESTUFA A GAS 4 PUESTOS E/E 120V NEGRA' into ¿Cuál es el producto?, jhon clicks on ¿Cuál es el producto? Lista, jhon enters 'AHUMA' into ¿Cuál es el motivo de la reparación?, jhon clicks on ¿Cuál es el motivo de la reparación? Lista, jhon enters 'QA AUTOMOTION' into observaciones, jhon clicks on Rango AM, jhon enters '1.012439358E9' into Rango PM, jhon clicks on Fecha, jhon clicks on Confirmar Fecha seleccionada, jhon clicks on Programar, jhon clicks on Finalizar Orden de servicio, jhon clicks on Heabeas Data, jhon clicks on Seleccionar el tipo de documento, Jhon seleccionar tipo documento, jhon enters '1.012439359E9' into Seleccionar el tipo de documento, jhon enters 'jhon.quinones@infotrack.com.co' into ¿Cuál es tu correo electrónico?, jhon enters 'QA 4' into ¿Cuales son tus apellidos?, jhon enters 'TEST 4' into ¿Cual es tu telefono fijo?]]
[Test worker] WARN net.thucydides.core.steps.BaseStepListener - stepStarted: net.thucydides.core.steps.ExecutedStepDescription@608f310a
[Test worker] WARN net.thucydides.core.steps.BaseStepListener - stepFinished: current outcome:Proceso Autogestion - Agendamiento de servicios:Dado el usuario final cuando desee crear o agendar una orden de servicio [Jhon abrir pagina [jhon opens the Object abrir pagina]], Cuando Crea la orden de servicio [Jhon autogestion [jhon clicks on Heabeas Data, jhon clicks on Seleccionar el tipo de documento, Jhon seleccionar tipo documento, jhon enters '8.300675571E9' into Seleccionar el tipo de documento, jhon enters 'jhon.quinones@infotrack.com.co' into ¿Cuál es tu correo electrónico?, jhon enters 'Test Automotion9' into Ingresa tu nombre, jhon enters '3.0E9' into Ingresa tu numero celular, jhon enters '3.0E9' into Seleccionar el tipo de documento, jhon clicks on Continuar, jhon enters 'Bogota' into Ciudad, jhon clicks on Lista de ciudades, jhon enters 'Av. C. 127' into Direccion, jhon clicks on Buscar la dirección, jhon enters 'Norte' into Datos adicionales, jhon clicks on Continuar ubicación servicio, jhon enters 'Garantia' into ¿Qué tipo de servicio solicitas?, jhon clicks on ¿Qué tipo de servicio solicitas? Lista, jhon enters 'NEVERA 5.3 PIES ALMENDRA' into ¿Cuál es el producto?, jhon clicks on ¿Cuál es el producto? Lista, jhon enters 'BOTA AGUA' into ¿Cuál es el motivo de la reparación?, jhon clicks on ¿Cuál es el motivo de la reparación? Lista, jhon enters 'QA AUTOMOTION' into observaciones, jhon clicks on Rango AM, jhon enters '1.012439364E9' into Rango PM, jhon clicks on Fecha, jhon clicks on Confirmar Fecha seleccionada, jhon clicks on Programar, jhon clicks on Finalizar Orden de servicio, jhon clicks on Heabeas Data, jhon clicks on Seleccionar el tipo de documento, Jhon seleccionar tipo documento, jhon enters '1.012439357E9' into Seleccionar el tipo de documento, jhon enters 'jhon.quinones@infotrack.com.co' into ¿Cuál es tu correo electrónico?, jhon enters 'QA 2' into ¿Cuales son tus apellidos?, jhon enters 'TEST 2' into ¿Cual es tu telefono fijo?, jhon enters '3.000000001E9' into Ingresa tu numero celular, jhon enters '3.000000001E9' into Seleccionar el tipo de documento, jhon clicks on Continuar, jhon enters 'Soacha' into Ciudad, jhon clicks on Lista de ciudades, jhon enters 'Cl 15 # 19 a – 159' into Direccion, jhon clicks on Buscar la dirección, jhon enters 'Armonia IV' into Datos adicionales, jhon clicks on Continuar ubicación servicio, jhon enters 'Reparación' into ¿Qué tipo de servicio solicitas?, jhon clicks on ¿Qué tipo de servicio solicitas? Lista, jhon enters 'CALENTADOR DE PASO 10 LTS. GAS NATURAL' into ¿Cuál es el producto?, jhon clicks on ¿Cuál es el producto? Lista, jhon enters 'BOTA AGUA' into ¿Cuál es el motivo de la reparación?, jhon clicks on ¿Cuál es el motivo de la reparación? Lista, jhon enters 'QA AUTOMOTION' into observaciones, jhon clicks on Rango AM, jhon enters '1.012439357E9' into Rango PM, jhon clicks on Fecha, jhon clicks on Confirmar Fecha seleccionada, jhon clicks on Programar, jhon clicks on Finalizar Orden de servicio, jhon clicks on Heabeas Data, jhon clicks on Seleccionar el tipo de documento, Jhon seleccionar tipo documento, jhon enters '8.300675571E9' into Seleccionar el tipo de documento, jhon enters 'jhon.quinones@infotrack.com.co' into ¿Cuál es tu correo electrónico?, jhon enters 'Test Automotion11' into Ingresa tu nombre, jhon enters '3.000000002E9' into Ingresa tu numero celular, jhon enters '3.000000002E9' into Seleccionar el tipo de documento, jhon clicks on Continuar, jhon enters 'Bogota' into Ciudad, jhon clicks on Lista de ciudades, jhon enters 'Av. Carrera 86 # 55A - 75 Engativá' into Direccion, jhon clicks on Buscar la dirección, jhon enters 'Bogota' into Datos adicionales, jhon clicks on Continuar ubicación servicio, jhon enters 'Garantia' into ¿Qué tipo de servicio solicitas?, jhon clicks on ¿Qué tipo de servicio solicitas? Lista, jhon enters 'ESTUFA A GAS 4 PUESTOS E/E 120V NEGRA' into ¿Cuál es el producto?, jhon clicks on ¿Cuál es el producto? Lista, jhon enters 'AHUMA' into ¿Cuál es el motivo de la reparación?, jhon clicks on ¿Cuál es el motivo de la reparación? Lista, jhon enters 'QA AUTOMOTION' into observaciones, jhon clicks on Rango AM, jhon enters '1.012439358E9' into Rango PM, jhon clicks on Fecha, jhon clicks on Confirmar Fecha seleccionada, jhon clicks on Programar, jhon clicks on Finalizar Orden de servicio, jhon clicks on Heabeas Data, jhon clicks on Seleccionar el tipo de documento, Jhon seleccionar tipo documento, jhon enters '1.012439359E9' into Seleccionar el tipo de documento, jhon enters 'jhon.quinones@infotrack.com.co' into ¿Cuál es tu correo electrónico?, jhon enters 'QA 4' into ¿Cuales son tus apellidos?, jhon enters 'TEST 4' into ¿Cual es tu telefono fijo?, jhon enters '3.000000003E9' into Ingresa tu numero celular]]
[Test worker] WARN net.thucydides.core.steps.BaseStepListener - stepStarted: net.thucydides.core.steps.ExecutedStepDescription@4e6280de
[Test worker] WARN net.thucydides.core.steps.BaseStepListener - stepFinished: current outcome:Proceso Autogestion - Agendamiento de servicios:Dado el usuario final cuando desee crear o agendar una orden de servicio [Jhon abrir pagina [jhon opens the Object abrir pagina]], Cuando Crea la orden de servicio [Jhon autogestion [jhon clicks on Heabeas Data, jhon clicks on Seleccionar el tipo de documento, Jhon seleccionar tipo documento, jhon enters '8.300675571E9' into Seleccionar el tipo de documento, jhon enters 'jhon.quinones@infotrack.com.co' into ¿Cuál es tu correo electrónico?, jhon enters 'Test Automotion9' into Ingresa tu nombre, jhon enters '3.0E9' into Ingresa tu numero celular, jhon enters '3.0E9' into Seleccionar el tipo de documento, jhon clicks on Continuar, jhon enters 'Bogota' into Ciudad, jhon clicks on Lista de ciudades, jhon enters 'Av. C. 127' into Direccion, jhon clicks on Buscar la dirección, jhon enters 'Norte' into Datos adicionales, jhon clicks on Continuar ubicación servicio, jhon enters 'Garantia' into ¿Qué tipo de servicio solicitas?, jhon clicks on ¿Qué tipo de servicio solicitas? Lista, jhon enters 'NEVERA 5.3 PIES ALMENDRA' into ¿Cuál es el producto?, jhon clicks on ¿Cuál es el producto? Lista, jhon enters 'BOTA AGUA' into ¿Cuál es el motivo de la reparación?, jhon clicks on ¿Cuál es el motivo de la reparación? Lista, jhon enters 'QA AUTOMOTION' into observaciones, jhon clicks on Rango AM, jhon enters '1.012439364E9' into Rango PM, jhon clicks on Fecha, jhon clicks on Confirmar Fecha seleccionada, jhon clicks on Programar, jhon clicks on Finalizar Orden de servicio, jhon clicks on Heabeas Data, jhon clicks on Seleccionar el tipo de documento, Jhon seleccionar tipo documento, jhon enters '1.012439357E9' into Seleccionar el tipo de documento, jhon enters 'jhon.quinones@infotrack.com.co' into ¿Cuál es tu correo electrónico?, jhon enters 'QA 2' into ¿Cuales son tus apellidos?, jhon enters 'TEST 2' into ¿Cual es tu telefono fijo?, jhon enters '3.000000001E9' into Ingresa tu numero celular, jhon enters '3.000000001E9' into Seleccionar el tipo de documento, jhon clicks on Continuar, jhon enters 'Soacha' into Ciudad, jhon clicks on Lista de ciudades, jhon enters 'Cl 15 # 19 a – 159' into Direccion, jhon clicks on Buscar la dirección, jhon enters 'Armonia IV' into Datos adicionales, jhon clicks on Continuar ubicación servicio, jhon enters 'Reparación' into ¿Qué tipo de servicio solicitas?, jhon clicks on ¿Qué tipo de servicio solicitas? Lista, jhon enters 'CALENTADOR DE PASO 10 LTS. GAS NATURAL' into ¿Cuál es el producto?, jhon clicks on ¿Cuál es el producto? Lista, jhon enters 'BOTA AGUA' into ¿Cuál es el motivo de la reparación?, jhon clicks on ¿Cuál es el motivo de la reparación? Lista, jhon enters 'QA AUTOMOTION' into observaciones, jhon clicks on Rango AM, jhon enters '1.012439357E9' into Rango PM, jhon clicks on Fecha, jhon clicks on Confirmar Fecha seleccionada, jhon clicks on Programar, jhon clicks on Finalizar Orden de servicio, jhon clicks on Heabeas Data, jhon clicks on Seleccionar el tipo de documento, Jhon seleccionar tipo documento, jhon enters '8.300675571E9' into Seleccionar el tipo de documento, jhon enters 'jhon.quinones@infotrack.com.co' into ¿Cuál es tu correo electrónico?, jhon enters 'Test Automotion11' into Ingresa tu nombre, jhon enters '3.000000002E9' into Ingresa tu numero celular, jhon enters '3.000000002E9' into Seleccionar el tipo de documento, jhon clicks on Continuar, jhon enters 'Bogota' into Ciudad, jhon clicks on Lista de ciudades, jhon enters 'Av. Carrera 86 # 55A - 75 Engativá' into Direccion, jhon clicks on Buscar la dirección, jhon enters 'Bogota' into Datos adicionales, jhon clicks on Continuar ubicación servicio, jhon enters 'Garantia' into ¿Qué tipo de servicio solicitas?, jhon clicks on ¿Qué tipo de servicio solicitas? Lista, jhon enters 'ESTUFA A GAS 4 PUESTOS E/E 120V NEGRA' into ¿Cuál es el producto?, jhon clicks on ¿Cuál es el producto? Lista, jhon enters 'AHUMA' into ¿Cuál es el motivo de la reparación?, jhon clicks on ¿Cuál es el motivo de la reparación? Lista, jhon enters 'QA AUTOMOTION' into observaciones, jhon clicks on Rango AM, jhon enters '1.012439358E9' into Rango PM, jhon clicks on Fecha, jhon clicks on Confirmar Fecha seleccionada, jhon clicks on Programar, jhon clicks on Finalizar Orden de servicio, jhon clicks on Heabeas Data, jhon clicks on Seleccionar el tipo de documento, Jhon seleccionar tipo documento, jhon enters '1.012439359E9' into Seleccionar el tipo de documento, jhon enters 'jhon.quinones@infotrack.com.co' into ¿Cuál es tu correo electrónico?, jhon enters 'QA 4' into ¿Cuales son tus apellidos?, jhon enters 'TEST 4' into ¿Cual es tu telefono fijo?, jhon enters '3.000000003E9' into Ingresa tu numero celular, jhon enters '3.000000003E9' into Seleccionar el tipo de documento]]
[Test worker] WARN net.thucydides.core.steps.BaseStepListener - stepStarted: net.thucydides.core.steps.ExecutedStepDescription@128a188a
[Test worker] WARN net.thucydides.core.steps.BaseStepListener - stepFinished: current outcome:Proceso Autogestion - Agendamiento de servicios:Dado el usuario final cuando desee crear o agendar una orden de servicio [Jhon abrir pagina [jhon opens the Object abrir pagina]], Cuando Crea la orden de servicio [Jhon autogestion [jhon clicks on Heabeas Data, jhon clicks on Seleccionar el tipo de documento, Jhon seleccionar tipo documento, jhon enters '8.300675571E9' into Seleccionar el tipo de documento, jhon enters 'jhon.quinones@infotrack.com.co' into ¿Cuál es tu correo electrónico?, jhon enters 'Test Automotion9' into Ingresa tu nombre, jhon enters '3.0E9' into Ingresa tu numero celular, jhon enters '3.0E9' into Seleccionar el tipo de documento, jhon clicks on Continuar, jhon enters 'Bogota' into Ciudad, jhon clicks on Lista de ciudades, jhon enters 'Av. C. 127' into Direccion, jhon clicks on Buscar la dirección, jhon enters 'Norte' into Datos adicionales, jhon clicks on Continuar ubicación servicio, jhon enters 'Garantia' into ¿Qué tipo de servicio solicitas?, jhon clicks on ¿Qué tipo de servicio solicitas? Lista, jhon enters 'NEVERA 5.3 PIES ALMENDRA' into ¿Cuál es el producto?, jhon clicks on ¿Cuál es el producto? Lista, jhon enters 'BOTA AGUA' into ¿Cuál es el motivo de la reparación?, jhon clicks on ¿Cuál es el motivo de la reparación? Lista, jhon enters 'QA AUTOMOTION' into observaciones, jhon clicks on Rango AM, jhon enters '1.012439364E9' into Rango PM, jhon clicks on Fecha, jhon clicks on Confirmar Fecha seleccionada, jhon clicks on Programar, jhon clicks on Finalizar Orden de servicio, jhon clicks on Heabeas Data, jhon clicks on Seleccionar el tipo de documento, Jhon seleccionar tipo documento, jhon enters '1.012439357E9' into Seleccionar el tipo de documento, jhon enters 'jhon.quinones@infotrack.com.co' into ¿Cuál es tu correo electrónico?, jhon enters 'QA 2' into ¿Cuales son tus apellidos?, jhon enters 'TEST 2' into ¿Cual es tu telefono fijo?, jhon enters '3.000000001E9' into Ingresa tu numero celular, jhon enters '3.000000001E9' into Seleccionar el tipo de documento, jhon clicks on Continuar, jhon enters 'Soacha' into Ciudad, jhon clicks on Lista de ciudades, jhon enters 'Cl 15 # 19 a – 159' into Direccion, jhon clicks on Buscar la dirección, jhon enters 'Armonia IV' into Datos adicionales, jhon clicks on Continuar ubicación servicio, jhon enters 'Reparación' into ¿Qué tipo de servicio solicitas?, jhon clicks on ¿Qué tipo de servicio solicitas? Lista, jhon enters 'CALENTADOR DE PASO 10 LTS. GAS NATURAL' into ¿Cuál es el producto?, jhon clicks on ¿Cuál es el producto? Lista, jhon enters 'BOTA AGUA' into ¿Cuál es el motivo de la reparación?, jhon clicks on ¿Cuál es el motivo de la reparación? Lista, jhon enters 'QA AUTOMOTION' into observaciones, jhon clicks on Rango AM, jhon enters '1.012439357E9' into Rango PM, jhon clicks on Fecha, jhon clicks on Confirmar Fecha seleccionada, jhon clicks on Programar, jhon clicks on Finalizar Orden de servicio, jhon clicks on Heabeas Data, jhon clicks on Seleccionar el tipo de documento, Jhon seleccionar tipo documento, jhon enters '8.300675571E9' into Seleccionar el tipo de documento, jhon enters 'jhon.quinones@infotrack.com.co' into ¿Cuál es tu correo electrónico?, jhon enters 'Test Automotion11' into Ingresa tu nombre, jhon enters '3.000000002E9' into Ingresa tu numero celular, jhon enters '3.000000002E9' into Seleccionar el tipo de documento, jhon clicks on Continuar, jhon enters 'Bogota' into Ciudad, jhon clicks on Lista de ciudades, jhon enters 'Av. Carrera 86 # 55A - 75 Engativá' into Direccion, jhon clicks on Buscar la dirección, jhon enters 'Bogota' into Datos adicionales, jhon clicks on Continuar ubicación servicio, jhon enters 'Garantia' into ¿Qué tipo de servicio solicitas?, jhon clicks on ¿Qué tipo de servicio solicitas? Lista, jhon enters 'ESTUFA A GAS 4 PUESTOS E/E 120V NEGRA' into ¿Cuál es el producto?, jhon clicks on ¿Cuál es el producto? Lista, jhon enters 'AHUMA' into ¿Cuál es el motivo de la reparación?, jhon clicks on ¿Cuál es el motivo de la reparación? Lista, jhon enters 'QA AUTOMOTION' into observaciones, jhon clicks on Rango AM, jhon enters '1.012439358E9' into Rango PM, jhon clicks on Fecha, jhon clicks on Confirmar Fecha seleccionada, jhon clicks on Programar, jhon clicks on Finalizar Orden de servicio, jhon clicks on Heabeas Data, jhon clicks on Seleccionar el tipo de documento, Jhon seleccionar tipo documento, jhon enters '1.012439359E9' into Seleccionar el tipo de documento, jhon enters 'jhon.quinones@infotrack.com.co' into ¿Cuál es tu correo electrónico?, jhon enters 'QA 4' into ¿Cuales son tus apellidos?, jhon enters 'TEST 4' into ¿Cual es tu telefono fijo?, jhon enters '3.000000003E9' into Ingresa tu numero celular, jhon enters '3.000000003E9' into Seleccionar el tipo de documento, jhon clicks on Continuar]]
[Test worker] WARN net.thucydides.core.steps.BaseStepListener - stepStarted: net.thucydides.core.steps.ExecutedStepDescription@1ab28416
[Test worker] WARN net.thucydides.core.steps.BaseStepListener - stepFinished: current outcome:Proceso Autogestion - Agendamiento de servicios:Dado el usuario final cuando desee crear o agendar una orden de servicio [Jhon abrir pagina [jhon opens the Object abrir pagina]], Cuando Crea la orden de servicio [Jhon autogestion [jhon clicks on Heabeas Data, jhon clicks on Seleccionar el tipo de documento, Jhon seleccionar tipo documento, jhon enters '8.300675571E9' into Seleccionar el tipo de documento, jhon enters 'jhon.quinones@infotrack.com.co' into ¿Cuál es tu correo electrónico?, jhon enters 'Test Automotion9' into Ingresa tu nombre, jhon enters '3.0E9' into Ingresa tu numero celular, jhon enters '3.0E9' into Seleccionar el tipo de documento, jhon clicks on Continuar, jhon enters 'Bogota' into Ciudad, jhon clicks on Lista de ciudades, jhon enters 'Av. C. 127' into Direccion, jhon clicks on Buscar la dirección, jhon enters 'Norte' into Datos adicionales, jhon clicks on Continuar ubicación servicio, jhon enters 'Garantia' into ¿Qué tipo de servicio solicitas?, jhon clicks on ¿Qué tipo de servicio solicitas? Lista, jhon enters 'NEVERA 5.3 PIES ALMENDRA' into ¿Cuál es el producto?, jhon clicks on ¿Cuál es el producto? Lista, jhon enters 'BOTA AGUA' into ¿Cuál es el motivo de la reparación?, jhon clicks on ¿Cuál es el motivo de la reparación? Lista, jhon enters 'QA AUTOMOTION' into observaciones, jhon clicks on Rango AM, jhon enters '1.012439364E9' into Rango PM, jhon clicks on Fecha, jhon clicks on Confirmar Fecha seleccionada, jhon clicks on Programar, jhon clicks on Finalizar Orden de servicio, jhon clicks on Heabeas Data, jhon clicks on Seleccionar el tipo de documento, Jhon seleccionar tipo documento, jhon enters '1.012439357E9' into Seleccionar el tipo de documento, jhon enters 'jhon.quinones@infotrack.com.co' into ¿Cuál es tu correo electrónico?, jhon enters 'QA 2' into ¿Cuales son tus apellidos?, jhon enters 'TEST 2' into ¿Cual es tu telefono fijo?, jhon enters '3.000000001E9' into Ingresa tu numero celular, jhon enters '3.000000001E9' into Seleccionar el tipo de documento, jhon clicks on Continuar, jhon enters 'Soacha' into Ciudad, jhon clicks on Lista de ciudades, jhon enters 'Cl 15 # 19 a – 159' into Direccion, jhon clicks on Buscar la dirección, jhon enters 'Armonia IV' into Datos adicionales, jhon clicks on Continuar ubicación servicio, jhon enters 'Reparación' into ¿Qué tipo de servicio solicitas?, jhon clicks on ¿Qué tipo de servicio solicitas? Lista, jhon enters 'CALENTADOR DE PASO 10 LTS. GAS NATURAL' into ¿Cuál es el producto?, jhon clicks on ¿Cuál es el producto? Lista, jhon enters 'BOTA AGUA' into ¿Cuál es el motivo de la reparación?, jhon clicks on ¿Cuál es el motivo de la reparación? Lista, jhon enters 'QA AUTOMOTION' into observaciones, jhon clicks on Rango AM, jhon enters '1.012439357E9' into Rango PM, jhon clicks on Fecha, jhon clicks on Confirmar Fecha seleccionada, jhon clicks on Programar, jhon clicks on Finalizar Orden de servicio, jhon clicks on Heabeas Data, jhon clicks on Seleccionar el tipo de documento, Jhon seleccionar tipo documento, jhon enters '8.300675571E9' into Seleccionar el tipo de documento, jhon enters 'jhon.quinones@infotrack.com.co' into ¿Cuál es tu correo electrónico?, jhon enters 'Test Automotion11' into Ingresa tu nombre, jhon enters '3.000000002E9' into Ingresa tu numero celular, jhon enters '3.000000002E9' into Seleccionar el tipo de documento, jhon clicks on Continuar, jhon enters 'Bogota' into Ciudad, jhon clicks on Lista de ciudades, jhon enters 'Av. Carrera 86 # 55A - 75 Engativá' into Direccion, jhon clicks on Buscar la dirección, jhon enters 'Bogota' into Datos adicionales, jhon clicks on Continuar ubicación servicio, jhon enters 'Garantia' into ¿Qué tipo de servicio solicitas?, jhon clicks on ¿Qué tipo de servicio solicitas? Lista, jhon enters 'ESTUFA A GAS 4 PUESTOS E/E 120V NEGRA' into ¿Cuál es el producto?, jhon clicks on ¿Cuál es el producto? Lista, jhon enters 'AHUMA' into ¿Cuál es el motivo de la reparación?, jhon clicks on ¿Cuál es el motivo de la reparación? Lista, jhon enters 'QA AUTOMOTION' into observaciones, jhon clicks on Rango AM, jhon enters '1.012439358E9' into Rango PM, jhon clicks on Fecha, jhon clicks on Confirmar Fecha seleccionada, jhon clicks on Programar, jhon clicks on Finalizar Orden de servicio, jhon clicks on Heabeas Data, jhon clicks on Seleccionar el tipo de documento, Jhon seleccionar tipo documento, jhon enters '1.012439359E9' into Seleccionar el tipo de documento, jhon enters 'jhon.quinones@infotrack.com.co' into ¿Cuál es tu correo electrónico?, jhon enters 'QA 4' into ¿Cuales son tus apellidos?, jhon enters 'TEST 4' into ¿Cual es tu telefono fijo?, jhon enters '3.000000003E9' into Ingresa tu numero celular, jhon enters '3.000000003E9' into Seleccionar el tipo de documento, jhon clicks on Continuar, jhon enters 'Soacha' into Ciudad]]
[Test worker] WARN net.thucydides.core.steps.BaseStepListener - stepStarted: net.thucydides.core.steps.ExecutedStepDescription@3835b281
[Test worker] WARN net.thucydides.core.steps.BaseStepListener - stepFinished: current outcome:Proceso Autogestion - Agendamiento de servicios:Dado el usuario final cuando desee crear o agendar una orden de servicio [Jhon abrir pagina [jhon opens the Object abrir pagina]], Cuando Crea la orden de servicio [Jhon autogestion [jhon clicks on Heabeas Data, jhon clicks on Seleccionar el tipo de documento, Jhon seleccionar tipo documento, jhon enters '8.300675571E9' into Seleccionar el tipo de documento, jhon enters 'jhon.quinones@infotrack.com.co' into ¿Cuál es tu correo electrónico?, jhon enters 'Test Automotion9' into Ingresa tu nombre, jhon enters '3.0E9' into Ingresa tu numero celular, jhon enters '3.0E9' into Seleccionar el tipo de documento, jhon clicks on Continuar, jhon enters 'Bogota' into Ciudad, jhon clicks on Lista de ciudades, jhon enters 'Av. C. 127' into Direccion, jhon clicks on Buscar la dirección, jhon enters 'Norte' into Datos adicionales, jhon clicks on Continuar ubicación servicio, jhon enters 'Garantia' into ¿Qué tipo de servicio solicitas?, jhon clicks on ¿Qué tipo de servicio solicitas? Lista, jhon enters 'NEVERA 5.3 PIES ALMENDRA' into ¿Cuál es el producto?, jhon clicks on ¿Cuál es el producto? Lista, jhon enters 'BOTA AGUA' into ¿Cuál es el motivo de la reparación?, jhon clicks on ¿Cuál es el motivo de la reparación? Lista, jhon enters 'QA AUTOMOTION' into observaciones, jhon clicks on Rango AM, jhon enters '1.012439364E9' into Rango PM, jhon clicks on Fecha, jhon clicks on Confirmar Fecha seleccionada, jhon clicks on Programar, jhon clicks on Finalizar Orden de servicio, jhon clicks on Heabeas Data, jhon clicks on Seleccionar el tipo de documento, Jhon seleccionar tipo documento, jhon enters '1.012439357E9' into Seleccionar el tipo de documento, jhon enters 'jhon.quinones@infotrack.com.co' into ¿Cuál es tu correo electrónico?, jhon enters 'QA 2' into ¿Cuales son tus apellidos?, jhon enters 'TEST 2' into ¿Cual es tu telefono fijo?, jhon enters '3.000000001E9' into Ingresa tu numero celular, jhon enters '3.000000001E9' into Seleccionar el tipo de documento, jhon clicks on Continuar, jhon enters 'Soacha' into Ciudad, jhon clicks on Lista de ciudades, jhon enters 'Cl 15 # 19 a – 159' into Direccion, jhon clicks on Buscar la dirección, jhon enters 'Armonia IV' into Datos adicionales, jhon clicks on Continuar ubicación servicio, jhon enters 'Reparación' into ¿Qué tipo de servicio solicitas?, jhon clicks on ¿Qué tipo de servicio solicitas? Lista, jhon enters 'CALENTADOR DE PASO 10 LTS. GAS NATURAL' into ¿Cuál es el producto?, jhon clicks on ¿Cuál es el producto? Lista, jhon enters 'BOTA AGUA' into ¿Cuál es el motivo de la reparación?, jhon clicks on ¿Cuál es el motivo de la reparación? Lista, jhon enters 'QA AUTOMOTION' into observaciones, jhon clicks on Rango AM, jhon enters '1.012439357E9' into Rango PM, jhon clicks on Fecha, jhon clicks on Confirmar Fecha seleccionada, jhon clicks on Programar, jhon clicks on Finalizar Orden de servicio, jhon clicks on Heabeas Data, jhon clicks on Seleccionar el tipo de documento, Jhon seleccionar tipo documento, jhon enters '8.300675571E9' into Seleccionar el tipo de documento, jhon enters 'jhon.quinones@infotrack.com.co' into ¿Cuál es tu correo electrónico?, jhon enters 'Test Automotion11' into Ingresa tu nombre, jhon enters '3.000000002E9' into Ingresa tu numero celular, jhon enters '3.000000002E9' into Seleccionar el tipo de documento, jhon clicks on Continuar, jhon enters 'Bogota' into Ciudad, jhon clicks on Lista de ciudades, jhon enters 'Av. Carrera 86 # 55A - 75 Engativá' into Direccion, jhon clicks on Buscar la dirección, jhon enters 'Bogota' into Datos adicionales, jhon clicks on Continuar ubicación servicio, jhon enters 'Garantia' into ¿Qué tipo de servicio solicitas?, jhon clicks on ¿Qué tipo de servicio solicitas? Lista, jhon enters 'ESTUFA A GAS 4 PUESTOS E/E 120V NEGRA' into ¿Cuál es el producto?, jhon clicks on ¿Cuál es el producto? Lista, jhon enters 'AHUMA' into ¿Cuál es el motivo de la reparación?, jhon clicks on ¿Cuál es el motivo de la reparación? Lista, jhon enters 'QA AUTOMOTION' into observaciones, jhon clicks on Rango AM, jhon enters '1.012439358E9' into Rango PM, jhon clicks on Fecha, jhon clicks on Confirmar Fecha seleccionada, jhon clicks on Programar, jhon clicks on Finalizar Orden de servicio, jhon clicks on Heabeas Data, jhon clicks on Seleccionar el tipo de documento, Jhon seleccionar tipo documento, jhon enters '1.012439359E9' into Seleccionar el tipo de documento, jhon enters 'jhon.quinones@infotrack.com.co' into ¿Cuál es tu correo electrónico?, jhon enters 'QA 4' into ¿Cuales son tus apellidos?, jhon enters 'TEST 4' into ¿Cual es tu telefono fijo?, jhon enters '3.000000003E9' into Ingresa tu numero celular, jhon enters '3.000000003E9' into Seleccionar el tipo de documento, jhon clicks on Continuar, jhon enters 'Soacha' into Ciudad, jhon clicks on Lista de ciudades]]
[Test worker] WARN net.thucydides.core.steps.BaseStepListener - stepStarted: net.thucydides.core.steps.ExecutedStepDescription@7d6019d5
[Test worker] WARN net.thucydides.core.steps.BaseStepListener - stepFinished: current outcome:Proceso Autogestion - Agendamiento de servicios:Dado el usuario final cuando desee crear o agendar una orden de servicio [Jhon abrir pagina [jhon opens the Object abrir pagina]], Cuando Crea la orden de servicio [Jhon autogestion [jhon clicks on Heabeas Data, jhon clicks on Seleccionar el tipo de documento, Jhon seleccionar tipo documento, jhon enters '8.300675571E9' into Seleccionar el tipo de documento, jhon enters 'jhon.quinones@infotrack.com.co' into ¿Cuál es tu correo electrónico?, jhon enters 'Test Automotion9' into Ingresa tu nombre, jhon enters '3.0E9' into Ingresa tu numero celular, jhon enters '3.0E9' into Seleccionar el tipo de documento, jhon clicks on Continuar, jhon enters 'Bogota' into Ciudad, jhon clicks on Lista de ciudades, jhon enters 'Av. C. 127' into Direccion, jhon clicks on Buscar la dirección, jhon enters 'Norte' into Datos adicionales, jhon clicks on Continuar ubicación servicio, jhon enters 'Garantia' into ¿Qué tipo de servicio solicitas?, jhon clicks on ¿Qué tipo de servicio solicitas? Lista, jhon enters 'NEVERA 5.3 PIES ALMENDRA' into ¿Cuál es el producto?, jhon clicks on ¿Cuál es el producto? Lista, jhon enters 'BOTA AGUA' into ¿Cuál es el motivo de la reparación?, jhon clicks on ¿Cuál es el motivo de la reparación? Lista, jhon enters 'QA AUTOMOTION' into observaciones, jhon clicks on Rango AM, jhon enters '1.012439364E9' into Rango PM, jhon clicks on Fecha, jhon clicks on Confirmar Fecha seleccionada, jhon clicks on Programar, jhon clicks on Finalizar Orden de servicio, jhon clicks on Heabeas Data, jhon clicks on Seleccionar el tipo de documento, Jhon seleccionar tipo documento, jhon enters '1.012439357E9' into Seleccionar el tipo de documento, jhon enters 'jhon.quinones@infotrack.com.co' into ¿Cuál es tu correo electrónico?, jhon enters 'QA 2' into ¿Cuales son tus apellidos?, jhon enters 'TEST 2' into ¿Cual es tu telefono fijo?, jhon enters '3.000000001E9' into Ingresa tu numero celular, jhon enters '3.000000001E9' into Seleccionar el tipo de documento, jhon clicks on Continuar, jhon enters 'Soacha' into Ciudad, jhon clicks on Lista de ciudades, jhon enters 'Cl 15 # 19 a – 159' into Direccion, jhon clicks on Buscar la dirección, jhon enters 'Armonia IV' into Datos adicionales, jhon clicks on Continuar ubicación servicio, jhon enters 'Reparación' into ¿Qué tipo de servicio solicitas?, jhon clicks on ¿Qué tipo de servicio solicitas? Lista, jhon enters 'CALENTADOR DE PASO 10 LTS. GAS NATURAL' into ¿Cuál es el producto?, jhon clicks on ¿Cuál es el producto? Lista, jhon enters 'BOTA AGUA' into ¿Cuál es el motivo de la reparación?, jhon clicks on ¿Cuál es el motivo de la reparación? Lista, jhon enters 'QA AUTOMOTION' into observaciones, jhon clicks on Rango AM, jhon enters '1.012439357E9' into Rango PM, jhon clicks on Fecha, jhon clicks on Confirmar Fecha seleccionada, jhon clicks on Programar, jhon clicks on Finalizar Orden de servicio, jhon clicks on Heabeas Data, jhon clicks on Seleccionar el tipo de documento, Jhon seleccionar tipo documento, jhon enters '8.300675571E9' into Seleccionar el tipo de documento, jhon enters 'jhon.quinones@infotrack.com.co' into ¿Cuál es tu correo electrónico?, jhon enters 'Test Automotion11' into Ingresa tu nombre, jhon enters '3.000000002E9' into Ingresa tu numero celular, jhon enters '3.000000002E9' into Seleccionar el tipo de documento, jhon clicks on Continuar, jhon enters 'Bogota' into Ciudad, jhon clicks on Lista de ciudades, jhon enters 'Av. Carrera 86 # 55A - 75 Engativá' into Direccion, jhon clicks on Buscar la dirección, jhon enters 'Bogota' into Datos adicionales, jhon clicks on Continuar ubicación servicio, jhon enters 'Garantia' into ¿Qué tipo de servicio solicitas?, jhon clicks on ¿Qué tipo de servicio solicitas? Lista, jhon enters 'ESTUFA A GAS 4 PUESTOS E/E 120V NEGRA' into ¿Cuál es el producto?, jhon clicks on ¿Cuál es el producto? Lista, jhon enters 'AHUMA' into ¿Cuál es el motivo de la reparación?, jhon clicks on ¿Cuál es el motivo de la reparación? Lista, jhon enters 'QA AUTOMOTION' into observaciones, jhon clicks on Rango AM, jhon enters '1.012439358E9' into Rango PM, jhon clicks on Fecha, jhon clicks on Confirmar Fecha seleccionada, jhon clicks on Programar, jhon clicks on Finalizar Orden de servicio, jhon clicks on Heabeas Data, jhon clicks on Seleccionar el tipo de documento, Jhon seleccionar tipo documento, jhon enters '1.012439359E9' into Seleccionar el tipo de documento, jhon enters 'jhon.quinones@infotrack.com.co' into ¿Cuál es tu correo electrónico?, jhon enters 'QA 4' into ¿Cuales son tus apellidos?, jhon enters 'TEST 4' into ¿Cual es tu telefono fijo?, jhon enters '3.000000003E9' into Ingresa tu numero celular, jhon enters '3.000000003E9' into Seleccionar el tipo de documento, jhon clicks on Continuar, jhon enters 'Soacha' into Ciudad, jhon clicks on Lista de ciudades, jhon enters 'Cra. 72C #22A-74, Fontibón' into Direccion]]
[Test worker] WARN net.thucydides.core.steps.BaseStepListener - stepStarted: net.thucydides.core.steps.ExecutedStepDescription@6604f246
[Test worker] WARN net.thucydides.core.steps.BaseStepListener - stepFinished: current outcome:Proceso Autogestion - Agendamiento de servicios:Dado el usuario final cuando desee crear o agendar una orden de servicio [Jhon abrir pagina [jhon opens the Object abrir pagina]], Cuando Crea la orden de servicio [Jhon autogestion [jhon clicks on Heabeas Data, jhon clicks on Seleccionar el tipo de documento, Jhon seleccionar tipo documento, jhon enters '8.300675571E9' into Seleccionar el tipo de documento, jhon enters 'jhon.quinones@infotrack.com.co' into ¿Cuál es tu correo electrónico?, jhon enters 'Test Automotion9' into Ingresa tu nombre, jhon enters '3.0E9' into Ingresa tu numero celular, jhon enters '3.0E9' into Seleccionar el tipo de documento, jhon clicks on Continuar, jhon enters 'Bogota' into Ciudad, jhon clicks on Lista de ciudades, jhon enters 'Av. C. 127' into Direccion, jhon clicks on Buscar la dirección, jhon enters 'Norte' into Datos adicionales, jhon clicks on Continuar ubicación servicio, jhon enters 'Garantia' into ¿Qué tipo de servicio solicitas?, jhon clicks on ¿Qué tipo de servicio solicitas? Lista, jhon enters 'NEVERA 5.3 PIES ALMENDRA' into ¿Cuál es el producto?, jhon clicks on ¿Cuál es el producto? Lista, jhon enters 'BOTA AGUA' into ¿Cuál es el motivo de la reparación?, jhon clicks on ¿Cuál es el motivo de la reparación? Lista, jhon enters 'QA AUTOMOTION' into observaciones, jhon clicks on Rango AM, jhon enters '1.012439364E9' into Rango PM, jhon clicks on Fecha, jhon clicks on Confirmar Fecha seleccionada, jhon clicks on Programar, jhon clicks on Finalizar Orden de servicio, jhon clicks on Heabeas Data, jhon clicks on Seleccionar el tipo de documento, Jhon seleccionar tipo documento, jhon enters '1.012439357E9' into Seleccionar el tipo de documento, jhon enters 'jhon.quinones@infotrack.com.co' into ¿Cuál es tu correo electrónico?, jhon enters 'QA 2' into ¿Cuales son tus apellidos?, jhon enters 'TEST 2' into ¿Cual es tu telefono fijo?, jhon enters '3.000000001E9' into Ingresa tu numero celular, jhon enters '3.000000001E9' into Seleccionar el tipo de documento, jhon clicks on Continuar, jhon enters 'Soacha' into Ciudad, jhon clicks on Lista de ciudades, jhon enters 'Cl 15 # 19 a – 159' into Direccion, jhon clicks on Buscar la dirección, jhon enters 'Armonia IV' into Datos adicionales, jhon clicks on Continuar ubicación servicio, jhon enters 'Reparación' into ¿Qué tipo de servicio solicitas?, jhon clicks on ¿Qué tipo de servicio solicitas? Lista, jhon enters 'CALENTADOR DE PASO 10 LTS. GAS NATURAL' into ¿Cuál es el producto?, jhon clicks on ¿Cuál es el producto? Lista, jhon enters 'BOTA AGUA' into ¿Cuál es el motivo de la reparación?, jhon clicks on ¿Cuál es el motivo de la reparación? Lista, jhon enters 'QA AUTOMOTION' into observaciones, jhon clicks on Rango AM, jhon enters '1.012439357E9' into Rango PM, jhon clicks on Fecha, jhon clicks on Confirmar Fecha seleccionada, jhon clicks on Programar, jhon clicks on Finalizar Orden de servicio, jhon clicks on Heabeas Data, jhon clicks on Seleccionar el tipo de documento, Jhon seleccionar tipo documento, jhon enters '8.300675571E9' into Seleccionar el tipo de documento, jhon enters 'jhon.quinones@infotrack.com.co' into ¿Cuál es tu correo electrónico?, jhon enters 'Test Automotion11' into Ingresa tu nombre, jhon enters '3.000000002E9' into Ingresa tu numero celular, jhon enters '3.000000002E9' into Seleccionar el tipo de documento, jhon clicks on Continuar, jhon enters 'Bogota' into Ciudad, jhon clicks on Lista de ciudades, jhon enters 'Av. Carrera 86 # 55A - 75 Engativá' into Direccion, jhon clicks on Buscar la dirección, jhon enters 'Bogota' into Datos adicionales, jhon clicks on Continuar ubicación servicio, jhon enters 'Garantia' into ¿Qué tipo de servicio solicitas?, jhon clicks on ¿Qué tipo de servicio solicitas? Lista, jhon enters 'ESTUFA A GAS 4 PUESTOS E/E 120V NEGRA' into ¿Cuál es el producto?, jhon clicks on ¿Cuál es el producto? Lista, jhon enters 'AHUMA' into ¿Cuál es el motivo de la reparación?, jhon clicks on ¿Cuál es el motivo de la reparación? Lista, jhon enters 'QA AUTOMOTION' into observaciones, jhon clicks on Rango AM, jhon enters '1.012439358E9' into Rango PM, jhon clicks on Fecha, jhon clicks on Confirmar Fecha seleccionada, jhon clicks on Programar, jhon clicks on Finalizar Orden de servicio, jhon clicks on Heabeas Data, jhon clicks on Seleccionar el tipo de documento, Jhon seleccionar tipo documento, jhon enters '1.012439359E9' into Seleccionar el tipo de documento, jhon enters 'jhon.quinones@infotrack.com.co' into ¿Cuál es tu correo electrónico?, jhon enters 'QA 4' into ¿Cuales son tus apellidos?, jhon enters 'TEST 4' into ¿Cual es tu telefono fijo?, jhon enters '3.000000003E9' into Ingresa tu numero celular, jhon enters '3.000000003E9' into Seleccionar el tipo de documento, jhon clicks on Continuar, jhon enters 'Soacha' into Ciudad, jhon clicks on Lista de ciudades, jhon enters 'Cra. 72C #22A-74, Fontibón' into Direccion, jhon clicks on Buscar la dirección]]
[Test worker] WARN net.thucydides.core.steps.BaseStepListener - stepStarted: net.thucydides.core.steps.ExecutedStepDescription@51cd2d2
[Test worker] WARN net.thucydides.core.steps.BaseStepListener - stepFinished: current outcome:Proceso Autogestion - Agendamiento de servicios:Dado el usuario final cuando desee crear o agendar una orden de servicio [Jhon abrir pagina [jhon opens the Object abrir pagina]], Cuando Crea la orden de servicio [Jhon autogestion [jhon clicks on Heabeas Data, jhon clicks on Seleccionar el tipo de documento, Jhon seleccionar tipo documento, jhon enters '8.300675571E9' into Seleccionar el tipo de documento, jhon enters 'jhon.quinones@infotrack.com.co' into ¿Cuál es tu correo electrónico?, jhon enters 'Test Automotion9' into Ingresa tu nombre, jhon enters '3.0E9' into Ingresa tu numero celular, jhon enters '3.0E9' into Seleccionar el tipo de documento, jhon clicks on Continuar, jhon enters 'Bogota' into Ciudad, jhon clicks on Lista de ciudades, jhon enters 'Av. C. 127' into Direccion, jhon clicks on Buscar la dirección, jhon enters 'Norte' into Datos adicionales, jhon clicks on Continuar ubicación servicio, jhon enters 'Garantia' into ¿Qué tipo de servicio solicitas?, jhon clicks on ¿Qué tipo de servicio solicitas? Lista, jhon enters 'NEVERA 5.3 PIES ALMENDRA' into ¿Cuál es el producto?, jhon clicks on ¿Cuál es el producto? Lista, jhon enters 'BOTA AGUA' into ¿Cuál es el motivo de la reparación?, jhon clicks on ¿Cuál es el motivo de la reparación? Lista, jhon enters 'QA AUTOMOTION' into observaciones, jhon clicks on Rango AM, jhon enters '1.012439364E9' into Rango PM, jhon clicks on Fecha, jhon clicks on Confirmar Fecha seleccionada, jhon clicks on Programar, jhon clicks on Finalizar Orden de servicio, jhon clicks on Heabeas Data, jhon clicks on Seleccionar el tipo de documento, Jhon seleccionar tipo documento, jhon enters '1.012439357E9' into Seleccionar el tipo de documento, jhon enters 'jhon.quinones@infotrack.com.co' into ¿Cuál es tu correo electrónico?, jhon enters 'QA 2' into ¿Cuales son tus apellidos?, jhon enters 'TEST 2' into ¿Cual es tu telefono fijo?, jhon enters '3.000000001E9' into Ingresa tu numero celular, jhon enters '3.000000001E9' into Seleccionar el tipo de documento, jhon clicks on Continuar, jhon enters 'Soacha' into Ciudad, jhon clicks on Lista de ciudades, jhon enters 'Cl 15 # 19 a – 159' into Direccion, jhon clicks on Buscar la dirección, jhon enters 'Armonia IV' into Datos adicionales, jhon clicks on Continuar ubicación servicio, jhon enters 'Reparación' into ¿Qué tipo de servicio solicitas?, jhon clicks on ¿Qué tipo de servicio solicitas? Lista, jhon enters 'CALENTADOR DE PASO 10 LTS. GAS NATURAL' into ¿Cuál es el producto?, jhon clicks on ¿Cuál es el producto? Lista, jhon enters 'BOTA AGUA' into ¿Cuál es el motivo de la reparación?, jhon clicks on ¿Cuál es el motivo de la reparación? Lista, jhon enters 'QA AUTOMOTION' into observaciones, jhon clicks on Rango AM, jhon enters '1.012439357E9' into Rango PM, jhon clicks on Fecha, jhon clicks on Confirmar Fecha seleccionada, jhon clicks on Programar, jhon clicks on Finalizar Orden de servicio, jhon clicks on Heabeas Data, jhon clicks on Seleccionar el tipo de documento, Jhon seleccionar tipo documento, jhon enters '8.300675571E9' into Seleccionar el tipo de documento, jhon enters 'jhon.quinones@infotrack.com.co' into ¿Cuál es tu correo electrónico?, jhon enters 'Test Automotion11' into Ingresa tu nombre, jhon enters '3.000000002E9' into Ingresa tu numero celular, jhon enters '3.000000002E9' into Seleccionar el tipo de documento, jhon clicks on Continuar, jhon enters 'Bogota' into Ciudad, jhon clicks on Lista de ciudades, jhon enters 'Av. Carrera 86 # 55A - 75 Engativá' into Direccion, jhon clicks on Buscar la dirección, jhon enters 'Bogota' into Datos adicionales, jhon clicks on Continuar ubicación servicio, jhon enters 'Garantia' into ¿Qué tipo de servicio solicitas?, jhon clicks on ¿Qué tipo de servicio solicitas? Lista, jhon enters 'ESTUFA A GAS 4 PUESTOS E/E 120V NEGRA' into ¿Cuál es el producto?, jhon clicks on ¿Cuál es el producto? Lista, jhon enters 'AHUMA' into ¿Cuál es el motivo de la reparación?, jhon clicks on ¿Cuál es el motivo de la reparación? Lista, jhon enters 'QA AUTOMOTION' into observaciones, jhon clicks on Rango AM, jhon enters '1.012439358E9' into Rango PM, jhon clicks on Fecha, jhon clicks on Confirmar Fecha seleccionada, jhon clicks on Programar, jhon clicks on Finalizar Orden de servicio, jhon clicks on Heabeas Data, jhon clicks on Seleccionar el tipo de documento, Jhon seleccionar tipo documento, jhon enters '1.012439359E9' into Seleccionar el tipo de documento, jhon enters 'jhon.quinones@infotrack.com.co' into ¿Cuál es tu correo electrónico?, jhon enters 'QA 4' into ¿Cuales son tus apellidos?, jhon enters 'TEST 4' into ¿Cual es tu telefono fijo?, jhon enters '3.000000003E9' into Ingresa tu numero celular, jhon enters '3.000000003E9' into Seleccionar el tipo de documento, jhon clicks on Continuar, jhon enters 'Soacha' into Ciudad, jhon clicks on Lista de ciudades, jhon enters 'Cra. 72C #22A-74, Fontibón' into Direccion, jhon clicks on Buscar la dirección, jhon enters 'Bogota, Cundinamarca' into Datos adicionales]]
[Test worker] WARN net.thucydides.core.steps.BaseStepListener - stepStarted: net.thucydides.core.steps.ExecutedStepDescription@52035328
[Test worker] WARN net.thucydides.core.steps.BaseStepListener - stepFinished: current outcome:Proceso Autogestion - Agendamiento de servicios:Dado el usuario final cuando desee crear o agendar una orden de servicio [Jhon abrir pagina [jhon opens the Object abrir pagina]], Cuando Crea la orden de servicio [Jhon autogestion [jhon clicks on Heabeas Data, jhon clicks on Seleccionar el tipo de documento, Jhon seleccionar tipo documento, jhon enters '8.300675571E9' into Seleccionar el tipo de documento, jhon enters 'jhon.quinones@infotrack.com.co' into ¿Cuál es tu correo electrónico?, jhon enters 'Test Automotion9' into Ingresa tu nombre, jhon enters '3.0E9' into Ingresa tu numero celular, jhon enters '3.0E9' into Seleccionar el tipo de documento, jhon clicks on Continuar, jhon enters 'Bogota' into Ciudad, jhon clicks on Lista de ciudades, jhon enters 'Av. C. 127' into Direccion, jhon clicks on Buscar la dirección, jhon enters 'Norte' into Datos adicionales, jhon clicks on Continuar ubicación servicio, jhon enters 'Garantia' into ¿Qué tipo de servicio solicitas?, jhon clicks on ¿Qué tipo de servicio solicitas? Lista, jhon enters 'NEVERA 5.3 PIES ALMENDRA' into ¿Cuál es el producto?, jhon clicks on ¿Cuál es el producto? Lista, jhon enters 'BOTA AGUA' into ¿Cuál es el motivo de la reparación?, jhon clicks on ¿Cuál es el motivo de la reparación? Lista, jhon enters 'QA AUTOMOTION' into observaciones, jhon clicks on Rango AM, jhon enters '1.012439364E9' into Rango PM, jhon clicks on Fecha, jhon clicks on Confirmar Fecha seleccionada, jhon clicks on Programar, jhon clicks on Finalizar Orden de servicio, jhon clicks on Heabeas Data, jhon clicks on Seleccionar el tipo de documento, Jhon seleccionar tipo documento, jhon enters '1.012439357E9' into Seleccionar el tipo de documento, jhon enters 'jhon.quinones@infotrack.com.co' into ¿Cuál es tu correo electrónico?, jhon enters 'QA 2' into ¿Cuales son tus apellidos?, jhon enters 'TEST 2' into ¿Cual es tu telefono fijo?, jhon enters '3.000000001E9' into Ingresa tu numero celular, jhon enters '3.000000001E9' into Seleccionar el tipo de documento, jhon clicks on Continuar, jhon enters 'Soacha' into Ciudad, jhon clicks on Lista de ciudades, jhon enters 'Cl 15 # 19 a – 159' into Direccion, jhon clicks on Buscar la dirección, jhon enters 'Armonia IV' into Datos adicionales, jhon clicks on Continuar ubicación servicio, jhon enters 'Reparación' into ¿Qué tipo de servicio solicitas?, jhon clicks on ¿Qué tipo de servicio solicitas? Lista, jhon enters 'CALENTADOR DE PASO 10 LTS. GAS NATURAL' into ¿Cuál es el producto?, jhon clicks on ¿Cuál es el producto? Lista, jhon enters 'BOTA AGUA' into ¿Cuál es el motivo de la reparación?, jhon clicks on ¿Cuál es el motivo de la reparación? Lista, jhon enters 'QA AUTOMOTION' into observaciones, jhon clicks on Rango AM, jhon enters '1.012439357E9' into Rango PM, jhon clicks on Fecha, jhon clicks on Confirmar Fecha seleccionada, jhon clicks on Programar, jhon clicks on Finalizar Orden de servicio, jhon clicks on Heabeas Data, jhon clicks on Seleccionar el tipo de documento, Jhon seleccionar tipo documento, jhon enters '8.300675571E9' into Seleccionar el tipo de documento, jhon enters 'jhon.quinones@infotrack.com.co' into ¿Cuál es tu correo electrónico?, jhon enters 'Test Automotion11' into Ingresa tu nombre, jhon enters '3.000000002E9' into Ingresa tu numero celular, jhon enters '3.000000002E9' into Seleccionar el tipo de documento, jhon clicks on Continuar, jhon enters 'Bogota' into Ciudad, jhon clicks on Lista de ciudades, jhon enters 'Av. Carrera 86 # 55A - 75 Engativá' into Direccion, jhon clicks on Buscar la dirección, jhon enters 'Bogota' into Datos adicionales, jhon clicks on Continuar ubicación servicio, jhon enters 'Garantia' into ¿Qué tipo de servicio solicitas?, jhon clicks on ¿Qué tipo de servicio solicitas? Lista, jhon enters 'ESTUFA A GAS 4 PUESTOS E/E 120V NEGRA' into ¿Cuál es el producto?, jhon clicks on ¿Cuál es el producto? Lista, jhon enters 'AHUMA' into ¿Cuál es el motivo de la reparación?, jhon clicks on ¿Cuál es el motivo de la reparación? Lista, jhon enters 'QA AUTOMOTION' into observaciones, jhon clicks on Rango AM, jhon enters '1.012439358E9' into Rango PM, jhon clicks on Fecha, jhon clicks on Confirmar Fecha seleccionada, jhon clicks on Programar, jhon clicks on Finalizar Orden de servicio, jhon clicks on Heabeas Data, jhon clicks on Seleccionar el tipo de documento, Jhon seleccionar tipo documento, jhon enters '1.012439359E9' into Seleccionar el tipo de documento, jhon enters 'jhon.quinones@infotrack.com.co' into ¿Cuál es tu correo electrónico?, jhon enters 'QA 4' into ¿Cuales son tus apellidos?, jhon enters 'TEST 4' into ¿Cual es tu telefono fijo?, jhon enters '3.000000003E9' into Ingresa tu numero celular, jhon enters '3.000000003E9' into Seleccionar el tipo de documento, jhon clicks on Continuar, jhon enters 'Soacha' into Ciudad, jhon clicks on Lista de ciudades, jhon enters 'Cra. 72C #22A-74, Fontibón' into Direccion, jhon clicks on Buscar la dirección, jhon enters 'Bogota, Cundinamarca' into Datos adicionales, jhon clicks on Continuar ubicación servicio]]
[Test worker] WARN net.thucydides.core.steps.BaseStepListener - stepStarted: net.thucydides.core.steps.ExecutedStepDescription@612290d
[Test worker] WARN net.thucydides.core.steps.BaseStepListener - stepFinished: current outcome:Proceso Autogestion - Agendamiento de servicios:Dado el usuario final cuando desee crear o agendar una orden de servicio [Jhon abrir pagina [jhon opens the Object abrir pagina]], Cuando Crea la orden de servicio [Jhon autogestion [jhon clicks on Heabeas Data, jhon clicks on Seleccionar el tipo de documento, Jhon seleccionar tipo documento, jhon enters '8.300675571E9' into Seleccionar el tipo de documento, jhon enters 'jhon.quinones@infotrack.com.co' into ¿Cuál es tu correo electrónico?, jhon enters 'Test Automotion9' into Ingresa tu nombre, jhon enters '3.0E9' into Ingresa tu numero celular, jhon enters '3.0E9' into Seleccionar el tipo de documento, jhon clicks on Continuar, jhon enters 'Bogota' into Ciudad, jhon clicks on Lista de ciudades, jhon enters 'Av. C. 127' into Direccion, jhon clicks on Buscar la dirección, jhon enters 'Norte' into Datos adicionales, jhon clicks on Continuar ubicación servicio, jhon enters 'Garantia' into ¿Qué tipo de servicio solicitas?, jhon clicks on ¿Qué tipo de servicio solicitas? Lista, jhon enters 'NEVERA 5.3 PIES ALMENDRA' into ¿Cuál es el producto?, jhon clicks on ¿Cuál es el producto? Lista, jhon enters 'BOTA AGUA' into ¿Cuál es el motivo de la reparación?, jhon clicks on ¿Cuál es el motivo de la reparación? Lista, jhon enters 'QA AUTOMOTION' into observaciones, jhon clicks on Rango AM, jhon enters '1.012439364E9' into Rango PM, jhon clicks on Fecha, jhon clicks on Confirmar Fecha seleccionada, jhon clicks on Programar, jhon clicks on Finalizar Orden de servicio, jhon clicks on Heabeas Data, jhon clicks on Seleccionar el tipo de documento, Jhon seleccionar tipo documento, jhon enters '1.012439357E9' into Seleccionar el tipo de documento, jhon enters 'jhon.quinones@infotrack.com.co' into ¿Cuál es tu correo electrónico?, jhon enters 'QA 2' into ¿Cuales son tus apellidos?, jhon enters 'TEST 2' into ¿Cual es tu telefono fijo?, jhon enters '3.000000001E9' into Ingresa tu numero celular, jhon enters '3.000000001E9' into Seleccionar el tipo de documento, jhon clicks on Continuar, jhon enters 'Soacha' into Ciudad, jhon clicks on Lista de ciudades, jhon enters 'Cl 15 # 19 a – 159' into Direccion, jhon clicks on Buscar la dirección, jhon enters 'Armonia IV' into Datos adicionales, jhon clicks on Continuar ubicación servicio, jhon enters 'Reparación' into ¿Qué tipo de servicio solicitas?, jhon clicks on ¿Qué tipo de servicio solicitas? Lista, jhon enters 'CALENTADOR DE PASO 10 LTS. GAS NATURAL' into ¿Cuál es el producto?, jhon clicks on ¿Cuál es el producto? Lista, jhon enters 'BOTA AGUA' into ¿Cuál es el motivo de la reparación?, jhon clicks on ¿Cuál es el motivo de la reparación? Lista, jhon enters 'QA AUTOMOTION' into observaciones, jhon clicks on Rango AM, jhon enters '1.012439357E9' into Rango PM, jhon clicks on Fecha, jhon clicks on Confirmar Fecha seleccionada, jhon clicks on Programar, jhon clicks on Finalizar Orden de servicio, jhon clicks on Heabeas Data, jhon clicks on Seleccionar el tipo de documento, Jhon seleccionar tipo documento, jhon enters '8.300675571E9' into Seleccionar el tipo de documento, jhon enters 'jhon.quinones@infotrack.com.co' into ¿Cuál es tu correo electrónico?, jhon enters 'Test Automotion11' into Ingresa tu nombre, jhon enters '3.000000002E9' into Ingresa tu numero celular, jhon enters '3.000000002E9' into Seleccionar el tipo de documento, jhon clicks on Continuar, jhon enters 'Bogota' into Ciudad, jhon clicks on Lista de ciudades, jhon enters 'Av. Carrera 86 # 55A - 75 Engativá' into Direccion, jhon clicks on Buscar la dirección, jhon enters 'Bogota' into Datos adicionales, jhon clicks on Continuar ubicación servicio, jhon enters 'Garantia' into ¿Qué tipo de servicio solicitas?, jhon clicks on ¿Qué tipo de servicio solicitas? Lista, jhon enters 'ESTUFA A GAS 4 PUESTOS E/E 120V NEGRA' into ¿Cuál es el producto?, jhon clicks on ¿Cuál es el producto? Lista, jhon enters 'AHUMA' into ¿Cuál es el motivo de la reparación?, jhon clicks on ¿Cuál es el motivo de la reparación? Lista, jhon enters 'QA AUTOMOTION' into observaciones, jhon clicks on Rango AM, jhon enters '1.012439358E9' into Rango PM, jhon clicks on Fecha, jhon clicks on Confirmar Fecha seleccionada, jhon clicks on Programar, jhon clicks on Finalizar Orden de servicio, jhon clicks on Heabeas Data, jhon clicks on Seleccionar el tipo de documento, Jhon seleccionar tipo documento, jhon enters '1.012439359E9' into Seleccionar el tipo de documento, jhon enters 'jhon.quinones@infotrack.com.co' into ¿Cuál es tu correo electrónico?, jhon enters 'QA 4' into ¿Cuales son tus apellidos?, jhon enters 'TEST 4' into ¿Cual es tu telefono fijo?, jhon enters '3.000000003E9' into Ingresa tu numero celular, jhon enters '3.000000003E9' into Seleccionar el tipo de documento, jhon clicks on Continuar, jhon enters 'Soacha' into Ciudad, jhon clicks on Lista de ciudades, jhon enters 'Cra. 72C #22A-74, Fontibón' into Direccion, jhon clicks on Buscar la dirección, jhon enters 'Bogota, Cundinamarca' into Datos adicionales, jhon clicks on Continuar ubicación servicio, jhon enters 'Mantenimiento' into ¿Qué tipo de servicio solicitas?]]
[Test worker] WARN net.thucydides.core.steps.BaseStepListener - stepStarted: net.thucydides.core.steps.ExecutedStepDescription@75063bd0
[Test worker] WARN net.thucydides.core.steps.BaseStepListener - stepFinished: current outcome:Proceso Autogestion - Agendamiento de servicios:Dado el usuario final cuando desee crear o agendar una orden de servicio [Jhon abrir pagina [jhon opens the Object abrir pagina]], Cuando Crea la orden de servicio [Jhon autogestion [jhon clicks on Heabeas Data, jhon clicks on Seleccionar el tipo de documento, Jhon seleccionar tipo documento, jhon enters '8.300675571E9' into Seleccionar el tipo de documento, jhon enters 'jhon.quinones@infotrack.com.co' into ¿Cuál es tu correo electrónico?, jhon enters 'Test Automotion9' into Ingresa tu nombre, jhon enters '3.0E9' into Ingresa tu numero celular, jhon enters '3.0E9' into Seleccionar el tipo de documento, jhon clicks on Continuar, jhon enters 'Bogota' into Ciudad, jhon clicks on Lista de ciudades, jhon enters 'Av. C. 127' into Direccion, jhon clicks on Buscar la dirección, jhon enters 'Norte' into Datos adicionales, jhon clicks on Continuar ubicación servicio, jhon enters 'Garantia' into ¿Qué tipo de servicio solicitas?, jhon clicks on ¿Qué tipo de servicio solicitas? Lista, jhon enters 'NEVERA 5.3 PIES ALMENDRA' into ¿Cuál es el producto?, jhon clicks on ¿Cuál es el producto? Lista, jhon enters 'BOTA AGUA' into ¿Cuál es el motivo de la reparación?, jhon clicks on ¿Cuál es el motivo de la reparación? Lista, jhon enters 'QA AUTOMOTION' into observaciones, jhon clicks on Rango AM, jhon enters '1.012439364E9' into Rango PM, jhon clicks on Fecha, jhon clicks on Confirmar Fecha seleccionada, jhon clicks on Programar, jhon clicks on Finalizar Orden de servicio, jhon clicks on Heabeas Data, jhon clicks on Seleccionar el tipo de documento, Jhon seleccionar tipo documento, jhon enters '1.012439357E9' into Seleccionar el tipo de documento, jhon enters 'jhon.quinones@infotrack.com.co' into ¿Cuál es tu correo electrónico?, jhon enters 'QA 2' into ¿Cuales son tus apellidos?, jhon enters 'TEST 2' into ¿Cual es tu telefono fijo?, jhon enters '3.000000001E9' into Ingresa tu numero celular, jhon enters '3.000000001E9' into Seleccionar el tipo de documento, jhon clicks on Continuar, jhon enters 'Soacha' into Ciudad, jhon clicks on Lista de ciudades, jhon enters 'Cl 15 # 19 a – 159' into Direccion, jhon clicks on Buscar la dirección, jhon enters 'Armonia IV' into Datos adicionales, jhon clicks on Continuar ubicación servicio, jhon enters 'Reparación' into ¿Qué tipo de servicio solicitas?, jhon clicks on ¿Qué tipo de servicio solicitas? Lista, jhon enters 'CALENTADOR DE PASO 10 LTS. GAS NATURAL' into ¿Cuál es el producto?, jhon clicks on ¿Cuál es el producto? Lista, jhon enters 'BOTA AGUA' into ¿Cuál es el motivo de la reparación?, jhon clicks on ¿Cuál es el motivo de la reparación? Lista, jhon enters 'QA AUTOMOTION' into observaciones, jhon clicks on Rango AM, jhon enters '1.012439357E9' into Rango PM, jhon clicks on Fecha, jhon clicks on Confirmar Fecha seleccionada, jhon clicks on Programar, jhon clicks on Finalizar Orden de servicio, jhon clicks on Heabeas Data, jhon clicks on Seleccionar el tipo de documento, Jhon seleccionar tipo documento, jhon enters '8.300675571E9' into Seleccionar el tipo de documento, jhon enters 'jhon.quinones@infotrack.com.co' into ¿Cuál es tu correo electrónico?, jhon enters 'Test Automotion11' into Ingresa tu nombre, jhon enters '3.000000002E9' into Ingresa tu numero celular, jhon enters '3.000000002E9' into Seleccionar el tipo de documento, jhon clicks on Continuar, jhon enters 'Bogota' into Ciudad, jhon clicks on Lista de ciudades, jhon enters 'Av. Carrera 86 # 55A - 75 Engativá' into Direccion, jhon clicks on Buscar la dirección, jhon enters 'Bogota' into Datos adicionales, jhon clicks on Continuar ubicación servicio, jhon enters 'Garantia' into ¿Qué tipo de servicio solicitas?, jhon clicks on ¿Qué tipo de servicio solicitas? Lista, jhon enters 'ESTUFA A GAS 4 PUESTOS E/E 120V NEGRA' into ¿Cuál es el producto?, jhon clicks on ¿Cuál es el producto? Lista, jhon enters 'AHUMA' into ¿Cuál es el motivo de la reparación?, jhon clicks on ¿Cuál es el motivo de la reparación? Lista, jhon enters 'QA AUTOMOTION' into observaciones, jhon clicks on Rango AM, jhon enters '1.012439358E9' into Rango PM, jhon clicks on Fecha, jhon clicks on Confirmar Fecha seleccionada, jhon clicks on Programar, jhon clicks on Finalizar Orden de servicio, jhon clicks on Heabeas Data, jhon clicks on Seleccionar el tipo de documento, Jhon seleccionar tipo documento, jhon enters '1.012439359E9' into Seleccionar el tipo de documento, jhon enters 'jhon.quinones@infotrack.com.co' into ¿Cuál es tu correo electrónico?, jhon enters 'QA 4' into ¿Cuales son tus apellidos?, jhon enters 'TEST 4' into ¿Cual es tu telefono fijo?, jhon enters '3.000000003E9' into Ingresa tu numero celular, jhon enters '3.000000003E9' into Seleccionar el tipo de documento, jhon clicks on Continuar, jhon enters 'Soacha' into Ciudad, jhon clicks on Lista de ciudades, jhon enters 'Cra. 72C #22A-74, Fontibón' into Direccion, jhon clicks on Buscar la dirección, jhon enters 'Bogota, Cundinamarca' into Datos adicionales, jhon clicks on Continuar ubicación servicio, jhon enters 'Mantenimiento' into ¿Qué tipo de servicio solicitas?, jhon clicks on ¿Qué tipo de servicio solicitas? Lista]]
[Test worker] WARN net.thucydides.core.steps.BaseStepListener - stepStarted: net.thucydides.core.steps.ExecutedStepDescription@7bd694a5
[Test worker] WARN net.thucydides.core.steps.BaseStepListener - stepFinished: current outcome:Proceso Autogestion - Agendamiento de servicios:Dado el usuario final cuando desee crear o agendar una orden de servicio [Jhon abrir pagina [jhon opens the Object abrir pagina]], Cuando Crea la orden de servicio [Jhon autogestion [jhon clicks on Heabeas Data, jhon clicks on Seleccionar el tipo de documento, Jhon seleccionar tipo documento, jhon enters '8.300675571E9' into Seleccionar el tipo de documento, jhon enters 'jhon.quinones@infotrack.com.co' into ¿Cuál es tu correo electrónico?, jhon enters 'Test Automotion9' into Ingresa tu nombre, jhon enters '3.0E9' into Ingresa tu numero celular, jhon enters '3.0E9' into Seleccionar el tipo de documento, jhon clicks on Continuar, jhon enters 'Bogota' into Ciudad, jhon clicks on Lista de ciudades, jhon enters 'Av. C. 127' into Direccion, jhon clicks on Buscar la dirección, jhon enters 'Norte' into Datos adicionales, jhon clicks on Continuar ubicación servicio, jhon enters 'Garantia' into ¿Qué tipo de servicio solicitas?, jhon clicks on ¿Qué tipo de servicio solicitas? Lista, jhon enters 'NEVERA 5.3 PIES ALMENDRA' into ¿Cuál es el producto?, jhon clicks on ¿Cuál es el producto? Lista, jhon enters 'BOTA AGUA' into ¿Cuál es el motivo de la reparación?, jhon clicks on ¿Cuál es el motivo de la reparación? Lista, jhon enters 'QA AUTOMOTION' into observaciones, jhon clicks on Rango AM, jhon enters '1.012439364E9' into Rango PM, jhon clicks on Fecha, jhon clicks on Confirmar Fecha seleccionada, jhon clicks on Programar, jhon clicks on Finalizar Orden de servicio, jhon clicks on Heabeas Data, jhon clicks on Seleccionar el tipo de documento, Jhon seleccionar tipo documento, jhon enters '1.012439357E9' into Seleccionar el tipo de documento, jhon enters 'jhon.quinones@infotrack.com.co' into ¿Cuál es tu correo electrónico?, jhon enters 'QA 2' into ¿Cuales son tus apellidos?, jhon enters 'TEST 2' into ¿Cual es tu telefono fijo?, jhon enters '3.000000001E9' into Ingresa tu numero celular, jhon enters '3.000000001E9' into Seleccionar el tipo de documento, jhon clicks on Continuar, jhon enters 'Soacha' into Ciudad, jhon clicks on Lista de ciudades, jhon enters 'Cl 15 # 19 a – 159' into Direccion, jhon clicks on Buscar la dirección, jhon enters 'Armonia IV' into Datos adicionales, jhon clicks on Continuar ubicación servicio, jhon enters 'Reparación' into ¿Qué tipo de servicio solicitas?, jhon clicks on ¿Qué tipo de servicio solicitas? Lista, jhon enters 'CALENTADOR DE PASO 10 LTS. GAS NATURAL' into ¿Cuál es el producto?, jhon clicks on ¿Cuál es el producto? Lista, jhon enters 'BOTA AGUA' into ¿Cuál es el motivo de la reparación?, jhon clicks on ¿Cuál es el motivo de la reparación? Lista, jhon enters 'QA AUTOMOTION' into observaciones, jhon clicks on Rango AM, jhon enters '1.012439357E9' into Rango PM, jhon clicks on Fecha, jhon clicks on Confirmar Fecha seleccionada, jhon clicks on Programar, jhon clicks on Finalizar Orden de servicio, jhon clicks on Heabeas Data, jhon clicks on Seleccionar el tipo de documento, Jhon seleccionar tipo documento, jhon enters '8.300675571E9' into Seleccionar el tipo de documento, jhon enters 'jhon.quinones@infotrack.com.co' into ¿Cuál es tu correo electrónico?, jhon enters 'Test Automotion11' into Ingresa tu nombre, jhon enters '3.000000002E9' into Ingresa tu numero celular, jhon enters '3.000000002E9' into Seleccionar el tipo de documento, jhon clicks on Continuar, jhon enters 'Bogota' into Ciudad, jhon clicks on Lista de ciudades, jhon enters 'Av. Carrera 86 # 55A - 75 Engativá' into Direccion, jhon clicks on Buscar la dirección, jhon enters 'Bogota' into Datos adicionales, jhon clicks on Continuar ubicación servicio, jhon enters 'Garantia' into ¿Qué tipo de servicio solicitas?, jhon clicks on ¿Qué tipo de servicio solicitas? Lista, jhon enters 'ESTUFA A GAS 4 PUESTOS E/E 120V NEGRA' into ¿Cuál es el producto?, jhon clicks on ¿Cuál es el producto? Lista, jhon enters 'AHUMA' into ¿Cuál es el motivo de la reparación?, jhon clicks on ¿Cuál es el motivo de la reparación? Lista, jhon enters 'QA AUTOMOTION' into observaciones, jhon clicks on Rango AM, jhon enters '1.012439358E9' into Rango PM, jhon clicks on Fecha, jhon clicks on Confirmar Fecha seleccionada, jhon clicks on Programar, jhon clicks on Finalizar Orden de servicio, jhon clicks on Heabeas Data, jhon clicks on Seleccionar el tipo de documento, Jhon seleccionar tipo documento, jhon enters '1.012439359E9' into Seleccionar el tipo de documento, jhon enters 'jhon.quinones@infotrack.com.co' into ¿Cuál es tu correo electrónico?, jhon enters 'QA 4' into ¿Cuales son tus apellidos?, jhon enters 'TEST 4' into ¿Cual es tu telefono fijo?, jhon enters '3.000000003E9' into Ingresa tu numero celular, jhon enters '3.000000003E9' into Seleccionar el tipo de documento, jhon clicks on Continuar, jhon enters 'Soacha' into Ciudad, jhon clicks on Lista de ciudades, jhon enters 'Cra. 72C #22A-74, Fontibón' into Direccion, jhon clicks on Buscar la dirección, jhon enters 'Bogota, Cundinamarca' into Datos adicionales, jhon clicks on Continuar ubicación servicio, jhon enters 'Mantenimiento' into ¿Qué tipo de servicio solicitas?, jhon clicks on ¿Qué tipo de servicio solicitas? Lista, jhon enters 'NEVERA 5.3 PIES ALMENDRA' into ¿Cuál es el producto?]]
[Test worker] WARN net.thucydides.core.steps.BaseStepListener - stepStarted: net.thucydides.core.steps.ExecutedStepDescription@8ecc457
[Test worker] WARN net.thucydides.core.steps.BaseStepListener - stepFinished: current outcome:Proceso Autogestion - Agendamiento de servicios:Dado el usuario final cuando desee crear o agendar una orden de servicio [Jhon abrir pagina [jhon opens the Object abrir pagina]], Cuando Crea la orden de servicio [Jhon autogestion [jhon clicks on Heabeas Data, jhon clicks on Seleccionar el tipo de documento, Jhon seleccionar tipo documento, jhon enters '8.300675571E9' into Seleccionar el tipo de documento, jhon enters 'jhon.quinones@infotrack.com.co' into ¿Cuál es tu correo electrónico?, jhon enters 'Test Automotion9' into Ingresa tu nombre, jhon enters '3.0E9' into Ingresa tu numero celular, jhon enters '3.0E9' into Seleccionar el tipo de documento, jhon clicks on Continuar, jhon enters 'Bogota' into Ciudad, jhon clicks on Lista de ciudades, jhon enters 'Av. C. 127' into Direccion, jhon clicks on Buscar la dirección, jhon enters 'Norte' into Datos adicionales, jhon clicks on Continuar ubicación servicio, jhon enters 'Garantia' into ¿Qué tipo de servicio solicitas?, jhon clicks on ¿Qué tipo de servicio solicitas? Lista, jhon enters 'NEVERA 5.3 PIES ALMENDRA' into ¿Cuál es el producto?, jhon clicks on ¿Cuál es el producto? Lista, jhon enters 'BOTA AGUA' into ¿Cuál es el motivo de la reparación?, jhon clicks on ¿Cuál es el motivo de la reparación? Lista, jhon enters 'QA AUTOMOTION' into observaciones, jhon clicks on Rango AM, jhon enters '1.012439364E9' into Rango PM, jhon clicks on Fecha, jhon clicks on Confirmar Fecha seleccionada, jhon clicks on Programar, jhon clicks on Finalizar Orden de servicio, jhon clicks on Heabeas Data, jhon clicks on Seleccionar el tipo de documento, Jhon seleccionar tipo documento, jhon enters '1.012439357E9' into Seleccionar el tipo de documento, jhon enters 'jhon.quinones@infotrack.com.co' into ¿Cuál es tu correo electrónico?, jhon enters 'QA 2' into ¿Cuales son tus apellidos?, jhon enters 'TEST 2' into ¿Cual es tu telefono fijo?, jhon enters '3.000000001E9' into Ingresa tu numero celular, jhon enters '3.000000001E9' into Seleccionar el tipo de documento, jhon clicks on Continuar, jhon enters 'Soacha' into Ciudad, jhon clicks on Lista de ciudades, jhon enters 'Cl 15 # 19 a – 159' into Direccion, jhon clicks on Buscar la dirección, jhon enters 'Armonia IV' into Datos adicionales, jhon clicks on Continuar ubicación servicio, jhon enters 'Reparación' into ¿Qué tipo de servicio solicitas?, jhon clicks on ¿Qué tipo de servicio solicitas? Lista, jhon enters 'CALENTADOR DE PASO 10 LTS. GAS NATURAL' into ¿Cuál es el producto?, jhon clicks on ¿Cuál es el producto? Lista, jhon enters 'BOTA AGUA' into ¿Cuál es el motivo de la reparación?, jhon clicks on ¿Cuál es el motivo de la reparación? Lista, jhon enters 'QA AUTOMOTION' into observaciones, jhon clicks on Rango AM, jhon enters '1.012439357E9' into Rango PM, jhon clicks on Fecha, jhon clicks on Confirmar Fecha seleccionada, jhon clicks on Programar, jhon clicks on Finalizar Orden de servicio, jhon clicks on Heabeas Data, jhon clicks on Seleccionar el tipo de documento, Jhon seleccionar tipo documento, jhon enters '8.300675571E9' into Seleccionar el tipo de documento, jhon enters 'jhon.quinones@infotrack.com.co' into ¿Cuál es tu correo electrónico?, jhon enters 'Test Automotion11' into Ingresa tu nombre, jhon enters '3.000000002E9' into Ingresa tu numero celular, jhon enters '3.000000002E9' into Seleccionar el tipo de documento, jhon clicks on Continuar, jhon enters 'Bogota' into Ciudad, jhon clicks on Lista de ciudades, jhon enters 'Av. Carrera 86 # 55A - 75 Engativá' into Direccion, jhon clicks on Buscar la dirección, jhon enters 'Bogota' into Datos adicionales, jhon clicks on Continuar ubicación servicio, jhon enters 'Garantia' into ¿Qué tipo de servicio solicitas?, jhon clicks on ¿Qué tipo de servicio solicitas? Lista, jhon enters 'ESTUFA A GAS 4 PUESTOS E/E 120V NEGRA' into ¿Cuál es el producto?, jhon clicks on ¿Cuál es el producto? Lista, jhon enters 'AHUMA' into ¿Cuál es el motivo de la reparación?, jhon clicks on ¿Cuál es el motivo de la reparación? Lista, jhon enters 'QA AUTOMOTION' into observaciones, jhon clicks on Rango AM, jhon enters '1.012439358E9' into Rango PM, jhon clicks on Fecha, jhon clicks on Confirmar Fecha seleccionada, jhon clicks on Programar, jhon clicks on Finalizar Orden de servicio, jhon clicks on Heabeas Data, jhon clicks on Seleccionar el tipo de documento, Jhon seleccionar tipo documento, jhon enters '1.012439359E9' into Seleccionar el tipo de documento, jhon enters 'jhon.quinones@infotrack.com.co' into ¿Cuál es tu correo electrónico?, jhon enters 'QA 4' into ¿Cuales son tus apellidos?, jhon enters 'TEST 4' into ¿Cual es tu telefono fijo?, jhon enters '3.000000003E9' into Ingresa tu numero celular, jhon enters '3.000000003E9' into Seleccionar el tipo de documento, jhon clicks on Continuar, jhon enters 'Soacha' into Ciudad, jhon clicks on Lista de ciudades, jhon enters 'Cra. 72C #22A-74, Fontibón' into Direccion, jhon clicks on Buscar la dirección, jhon enters 'Bogota, Cundinamarca' into Datos adicionales, jhon clicks on Continuar ubicación servicio, jhon enters 'Mantenimiento' into ¿Qué tipo de servicio solicitas?, jhon clicks on ¿Qué tipo de servicio solicitas? Lista, jhon enters 'NEVERA 5.3 PIES ALMENDRA' into ¿Cuál es el producto?, jhon clicks on ¿Cuál es el producto? Lista]]
[Test worker] WARN net.thucydides.core.steps.BaseStepListener - stepStarted: net.thucydides.core.steps.ExecutedStepDescription@2dcd451f
[Test worker] WARN net.thucydides.core.steps.BaseStepListener - stepFinished: current outcome:Proceso Autogestion - Agendamiento de servicios:Dado el usuario final cuando desee crear o agendar una orden de servicio [Jhon abrir pagina [jhon opens the Object abrir pagina]], Cuando Crea la orden de servicio [Jhon autogestion [jhon clicks on Heabeas Data, jhon clicks on Seleccionar el tipo de documento, Jhon seleccionar tipo documento, jhon enters '8.300675571E9' into Seleccionar el tipo de documento, jhon enters 'jhon.quinones@infotrack.com.co' into ¿Cuál es tu correo electrónico?, jhon enters 'Test Automotion9' into Ingresa tu nombre, jhon enters '3.0E9' into Ingresa tu numero celular, jhon enters '3.0E9' into Seleccionar el tipo de documento, jhon clicks on Continuar, jhon enters 'Bogota' into Ciudad, jhon clicks on Lista de ciudades, jhon enters 'Av. C. 127' into Direccion, jhon clicks on Buscar la dirección, jhon enters 'Norte' into Datos adicionales, jhon clicks on Continuar ubicación servicio, jhon enters 'Garantia' into ¿Qué tipo de servicio solicitas?, jhon clicks on ¿Qué tipo de servicio solicitas? Lista, jhon enters 'NEVERA 5.3 PIES ALMENDRA' into ¿Cuál es el producto?, jhon clicks on ¿Cuál es el producto? Lista, jhon enters 'BOTA AGUA' into ¿Cuál es el motivo de la reparación?, jhon clicks on ¿Cuál es el motivo de la reparación? Lista, jhon enters 'QA AUTOMOTION' into observaciones, jhon clicks on Rango AM, jhon enters '1.012439364E9' into Rango PM, jhon clicks on Fecha, jhon clicks on Confirmar Fecha seleccionada, jhon clicks on Programar, jhon clicks on Finalizar Orden de servicio, jhon clicks on Heabeas Data, jhon clicks on Seleccionar el tipo de documento, Jhon seleccionar tipo documento, jhon enters '1.012439357E9' into Seleccionar el tipo de documento, jhon enters 'jhon.quinones@infotrack.com.co' into ¿Cuál es tu correo electrónico?, jhon enters 'QA 2' into ¿Cuales son tus apellidos?, jhon enters 'TEST 2' into ¿Cual es tu telefono fijo?, jhon enters '3.000000001E9' into Ingresa tu numero celular, jhon enters '3.000000001E9' into Seleccionar el tipo de documento, jhon clicks on Continuar, jhon enters 'Soacha' into Ciudad, jhon clicks on Lista de ciudades, jhon enters 'Cl 15 # 19 a – 159' into Direccion, jhon clicks on Buscar la dirección, jhon enters 'Armonia IV' into Datos adicionales, jhon clicks on Continuar ubicación servicio, jhon enters 'Reparación' into ¿Qué tipo de servicio solicitas?, jhon clicks on ¿Qué tipo de servicio solicitas? Lista, jhon enters 'CALENTADOR DE PASO 10 LTS. GAS NATURAL' into ¿Cuál es el producto?, jhon clicks on ¿Cuál es el producto? Lista, jhon enters 'BOTA AGUA' into ¿Cuál es el motivo de la reparación?, jhon clicks on ¿Cuál es el motivo de la reparación? Lista, jhon enters 'QA AUTOMOTION' into observaciones, jhon clicks on Rango AM, jhon enters '1.012439357E9' into Rango PM, jhon clicks on Fecha, jhon clicks on Confirmar Fecha seleccionada, jhon clicks on Programar, jhon clicks on Finalizar Orden de servicio, jhon clicks on Heabeas Data, jhon clicks on Seleccionar el tipo de documento, Jhon seleccionar tipo documento, jhon enters '8.300675571E9' into Seleccionar el tipo de documento, jhon enters 'jhon.quinones@infotrack.com.co' into ¿Cuál es tu correo electrónico?, jhon enters 'Test Automotion11' into Ingresa tu nombre, jhon enters '3.000000002E9' into Ingresa tu numero celular, jhon enters '3.000000002E9' into Seleccionar el tipo de documento, jhon clicks on Continuar, jhon enters 'Bogota' into Ciudad, jhon clicks on Lista de ciudades, jhon enters 'Av. Carrera 86 # 55A - 75 Engativá' into Direccion, jhon clicks on Buscar la dirección, jhon enters 'Bogota' into Datos adicionales, jhon clicks on Continuar ubicación servicio, jhon enters 'Garantia' into ¿Qué tipo de servicio solicitas?, jhon clicks on ¿Qué tipo de servicio solicitas? Lista, jhon enters 'ESTUFA A GAS 4 PUESTOS E/E 120V NEGRA' into ¿Cuál es el producto?, jhon clicks on ¿Cuál es el producto? Lista, jhon enters 'AHUMA' into ¿Cuál es el motivo de la reparación?, jhon clicks on ¿Cuál es el motivo de la reparación? Lista, jhon enters 'QA AUTOMOTION' into observaciones, jhon clicks on Rango AM, jhon enters '1.012439358E9' into Rango PM, jhon clicks on Fecha, jhon clicks on Confirmar Fecha seleccionada, jhon clicks on Programar, jhon clicks on Finalizar Orden de servicio, jhon clicks on Heabeas Data, jhon clicks on Seleccionar el tipo de documento, Jhon seleccionar tipo documento, jhon enters '1.012439359E9' into Seleccionar el tipo de documento, jhon enters 'jhon.quinones@infotrack.com.co' into ¿Cuál es tu correo electrónico?, jhon enters 'QA 4' into ¿Cuales son tus apellidos?, jhon enters 'TEST 4' into ¿Cual es tu telefono fijo?, jhon enters '3.000000003E9' into Ingresa tu numero celular, jhon enters '3.000000003E9' into Seleccionar el tipo de documento, jhon clicks on Continuar, jhon enters 'Soacha' into Ciudad, jhon clicks on Lista de ciudades, jhon enters 'Cra. 72C #22A-74, Fontibón' into Direccion, jhon clicks on Buscar la dirección, jhon enters 'Bogota, Cundinamarca' into Datos adicionales, jhon clicks on Continuar ubicación servicio, jhon enters 'Mantenimiento' into ¿Qué tipo de servicio solicitas?, jhon clicks on ¿Qué tipo de servicio solicitas? Lista, jhon enters 'NEVERA 5.3 PIES ALMENDRA' into ¿Cuál es el producto?, jhon clicks on ¿Cuál es el producto? Lista, jhon enters 'NO CONGELA' into ¿Cuál es el motivo de la reparación?]]
[Test worker] WARN net.thucydides.core.steps.BaseStepListener - stepStarted: net.thucydides.core.steps.ExecutedStepDescription@5c5c784c
[Test worker] WARN net.thucydides.core.steps.BaseStepListener - stepFinished: current outcome:Proceso Autogestion - Agendamiento de servicios:Dado el usuario final cuando desee crear o agendar una orden de servicio [Jhon abrir pagina [jhon opens the Object abrir pagina]], Cuando Crea la orden de servicio [Jhon autogestion [jhon clicks on Heabeas Data, jhon clicks on Seleccionar el tipo de documento, Jhon seleccionar tipo documento, jhon enters '8.300675571E9' into Seleccionar el tipo de documento, jhon enters 'jhon.quinones@infotrack.com.co' into ¿Cuál es tu correo electrónico?, jhon enters 'Test Automotion9' into Ingresa tu nombre, jhon enters '3.0E9' into Ingresa tu numero celular, jhon enters '3.0E9' into Seleccionar el tipo de documento, jhon clicks on Continuar, jhon enters 'Bogota' into Ciudad, jhon clicks on Lista de ciudades, jhon enters 'Av. C. 127' into Direccion, jhon clicks on Buscar la dirección, jhon enters 'Norte' into Datos adicionales, jhon clicks on Continuar ubicación servicio, jhon enters 'Garantia' into ¿Qué tipo de servicio solicitas?, jhon clicks on ¿Qué tipo de servicio solicitas? Lista, jhon enters 'NEVERA 5.3 PIES ALMENDRA' into ¿Cuál es el producto?, jhon clicks on ¿Cuál es el producto? Lista, jhon enters 'BOTA AGUA' into ¿Cuál es el motivo de la reparación?, jhon clicks on ¿Cuál es el motivo de la reparación? Lista, jhon enters 'QA AUTOMOTION' into observaciones, jhon clicks on Rango AM, jhon enters '1.012439364E9' into Rango PM, jhon clicks on Fecha, jhon clicks on Confirmar Fecha seleccionada, jhon clicks on Programar, jhon clicks on Finalizar Orden de servicio, jhon clicks on Heabeas Data, jhon clicks on Seleccionar el tipo de documento, Jhon seleccionar tipo documento, jhon enters '1.012439357E9' into Seleccionar el tipo de documento, jhon enters 'jhon.quinones@infotrack.com.co' into ¿Cuál es tu correo electrónico?, jhon enters 'QA 2' into ¿Cuales son tus apellidos?, jhon enters 'TEST 2' into ¿Cual es tu telefono fijo?, jhon enters '3.000000001E9' into Ingresa tu numero celular, jhon enters '3.000000001E9' into Seleccionar el tipo de documento, jhon clicks on Continuar, jhon enters 'Soacha' into Ciudad, jhon clicks on Lista de ciudades, jhon enters 'Cl 15 # 19 a – 159' into Direccion, jhon clicks on Buscar la dirección, jhon enters 'Armonia IV' into Datos adicionales, jhon clicks on Continuar ubicación servicio, jhon enters 'Reparación' into ¿Qué tipo de servicio solicitas?, jhon clicks on ¿Qué tipo de servicio solicitas? Lista, jhon enters 'CALENTADOR DE PASO 10 LTS. GAS NATURAL' into ¿Cuál es el producto?, jhon clicks on ¿Cuál es el producto? Lista, jhon enters 'BOTA AGUA' into ¿Cuál es el motivo de la reparación?, jhon clicks on ¿Cuál es el motivo de la reparación? Lista, jhon enters 'QA AUTOMOTION' into observaciones, jhon clicks on Rango AM, jhon enters '1.012439357E9' into Rango PM, jhon clicks on Fecha, jhon clicks on Confirmar Fecha seleccionada, jhon clicks on Programar, jhon clicks on Finalizar Orden de servicio, jhon clicks on Heabeas Data, jhon clicks on Seleccionar el tipo de documento, Jhon seleccionar tipo documento, jhon enters '8.300675571E9' into Seleccionar el tipo de documento, jhon enters 'jhon.quinones@infotrack.com.co' into ¿Cuál es tu correo electrónico?, jhon enters 'Test Automotion11' into Ingresa tu nombre, jhon enters '3.000000002E9' into Ingresa tu numero celular, jhon enters '3.000000002E9' into Seleccionar el tipo de documento, jhon clicks on Continuar, jhon enters 'Bogota' into Ciudad, jhon clicks on Lista de ciudades, jhon enters 'Av. Carrera 86 # 55A - 75 Engativá' into Direccion, jhon clicks on Buscar la dirección, jhon enters 'Bogota' into Datos adicionales, jhon clicks on Continuar ubicación servicio, jhon enters 'Garantia' into ¿Qué tipo de servicio solicitas?, jhon clicks on ¿Qué tipo de servicio solicitas? Lista, jhon enters 'ESTUFA A GAS 4 PUESTOS E/E 120V NEGRA' into ¿Cuál es el producto?, jhon clicks on ¿Cuál es el producto? Lista, jhon enters 'AHUMA' into ¿Cuál es el motivo de la reparación?, jhon clicks on ¿Cuál es el motivo de la reparación? Lista, jhon enters 'QA AUTOMOTION' into observaciones, jhon clicks on Rango AM, jhon enters '1.012439358E9' into Rango PM, jhon clicks on Fecha, jhon clicks on Confirmar Fecha seleccionada, jhon clicks on Programar, jhon clicks on Finalizar Orden de servicio, jhon clicks on Heabeas Data, jhon clicks on Seleccionar el tipo de documento, Jhon seleccionar tipo documento, jhon enters '1.012439359E9' into Seleccionar el tipo de documento, jhon enters 'jhon.quinones@infotrack.com.co' into ¿Cuál es tu correo electrónico?, jhon enters 'QA 4' into ¿Cuales son tus apellidos?, jhon enters 'TEST 4' into ¿Cual es tu telefono fijo?, jhon enters '3.000000003E9' into Ingresa tu numero celular, jhon enters '3.000000003E9' into Seleccionar el tipo de documento, jhon clicks on Continuar, jhon enters 'Soacha' into Ciudad, jhon clicks on Lista de ciudades, jhon enters 'Cra. 72C #22A-74, Fontibón' into Direccion, jhon clicks on Buscar la dirección, jhon enters 'Bogota, Cundinamarca' into Datos adicionales, jhon clicks on Continuar ubicación servicio, jhon enters 'Mantenimiento' into ¿Qué tipo de servicio solicitas?, jhon clicks on ¿Qué tipo de servicio solicitas? Lista, jhon enters 'NEVERA 5.3 PIES ALMENDRA' into ¿Cuál es el producto?, jhon clicks on ¿Cuál es el producto? Lista, jhon enters 'NO CONGELA' into ¿Cuál es el motivo de la reparación?, jhon clicks on ¿Cuál es el motivo de la reparación? Lista]]
[Test worker] WARN net.thucydides.core.steps.BaseStepListener - stepStarted: net.thucydides.core.steps.ExecutedStepDescription@2fcffc05
[Test worker] WARN net.thucydides.core.steps.BaseStepListener - stepFinished: current outcome:Proceso Autogestion - Agendamiento de servicios:Dado el usuario final cuando desee crear o agendar una orden de servicio [Jhon abrir pagina [jhon opens the Object abrir pagina]], Cuando Crea la orden de servicio [Jhon autogestion [jhon clicks on Heabeas Data, jhon clicks on Seleccionar el tipo de documento, Jhon seleccionar tipo documento, jhon enters '8.300675571E9' into Seleccionar el tipo de documento, jhon enters 'jhon.quinones@infotrack.com.co' into ¿Cuál es tu correo electrónico?, jhon enters 'Test Automotion9' into Ingresa tu nombre, jhon enters '3.0E9' into Ingresa tu numero celular, jhon enters '3.0E9' into Seleccionar el tipo de documento, jhon clicks on Continuar, jhon enters 'Bogota' into Ciudad, jhon clicks on Lista de ciudades, jhon enters 'Av. C. 127' into Direccion, jhon clicks on Buscar la dirección, jhon enters 'Norte' into Datos adicionales, jhon clicks on Continuar ubicación servicio, jhon enters 'Garantia' into ¿Qué tipo de servicio solicitas?, jhon clicks on ¿Qué tipo de servicio solicitas? Lista, jhon enters 'NEVERA 5.3 PIES ALMENDRA' into ¿Cuál es el producto?, jhon clicks on ¿Cuál es el producto? Lista, jhon enters 'BOTA AGUA' into ¿Cuál es el motivo de la reparación?, jhon clicks on ¿Cuál es el motivo de la reparación? Lista, jhon enters 'QA AUTOMOTION' into observaciones, jhon clicks on Rango AM, jhon enters '1.012439364E9' into Rango PM, jhon clicks on Fecha, jhon clicks on Confirmar Fecha seleccionada, jhon clicks on Programar, jhon clicks on Finalizar Orden de servicio, jhon clicks on Heabeas Data, jhon clicks on Seleccionar el tipo de documento, Jhon seleccionar tipo documento, jhon enters '1.012439357E9' into Seleccionar el tipo de documento, jhon enters 'jhon.quinones@infotrack.com.co' into ¿Cuál es tu correo electrónico?, jhon enters 'QA 2' into ¿Cuales son tus apellidos?, jhon enters 'TEST 2' into ¿Cual es tu telefono fijo?, jhon enters '3.000000001E9' into Ingresa tu numero celular, jhon enters '3.000000001E9' into Seleccionar el tipo de documento, jhon clicks on Continuar, jhon enters 'Soacha' into Ciudad, jhon clicks on Lista de ciudades, jhon enters 'Cl 15 # 19 a – 159' into Direccion, jhon clicks on Buscar la dirección, jhon enters 'Armonia IV' into Datos adicionales, jhon clicks on Continuar ubicación servicio, jhon enters 'Reparación' into ¿Qué tipo de servicio solicitas?, jhon clicks on ¿Qué tipo de servicio solicitas? Lista, jhon enters 'CALENTADOR DE PASO 10 LTS. GAS NATURAL' into ¿Cuál es el producto?, jhon clicks on ¿Cuál es el producto? Lista, jhon enters 'BOTA AGUA' into ¿Cuál es el motivo de la reparación?, jhon clicks on ¿Cuál es el motivo de la reparación? Lista, jhon enters 'QA AUTOMOTION' into observaciones, jhon clicks on Rango AM, jhon enters '1.012439357E9' into Rango PM, jhon clicks on Fecha, jhon clicks on Confirmar Fecha seleccionada, jhon clicks on Programar, jhon clicks on Finalizar Orden de servicio, jhon clicks on Heabeas Data, jhon clicks on Seleccionar el tipo de documento, Jhon seleccionar tipo documento, jhon enters '8.300675571E9' into Seleccionar el tipo de documento, jhon enters 'jhon.quinones@infotrack.com.co' into ¿Cuál es tu correo electrónico?, jhon enters 'Test Automotion11' into Ingresa tu nombre, jhon enters '3.000000002E9' into Ingresa tu numero celular, jhon enters '3.000000002E9' into Seleccionar el tipo de documento, jhon clicks on Continuar, jhon enters 'Bogota' into Ciudad, jhon clicks on Lista de ciudades, jhon enters 'Av. Carrera 86 # 55A - 75 Engativá' into Direccion, jhon clicks on Buscar la dirección, jhon enters 'Bogota' into Datos adicionales, jhon clicks on Continuar ubicación servicio, jhon enters 'Garantia' into ¿Qué tipo de servicio solicitas?, jhon clicks on ¿Qué tipo de servicio solicitas? Lista, jhon enters 'ESTUFA A GAS 4 PUESTOS E/E 120V NEGRA' into ¿Cuál es el producto?, jhon clicks on ¿Cuál es el producto? Lista, jhon enters 'AHUMA' into ¿Cuál es el motivo de la reparación?, jhon clicks on ¿Cuál es el motivo de la reparación? Lista, jhon enters 'QA AUTOMOTION' into observaciones, jhon clicks on Rango AM, jhon enters '1.012439358E9' into Rango PM, jhon clicks on Fecha, jhon clicks on Confirmar Fecha seleccionada, jhon clicks on Programar, jhon clicks on Finalizar Orden de servicio, jhon clicks on Heabeas Data, jhon clicks on Seleccionar el tipo de documento, Jhon seleccionar tipo documento, jhon enters '1.012439359E9' into Seleccionar el tipo de documento, jhon enters 'jhon.quinones@infotrack.com.co' into ¿Cuál es tu correo electrónico?, jhon enters 'QA 4' into ¿Cuales son tus apellidos?, jhon enters 'TEST 4' into ¿Cual es tu telefono fijo?, jhon enters '3.000000003E9' into Ingresa tu numero celular, jhon enters '3.000000003E9' into Seleccionar el tipo de documento, jhon clicks on Continuar, jhon enters 'Soacha' into Ciudad, jhon clicks on Lista de ciudades, jhon enters 'Cra. 72C #22A-74, Fontibón' into Direccion, jhon clicks on Buscar la dirección, jhon enters 'Bogota, Cundinamarca' into Datos adicionales, jhon clicks on Continuar ubicación servicio, jhon enters 'Mantenimiento' into ¿Qué tipo de servicio solicitas?, jhon clicks on ¿Qué tipo de servicio solicitas? Lista, jhon enters 'NEVERA 5.3 PIES ALMENDRA' into ¿Cuál es el producto?, jhon clicks on ¿Cuál es el producto? Lista, jhon enters 'NO CONGELA' into ¿Cuál es el motivo de la reparación?, jhon clicks on ¿Cuál es el motivo de la reparación? Lista, jhon enters 'QA AUTOMOTION' into observaciones]]
[Test worker] WARN net.thucydides.core.steps.BaseStepListener - stepStarted: net.thucydides.core.steps.ExecutedStepDescription@4070c4ff
[Test worker] WARN net.thucydides.core.steps.BaseStepListener - stepFinished: current outcome:Proceso Autogestion - Agendamiento de servicios:Dado el usuario final cuando desee crear o agendar una orden de servicio [Jhon abrir pagina [jhon opens the Object abrir pagina]], Cuando Crea la orden de servicio [Jhon autogestion [jhon clicks on Heabeas Data, jhon clicks on Seleccionar el tipo de documento, Jhon seleccionar tipo documento, jhon enters '8.300675571E9' into Seleccionar el tipo de documento, jhon enters 'jhon.quinones@infotrack.com.co' into ¿Cuál es tu correo electrónico?, jhon enters 'Test Automotion9' into Ingresa tu nombre, jhon enters '3.0E9' into Ingresa tu numero celular, jhon enters '3.0E9' into Seleccionar el tipo de documento, jhon clicks on Continuar, jhon enters 'Bogota' into Ciudad, jhon clicks on Lista de ciudades, jhon enters 'Av. C. 127' into Direccion, jhon clicks on Buscar la dirección, jhon enters 'Norte' into Datos adicionales, jhon clicks on Continuar ubicación servicio, jhon enters 'Garantia' into ¿Qué tipo de servicio solicitas?, jhon clicks on ¿Qué tipo de servicio solicitas? Lista, jhon enters 'NEVERA 5.3 PIES ALMENDRA' into ¿Cuál es el producto?, jhon clicks on ¿Cuál es el producto? Lista, jhon enters 'BOTA AGUA' into ¿Cuál es el motivo de la reparación?, jhon clicks on ¿Cuál es el motivo de la reparación? Lista, jhon enters 'QA AUTOMOTION' into observaciones, jhon clicks on Rango AM, jhon enters '1.012439364E9' into Rango PM, jhon clicks on Fecha, jhon clicks on Confirmar Fecha seleccionada, jhon clicks on Programar, jhon clicks on Finalizar Orden de servicio, jhon clicks on Heabeas Data, jhon clicks on Seleccionar el tipo de documento, Jhon seleccionar tipo documento, jhon enters '1.012439357E9' into Seleccionar el tipo de documento, jhon enters 'jhon.quinones@infotrack.com.co' into ¿Cuál es tu correo electrónico?, jhon enters 'QA 2' into ¿Cuales son tus apellidos?, jhon enters 'TEST 2' into ¿Cual es tu telefono fijo?, jhon enters '3.000000001E9' into Ingresa tu numero celular, jhon enters '3.000000001E9' into Seleccionar el tipo de documento, jhon clicks on Continuar, jhon enters 'Soacha' into Ciudad, jhon clicks on Lista de ciudades, jhon enters 'Cl 15 # 19 a – 159' into Direccion, jhon clicks on Buscar la dirección, jhon enters 'Armonia IV' into Datos adicionales, jhon clicks on Continuar ubicación servicio, jhon enters 'Reparación' into ¿Qué tipo de servicio solicitas?, jhon clicks on ¿Qué tipo de servicio solicitas? Lista, jhon enters 'CALENTADOR DE PASO 10 LTS. GAS NATURAL' into ¿Cuál es el producto?, jhon clicks on ¿Cuál es el producto? Lista, jhon enters 'BOTA AGUA' into ¿Cuál es el motivo de la reparación?, jhon clicks on ¿Cuál es el motivo de la reparación? Lista, jhon enters 'QA AUTOMOTION' into observaciones, jhon clicks on Rango AM, jhon enters '1.012439357E9' into Rango PM, jhon clicks on Fecha, jhon clicks on Confirmar Fecha seleccionada, jhon clicks on Programar, jhon clicks on Finalizar Orden de servicio, jhon clicks on Heabeas Data, jhon clicks on Seleccionar el tipo de documento, Jhon seleccionar tipo documento, jhon enters '8.300675571E9' into Seleccionar el tipo de documento, jhon enters 'jhon.quinones@infotrack.com.co' into ¿Cuál es tu correo electrónico?, jhon enters 'Test Automotion11' into Ingresa tu nombre, jhon enters '3.000000002E9' into Ingresa tu numero celular, jhon enters '3.000000002E9' into Seleccionar el tipo de documento, jhon clicks on Continuar, jhon enters 'Bogota' into Ciudad, jhon clicks on Lista de ciudades, jhon enters 'Av. Carrera 86 # 55A - 75 Engativá' into Direccion, jhon clicks on Buscar la dirección, jhon enters 'Bogota' into Datos adicionales, jhon clicks on Continuar ubicación servicio, jhon enters 'Garantia' into ¿Qué tipo de servicio solicitas?, jhon clicks on ¿Qué tipo de servicio solicitas? Lista, jhon enters 'ESTUFA A GAS 4 PUESTOS E/E 120V NEGRA' into ¿Cuál es el producto?, jhon clicks on ¿Cuál es el producto? Lista, jhon enters 'AHUMA' into ¿Cuál es el motivo de la reparación?, jhon clicks on ¿Cuál es el motivo de la reparación? Lista, jhon enters 'QA AUTOMOTION' into observaciones, jhon clicks on Rango AM, jhon enters '1.012439358E9' into Rango PM, jhon clicks on Fecha, jhon clicks on Confirmar Fecha seleccionada, jhon clicks on Programar, jhon clicks on Finalizar Orden de servicio, jhon clicks on Heabeas Data, jhon clicks on Seleccionar el tipo de documento, Jhon seleccionar tipo documento, jhon enters '1.012439359E9' into Seleccionar el tipo de documento, jhon enters 'jhon.quinones@infotrack.com.co' into ¿Cuál es tu correo electrónico?, jhon enters 'QA 4' into ¿Cuales son tus apellidos?, jhon enters 'TEST 4' into ¿Cual es tu telefono fijo?, jhon enters '3.000000003E9' into Ingresa tu numero celular, jhon enters '3.000000003E9' into Seleccionar el tipo de documento, jhon clicks on Continuar, jhon enters 'Soacha' into Ciudad, jhon clicks on Lista de ciudades, jhon enters 'Cra. 72C #22A-74, Fontibón' into Direccion, jhon clicks on Buscar la dirección, jhon enters 'Bogota, Cundinamarca' into Datos adicionales, jhon clicks on Continuar ubicación servicio, jhon enters 'Mantenimiento' into ¿Qué tipo de servicio solicitas?, jhon clicks on ¿Qué tipo de servicio solicitas? Lista, jhon enters 'NEVERA 5.3 PIES ALMENDRA' into ¿Cuál es el producto?, jhon clicks on ¿Cuál es el producto? Lista, jhon enters 'NO CONGELA' into ¿Cuál es el motivo de la reparación?, jhon clicks on ¿Cuál es el motivo de la reparación? Lista, jhon enters 'QA AUTOMOTION' into observaciones, jhon clicks on Rango AM]]
[Test worker] WARN net.thucydides.core.steps.BaseStepListener - stepStarted: net.thucydides.core.steps.ExecutedStepDescription@5dc7391e
[Test worker] WARN net.thucydides.core.steps.BaseStepListener - stepFinished: current outcome:Proceso Autogestion - Agendamiento de servicios:Dado el usuario final cuando desee crear o agendar una orden de servicio [Jhon abrir pagina [jhon opens the Object abrir pagina]], Cuando Crea la orden de servicio [Jhon autogestion [jhon clicks on Heabeas Data, jhon clicks on Seleccionar el tipo de documento, Jhon seleccionar tipo documento, jhon enters '8.300675571E9' into Seleccionar el tipo de documento, jhon enters 'jhon.quinones@infotrack.com.co' into ¿Cuál es tu correo electrónico?, jhon enters 'Test Automotion9' into Ingresa tu nombre, jhon enters '3.0E9' into Ingresa tu numero celular, jhon enters '3.0E9' into Seleccionar el tipo de documento, jhon clicks on Continuar, jhon enters 'Bogota' into Ciudad, jhon clicks on Lista de ciudades, jhon enters 'Av. C. 127' into Direccion, jhon clicks on Buscar la dirección, jhon enters 'Norte' into Datos adicionales, jhon clicks on Continuar ubicación servicio, jhon enters 'Garantia' into ¿Qué tipo de servicio solicitas?, jhon clicks on ¿Qué tipo de servicio solicitas? Lista, jhon enters 'NEVERA 5.3 PIES ALMENDRA' into ¿Cuál es el producto?, jhon clicks on ¿Cuál es el producto? Lista, jhon enters 'BOTA AGUA' into ¿Cuál es el motivo de la reparación?, jhon clicks on ¿Cuál es el motivo de la reparación? Lista, jhon enters 'QA AUTOMOTION' into observaciones, jhon clicks on Rango AM, jhon enters '1.012439364E9' into Rango PM, jhon clicks on Fecha, jhon clicks on Confirmar Fecha seleccionada, jhon clicks on Programar, jhon clicks on Finalizar Orden de servicio, jhon clicks on Heabeas Data, jhon clicks on Seleccionar el tipo de documento, Jhon seleccionar tipo documento, jhon enters '1.012439357E9' into Seleccionar el tipo de documento, jhon enters 'jhon.quinones@infotrack.com.co' into ¿Cuál es tu correo electrónico?, jhon enters 'QA 2' into ¿Cuales son tus apellidos?, jhon enters 'TEST 2' into ¿Cual es tu telefono fijo?, jhon enters '3.000000001E9' into Ingresa tu numero celular, jhon enters '3.000000001E9' into Seleccionar el tipo de documento, jhon clicks on Continuar, jhon enters 'Soacha' into Ciudad, jhon clicks on Lista de ciudades, jhon enters 'Cl 15 # 19 a – 159' into Direccion, jhon clicks on Buscar la dirección, jhon enters 'Armonia IV' into Datos adicionales, jhon clicks on Continuar ubicación servicio, jhon enters 'Reparación' into ¿Qué tipo de servicio solicitas?, jhon clicks on ¿Qué tipo de servicio solicitas? Lista, jhon enters 'CALENTADOR DE PASO 10 LTS. GAS NATURAL' into ¿Cuál es el producto?, jhon clicks on ¿Cuál es el producto? Lista, jhon enters 'BOTA AGUA' into ¿Cuál es el motivo de la reparación?, jhon clicks on ¿Cuál es el motivo de la reparación? Lista, jhon enters 'QA AUTOMOTION' into observaciones, jhon clicks on Rango AM, jhon enters '1.012439357E9' into Rango PM, jhon clicks on Fecha, jhon clicks on Confirmar Fecha seleccionada, jhon clicks on Programar, jhon clicks on Finalizar Orden de servicio, jhon clicks on Heabeas Data, jhon clicks on Seleccionar el tipo de documento, Jhon seleccionar tipo documento, jhon enters '8.300675571E9' into Seleccionar el tipo de documento, jhon enters 'jhon.quinones@infotrack.com.co' into ¿Cuál es tu correo electrónico?, jhon enters 'Test Automotion11' into Ingresa tu nombre, jhon enters '3.000000002E9' into Ingresa tu numero celular, jhon enters '3.000000002E9' into Seleccionar el tipo de documento, jhon clicks on Continuar, jhon enters 'Bogota' into Ciudad, jhon clicks on Lista de ciudades, jhon enters 'Av. Carrera 86 # 55A - 75 Engativá' into Direccion, jhon clicks on Buscar la dirección, jhon enters 'Bogota' into Datos adicionales, jhon clicks on Continuar ubicación servicio, jhon enters 'Garantia' into ¿Qué tipo de servicio solicitas?, jhon clicks on ¿Qué tipo de servicio solicitas? Lista, jhon enters 'ESTUFA A GAS 4 PUESTOS E/E 120V NEGRA' into ¿Cuál es el producto?, jhon clicks on ¿Cuál es el producto? Lista, jhon enters 'AHUMA' into ¿Cuál es el motivo de la reparación?, jhon clicks on ¿Cuál es el motivo de la reparación? Lista, jhon enters 'QA AUTOMOTION' into observaciones, jhon clicks on Rango AM, jhon enters '1.012439358E9' into Rango PM, jhon clicks on Fecha, jhon clicks on Confirmar Fecha seleccionada, jhon clicks on Programar, jhon clicks on Finalizar Orden de servicio, jhon clicks on Heabeas Data, jhon clicks on Seleccionar el tipo de documento, Jhon seleccionar tipo documento, jhon enters '1.012439359E9' into Seleccionar el tipo de documento, jhon enters 'jhon.quinones@infotrack.com.co' into ¿Cuál es tu correo electrónico?, jhon enters 'QA 4' into ¿Cuales son tus apellidos?, jhon enters 'TEST 4' into ¿Cual es tu telefono fijo?, jhon enters '3.000000003E9' into Ingresa tu numero celular, jhon enters '3.000000003E9' into Seleccionar el tipo de documento, jhon clicks on Continuar, jhon enters 'Soacha' into Ciudad, jhon clicks on Lista de ciudades, jhon enters 'Cra. 72C #22A-74, Fontibón' into Direccion, jhon clicks on Buscar la dirección, jhon enters 'Bogota, Cundinamarca' into Datos adicionales, jhon clicks on Continuar ubicación servicio, jhon enters 'Mantenimiento' into ¿Qué tipo de servicio solicitas?, jhon clicks on ¿Qué tipo de servicio solicitas? Lista, jhon enters 'NEVERA 5.3 PIES ALMENDRA' into ¿Cuál es el producto?, jhon clicks on ¿Cuál es el producto? Lista, jhon enters 'NO CONGELA' into ¿Cuál es el motivo de la reparación?, jhon clicks on ¿Cuál es el motivo de la reparación? Lista, jhon enters 'QA AUTOMOTION' into observaciones, jhon clicks on Rango AM, jhon enters '1.012439359E9' into Rango PM]]
[Test worker] WARN net.thucydides.core.steps.BaseStepListener - stepStarted: net.thucydides.core.steps.ExecutedStepDescription@14eb96e9
[Test worker] WARN net.thucydides.core.steps.BaseStepListener - stepFinished: current outcome:Proceso Autogestion - Agendamiento de servicios:Dado el usuario final cuando desee crear o agendar una orden de servicio [Jhon abrir pagina [jhon opens the Object abrir pagina]], Cuando Crea la orden de servicio [Jhon autogestion [jhon clicks on Heabeas Data, jhon clicks on Seleccionar el tipo de documento, Jhon seleccionar tipo documento, jhon enters '8.300675571E9' into Seleccionar el tipo de documento, jhon enters 'jhon.quinones@infotrack.com.co' into ¿Cuál es tu correo electrónico?, jhon enters 'Test Automotion9' into Ingresa tu nombre, jhon enters '3.0E9' into Ingresa tu numero celular, jhon enters '3.0E9' into Seleccionar el tipo de documento, jhon clicks on Continuar, jhon enters 'Bogota' into Ciudad, jhon clicks on Lista de ciudades, jhon enters 'Av. C. 127' into Direccion, jhon clicks on Buscar la dirección, jhon enters 'Norte' into Datos adicionales, jhon clicks on Continuar ubicación servicio, jhon enters 'Garantia' into ¿Qué tipo de servicio solicitas?, jhon clicks on ¿Qué tipo de servicio solicitas? Lista, jhon enters 'NEVERA 5.3 PIES ALMENDRA' into ¿Cuál es el producto?, jhon clicks on ¿Cuál es el producto? Lista, jhon enters 'BOTA AGUA' into ¿Cuál es el motivo de la reparación?, jhon clicks on ¿Cuál es el motivo de la reparación? Lista, jhon enters 'QA AUTOMOTION' into observaciones, jhon clicks on Rango AM, jhon enters '1.012439364E9' into Rango PM, jhon clicks on Fecha, jhon clicks on Confirmar Fecha seleccionada, jhon clicks on Programar, jhon clicks on Finalizar Orden de servicio, jhon clicks on Heabeas Data, jhon clicks on Seleccionar el tipo de documento, Jhon seleccionar tipo documento, jhon enters '1.012439357E9' into Seleccionar el tipo de documento, jhon enters 'jhon.quinones@infotrack.com.co' into ¿Cuál es tu correo electrónico?, jhon enters 'QA 2' into ¿Cuales son tus apellidos?, jhon enters 'TEST 2' into ¿Cual es tu telefono fijo?, jhon enters '3.000000001E9' into Ingresa tu numero celular, jhon enters '3.000000001E9' into Seleccionar el tipo de documento, jhon clicks on Continuar, jhon enters 'Soacha' into Ciudad, jhon clicks on Lista de ciudades, jhon enters 'Cl 15 # 19 a – 159' into Direccion, jhon clicks on Buscar la dirección, jhon enters 'Armonia IV' into Datos adicionales, jhon clicks on Continuar ubicación servicio, jhon enters 'Reparación' into ¿Qué tipo de servicio solicitas?, jhon clicks on ¿Qué tipo de servicio solicitas? Lista, jhon enters 'CALENTADOR DE PASO 10 LTS. GAS NATURAL' into ¿Cuál es el producto?, jhon clicks on ¿Cuál es el producto? Lista, jhon enters 'BOTA AGUA' into ¿Cuál es el motivo de la reparación?, jhon clicks on ¿Cuál es el motivo de la reparación? Lista, jhon enters 'QA AUTOMOTION' into observaciones, jhon clicks on Rango AM, jhon enters '1.012439357E9' into Rango PM, jhon clicks on Fecha, jhon clicks on Confirmar Fecha seleccionada, jhon clicks on Programar, jhon clicks on Finalizar Orden de servicio, jhon clicks on Heabeas Data, jhon clicks on Seleccionar el tipo de documento, Jhon seleccionar tipo documento, jhon enters '8.300675571E9' into Seleccionar el tipo de documento, jhon enters 'jhon.quinones@infotrack.com.co' into ¿Cuál es tu correo electrónico?, jhon enters 'Test Automotion11' into Ingresa tu nombre, jhon enters '3.000000002E9' into Ingresa tu numero celular, jhon enters '3.000000002E9' into Seleccionar el tipo de documento, jhon clicks on Continuar, jhon enters 'Bogota' into Ciudad, jhon clicks on Lista de ciudades, jhon enters 'Av. Carrera 86 # 55A - 75 Engativá' into Direccion, jhon clicks on Buscar la dirección, jhon enters 'Bogota' into Datos adicionales, jhon clicks on Continuar ubicación servicio, jhon enters 'Garantia' into ¿Qué tipo de servicio solicitas?, jhon clicks on ¿Qué tipo de servicio solicitas? Lista, jhon enters 'ESTUFA A GAS 4 PUESTOS E/E 120V NEGRA' into ¿Cuál es el producto?, jhon clicks on ¿Cuál es el producto? Lista, jhon enters 'AHUMA' into ¿Cuál es el motivo de la reparación?, jhon clicks on ¿Cuál es el motivo de la reparación? Lista, jhon enters 'QA AUTOMOTION' into observaciones, jhon clicks on Rango AM, jhon enters '1.012439358E9' into Rango PM, jhon clicks on Fecha, jhon clicks on Confirmar Fecha seleccionada, jhon clicks on Programar, jhon clicks on Finalizar Orden de servicio, jhon clicks on Heabeas Data, jhon clicks on Seleccionar el tipo de documento, Jhon seleccionar tipo documento, jhon enters '1.012439359E9' into Seleccionar el tipo de documento, jhon enters 'jhon.quinones@infotrack.com.co' into ¿Cuál es tu correo electrónico?, jhon enters 'QA 4' into ¿Cuales son tus apellidos?, jhon enters 'TEST 4' into ¿Cual es tu telefono fijo?, jhon enters '3.000000003E9' into Ingresa tu numero celular, jhon enters '3.000000003E9' into Seleccionar el tipo de documento, jhon clicks on Continuar, jhon enters 'Soacha' into Ciudad, jhon clicks on Lista de ciudades, jhon enters 'Cra. 72C #22A-74, Fontibón' into Direccion, jhon clicks on Buscar la dirección, jhon enters 'Bogota, Cundinamarca' into Datos adicionales, jhon clicks on Continuar ubicación servicio, jhon enters 'Mantenimiento' into ¿Qué tipo de servicio solicitas?, jhon clicks on ¿Qué tipo de servicio solicitas? Lista, jhon enters 'NEVERA 5.3 PIES ALMENDRA' into ¿Cuál es el producto?, jhon clicks on ¿Cuál es el producto? Lista, jhon enters 'NO CONGELA' into ¿Cuál es el motivo de la reparación?, jhon clicks on ¿Cuál es el motivo de la reparación? Lista, jhon enters 'QA AUTOMOTION' into observaciones, jhon clicks on Rango AM, jhon enters '1.012439359E9' into Rango PM, jhon clicks on Fecha]]
[Test worker] WARN net.thucydides.core.steps.BaseStepListener - stepStarted: net.thucydides.core.steps.ExecutedStepDescription@c79780
[Test worker] WARN net.thucydides.core.steps.BaseStepListener - stepFinished: current outcome:Proceso Autogestion - Agendamiento de servicios:Dado el usuario final cuando desee crear o agendar una orden de servicio [Jhon abrir pagina [jhon opens the Object abrir pagina]], Cuando Crea la orden de servicio [Jhon autogestion [jhon clicks on Heabeas Data, jhon clicks on Seleccionar el tipo de documento, Jhon seleccionar tipo documento, jhon enters '8.300675571E9' into Seleccionar el tipo de documento, jhon enters 'jhon.quinones@infotrack.com.co' into ¿Cuál es tu correo electrónico?, jhon enters 'Test Automotion9' into Ingresa tu nombre, jhon enters '3.0E9' into Ingresa tu numero celular, jhon enters '3.0E9' into Seleccionar el tipo de documento, jhon clicks on Continuar, jhon enters 'Bogota' into Ciudad, jhon clicks on Lista de ciudades, jhon enters 'Av. C. 127' into Direccion, jhon clicks on Buscar la dirección, jhon enters 'Norte' into Datos adicionales, jhon clicks on Continuar ubicación servicio, jhon enters 'Garantia' into ¿Qué tipo de servicio solicitas?, jhon clicks on ¿Qué tipo de servicio solicitas? Lista, jhon enters 'NEVERA 5.3 PIES ALMENDRA' into ¿Cuál es el producto?, jhon clicks on ¿Cuál es el producto? Lista, jhon enters 'BOTA AGUA' into ¿Cuál es el motivo de la reparación?, jhon clicks on ¿Cuál es el motivo de la reparación? Lista, jhon enters 'QA AUTOMOTION' into observaciones, jhon clicks on Rango AM, jhon enters '1.012439364E9' into Rango PM, jhon clicks on Fecha, jhon clicks on Confirmar Fecha seleccionada, jhon clicks on Programar, jhon clicks on Finalizar Orden de servicio, jhon clicks on Heabeas Data, jhon clicks on Seleccionar el tipo de documento, Jhon seleccionar tipo documento, jhon enters '1.012439357E9' into Seleccionar el tipo de documento, jhon enters 'jhon.quinones@infotrack.com.co' into ¿Cuál es tu correo electrónico?, jhon enters 'QA 2' into ¿Cuales son tus apellidos?, jhon enters 'TEST 2' into ¿Cual es tu telefono fijo?, jhon enters '3.000000001E9' into Ingresa tu numero celular, jhon enters '3.000000001E9' into Seleccionar el tipo de documento, jhon clicks on Continuar, jhon enters 'Soacha' into Ciudad, jhon clicks on Lista de ciudades, jhon enters 'Cl 15 # 19 a – 159' into Direccion, jhon clicks on Buscar la dirección, jhon enters 'Armonia IV' into Datos adicionales, jhon clicks on Continuar ubicación servicio, jhon enters 'Reparación' into ¿Qué tipo de servicio solicitas?, jhon clicks on ¿Qué tipo de servicio solicitas? Lista, jhon enters 'CALENTADOR DE PASO 10 LTS. GAS NATURAL' into ¿Cuál es el producto?, jhon clicks on ¿Cuál es el producto? Lista, jhon enters 'BOTA AGUA' into ¿Cuál es el motivo de la reparación?, jhon clicks on ¿Cuál es el motivo de la reparación? Lista, jhon enters 'QA AUTOMOTION' into observaciones, jhon clicks on Rango AM, jhon enters '1.012439357E9' into Rango PM, jhon clicks on Fecha, jhon clicks on Confirmar Fecha seleccionada, jhon clicks on Programar, jhon clicks on Finalizar Orden de servicio, jhon clicks on Heabeas Data, jhon clicks on Seleccionar el tipo de documento, Jhon seleccionar tipo documento, jhon enters '8.300675571E9' into Seleccionar el tipo de documento, jhon enters 'jhon.quinones@infotrack.com.co' into ¿Cuál es tu correo electrónico?, jhon enters 'Test Automotion11' into Ingresa tu nombre, jhon enters '3.000000002E9' into Ingresa tu numero celular, jhon enters '3.000000002E9' into Seleccionar el tipo de documento, jhon clicks on Continuar, jhon enters 'Bogota' into Ciudad, jhon clicks on Lista de ciudades, jhon enters 'Av. Carrera 86 # 55A - 75 Engativá' into Direccion, jhon clicks on Buscar la dirección, jhon enters 'Bogota' into Datos adicionales, jhon clicks on Continuar ubicación servicio, jhon enters 'Garantia' into ¿Qué tipo de servicio solicitas?, jhon clicks on ¿Qué tipo de servicio solicitas? Lista, jhon enters 'ESTUFA A GAS 4 PUESTOS E/E 120V NEGRA' into ¿Cuál es el producto?, jhon clicks on ¿Cuál es el producto? Lista, jhon enters 'AHUMA' into ¿Cuál es el motivo de la reparación?, jhon clicks on ¿Cuál es el motivo de la reparación? Lista, jhon enters 'QA AUTOMOTION' into observaciones, jhon clicks on Rango AM, jhon enters '1.012439358E9' into Rango PM, jhon clicks on Fecha, jhon clicks on Confirmar Fecha seleccionada, jhon clicks on Programar, jhon clicks on Finalizar Orden de servicio, jhon clicks on Heabeas Data, jhon clicks on Seleccionar el tipo de documento, Jhon seleccionar tipo documento, jhon enters '1.012439359E9' into Seleccionar el tipo de documento, jhon enters 'jhon.quinones@infotrack.com.co' into ¿Cuál es tu correo electrónico?, jhon enters 'QA 4' into ¿Cuales son tus apellidos?, jhon enters 'TEST 4' into ¿Cual es tu telefono fijo?, jhon enters '3.000000003E9' into Ingresa tu numero celular, jhon enters '3.000000003E9' into Seleccionar el tipo de documento, jhon clicks on Continuar, jhon enters 'Soacha' into Ciudad, jhon clicks on Lista de ciudades, jhon enters 'Cra. 72C #22A-74, Fontibón' into Direccion, jhon clicks on Buscar la dirección, jhon enters 'Bogota, Cundinamarca' into Datos adicionales, jhon clicks on Continuar ubicación servicio, jhon enters 'Mantenimiento' into ¿Qué tipo de servicio solicitas?, jhon clicks on ¿Qué tipo de servicio solicitas? Lista, jhon enters 'NEVERA 5.3 PIES ALMENDRA' into ¿Cuál es el producto?, jhon clicks on ¿Cuál es el producto? Lista, jhon enters 'NO CONGELA' into ¿Cuál es el motivo de la reparación?, jhon clicks on ¿Cuál es el motivo de la reparación? Lista, jhon enters 'QA AUTOMOTION' into observaciones, jhon clicks on Rango AM, jhon enters '1.012439359E9' into Rango PM, jhon clicks on Fecha, jhon clicks on Confirmar Fecha seleccionada]]
[Test worker] WARN net.thucydides.core.steps.BaseStepListener - stepStarted: net.thucydides.core.steps.ExecutedStepDescription@44948ac6
[Test worker] WARN net.thucydides.core.steps.BaseStepListener - stepFinished: current outcome:Proceso Autogestion - Agendamiento de servicios:Dado el usuario final cuando desee crear o agendar una orden de servicio [Jhon abrir pagina [jhon opens the Object abrir pagina]], Cuando Crea la orden de servicio [Jhon autogestion [jhon clicks on Heabeas Data, jhon clicks on Seleccionar el tipo de documento, Jhon seleccionar tipo documento, jhon enters '8.300675571E9' into Seleccionar el tipo de documento, jhon enters 'jhon.quinones@infotrack.com.co' into ¿Cuál es tu correo electrónico?, jhon enters 'Test Automotion9' into Ingresa tu nombre, jhon enters '3.0E9' into Ingresa tu numero celular, jhon enters '3.0E9' into Seleccionar el tipo de documento, jhon clicks on Continuar, jhon enters 'Bogota' into Ciudad, jhon clicks on Lista de ciudades, jhon enters 'Av. C. 127' into Direccion, jhon clicks on Buscar la dirección, jhon enters 'Norte' into Datos adicionales, jhon clicks on Continuar ubicación servicio, jhon enters 'Garantia' into ¿Qué tipo de servicio solicitas?, jhon clicks on ¿Qué tipo de servicio solicitas? Lista, jhon enters 'NEVERA 5.3 PIES ALMENDRA' into ¿Cuál es el producto?, jhon clicks on ¿Cuál es el producto? Lista, jhon enters 'BOTA AGUA' into ¿Cuál es el motivo de la reparación?, jhon clicks on ¿Cuál es el motivo de la reparación? Lista, jhon enters 'QA AUTOMOTION' into observaciones, jhon clicks on Rango AM, jhon enters '1.012439364E9' into Rango PM, jhon clicks on Fecha, jhon clicks on Confirmar Fecha seleccionada, jhon clicks on Programar, jhon clicks on Finalizar Orden de servicio, jhon clicks on Heabeas Data, jhon clicks on Seleccionar el tipo de documento, Jhon seleccionar tipo documento, jhon enters '1.012439357E9' into Seleccionar el tipo de documento, jhon enters 'jhon.quinones@infotrack.com.co' into ¿Cuál es tu correo electrónico?, jhon enters 'QA 2' into ¿Cuales son tus apellidos?, jhon enters 'TEST 2' into ¿Cual es tu telefono fijo?, jhon enters '3.000000001E9' into Ingresa tu numero celular, jhon enters '3.000000001E9' into Seleccionar el tipo de documento, jhon clicks on Continuar, jhon enters 'Soacha' into Ciudad, jhon clicks on Lista de ciudades, jhon enters 'Cl 15 # 19 a – 159' into Direccion, jhon clicks on Buscar la dirección, jhon enters 'Armonia IV' into Datos adicionales, jhon clicks on Continuar ubicación servicio, jhon enters 'Reparación' into ¿Qué tipo de servicio solicitas?, jhon clicks on ¿Qué tipo de servicio solicitas? Lista, jhon enters 'CALENTADOR DE PASO 10 LTS. GAS NATURAL' into ¿Cuál es el producto?, jhon clicks on ¿Cuál es el producto? Lista, jhon enters 'BOTA AGUA' into ¿Cuál es el motivo de la reparación?, jhon clicks on ¿Cuál es el motivo de la reparación? Lista, jhon enters 'QA AUTOMOTION' into observaciones, jhon clicks on Rango AM, jhon enters '1.012439357E9' into Rango PM, jhon clicks on Fecha, jhon clicks on Confirmar Fecha seleccionada, jhon clicks on Programar, jhon clicks on Finalizar Orden de servicio, jhon clicks on Heabeas Data, jhon clicks on Seleccionar el tipo de documento, Jhon seleccionar tipo documento, jhon enters '8.300675571E9' into Seleccionar el tipo de documento, jhon enters 'jhon.quinones@infotrack.com.co' into ¿Cuál es tu correo electrónico?, jhon enters 'Test Automotion11' into Ingresa tu nombre, jhon enters '3.000000002E9' into Ingresa tu numero celular, jhon enters '3.000000002E9' into Seleccionar el tipo de documento, jhon clicks on Continuar, jhon enters 'Bogota' into Ciudad, jhon clicks on Lista de ciudades, jhon enters 'Av. Carrera 86 # 55A - 75 Engativá' into Direccion, jhon clicks on Buscar la dirección, jhon enters 'Bogota' into Datos adicionales, jhon clicks on Continuar ubicación servicio, jhon enters 'Garantia' into ¿Qué tipo de servicio solicitas?, jhon clicks on ¿Qué tipo de servicio solicitas? Lista, jhon enters 'ESTUFA A GAS 4 PUESTOS E/E 120V NEGRA' into ¿Cuál es el producto?, jhon clicks on ¿Cuál es el producto? Lista, jhon enters 'AHUMA' into ¿Cuál es el motivo de la reparación?, jhon clicks on ¿Cuál es el motivo de la reparación? Lista, jhon enters 'QA AUTOMOTION' into observaciones, jhon clicks on Rango AM, jhon enters '1.012439358E9' into Rango PM, jhon clicks on Fecha, jhon clicks on Confirmar Fecha seleccionada, jhon clicks on Programar, jhon clicks on Finalizar Orden de servicio, jhon clicks on Heabeas Data, jhon clicks on Seleccionar el tipo de documento, Jhon seleccionar tipo documento, jhon enters '1.012439359E9' into Seleccionar el tipo de documento, jhon enters 'jhon.quinones@infotrack.com.co' into ¿Cuál es tu correo electrónico?, jhon enters 'QA 4' into ¿Cuales son tus apellidos?, jhon enters 'TEST 4' into ¿Cual es tu telefono fijo?, jhon enters '3.000000003E9' into Ingresa tu numero celular, jhon enters '3.000000003E9' into Seleccionar el tipo de documento, jhon clicks on Continuar, jhon enters 'Soacha' into Ciudad, jhon clicks on Lista de ciudades, jhon enters 'Cra. 72C #22A-74, Fontibón' into Direccion, jhon clicks on Buscar la dirección, jhon enters 'Bogota, Cundinamarca' into Datos adicionales, jhon clicks on Continuar ubicación servicio, jhon enters 'Mantenimiento' into ¿Qué tipo de servicio solicitas?, jhon clicks on ¿Qué tipo de servicio solicitas? Lista, jhon enters 'NEVERA 5.3 PIES ALMENDRA' into ¿Cuál es el producto?, jhon clicks on ¿Cuál es el producto? Lista, jhon enters 'NO CONGELA' into ¿Cuál es el motivo de la reparación?, jhon clicks on ¿Cuál es el motivo de la reparación? Lista, jhon enters 'QA AUTOMOTION' into observaciones, jhon clicks on Rango AM, jhon enters '1.012439359E9' into Rango PM, jhon clicks on Fecha, jhon clicks on Confirmar Fecha seleccionada, jhon clicks on Programar]]
[Test worker] WARN net.thucydides.core.steps.BaseStepListener - stepStarted: net.thucydides.core.steps.ExecutedStepDescription@102aa5fc
[Test worker] WARN net.thucydides.core.steps.BaseStepListener - stepFinished: current outcome:Proceso Autogestion - Agendamiento de servicios:Dado el usuario final cuando desee crear o agendar una orden de servicio [Jhon abrir pagina [jhon opens the Object abrir pagina]], Cuando Crea la orden de servicio [Jhon autogestion [jhon clicks on Heabeas Data, jhon clicks on Seleccionar el tipo de documento, Jhon seleccionar tipo documento, jhon enters '8.300675571E9' into Seleccionar el tipo de documento, jhon enters 'jhon.quinones@infotrack.com.co' into ¿Cuál es tu correo electrónico?, jhon enters 'Test Automotion9' into Ingresa tu nombre, jhon enters '3.0E9' into Ingresa tu numero celular, jhon enters '3.0E9' into Seleccionar el tipo de documento, jhon clicks on Continuar, jhon enters 'Bogota' into Ciudad, jhon clicks on Lista de ciudades, jhon enters 'Av. C. 127' into Direccion, jhon clicks on Buscar la dirección, jhon enters 'Norte' into Datos adicionales, jhon clicks on Continuar ubicación servicio, jhon enters 'Garantia' into ¿Qué tipo de servicio solicitas?, jhon clicks on ¿Qué tipo de servicio solicitas? Lista, jhon enters 'NEVERA 5.3 PIES ALMENDRA' into ¿Cuál es el producto?, jhon clicks on ¿Cuál es el producto? Lista, jhon enters 'BOTA AGUA' into ¿Cuál es el motivo de la reparación?, jhon clicks on ¿Cuál es el motivo de la reparación? Lista, jhon enters 'QA AUTOMOTION' into observaciones, jhon clicks on Rango AM, jhon enters '1.012439364E9' into Rango PM, jhon clicks on Fecha, jhon clicks on Confirmar Fecha seleccionada, jhon clicks on Programar, jhon clicks on Finalizar Orden de servicio, jhon clicks on Heabeas Data, jhon clicks on Seleccionar el tipo de documento, Jhon seleccionar tipo documento, jhon enters '1.012439357E9' into Seleccionar el tipo de documento, jhon enters 'jhon.quinones@infotrack.com.co' into ¿Cuál es tu correo electrónico?, jhon enters 'QA 2' into ¿Cuales son tus apellidos?, jhon enters 'TEST 2' into ¿Cual es tu telefono fijo?, jhon enters '3.000000001E9' into Ingresa tu numero celular, jhon enters '3.000000001E9' into Seleccionar el tipo de documento, jhon clicks on Continuar, jhon enters 'Soacha' into Ciudad, jhon clicks on Lista de ciudades, jhon enters 'Cl 15 # 19 a – 159' into Direccion, jhon clicks on Buscar la dirección, jhon enters 'Armonia IV' into Datos adicionales, jhon clicks on Continuar ubicación servicio, jhon enters 'Reparación' into ¿Qué tipo de servicio solicitas?, jhon clicks on ¿Qué tipo de servicio solicitas? Lista, jhon enters 'CALENTADOR DE PASO 10 LTS. GAS NATURAL' into ¿Cuál es el producto?, jhon clicks on ¿Cuál es el producto? Lista, jhon enters 'BOTA AGUA' into ¿Cuál es el motivo de la reparación?, jhon clicks on ¿Cuál es el motivo de la reparación? Lista, jhon enters 'QA AUTOMOTION' into observaciones, jhon clicks on Rango AM, jhon enters '1.012439357E9' into Rango PM, jhon clicks on Fecha, jhon clicks on Confirmar Fecha seleccionada, jhon clicks on Programar, jhon clicks on Finalizar Orden de servicio, jhon clicks on Heabeas Data, jhon clicks on Seleccionar el tipo de documento, Jhon seleccionar tipo documento, jhon enters '8.300675571E9' into Seleccionar el tipo de documento, jhon enters 'jhon.quinones@infotrack.com.co' into ¿Cuál es tu correo electrónico?, jhon enters 'Test Automotion11' into Ingresa tu nombre, jhon enters '3.000000002E9' into Ingresa tu numero celular, jhon enters '3.000000002E9' into Seleccionar el tipo de documento, jhon clicks on Continuar, jhon enters 'Bogota' into Ciudad, jhon clicks on Lista de ciudades, jhon enters 'Av. Carrera 86 # 55A - 75 Engativá' into Direccion, jhon clicks on Buscar la dirección, jhon enters 'Bogota' into Datos adicionales, jhon clicks on Continuar ubicación servicio, jhon enters 'Garantia' into ¿Qué tipo de servicio solicitas?, jhon clicks on ¿Qué tipo de servicio solicitas? Lista, jhon enters 'ESTUFA A GAS 4 PUESTOS E/E 120V NEGRA' into ¿Cuál es el producto?, jhon clicks on ¿Cuál es el producto? Lista, jhon enters 'AHUMA' into ¿Cuál es el motivo de la reparación?, jhon clicks on ¿Cuál es el motivo de la reparación? Lista, jhon enters 'QA AUTOMOTION' into observaciones, jhon clicks on Rango AM, jhon enters '1.012439358E9' into Rango PM, jhon clicks on Fecha, jhon clicks on Confirmar Fecha seleccionada, jhon clicks on Programar, jhon clicks on Finalizar Orden de servicio, jhon clicks on Heabeas Data, jhon clicks on Seleccionar el tipo de documento, Jhon seleccionar tipo documento, jhon enters '1.012439359E9' into Seleccionar el tipo de documento, jhon enters 'jhon.quinones@infotrack.com.co' into ¿Cuál es tu correo electrónico?, jhon enters 'QA 4' into ¿Cuales son tus apellidos?, jhon enters 'TEST 4' into ¿Cual es tu telefono fijo?, jhon enters '3.000000003E9' into Ingresa tu numero celular, jhon enters '3.000000003E9' into Seleccionar el tipo de documento, jhon clicks on Continuar, jhon enters 'Soacha' into Ciudad, jhon clicks on Lista de ciudades, jhon enters 'Cra. 72C #22A-74, Fontibón' into Direccion, jhon clicks on Buscar la dirección, jhon enters 'Bogota, Cundinamarca' into Datos adicionales, jhon clicks on Continuar ubicación servicio, jhon enters 'Mantenimiento' into ¿Qué tipo de servicio solicitas?, jhon clicks on ¿Qué tipo de servicio solicitas? Lista, jhon enters 'NEVERA 5.3 PIES ALMENDRA' into ¿Cuál es el producto?, jhon clicks on ¿Cuál es el producto? Lista, jhon enters 'NO CONGELA' into ¿Cuál es el motivo de la reparación?, jhon clicks on ¿Cuál es el motivo de la reparación? Lista, jhon enters 'QA AUTOMOTION' into observaciones, jhon clicks on Rango AM, jhon enters '1.012439359E9' into Rango PM, jhon clicks on Fecha, jhon clicks on Confirmar Fecha seleccionada, jhon clicks on Programar, jhon clicks on Finalizar Orden de servicio]]
[Test worker] WARN net.thucydides.core.steps.BaseStepListener - stepStarted: net.thucydides.core.steps.ExecutedStepDescription@38a52072
[Test worker] WARN net.thucydides.core.steps.BaseStepListener - stepFinished: current outcome:Proceso Autogestion - Agendamiento de servicios:Dado el usuario final cuando desee crear o agendar una orden de servicio [Jhon abrir pagina [jhon opens the Object abrir pagina]], Cuando Crea la orden de servicio [Jhon autogestion [jhon clicks on Heabeas Data, jhon clicks on Seleccionar el tipo de documento, Jhon seleccionar tipo documento, jhon enters '8.300675571E9' into Seleccionar el tipo de documento, jhon enters 'jhon.quinones@infotrack.com.co' into ¿Cuál es tu correo electrónico?, jhon enters 'Test Automotion9' into Ingresa tu nombre, jhon enters '3.0E9' into Ingresa tu numero celular, jhon enters '3.0E9' into Seleccionar el tipo de documento, jhon clicks on Continuar, jhon enters 'Bogota' into Ciudad, jhon clicks on Lista de ciudades, jhon enters 'Av. C. 127' into Direccion, jhon clicks on Buscar la dirección, jhon enters 'Norte' into Datos adicionales, jhon clicks on Continuar ubicación servicio, jhon enters 'Garantia' into ¿Qué tipo de servicio solicitas?, jhon clicks on ¿Qué tipo de servicio solicitas? Lista, jhon enters 'NEVERA 5.3 PIES ALMENDRA' into ¿Cuál es el producto?, jhon clicks on ¿Cuál es el producto? Lista, jhon enters 'BOTA AGUA' into ¿Cuál es el motivo de la reparación?, jhon clicks on ¿Cuál es el motivo de la reparación? Lista, jhon enters 'QA AUTOMOTION' into observaciones, jhon clicks on Rango AM, jhon enters '1.012439364E9' into Rango PM, jhon clicks on Fecha, jhon clicks on Confirmar Fecha seleccionada, jhon clicks on Programar, jhon clicks on Finalizar Orden de servicio, jhon clicks on Heabeas Data, jhon clicks on Seleccionar el tipo de documento, Jhon seleccionar tipo documento, jhon enters '1.012439357E9' into Seleccionar el tipo de documento, jhon enters 'jhon.quinones@infotrack.com.co' into ¿Cuál es tu correo electrónico?, jhon enters 'QA 2' into ¿Cuales son tus apellidos?, jhon enters 'TEST 2' into ¿Cual es tu telefono fijo?, jhon enters '3.000000001E9' into Ingresa tu numero celular, jhon enters '3.000000001E9' into Seleccionar el tipo de documento, jhon clicks on Continuar, jhon enters 'Soacha' into Ciudad, jhon clicks on Lista de ciudades, jhon enters 'Cl 15 # 19 a – 159' into Direccion, jhon clicks on Buscar la dirección, jhon enters 'Armonia IV' into Datos adicionales, jhon clicks on Continuar ubicación servicio, jhon enters 'Reparación' into ¿Qué tipo de servicio solicitas?, jhon clicks on ¿Qué tipo de servicio solicitas? Lista, jhon enters 'CALENTADOR DE PASO 10 LTS. GAS NATURAL' into ¿Cuál es el producto?, jhon clicks on ¿Cuál es el producto? Lista, jhon enters 'BOTA AGUA' into ¿Cuál es el motivo de la reparación?, jhon clicks on ¿Cuál es el motivo de la reparación? Lista, jhon enters 'QA AUTOMOTION' into observaciones, jhon clicks on Rango AM, jhon enters '1.012439357E9' into Rango PM, jhon clicks on Fecha, jhon clicks on Confirmar Fecha seleccionada, jhon clicks on Programar, jhon clicks on Finalizar Orden de servicio, jhon clicks on Heabeas Data, jhon clicks on Seleccionar el tipo de documento, Jhon seleccionar tipo documento, jhon enters '8.300675571E9' into Seleccionar el tipo de documento, jhon enters 'jhon.quinones@infotrack.com.co' into ¿Cuál es tu correo electrónico?, jhon enters 'Test Automotion11' into Ingresa tu nombre, jhon enters '3.000000002E9' into Ingresa tu numero celular, jhon enters '3.000000002E9' into Seleccionar el tipo de documento, jhon clicks on Continuar, jhon enters 'Bogota' into Ciudad, jhon clicks on Lista de ciudades, jhon enters 'Av. Carrera 86 # 55A - 75 Engativá' into Direccion, jhon clicks on Buscar la dirección, jhon enters 'Bogota' into Datos adicionales, jhon clicks on Continuar ubicación servicio, jhon enters 'Garantia' into ¿Qué tipo de servicio solicitas?, jhon clicks on ¿Qué tipo de servicio solicitas? Lista, jhon enters 'ESTUFA A GAS 4 PUESTOS E/E 120V NEGRA' into ¿Cuál es el producto?, jhon clicks on ¿Cuál es el producto? Lista, jhon enters 'AHUMA' into ¿Cuál es el motivo de la reparación?, jhon clicks on ¿Cuál es el motivo de la reparación? Lista, jhon enters 'QA AUTOMOTION' into observaciones, jhon clicks on Rango AM, jhon enters '1.012439358E9' into Rango PM, jhon clicks on Fecha, jhon clicks on Confirmar Fecha seleccionada, jhon clicks on Programar, jhon clicks on Finalizar Orden de servicio, jhon clicks on Heabeas Data, jhon clicks on Seleccionar el tipo de documento, Jhon seleccionar tipo documento, jhon enters '1.012439359E9' into Seleccionar el tipo de documento, jhon enters 'jhon.quinones@infotrack.com.co' into ¿Cuál es tu correo electrónico?, jhon enters 'QA 4' into ¿Cuales son tus apellidos?, jhon enters 'TEST 4' into ¿Cual es tu telefono fijo?, jhon enters '3.000000003E9' into Ingresa tu numero celular, jhon enters '3.000000003E9' into Seleccionar el tipo de documento, jhon clicks on Continuar, jhon enters 'Soacha' into Ciudad, jhon clicks on Lista de ciudades, jhon enters 'Cra. 72C #22A-74, Fontibón' into Direccion, jhon clicks on Buscar la dirección, jhon enters 'Bogota, Cundinamarca' into Datos adicionales, jhon clicks on Continuar ubicación servicio, jhon enters 'Mantenimiento' into ¿Qué tipo de servicio solicitas?, jhon clicks on ¿Qué tipo de servicio solicitas? Lista, jhon enters 'NEVERA 5.3 PIES ALMENDRA' into ¿Cuál es el producto?, jhon clicks on ¿Cuál es el producto? Lista, jhon enters 'NO CONGELA' into ¿Cuál es el motivo de la reparación?, jhon clicks on ¿Cuál es el motivo de la reparación? Lista, jhon enters 'QA AUTOMOTION' into observaciones, jhon clicks on Rango AM, jhon enters '1.012439359E9' into Rango PM, jhon clicks on Fecha, jhon clicks on Confirmar Fecha seleccionada, jhon clicks on Programar, jhon clicks on Finalizar Orden de servicio, jhon clicks on Heabeas Data]]
[Test worker] WARN net.thucydides.core.steps.BaseStepListener - stepStarted: net.thucydides.core.steps.ExecutedStepDescription@51aa2a58
[Test worker] WARN net.thucydides.core.steps.BaseStepListener - stepFinished: current outcome:Proceso Autogestion - Agendamiento de servicios:Dado el usuario final cuando desee crear o agendar una orden de servicio [Jhon abrir pagina [jhon opens the Object abrir pagina]], Cuando Crea la orden de servicio [Jhon autogestion [jhon clicks on Heabeas Data, jhon clicks on Seleccionar el tipo de documento, Jhon seleccionar tipo documento, jhon enters '8.300675571E9' into Seleccionar el tipo de documento, jhon enters 'jhon.quinones@infotrack.com.co' into ¿Cuál es tu correo electrónico?, jhon enters 'Test Automotion9' into Ingresa tu nombre, jhon enters '3.0E9' into Ingresa tu numero celular, jhon enters '3.0E9' into Seleccionar el tipo de documento, jhon clicks on Continuar, jhon enters 'Bogota' into Ciudad, jhon clicks on Lista de ciudades, jhon enters 'Av. C. 127' into Direccion, jhon clicks on Buscar la dirección, jhon enters 'Norte' into Datos adicionales, jhon clicks on Continuar ubicación servicio, jhon enters 'Garantia' into ¿Qué tipo de servicio solicitas?, jhon clicks on ¿Qué tipo de servicio solicitas? Lista, jhon enters 'NEVERA 5.3 PIES ALMENDRA' into ¿Cuál es el producto?, jhon clicks on ¿Cuál es el producto? Lista, jhon enters 'BOTA AGUA' into ¿Cuál es el motivo de la reparación?, jhon clicks on ¿Cuál es el motivo de la reparación? Lista, jhon enters 'QA AUTOMOTION' into observaciones, jhon clicks on Rango AM, jhon enters '1.012439364E9' into Rango PM, jhon clicks on Fecha, jhon clicks on Confirmar Fecha seleccionada, jhon clicks on Programar, jhon clicks on Finalizar Orden de servicio, jhon clicks on Heabeas Data, jhon clicks on Seleccionar el tipo de documento, Jhon seleccionar tipo documento, jhon enters '1.012439357E9' into Seleccionar el tipo de documento, jhon enters 'jhon.quinones@infotrack.com.co' into ¿Cuál es tu correo electrónico?, jhon enters 'QA 2' into ¿Cuales son tus apellidos?, jhon enters 'TEST 2' into ¿Cual es tu telefono fijo?, jhon enters '3.000000001E9' into Ingresa tu numero celular, jhon enters '3.000000001E9' into Seleccionar el tipo de documento, jhon clicks on Continuar, jhon enters 'Soacha' into Ciudad, jhon clicks on Lista de ciudades, jhon enters 'Cl 15 # 19 a – 159' into Direccion, jhon clicks on Buscar la dirección, jhon enters 'Armonia IV' into Datos adicionales, jhon clicks on Continuar ubicación servicio, jhon enters 'Reparación' into ¿Qué tipo de servicio solicitas?, jhon clicks on ¿Qué tipo de servicio solicitas? Lista, jhon enters 'CALENTADOR DE PASO 10 LTS. GAS NATURAL' into ¿Cuál es el producto?, jhon clicks on ¿Cuál es el producto? Lista, jhon enters 'BOTA AGUA' into ¿Cuál es el motivo de la reparación?, jhon clicks on ¿Cuál es el motivo de la reparación? Lista, jhon enters 'QA AUTOMOTION' into observaciones, jhon clicks on Rango AM, jhon enters '1.012439357E9' into Rango PM, jhon clicks on Fecha, jhon clicks on Confirmar Fecha seleccionada, jhon clicks on Programar, jhon clicks on Finalizar Orden de servicio, jhon clicks on Heabeas Data, jhon clicks on Seleccionar el tipo de documento, Jhon seleccionar tipo documento, jhon enters '8.300675571E9' into Seleccionar el tipo de documento, jhon enters 'jhon.quinones@infotrack.com.co' into ¿Cuál es tu correo electrónico?, jhon enters 'Test Automotion11' into Ingresa tu nombre, jhon enters '3.000000002E9' into Ingresa tu numero celular, jhon enters '3.000000002E9' into Seleccionar el tipo de documento, jhon clicks on Continuar, jhon enters 'Bogota' into Ciudad, jhon clicks on Lista de ciudades, jhon enters 'Av. Carrera 86 # 55A - 75 Engativá' into Direccion, jhon clicks on Buscar la dirección, jhon enters 'Bogota' into Datos adicionales, jhon clicks on Continuar ubicación servicio, jhon enters 'Garantia' into ¿Qué tipo de servicio solicitas?, jhon clicks on ¿Qué tipo de servicio solicitas? Lista, jhon enters 'ESTUFA A GAS 4 PUESTOS E/E 120V NEGRA' into ¿Cuál es el producto?, jhon clicks on ¿Cuál es el producto? Lista, jhon enters 'AHUMA' into ¿Cuál es el motivo de la reparación?, jhon clicks on ¿Cuál es el motivo de la reparación? Lista, jhon enters 'QA AUTOMOTION' into observaciones, jhon clicks on Rango AM, jhon enters '1.012439358E9' into Rango PM, jhon clicks on Fecha, jhon clicks on Confirmar Fecha seleccionada, jhon clicks on Programar, jhon clicks on Finalizar Orden de servicio, jhon clicks on Heabeas Data, jhon clicks on Seleccionar el tipo de documento, Jhon seleccionar tipo documento, jhon enters '1.012439359E9' into Seleccionar el tipo de documento, jhon enters 'jhon.quinones@infotrack.com.co' into ¿Cuál es tu correo electrónico?, jhon enters 'QA 4' into ¿Cuales son tus apellidos?, jhon enters 'TEST 4' into ¿Cual es tu telefono fijo?, jhon enters '3.000000003E9' into Ingresa tu numero celular, jhon enters '3.000000003E9' into Seleccionar el tipo de documento, jhon clicks on Continuar, jhon enters 'Soacha' into Ciudad, jhon clicks on Lista de ciudades, jhon enters 'Cra. 72C #22A-74, Fontibón' into Direccion, jhon clicks on Buscar la dirección, jhon enters 'Bogota, Cundinamarca' into Datos adicionales, jhon clicks on Continuar ubicación servicio, jhon enters 'Mantenimiento' into ¿Qué tipo de servicio solicitas?, jhon clicks on ¿Qué tipo de servicio solicitas? Lista, jhon enters 'NEVERA 5.3 PIES ALMENDRA' into ¿Cuál es el producto?, jhon clicks on ¿Cuál es el producto? Lista, jhon enters 'NO CONGELA' into ¿Cuál es el motivo de la reparación?, jhon clicks on ¿Cuál es el motivo de la reparación? Lista, jhon enters 'QA AUTOMOTION' into observaciones, jhon clicks on Rango AM, jhon enters '1.012439359E9' into Rango PM, jhon clicks on Fecha, jhon clicks on Confirmar Fecha seleccionada, jhon clicks on Programar, jhon clicks on Finalizar Orden de servicio, jhon clicks on Heabeas Data, jhon clicks on Seleccionar el tipo de documento]]
[Test worker] WARN net.thucydides.core.steps.BaseStepListener - stepStarted: net.thucydides.core.steps.ExecutedStepDescription@75784062
[Test worker] WARN net.thucydides.core.steps.BaseStepListener - stepFinished: current outcome:Proceso Autogestion - Agendamiento de servicios:Dado el usuario final cuando desee crear o agendar una orden de servicio [Jhon abrir pagina [jhon opens the Object abrir pagina]], Cuando Crea la orden de servicio [Jhon autogestion [jhon clicks on Heabeas Data, jhon clicks on Seleccionar el tipo de documento, Jhon seleccionar tipo documento, jhon enters '8.300675571E9' into Seleccionar el tipo de documento, jhon enters 'jhon.quinones@infotrack.com.co' into ¿Cuál es tu correo electrónico?, jhon enters 'Test Automotion9' into Ingresa tu nombre, jhon enters '3.0E9' into Ingresa tu numero celular, jhon enters '3.0E9' into Seleccionar el tipo de documento, jhon clicks on Continuar, jhon enters 'Bogota' into Ciudad, jhon clicks on Lista de ciudades, jhon enters 'Av. C. 127' into Direccion, jhon clicks on Buscar la dirección, jhon enters 'Norte' into Datos adicionales, jhon clicks on Continuar ubicación servicio, jhon enters 'Garantia' into ¿Qué tipo de servicio solicitas?, jhon clicks on ¿Qué tipo de servicio solicitas? Lista, jhon enters 'NEVERA 5.3 PIES ALMENDRA' into ¿Cuál es el producto?, jhon clicks on ¿Cuál es el producto? Lista, jhon enters 'BOTA AGUA' into ¿Cuál es el motivo de la reparación?, jhon clicks on ¿Cuál es el motivo de la reparación? Lista, jhon enters 'QA AUTOMOTION' into observaciones, jhon clicks on Rango AM, jhon enters '1.012439364E9' into Rango PM, jhon clicks on Fecha, jhon clicks on Confirmar Fecha seleccionada, jhon clicks on Programar, jhon clicks on Finalizar Orden de servicio, jhon clicks on Heabeas Data, jhon clicks on Seleccionar el tipo de documento, Jhon seleccionar tipo documento, jhon enters '1.012439357E9' into Seleccionar el tipo de documento, jhon enters 'jhon.quinones@infotrack.com.co' into ¿Cuál es tu correo electrónico?, jhon enters 'QA 2' into ¿Cuales son tus apellidos?, jhon enters 'TEST 2' into ¿Cual es tu telefono fijo?, jhon enters '3.000000001E9' into Ingresa tu numero celular, jhon enters '3.000000001E9' into Seleccionar el tipo de documento, jhon clicks on Continuar, jhon enters 'Soacha' into Ciudad, jhon clicks on Lista de ciudades, jhon enters 'Cl 15 # 19 a – 159' into Direccion, jhon clicks on Buscar la dirección, jhon enters 'Armonia IV' into Datos adicionales, jhon clicks on Continuar ubicación servicio, jhon enters 'Reparación' into ¿Qué tipo de servicio solicitas?, jhon clicks on ¿Qué tipo de servicio solicitas? Lista, jhon enters 'CALENTADOR DE PASO 10 LTS. GAS NATURAL' into ¿Cuál es el producto?, jhon clicks on ¿Cuál es el producto? Lista, jhon enters 'BOTA AGUA' into ¿Cuál es el motivo de la reparación?, jhon clicks on ¿Cuál es el motivo de la reparación? Lista, jhon enters 'QA AUTOMOTION' into observaciones, jhon clicks on Rango AM, jhon enters '1.012439357E9' into Rango PM, jhon clicks on Fecha, jhon clicks on Confirmar Fecha seleccionada, jhon clicks on Programar, jhon clicks on Finalizar Orden de servicio, jhon clicks on Heabeas Data, jhon clicks on Seleccionar el tipo de documento, Jhon seleccionar tipo documento, jhon enters '8.300675571E9' into Seleccionar el tipo de documento, jhon enters 'jhon.quinones@infotrack.com.co' into ¿Cuál es tu correo electrónico?, jhon enters 'Test Automotion11' into Ingresa tu nombre, jhon enters '3.000000002E9' into Ingresa tu numero celular, jhon enters '3.000000002E9' into Seleccionar el tipo de documento, jhon clicks on Continuar, jhon enters 'Bogota' into Ciudad, jhon clicks on Lista de ciudades, jhon enters 'Av. Carrera 86 # 55A - 75 Engativá' into Direccion, jhon clicks on Buscar la dirección, jhon enters 'Bogota' into Datos adicionales, jhon clicks on Continuar ubicación servicio, jhon enters 'Garantia' into ¿Qué tipo de servicio solicitas?, jhon clicks on ¿Qué tipo de servicio solicitas? Lista, jhon enters 'ESTUFA A GAS 4 PUESTOS E/E 120V NEGRA' into ¿Cuál es el producto?, jhon clicks on ¿Cuál es el producto? Lista, jhon enters 'AHUMA' into ¿Cuál es el motivo de la reparación?, jhon clicks on ¿Cuál es el motivo de la reparación? Lista, jhon enters 'QA AUTOMOTION' into observaciones, jhon clicks on Rango AM, jhon enters '1.012439358E9' into Rango PM, jhon clicks on Fecha, jhon clicks on Confirmar Fecha seleccionada, jhon clicks on Programar, jhon clicks on Finalizar Orden de servicio, jhon clicks on Heabeas Data, jhon clicks on Seleccionar el tipo de documento, Jhon seleccionar tipo documento, jhon enters '1.012439359E9' into Seleccionar el tipo de documento, jhon enters 'jhon.quinones@infotrack.com.co' into ¿Cuál es tu correo electrónico?, jhon enters 'QA 4' into ¿Cuales son tus apellidos?, jhon enters 'TEST 4' into ¿Cual es tu telefono fijo?, jhon enters '3.000000003E9' into Ingresa tu numero celular, jhon enters '3.000000003E9' into Seleccionar el tipo de documento, jhon clicks on Continuar, jhon enters 'Soacha' into Ciudad, jhon clicks on Lista de ciudades, jhon enters 'Cra. 72C #22A-74, Fontibón' into Direccion, jhon clicks on Buscar la dirección, jhon enters 'Bogota, Cundinamarca' into Datos adicionales, jhon clicks on Continuar ubicación servicio, jhon enters 'Mantenimiento' into ¿Qué tipo de servicio solicitas?, jhon clicks on ¿Qué tipo de servicio solicitas? Lista, jhon enters 'NEVERA 5.3 PIES ALMENDRA' into ¿Cuál es el producto?, jhon clicks on ¿Cuál es el producto? Lista, jhon enters 'NO CONGELA' into ¿Cuál es el motivo de la reparación?, jhon clicks on ¿Cuál es el motivo de la reparación? Lista, jhon enters 'QA AUTOMOTION' into observaciones, jhon clicks on Rango AM, jhon enters '1.012439359E9' into Rango PM, jhon clicks on Fecha, jhon clicks on Confirmar Fecha seleccionada, jhon clicks on Programar, jhon clicks on Finalizar Orden de servicio, jhon clicks on Heabeas Data, jhon clicks on Seleccionar el tipo de documento, Jhon seleccionar tipo documento]]
[Test worker] WARN net.thucydides.core.steps.BaseStepListener - stepStarted: net.thucydides.core.steps.ExecutedStepDescription@6c737fdb
[Test worker] WARN net.thucydides.core.steps.BaseStepListener - stepFinished: current outcome:Proceso Autogestion - Agendamiento de servicios:Dado el usuario final cuando desee crear o agendar una orden de servicio [Jhon abrir pagina [jhon opens the Object abrir pagina]], Cuando Crea la orden de servicio [Jhon autogestion [jhon clicks on Heabeas Data, jhon clicks on Seleccionar el tipo de documento, Jhon seleccionar tipo documento, jhon enters '8.300675571E9' into Seleccionar el tipo de documento, jhon enters 'jhon.quinones@infotrack.com.co' into ¿Cuál es tu correo electrónico?, jhon enters 'Test Automotion9' into Ingresa tu nombre, jhon enters '3.0E9' into Ingresa tu numero celular, jhon enters '3.0E9' into Seleccionar el tipo de documento, jhon clicks on Continuar, jhon enters 'Bogota' into Ciudad, jhon clicks on Lista de ciudades, jhon enters 'Av. C. 127' into Direccion, jhon clicks on Buscar la dirección, jhon enters 'Norte' into Datos adicionales, jhon clicks on Continuar ubicación servicio, jhon enters 'Garantia' into ¿Qué tipo de servicio solicitas?, jhon clicks on ¿Qué tipo de servicio solicitas? Lista, jhon enters 'NEVERA 5.3 PIES ALMENDRA' into ¿Cuál es el producto?, jhon clicks on ¿Cuál es el producto? Lista, jhon enters 'BOTA AGUA' into ¿Cuál es el motivo de la reparación?, jhon clicks on ¿Cuál es el motivo de la reparación? Lista, jhon enters 'QA AUTOMOTION' into observaciones, jhon clicks on Rango AM, jhon enters '1.012439364E9' into Rango PM, jhon clicks on Fecha, jhon clicks on Confirmar Fecha seleccionada, jhon clicks on Programar, jhon clicks on Finalizar Orden de servicio, jhon clicks on Heabeas Data, jhon clicks on Seleccionar el tipo de documento, Jhon seleccionar tipo documento, jhon enters '1.012439357E9' into Seleccionar el tipo de documento, jhon enters 'jhon.quinones@infotrack.com.co' into ¿Cuál es tu correo electrónico?, jhon enters 'QA 2' into ¿Cuales son tus apellidos?, jhon enters 'TEST 2' into ¿Cual es tu telefono fijo?, jhon enters '3.000000001E9' into Ingresa tu numero celular, jhon enters '3.000000001E9' into Seleccionar el tipo de documento, jhon clicks on Continuar, jhon enters 'Soacha' into Ciudad, jhon clicks on Lista de ciudades, jhon enters 'Cl 15 # 19 a – 159' into Direccion, jhon clicks on Buscar la dirección, jhon enters 'Armonia IV' into Datos adicionales, jhon clicks on Continuar ubicación servicio, jhon enters 'Reparación' into ¿Qué tipo de servicio solicitas?, jhon clicks on ¿Qué tipo de servicio solicitas? Lista, jhon enters 'CALENTADOR DE PASO 10 LTS. GAS NATURAL' into ¿Cuál es el producto?, jhon clicks on ¿Cuál es el producto? Lista, jhon enters 'BOTA AGUA' into ¿Cuál es el motivo de la reparación?, jhon clicks on ¿Cuál es el motivo de la reparación? Lista, jhon enters 'QA AUTOMOTION' into observaciones, jhon clicks on Rango AM, jhon enters '1.012439357E9' into Rango PM, jhon clicks on Fecha, jhon clicks on Confirmar Fecha seleccionada, jhon clicks on Programar, jhon clicks on Finalizar Orden de servicio, jhon clicks on Heabeas Data, jhon clicks on Seleccionar el tipo de documento, Jhon seleccionar tipo documento, jhon enters '8.300675571E9' into Seleccionar el tipo de documento, jhon enters 'jhon.quinones@infotrack.com.co' into ¿Cuál es tu correo electrónico?, jhon enters 'Test Automotion11' into Ingresa tu nombre, jhon enters '3.000000002E9' into Ingresa tu numero celular, jhon enters '3.000000002E9' into Seleccionar el tipo de documento, jhon clicks on Continuar, jhon enters 'Bogota' into Ciudad, jhon clicks on Lista de ciudades, jhon enters 'Av. Carrera 86 # 55A - 75 Engativá' into Direccion, jhon clicks on Buscar la dirección, jhon enters 'Bogota' into Datos adicionales, jhon clicks on Continuar ubicación servicio, jhon enters 'Garantia' into ¿Qué tipo de servicio solicitas?, jhon clicks on ¿Qué tipo de servicio solicitas? Lista, jhon enters 'ESTUFA A GAS 4 PUESTOS E/E 120V NEGRA' into ¿Cuál es el producto?, jhon clicks on ¿Cuál es el producto? Lista, jhon enters 'AHUMA' into ¿Cuál es el motivo de la reparación?, jhon clicks on ¿Cuál es el motivo de la reparación? Lista, jhon enters 'QA AUTOMOTION' into observaciones, jhon clicks on Rango AM, jhon enters '1.012439358E9' into Rango PM, jhon clicks on Fecha, jhon clicks on Confirmar Fecha seleccionada, jhon clicks on Programar, jhon clicks on Finalizar Orden de servicio, jhon clicks on Heabeas Data, jhon clicks on Seleccionar el tipo de documento, Jhon seleccionar tipo documento, jhon enters '1.012439359E9' into Seleccionar el tipo de documento, jhon enters 'jhon.quinones@infotrack.com.co' into ¿Cuál es tu correo electrónico?, jhon enters 'QA 4' into ¿Cuales son tus apellidos?, jhon enters 'TEST 4' into ¿Cual es tu telefono fijo?, jhon enters '3.000000003E9' into Ingresa tu numero celular, jhon enters '3.000000003E9' into Seleccionar el tipo de documento, jhon clicks on Continuar, jhon enters 'Soacha' into Ciudad, jhon clicks on Lista de ciudades, jhon enters 'Cra. 72C #22A-74, Fontibón' into Direccion, jhon clicks on Buscar la dirección, jhon enters 'Bogota, Cundinamarca' into Datos adicionales, jhon clicks on Continuar ubicación servicio, jhon enters 'Mantenimiento' into ¿Qué tipo de servicio solicitas?, jhon clicks on ¿Qué tipo de servicio solicitas? Lista, jhon enters 'NEVERA 5.3 PIES ALMENDRA' into ¿Cuál es el producto?, jhon clicks on ¿Cuál es el producto? Lista, jhon enters 'NO CONGELA' into ¿Cuál es el motivo de la reparación?, jhon clicks on ¿Cuál es el motivo de la reparación? Lista, jhon enters 'QA AUTOMOTION' into observaciones, jhon clicks on Rango AM, jhon enters '1.012439359E9' into Rango PM, jhon clicks on Fecha, jhon clicks on Confirmar Fecha seleccionada, jhon clicks on Programar, jhon clicks on Finalizar Orden de servicio, jhon clicks on Heabeas Data, jhon clicks on Seleccionar el tipo de documento, Jhon seleccionar tipo documento, jhon enters '1.01243936E9' into Seleccionar el tipo de documento]]
[Test worker] WARN net.thucydides.core.steps.BaseStepListener - stepStarted: net.thucydides.core.steps.ExecutedStepDescription@776a3365
[Test worker] WARN net.thucydides.core.steps.BaseStepListener - stepFinished: current outcome:Proceso Autogestion - Agendamiento de servicios:Dado el usuario final cuando desee crear o agendar una orden de servicio [Jhon abrir pagina [jhon opens the Object abrir pagina]], Cuando Crea la orden de servicio [Jhon autogestion [jhon clicks on Heabeas Data, jhon clicks on Seleccionar el tipo de documento, Jhon seleccionar tipo documento, jhon enters '8.300675571E9' into Seleccionar el tipo de documento, jhon enters 'jhon.quinones@infotrack.com.co' into ¿Cuál es tu correo electrónico?, jhon enters 'Test Automotion9' into Ingresa tu nombre, jhon enters '3.0E9' into Ingresa tu numero celular, jhon enters '3.0E9' into Seleccionar el tipo de documento, jhon clicks on Continuar, jhon enters 'Bogota' into Ciudad, jhon clicks on Lista de ciudades, jhon enters 'Av. C. 127' into Direccion, jhon clicks on Buscar la dirección, jhon enters 'Norte' into Datos adicionales, jhon clicks on Continuar ubicación servicio, jhon enters 'Garantia' into ¿Qué tipo de servicio solicitas?, jhon clicks on ¿Qué tipo de servicio solicitas? Lista, jhon enters 'NEVERA 5.3 PIES ALMENDRA' into ¿Cuál es el producto?, jhon clicks on ¿Cuál es el producto? Lista, jhon enters 'BOTA AGUA' into ¿Cuál es el motivo de la reparación?, jhon clicks on ¿Cuál es el motivo de la reparación? Lista, jhon enters 'QA AUTOMOTION' into observaciones, jhon clicks on Rango AM, jhon enters '1.012439364E9' into Rango PM, jhon clicks on Fecha, jhon clicks on Confirmar Fecha seleccionada, jhon clicks on Programar, jhon clicks on Finalizar Orden de servicio, jhon clicks on Heabeas Data, jhon clicks on Seleccionar el tipo de documento, Jhon seleccionar tipo documento, jhon enters '1.012439357E9' into Seleccionar el tipo de documento, jhon enters 'jhon.quinones@infotrack.com.co' into ¿Cuál es tu correo electrónico?, jhon enters 'QA 2' into ¿Cuales son tus apellidos?, jhon enters 'TEST 2' into ¿Cual es tu telefono fijo?, jhon enters '3.000000001E9' into Ingresa tu numero celular, jhon enters '3.000000001E9' into Seleccionar el tipo de documento, jhon clicks on Continuar, jhon enters 'Soacha' into Ciudad, jhon clicks on Lista de ciudades, jhon enters 'Cl 15 # 19 a – 159' into Direccion, jhon clicks on Buscar la dirección, jhon enters 'Armonia IV' into Datos adicionales, jhon clicks on Continuar ubicación servicio, jhon enters 'Reparación' into ¿Qué tipo de servicio solicitas?, jhon clicks on ¿Qué tipo de servicio solicitas? Lista, jhon enters 'CALENTADOR DE PASO 10 LTS. GAS NATURAL' into ¿Cuál es el producto?, jhon clicks on ¿Cuál es el producto? Lista, jhon enters 'BOTA AGUA' into ¿Cuál es el motivo de la reparación?, jhon clicks on ¿Cuál es el motivo de la reparación? Lista, jhon enters 'QA AUTOMOTION' into observaciones, jhon clicks on Rango AM, jhon enters '1.012439357E9' into Rango PM, jhon clicks on Fecha, jhon clicks on Confirmar Fecha seleccionada, jhon clicks on Programar, jhon clicks on Finalizar Orden de servicio, jhon clicks on Heabeas Data, jhon clicks on Seleccionar el tipo de documento, Jhon seleccionar tipo documento, jhon enters '8.300675571E9' into Seleccionar el tipo de documento, jhon enters 'jhon.quinones@infotrack.com.co' into ¿Cuál es tu correo electrónico?, jhon enters 'Test Automotion11' into Ingresa tu nombre, jhon enters '3.000000002E9' into Ingresa tu numero celular, jhon enters '3.000000002E9' into Seleccionar el tipo de documento, jhon clicks on Continuar, jhon enters 'Bogota' into Ciudad, jhon clicks on Lista de ciudades, jhon enters 'Av. Carrera 86 # 55A - 75 Engativá' into Direccion, jhon clicks on Buscar la dirección, jhon enters 'Bogota' into Datos adicionales, jhon clicks on Continuar ubicación servicio, jhon enters 'Garantia' into ¿Qué tipo de servicio solicitas?, jhon clicks on ¿Qué tipo de servicio solicitas? Lista, jhon enters 'ESTUFA A GAS 4 PUESTOS E/E 120V NEGRA' into ¿Cuál es el producto?, jhon clicks on ¿Cuál es el producto? Lista, jhon enters 'AHUMA' into ¿Cuál es el motivo de la reparación?, jhon clicks on ¿Cuál es el motivo de la reparación? Lista, jhon enters 'QA AUTOMOTION' into observaciones, jhon clicks on Rango AM, jhon enters '1.012439358E9' into Rango PM, jhon clicks on Fecha, jhon clicks on Confirmar Fecha seleccionada, jhon clicks on Programar, jhon clicks on Finalizar Orden de servicio, jhon clicks on Heabeas Data, jhon clicks on Seleccionar el tipo de documento, Jhon seleccionar tipo documento, jhon enters '1.012439359E9' into Seleccionar el tipo de documento, jhon enters 'jhon.quinones@infotrack.com.co' into ¿Cuál es tu correo electrónico?, jhon enters 'QA 4' into ¿Cuales son tus apellidos?, jhon enters 'TEST 4' into ¿Cual es tu telefono fijo?, jhon enters '3.000000003E9' into Ingresa tu numero celular, jhon enters '3.000000003E9' into Seleccionar el tipo de documento, jhon clicks on Continuar, jhon enters 'Soacha' into Ciudad, jhon clicks on Lista de ciudades, jhon enters 'Cra. 72C #22A-74, Fontibón' into Direccion, jhon clicks on Buscar la dirección, jhon enters 'Bogota, Cundinamarca' into Datos adicionales, jhon clicks on Continuar ubicación servicio, jhon enters 'Mantenimiento' into ¿Qué tipo de servicio solicitas?, jhon clicks on ¿Qué tipo de servicio solicitas? Lista, jhon enters 'NEVERA 5.3 PIES ALMENDRA' into ¿Cuál es el producto?, jhon clicks on ¿Cuál es el producto? Lista, jhon enters 'NO CONGELA' into ¿Cuál es el motivo de la reparación?, jhon clicks on ¿Cuál es el motivo de la reparación? Lista, jhon enters 'QA AUTOMOTION' into observaciones, jhon clicks on Rango AM, jhon enters '1.012439359E9' into Rango PM, jhon clicks on Fecha, jhon clicks on Confirmar Fecha seleccionada, jhon clicks on Programar, jhon clicks on Finalizar Orden de servicio, jhon clicks on Heabeas Data, jhon clicks on Seleccionar el tipo de documento, Jhon seleccionar tipo documento, jhon enters '1.01243936E9' into Seleccionar el tipo de documento, jhon enters 'jhon.quinones@infotrack.com.co' into ¿Cuál es tu correo electrónico?]]
[Test worker] WARN net.thucydides.core.steps.BaseStepListener - stepStarted: net.thucydides.core.steps.ExecutedStepDescription@1e14b269
[Test worker] WARN net.thucydides.core.steps.BaseStepListener - stepFinished: current outcome:Proceso Autogestion - Agendamiento de servicios:Dado el usuario final cuando desee crear o agendar una orden de servicio [Jhon abrir pagina [jhon opens the Object abrir pagina]], Cuando Crea la orden de servicio [Jhon autogestion [jhon clicks on Heabeas Data, jhon clicks on Seleccionar el tipo de documento, Jhon seleccionar tipo documento, jhon enters '8.300675571E9' into Seleccionar el tipo de documento, jhon enters 'jhon.quinones@infotrack.com.co' into ¿Cuál es tu correo electrónico?, jhon enters 'Test Automotion9' into Ingresa tu nombre, jhon enters '3.0E9' into Ingresa tu numero celular, jhon enters '3.0E9' into Seleccionar el tipo de documento, jhon clicks on Continuar, jhon enters 'Bogota' into Ciudad, jhon clicks on Lista de ciudades, jhon enters 'Av. C. 127' into Direccion, jhon clicks on Buscar la dirección, jhon enters 'Norte' into Datos adicionales, jhon clicks on Continuar ubicación servicio, jhon enters 'Garantia' into ¿Qué tipo de servicio solicitas?, jhon clicks on ¿Qué tipo de servicio solicitas? Lista, jhon enters 'NEVERA 5.3 PIES ALMENDRA' into ¿Cuál es el producto?, jhon clicks on ¿Cuál es el producto? Lista, jhon enters 'BOTA AGUA' into ¿Cuál es el motivo de la reparación?, jhon clicks on ¿Cuál es el motivo de la reparación? Lista, jhon enters 'QA AUTOMOTION' into observaciones, jhon clicks on Rango AM, jhon enters '1.012439364E9' into Rango PM, jhon clicks on Fecha, jhon clicks on Confirmar Fecha seleccionada, jhon clicks on Programar, jhon clicks on Finalizar Orden de servicio, jhon clicks on Heabeas Data, jhon clicks on Seleccionar el tipo de documento, Jhon seleccionar tipo documento, jhon enters '1.012439357E9' into Seleccionar el tipo de documento, jhon enters 'jhon.quinones@infotrack.com.co' into ¿Cuál es tu correo electrónico?, jhon enters 'QA 2' into ¿Cuales son tus apellidos?, jhon enters 'TEST 2' into ¿Cual es tu telefono fijo?, jhon enters '3.000000001E9' into Ingresa tu numero celular, jhon enters '3.000000001E9' into Seleccionar el tipo de documento, jhon clicks on Continuar, jhon enters 'Soacha' into Ciudad, jhon clicks on Lista de ciudades, jhon enters 'Cl 15 # 19 a – 159' into Direccion, jhon clicks on Buscar la dirección, jhon enters 'Armonia IV' into Datos adicionales, jhon clicks on Continuar ubicación servicio, jhon enters 'Reparación' into ¿Qué tipo de servicio solicitas?, jhon clicks on ¿Qué tipo de servicio solicitas? Lista, jhon enters 'CALENTADOR DE PASO 10 LTS. GAS NATURAL' into ¿Cuál es el producto?, jhon clicks on ¿Cuál es el producto? Lista, jhon enters 'BOTA AGUA' into ¿Cuál es el motivo de la reparación?, jhon clicks on ¿Cuál es el motivo de la reparación? Lista, jhon enters 'QA AUTOMOTION' into observaciones, jhon clicks on Rango AM, jhon enters '1.012439357E9' into Rango PM, jhon clicks on Fecha, jhon clicks on Confirmar Fecha seleccionada, jhon clicks on Programar, jhon clicks on Finalizar Orden de servicio, jhon clicks on Heabeas Data, jhon clicks on Seleccionar el tipo de documento, Jhon seleccionar tipo documento, jhon enters '8.300675571E9' into Seleccionar el tipo de documento, jhon enters 'jhon.quinones@infotrack.com.co' into ¿Cuál es tu correo electrónico?, jhon enters 'Test Automotion11' into Ingresa tu nombre, jhon enters '3.000000002E9' into Ingresa tu numero celular, jhon enters '3.000000002E9' into Seleccionar el tipo de documento, jhon clicks on Continuar, jhon enters 'Bogota' into Ciudad, jhon clicks on Lista de ciudades, jhon enters 'Av. Carrera 86 # 55A - 75 Engativá' into Direccion, jhon clicks on Buscar la dirección, jhon enters 'Bogota' into Datos adicionales, jhon clicks on Continuar ubicación servicio, jhon enters 'Garantia' into ¿Qué tipo de servicio solicitas?, jhon clicks on ¿Qué tipo de servicio solicitas? Lista, jhon enters 'ESTUFA A GAS 4 PUESTOS E/E 120V NEGRA' into ¿Cuál es el producto?, jhon clicks on ¿Cuál es el producto? Lista, jhon enters 'AHUMA' into ¿Cuál es el motivo de la reparación?, jhon clicks on ¿Cuál es el motivo de la reparación? Lista, jhon enters 'QA AUTOMOTION' into observaciones, jhon clicks on Rango AM, jhon enters '1.012439358E9' into Rango PM, jhon clicks on Fecha, jhon clicks on Confirmar Fecha seleccionada, jhon clicks on Programar, jhon clicks on Finalizar Orden de servicio, jhon clicks on Heabeas Data, jhon clicks on Seleccionar el tipo de documento, Jhon seleccionar tipo documento, jhon enters '1.012439359E9' into Seleccionar el tipo de documento, jhon enters 'jhon.quinones@infotrack.com.co' into ¿Cuál es tu correo electrónico?, jhon enters 'QA 4' into ¿Cuales son tus apellidos?, jhon enters 'TEST 4' into ¿Cual es tu telefono fijo?, jhon enters '3.000000003E9' into Ingresa tu numero celular, jhon enters '3.000000003E9' into Seleccionar el tipo de documento, jhon clicks on Continuar, jhon enters 'Soacha' into Ciudad, jhon clicks on Lista de ciudades, jhon enters 'Cra. 72C #22A-74, Fontibón' into Direccion, jhon clicks on Buscar la dirección, jhon enters 'Bogota, Cundinamarca' into Datos adicionales, jhon clicks on Continuar ubicación servicio, jhon enters 'Mantenimiento' into ¿Qué tipo de servicio solicitas?, jhon clicks on ¿Qué tipo de servicio solicitas? Lista, jhon enters 'NEVERA 5.3 PIES ALMENDRA' into ¿Cuál es el producto?, jhon clicks on ¿Cuál es el producto? Lista, jhon enters 'NO CONGELA' into ¿Cuál es el motivo de la reparación?, jhon clicks on ¿Cuál es el motivo de la reparación? Lista, jhon enters 'QA AUTOMOTION' into observaciones, jhon clicks on Rango AM, jhon enters '1.012439359E9' into Rango PM, jhon clicks on Fecha, jhon clicks on Confirmar Fecha seleccionada, jhon clicks on Programar, jhon clicks on Finalizar Orden de servicio, jhon clicks on Heabeas Data, jhon clicks on Seleccionar el tipo de documento, Jhon seleccionar tipo documento, jhon enters '1.01243936E9' into Seleccionar el tipo de documento, jhon enters 'jhon.quinones@infotrack.com.co' into ¿Cuál es tu correo electrónico?, jhon enters 'QA 5' into ¿Cuales son tus apellidos?]]
[Test worker] WARN net.thucydides.core.steps.BaseStepListener - stepStarted: net.thucydides.core.steps.ExecutedStepDescription@3ec211cc
[Test worker] WARN net.thucydides.core.steps.BaseStepListener - stepFinished: current outcome:Proceso Autogestion - Agendamiento de servicios:Dado el usuario final cuando desee crear o agendar una orden de servicio [Jhon abrir pagina [jhon opens the Object abrir pagina]], Cuando Crea la orden de servicio [Jhon autogestion [jhon clicks on Heabeas Data, jhon clicks on Seleccionar el tipo de documento, Jhon seleccionar tipo documento, jhon enters '8.300675571E9' into Seleccionar el tipo de documento, jhon enters 'jhon.quinones@infotrack.com.co' into ¿Cuál es tu correo electrónico?, jhon enters 'Test Automotion9' into Ingresa tu nombre, jhon enters '3.0E9' into Ingresa tu numero celular, jhon enters '3.0E9' into Seleccionar el tipo de documento, jhon clicks on Continuar, jhon enters 'Bogota' into Ciudad, jhon clicks on Lista de ciudades, jhon enters 'Av. C. 127' into Direccion, jhon clicks on Buscar la dirección, jhon enters 'Norte' into Datos adicionales, jhon clicks on Continuar ubicación servicio, jhon enters 'Garantia' into ¿Qué tipo de servicio solicitas?, jhon clicks on ¿Qué tipo de servicio solicitas? Lista, jhon enters 'NEVERA 5.3 PIES ALMENDRA' into ¿Cuál es el producto?, jhon clicks on ¿Cuál es el producto? Lista, jhon enters 'BOTA AGUA' into ¿Cuál es el motivo de la reparación?, jhon clicks on ¿Cuál es el motivo de la reparación? Lista, jhon enters 'QA AUTOMOTION' into observaciones, jhon clicks on Rango AM, jhon enters '1.012439364E9' into Rango PM, jhon clicks on Fecha, jhon clicks on Confirmar Fecha seleccionada, jhon clicks on Programar, jhon clicks on Finalizar Orden de servicio, jhon clicks on Heabeas Data, jhon clicks on Seleccionar el tipo de documento, Jhon seleccionar tipo documento, jhon enters '1.012439357E9' into Seleccionar el tipo de documento, jhon enters 'jhon.quinones@infotrack.com.co' into ¿Cuál es tu correo electrónico?, jhon enters 'QA 2' into ¿Cuales son tus apellidos?, jhon enters 'TEST 2' into ¿Cual es tu telefono fijo?, jhon enters '3.000000001E9' into Ingresa tu numero celular, jhon enters '3.000000001E9' into Seleccionar el tipo de documento, jhon clicks on Continuar, jhon enters 'Soacha' into Ciudad, jhon clicks on Lista de ciudades, jhon enters 'Cl 15 # 19 a – 159' into Direccion, jhon clicks on Buscar la dirección, jhon enters 'Armonia IV' into Datos adicionales, jhon clicks on Continuar ubicación servicio, jhon enters 'Reparación' into ¿Qué tipo de servicio solicitas?, jhon clicks on ¿Qué tipo de servicio solicitas? Lista, jhon enters 'CALENTADOR DE PASO 10 LTS. GAS NATURAL' into ¿Cuál es el producto?, jhon clicks on ¿Cuál es el producto? Lista, jhon enters 'BOTA AGUA' into ¿Cuál es el motivo de la reparación?, jhon clicks on ¿Cuál es el motivo de la reparación? Lista, jhon enters 'QA AUTOMOTION' into observaciones, jhon clicks on Rango AM, jhon enters '1.012439357E9' into Rango PM, jhon clicks on Fecha, jhon clicks on Confirmar Fecha seleccionada, jhon clicks on Programar, jhon clicks on Finalizar Orden de servicio, jhon clicks on Heabeas Data, jhon clicks on Seleccionar el tipo de documento, Jhon seleccionar tipo documento, jhon enters '8.300675571E9' into Seleccionar el tipo de documento, jhon enters 'jhon.quinones@infotrack.com.co' into ¿Cuál es tu correo electrónico?, jhon enters 'Test Automotion11' into Ingresa tu nombre, jhon enters '3.000000002E9' into Ingresa tu numero celular, jhon enters '3.000000002E9' into Seleccionar el tipo de documento, jhon clicks on Continuar, jhon enters 'Bogota' into Ciudad, jhon clicks on Lista de ciudades, jhon enters 'Av. Carrera 86 # 55A - 75 Engativá' into Direccion, jhon clicks on Buscar la dirección, jhon enters 'Bogota' into Datos adicionales, jhon clicks on Continuar ubicación servicio, jhon enters 'Garantia' into ¿Qué tipo de servicio solicitas?, jhon clicks on ¿Qué tipo de servicio solicitas? Lista, jhon enters 'ESTUFA A GAS 4 PUESTOS E/E 120V NEGRA' into ¿Cuál es el producto?, jhon clicks on ¿Cuál es el producto? Lista, jhon enters 'AHUMA' into ¿Cuál es el motivo de la reparación?, jhon clicks on ¿Cuál es el motivo de la reparación? Lista, jhon enters 'QA AUTOMOTION' into observaciones, jhon clicks on Rango AM, jhon enters '1.012439358E9' into Rango PM, jhon clicks on Fecha, jhon clicks on Confirmar Fecha seleccionada, jhon clicks on Programar, jhon clicks on Finalizar Orden de servicio, jhon clicks on Heabeas Data, jhon clicks on Seleccionar el tipo de documento, Jhon seleccionar tipo documento, jhon enters '1.012439359E9' into Seleccionar el tipo de documento, jhon enters 'jhon.quinones@infotrack.com.co' into ¿Cuál es tu correo electrónico?, jhon enters 'QA 4' into ¿Cuales son tus apellidos?, jhon enters 'TEST 4' into ¿Cual es tu telefono fijo?, jhon enters '3.000000003E9' into Ingresa tu numero celular, jhon enters '3.000000003E9' into Seleccionar el tipo de documento, jhon clicks on Continuar, jhon enters 'Soacha' into Ciudad, jhon clicks on Lista de ciudades, jhon enters 'Cra. 72C #22A-74, Fontibón' into Direccion, jhon clicks on Buscar la dirección, jhon enters 'Bogota, Cundinamarca' into Datos adicionales, jhon clicks on Continuar ubicación servicio, jhon enters 'Mantenimiento' into ¿Qué tipo de servicio solicitas?, jhon clicks on ¿Qué tipo de servicio solicitas? Lista, jhon enters 'NEVERA 5.3 PIES ALMENDRA' into ¿Cuál es el producto?, jhon clicks on ¿Cuál es el producto? Lista, jhon enters 'NO CONGELA' into ¿Cuál es el motivo de la reparación?, jhon clicks on ¿Cuál es el motivo de la reparación? Lista, jhon enters 'QA AUTOMOTION' into observaciones, jhon clicks on Rango AM, jhon enters '1.012439359E9' into Rango PM, jhon clicks on Fecha, jhon clicks on Confirmar Fecha seleccionada, jhon clicks on Programar, jhon clicks on Finalizar Orden de servicio, jhon clicks on Heabeas Data, jhon clicks on Seleccionar el tipo de documento, Jhon seleccionar tipo documento, jhon enters '1.01243936E9' into Seleccionar el tipo de documento, jhon enters 'jhon.quinones@infotrack.com.co' into ¿Cuál es tu correo electrónico?, jhon enters 'QA 5' into ¿Cuales son tus apellidos?, jhon enters 'TEST 5' into ¿Cual es tu telefono fijo?]]
[Test worker] WARN net.thucydides.core.steps.BaseStepListener - stepStarted: net.thucydides.core.steps.ExecutedStepDescription@90394d
[Test worker] WARN net.thucydides.core.steps.BaseStepListener - stepFinished: current outcome:Proceso Autogestion - Agendamiento de servicios:Dado el usuario final cuando desee crear o agendar una orden de servicio [Jhon abrir pagina [jhon opens the Object abrir pagina]], Cuando Crea la orden de servicio [Jhon autogestion [jhon clicks on Heabeas Data, jhon clicks on Seleccionar el tipo de documento, Jhon seleccionar tipo documento, jhon enters '8.300675571E9' into Seleccionar el tipo de documento, jhon enters 'jhon.quinones@infotrack.com.co' into ¿Cuál es tu correo electrónico?, jhon enters 'Test Automotion9' into Ingresa tu nombre, jhon enters '3.0E9' into Ingresa tu numero celular, jhon enters '3.0E9' into Seleccionar el tipo de documento, jhon clicks on Continuar, jhon enters 'Bogota' into Ciudad, jhon clicks on Lista de ciudades, jhon enters 'Av. C. 127' into Direccion, jhon clicks on Buscar la dirección, jhon enters 'Norte' into Datos adicionales, jhon clicks on Continuar ubicación servicio, jhon enters 'Garantia' into ¿Qué tipo de servicio solicitas?, jhon clicks on ¿Qué tipo de servicio solicitas? Lista, jhon enters 'NEVERA 5.3 PIES ALMENDRA' into ¿Cuál es el producto?, jhon clicks on ¿Cuál es el producto? Lista, jhon enters 'BOTA AGUA' into ¿Cuál es el motivo de la reparación?, jhon clicks on ¿Cuál es el motivo de la reparación? Lista, jhon enters 'QA AUTOMOTION' into observaciones, jhon clicks on Rango AM, jhon enters '1.012439364E9' into Rango PM, jhon clicks on Fecha, jhon clicks on Confirmar Fecha seleccionada, jhon clicks on Programar, jhon clicks on Finalizar Orden de servicio, jhon clicks on Heabeas Data, jhon clicks on Seleccionar el tipo de documento, Jhon seleccionar tipo documento, jhon enters '1.012439357E9' into Seleccionar el tipo de documento, jhon enters 'jhon.quinones@infotrack.com.co' into ¿Cuál es tu correo electrónico?, jhon enters 'QA 2' into ¿Cuales son tus apellidos?, jhon enters 'TEST 2' into ¿Cual es tu telefono fijo?, jhon enters '3.000000001E9' into Ingresa tu numero celular, jhon enters '3.000000001E9' into Seleccionar el tipo de documento, jhon clicks on Continuar, jhon enters 'Soacha' into Ciudad, jhon clicks on Lista de ciudades, jhon enters 'Cl 15 # 19 a – 159' into Direccion, jhon clicks on Buscar la dirección, jhon enters 'Armonia IV' into Datos adicionales, jhon clicks on Continuar ubicación servicio, jhon enters 'Reparación' into ¿Qué tipo de servicio solicitas?, jhon clicks on ¿Qué tipo de servicio solicitas? Lista, jhon enters 'CALENTADOR DE PASO 10 LTS. GAS NATURAL' into ¿Cuál es el producto?, jhon clicks on ¿Cuál es el producto? Lista, jhon enters 'BOTA AGUA' into ¿Cuál es el motivo de la reparación?, jhon clicks on ¿Cuál es el motivo de la reparación? Lista, jhon enters 'QA AUTOMOTION' into observaciones, jhon clicks on Rango AM, jhon enters '1.012439357E9' into Rango PM, jhon clicks on Fecha, jhon clicks on Confirmar Fecha seleccionada, jhon clicks on Programar, jhon clicks on Finalizar Orden de servicio, jhon clicks on Heabeas Data, jhon clicks on Seleccionar el tipo de documento, Jhon seleccionar tipo documento, jhon enters '8.300675571E9' into Seleccionar el tipo de documento, jhon enters 'jhon.quinones@infotrack.com.co' into ¿Cuál es tu correo electrónico?, jhon enters 'Test Automotion11' into Ingresa tu nombre, jhon enters '3.000000002E9' into Ingresa tu numero celular, jhon enters '3.000000002E9' into Seleccionar el tipo de documento, jhon clicks on Continuar, jhon enters 'Bogota' into Ciudad, jhon clicks on Lista de ciudades, jhon enters 'Av. Carrera 86 # 55A - 75 Engativá' into Direccion, jhon clicks on Buscar la dirección, jhon enters 'Bogota' into Datos adicionales, jhon clicks on Continuar ubicación servicio, jhon enters 'Garantia' into ¿Qué tipo de servicio solicitas?, jhon clicks on ¿Qué tipo de servicio solicitas? Lista, jhon enters 'ESTUFA A GAS 4 PUESTOS E/E 120V NEGRA' into ¿Cuál es el producto?, jhon clicks on ¿Cuál es el producto? Lista, jhon enters 'AHUMA' into ¿Cuál es el motivo de la reparación?, jhon clicks on ¿Cuál es el motivo de la reparación? Lista, jhon enters 'QA AUTOMOTION' into observaciones, jhon clicks on Rango AM, jhon enters '1.012439358E9' into Rango PM, jhon clicks on Fecha, jhon clicks on Confirmar Fecha seleccionada, jhon clicks on Programar, jhon clicks on Finalizar Orden de servicio, jhon clicks on Heabeas Data, jhon clicks on Seleccionar el tipo de documento, Jhon seleccionar tipo documento, jhon enters '1.012439359E9' into Seleccionar el tipo de documento, jhon enters 'jhon.quinones@infotrack.com.co' into ¿Cuál es tu correo electrónico?, jhon enters 'QA 4' into ¿Cuales son tus apellidos?, jhon enters 'TEST 4' into ¿Cual es tu telefono fijo?, jhon enters '3.000000003E9' into Ingresa tu numero celular, jhon enters '3.000000003E9' into Seleccionar el tipo de documento, jhon clicks on Continuar, jhon enters 'Soacha' into Ciudad, jhon clicks on Lista de ciudades, jhon enters 'Cra. 72C #22A-74, Fontibón' into Direccion, jhon clicks on Buscar la dirección, jhon enters 'Bogota, Cundinamarca' into Datos adicionales, jhon clicks on Continuar ubicación servicio, jhon enters 'Mantenimiento' into ¿Qué tipo de servicio solicitas?, jhon clicks on ¿Qué tipo de servicio solicitas? Lista, jhon enters 'NEVERA 5.3 PIES ALMENDRA' into ¿Cuál es el producto?, jhon clicks on ¿Cuál es el producto? Lista, jhon enters 'NO CONGELA' into ¿Cuál es el motivo de la reparación?, jhon clicks on ¿Cuál es el motivo de la reparación? Lista, jhon enters 'QA AUTOMOTION' into observaciones, jhon clicks on Rango AM, jhon enters '1.012439359E9' into Rango PM, jhon clicks on Fecha, jhon clicks on Confirmar Fecha seleccionada, jhon clicks on Programar, jhon clicks on Finalizar Orden de servicio, jhon clicks on Heabeas Data, jhon clicks on Seleccionar el tipo de documento, Jhon seleccionar tipo documento, jhon enters '1.01243936E9' into Seleccionar el tipo de documento, jhon enters 'jhon.quinones@infotrack.com.co' into ¿Cuál es tu correo electrónico?, jhon enters 'QA 5' into ¿Cuales son tus apellidos?, jhon enters 'TEST 5' into ¿Cual es tu telefono fijo?, jhon enters '3.000000004E9' into Ingresa tu numero celular]]
[Test worker] WARN net.thucydides.core.steps.BaseStepListener - stepStarted: net.thucydides.core.steps.ExecutedStepDescription@221961af
[Test worker] WARN net.thucydides.core.steps.BaseStepListener - stepFinished: current outcome:Proceso Autogestion - Agendamiento de servicios:Dado el usuario final cuando desee crear o agendar una orden de servicio [Jhon abrir pagina [jhon opens the Object abrir pagina]], Cuando Crea la orden de servicio [Jhon autogestion [jhon clicks on Heabeas Data, jhon clicks on Seleccionar el tipo de documento, Jhon seleccionar tipo documento, jhon enters '8.300675571E9' into Seleccionar el tipo de documento, jhon enters 'jhon.quinones@infotrack.com.co' into ¿Cuál es tu correo electrónico?, jhon enters 'Test Automotion9' into Ingresa tu nombre, jhon enters '3.0E9' into Ingresa tu numero celular, jhon enters '3.0E9' into Seleccionar el tipo de documento, jhon clicks on Continuar, jhon enters 'Bogota' into Ciudad, jhon clicks on Lista de ciudades, jhon enters 'Av. C. 127' into Direccion, jhon clicks on Buscar la dirección, jhon enters 'Norte' into Datos adicionales, jhon clicks on Continuar ubicación servicio, jhon enters 'Garantia' into ¿Qué tipo de servicio solicitas?, jhon clicks on ¿Qué tipo de servicio solicitas? Lista, jhon enters 'NEVERA 5.3 PIES ALMENDRA' into ¿Cuál es el producto?, jhon clicks on ¿Cuál es el producto? Lista, jhon enters 'BOTA AGUA' into ¿Cuál es el motivo de la reparación?, jhon clicks on ¿Cuál es el motivo de la reparación? Lista, jhon enters 'QA AUTOMOTION' into observaciones, jhon clicks on Rango AM, jhon enters '1.012439364E9' into Rango PM, jhon clicks on Fecha, jhon clicks on Confirmar Fecha seleccionada, jhon clicks on Programar, jhon clicks on Finalizar Orden de servicio, jhon clicks on Heabeas Data, jhon clicks on Seleccionar el tipo de documento, Jhon seleccionar tipo documento, jhon enters '1.012439357E9' into Seleccionar el tipo de documento, jhon enters 'jhon.quinones@infotrack.com.co' into ¿Cuál es tu correo electrónico?, jhon enters 'QA 2' into ¿Cuales son tus apellidos?, jhon enters 'TEST 2' into ¿Cual es tu telefono fijo?, jhon enters '3.000000001E9' into Ingresa tu numero celular, jhon enters '3.000000001E9' into Seleccionar el tipo de documento, jhon clicks on Continuar, jhon enters 'Soacha' into Ciudad, jhon clicks on Lista de ciudades, jhon enters 'Cl 15 # 19 a – 159' into Direccion, jhon clicks on Buscar la dirección, jhon enters 'Armonia IV' into Datos adicionales, jhon clicks on Continuar ubicación servicio, jhon enters 'Reparación' into ¿Qué tipo de servicio solicitas?, jhon clicks on ¿Qué tipo de servicio solicitas? Lista, jhon enters 'CALENTADOR DE PASO 10 LTS. GAS NATURAL' into ¿Cuál es el producto?, jhon clicks on ¿Cuál es el producto? Lista, jhon enters 'BOTA AGUA' into ¿Cuál es el motivo de la reparación?, jhon clicks on ¿Cuál es el motivo de la reparación? Lista, jhon enters 'QA AUTOMOTION' into observaciones, jhon clicks on Rango AM, jhon enters '1.012439357E9' into Rango PM, jhon clicks on Fecha, jhon clicks on Confirmar Fecha seleccionada, jhon clicks on Programar, jhon clicks on Finalizar Orden de servicio, jhon clicks on Heabeas Data, jhon clicks on Seleccionar el tipo de documento, Jhon seleccionar tipo documento, jhon enters '8.300675571E9' into Seleccionar el tipo de documento, jhon enters 'jhon.quinones@infotrack.com.co' into ¿Cuál es tu correo electrónico?, jhon enters 'Test Automotion11' into Ingresa tu nombre, jhon enters '3.000000002E9' into Ingresa tu numero celular, jhon enters '3.000000002E9' into Seleccionar el tipo de documento, jhon clicks on Continuar, jhon enters 'Bogota' into Ciudad, jhon clicks on Lista de ciudades, jhon enters 'Av. Carrera 86 # 55A - 75 Engativá' into Direccion, jhon clicks on Buscar la dirección, jhon enters 'Bogota' into Datos adicionales, jhon clicks on Continuar ubicación servicio, jhon enters 'Garantia' into ¿Qué tipo de servicio solicitas?, jhon clicks on ¿Qué tipo de servicio solicitas? Lista, jhon enters 'ESTUFA A GAS 4 PUESTOS E/E 120V NEGRA' into ¿Cuál es el producto?, jhon clicks on ¿Cuál es el producto? Lista, jhon enters 'AHUMA' into ¿Cuál es el motivo de la reparación?, jhon clicks on ¿Cuál es el motivo de la reparación? Lista, jhon enters 'QA AUTOMOTION' into observaciones, jhon clicks on Rango AM, jhon enters '1.012439358E9' into Rango PM, jhon clicks on Fecha, jhon clicks on Confirmar Fecha seleccionada, jhon clicks on Programar, jhon clicks on Finalizar Orden de servicio, jhon clicks on Heabeas Data, jhon clicks on Seleccionar el tipo de documento, Jhon seleccionar tipo documento, jhon enters '1.012439359E9' into Seleccionar el tipo de documento, jhon enters 'jhon.quinones@infotrack.com.co' into ¿Cuál es tu correo electrónico?, jhon enters 'QA 4' into ¿Cuales son tus apellidos?, jhon enters 'TEST 4' into ¿Cual es tu telefono fijo?, jhon enters '3.000000003E9' into Ingresa tu numero celular, jhon enters '3.000000003E9' into Seleccionar el tipo de documento, jhon clicks on Continuar, jhon enters 'Soacha' into Ciudad, jhon clicks on Lista de ciudades, jhon enters 'Cra. 72C #22A-74, Fontibón' into Direccion, jhon clicks on Buscar la dirección, jhon enters 'Bogota, Cundinamarca' into Datos adicionales, jhon clicks on Continuar ubicación servicio, jhon enters 'Mantenimiento' into ¿Qué tipo de servicio solicitas?, jhon clicks on ¿Qué tipo de servicio solicitas? Lista, jhon enters 'NEVERA 5.3 PIES ALMENDRA' into ¿Cuál es el producto?, jhon clicks on ¿Cuál es el producto? Lista, jhon enters 'NO CONGELA' into ¿Cuál es el motivo de la reparación?, jhon clicks on ¿Cuál es el motivo de la reparación? Lista, jhon enters 'QA AUTOMOTION' into observaciones, jhon clicks on Rango AM, jhon enters '1.012439359E9' into Rango PM, jhon clicks on Fecha, jhon clicks on Confirmar Fecha seleccionada, jhon clicks on Programar, jhon clicks on Finalizar Orden de servicio, jhon clicks on Heabeas Data, jhon clicks on Seleccionar el tipo de documento, Jhon seleccionar tipo documento, jhon enters '1.01243936E9' into Seleccionar el tipo de documento, jhon enters 'jhon.quinones@infotrack.com.co' into ¿Cuál es tu correo electrónico?, jhon enters 'QA 5' into ¿Cuales son tus apellidos?, jhon enters 'TEST 5' into ¿Cual es tu telefono fijo?, jhon enters '3.000000004E9' into Ingresa tu numero celular, jhon enters '3.000000004E9' into Seleccionar el tipo de documento]]
[Test worker] WARN net.thucydides.core.steps.BaseStepListener - stepStarted: net.thucydides.core.steps.ExecutedStepDescription@107ebdad
[Test worker] WARN net.thucydides.core.steps.BaseStepListener - stepFinished: current outcome:Proceso Autogestion - Agendamiento de servicios:Dado el usuario final cuando desee crear o agendar una orden de servicio [Jhon abrir pagina [jhon opens the Object abrir pagina]], Cuando Crea la orden de servicio [Jhon autogestion [jhon clicks on Heabeas Data, jhon clicks on Seleccionar el tipo de documento, Jhon seleccionar tipo documento, jhon enters '8.300675571E9' into Seleccionar el tipo de documento, jhon enters 'jhon.quinones@infotrack.com.co' into ¿Cuál es tu correo electrónico?, jhon enters 'Test Automotion9' into Ingresa tu nombre, jhon enters '3.0E9' into Ingresa tu numero celular, jhon enters '3.0E9' into Seleccionar el tipo de documento, jhon clicks on Continuar, jhon enters 'Bogota' into Ciudad, jhon clicks on Lista de ciudades, jhon enters 'Av. C. 127' into Direccion, jhon clicks on Buscar la dirección, jhon enters 'Norte' into Datos adicionales, jhon clicks on Continuar ubicación servicio, jhon enters 'Garantia' into ¿Qué tipo de servicio solicitas?, jhon clicks on ¿Qué tipo de servicio solicitas? Lista, jhon enters 'NEVERA 5.3 PIES ALMENDRA' into ¿Cuál es el producto?, jhon clicks on ¿Cuál es el producto? Lista, jhon enters 'BOTA AGUA' into ¿Cuál es el motivo de la reparación?, jhon clicks on ¿Cuál es el motivo de la reparación? Lista, jhon enters 'QA AUTOMOTION' into observaciones, jhon clicks on Rango AM, jhon enters '1.012439364E9' into Rango PM, jhon clicks on Fecha, jhon clicks on Confirmar Fecha seleccionada, jhon clicks on Programar, jhon clicks on Finalizar Orden de servicio, jhon clicks on Heabeas Data, jhon clicks on Seleccionar el tipo de documento, Jhon seleccionar tipo documento, jhon enters '1.012439357E9' into Seleccionar el tipo de documento, jhon enters 'jhon.quinones@infotrack.com.co' into ¿Cuál es tu correo electrónico?, jhon enters 'QA 2' into ¿Cuales son tus apellidos?, jhon enters 'TEST 2' into ¿Cual es tu telefono fijo?, jhon enters '3.000000001E9' into Ingresa tu numero celular, jhon enters '3.000000001E9' into Seleccionar el tipo de documento, jhon clicks on Continuar, jhon enters 'Soacha' into Ciudad, jhon clicks on Lista de ciudades, jhon enters 'Cl 15 # 19 a – 159' into Direccion, jhon clicks on Buscar la dirección, jhon enters 'Armonia IV' into Datos adicionales, jhon clicks on Continuar ubicación servicio, jhon enters 'Reparación' into ¿Qué tipo de servicio solicitas?, jhon clicks on ¿Qué tipo de servicio solicitas? Lista, jhon enters 'CALENTADOR DE PASO 10 LTS. GAS NATURAL' into ¿Cuál es el producto?, jhon clicks on ¿Cuál es el producto? Lista, jhon enters 'BOTA AGUA' into ¿Cuál es el motivo de la reparación?, jhon clicks on ¿Cuál es el motivo de la reparación? Lista, jhon enters 'QA AUTOMOTION' into observaciones, jhon clicks on Rango AM, jhon enters '1.012439357E9' into Rango PM, jhon clicks on Fecha, jhon clicks on Confirmar Fecha seleccionada, jhon clicks on Programar, jhon clicks on Finalizar Orden de servicio, jhon clicks on Heabeas Data, jhon clicks on Seleccionar el tipo de documento, Jhon seleccionar tipo documento, jhon enters '8.300675571E9' into Seleccionar el tipo de documento, jhon enters 'jhon.quinones@infotrack.com.co' into ¿Cuál es tu correo electrónico?, jhon enters 'Test Automotion11' into Ingresa tu nombre, jhon enters '3.000000002E9' into Ingresa tu numero celular, jhon enters '3.000000002E9' into Seleccionar el tipo de documento, jhon clicks on Continuar, jhon enters 'Bogota' into Ciudad, jhon clicks on Lista de ciudades, jhon enters 'Av. Carrera 86 # 55A - 75 Engativá' into Direccion, jhon clicks on Buscar la dirección, jhon enters 'Bogota' into Datos adicionales, jhon clicks on Continuar ubicación servicio, jhon enters 'Garantia' into ¿Qué tipo de servicio solicitas?, jhon clicks on ¿Qué tipo de servicio solicitas? Lista, jhon enters 'ESTUFA A GAS 4 PUESTOS E/E 120V NEGRA' into ¿Cuál es el producto?, jhon clicks on ¿Cuál es el producto? Lista, jhon enters 'AHUMA' into ¿Cuál es el motivo de la reparación?, jhon clicks on ¿Cuál es el motivo de la reparación? Lista, jhon enters 'QA AUTOMOTION' into observaciones, jhon clicks on Rango AM, jhon enters '1.012439358E9' into Rango PM, jhon clicks on Fecha, jhon clicks on Confirmar Fecha seleccionada, jhon clicks on Programar, jhon clicks on Finalizar Orden de servicio, jhon clicks on Heabeas Data, jhon clicks on Seleccionar el tipo de documento, Jhon seleccionar tipo documento, jhon enters '1.012439359E9' into Seleccionar el tipo de documento, jhon enters 'jhon.quinones@infotrack.com.co' into ¿Cuál es tu correo electrónico?, jhon enters 'QA 4' into ¿Cuales son tus apellidos?, jhon enters 'TEST 4' into ¿Cual es tu telefono fijo?, jhon enters '3.000000003E9' into Ingresa tu numero celular, jhon enters '3.000000003E9' into Seleccionar el tipo de documento, jhon clicks on Continuar, jhon enters 'Soacha' into Ciudad, jhon clicks on Lista de ciudades, jhon enters 'Cra. 72C #22A-74, Fontibón' into Direccion, jhon clicks on Buscar la dirección, jhon enters 'Bogota, Cundinamarca' into Datos adicionales, jhon clicks on Continuar ubicación servicio, jhon enters 'Mantenimiento' into ¿Qué tipo de servicio solicitas?, jhon clicks on ¿Qué tipo de servicio solicitas? Lista, jhon enters 'NEVERA 5.3 PIES ALMENDRA' into ¿Cuál es el producto?, jhon clicks on ¿Cuál es el producto? Lista, jhon enters 'NO CONGELA' into ¿Cuál es el motivo de la reparación?, jhon clicks on ¿Cuál es el motivo de la reparación? Lista, jhon enters 'QA AUTOMOTION' into observaciones, jhon clicks on Rango AM, jhon enters '1.012439359E9' into Rango PM, jhon clicks on Fecha, jhon clicks on Confirmar Fecha seleccionada, jhon clicks on Programar, jhon clicks on Finalizar Orden de servicio, jhon clicks on Heabeas Data, jhon clicks on Seleccionar el tipo de documento, Jhon seleccionar tipo documento, jhon enters '1.01243936E9' into Seleccionar el tipo de documento, jhon enters 'jhon.quinones@infotrack.com.co' into ¿Cuál es tu correo electrónico?, jhon enters 'QA 5' into ¿Cuales son tus apellidos?, jhon enters 'TEST 5' into ¿Cual es tu telefono fijo?, jhon enters '3.000000004E9' into Ingresa tu numero celular, jhon enters '3.000000004E9' into Seleccionar el tipo de documento, jhon clicks on Continuar]]
[Test worker] WARN net.thucydides.core.steps.BaseStepListener - stepStarted: net.thucydides.core.steps.ExecutedStepDescription@1e7113f8
[Test worker] WARN net.thucydides.core.steps.BaseStepListener - stepFinished: current outcome:Proceso Autogestion - Agendamiento de servicios:Dado el usuario final cuando desee crear o agendar una orden de servicio [Jhon abrir pagina [jhon opens the Object abrir pagina]], Cuando Crea la orden de servicio [Jhon autogestion [jhon clicks on Heabeas Data, jhon clicks on Seleccionar el tipo de documento, Jhon seleccionar tipo documento, jhon enters '8.300675571E9' into Seleccionar el tipo de documento, jhon enters 'jhon.quinones@infotrack.com.co' into ¿Cuál es tu correo electrónico?, jhon enters 'Test Automotion9' into Ingresa tu nombre, jhon enters '3.0E9' into Ingresa tu numero celular, jhon enters '3.0E9' into Seleccionar el tipo de documento, jhon clicks on Continuar, jhon enters 'Bogota' into Ciudad, jhon clicks on Lista de ciudades, jhon enters 'Av. C. 127' into Direccion, jhon clicks on Buscar la dirección, jhon enters 'Norte' into Datos adicionales, jhon clicks on Continuar ubicación servicio, jhon enters 'Garantia' into ¿Qué tipo de servicio solicitas?, jhon clicks on ¿Qué tipo de servicio solicitas? Lista, jhon enters 'NEVERA 5.3 PIES ALMENDRA' into ¿Cuál es el producto?, jhon clicks on ¿Cuál es el producto? Lista, jhon enters 'BOTA AGUA' into ¿Cuál es el motivo de la reparación?, jhon clicks on ¿Cuál es el motivo de la reparación? Lista, jhon enters 'QA AUTOMOTION' into observaciones, jhon clicks on Rango AM, jhon enters '1.012439364E9' into Rango PM, jhon clicks on Fecha, jhon clicks on Confirmar Fecha seleccionada, jhon clicks on Programar, jhon clicks on Finalizar Orden de servicio, jhon clicks on Heabeas Data, jhon clicks on Seleccionar el tipo de documento, Jhon seleccionar tipo documento, jhon enters '1.012439357E9' into Seleccionar el tipo de documento, jhon enters 'jhon.quinones@infotrack.com.co' into ¿Cuál es tu correo electrónico?, jhon enters 'QA 2' into ¿Cuales son tus apellidos?, jhon enters 'TEST 2' into ¿Cual es tu telefono fijo?, jhon enters '3.000000001E9' into Ingresa tu numero celular, jhon enters '3.000000001E9' into Seleccionar el tipo de documento, jhon clicks on Continuar, jhon enters 'Soacha' into Ciudad, jhon clicks on Lista de ciudades, jhon enters 'Cl 15 # 19 a – 159' into Direccion, jhon clicks on Buscar la dirección, jhon enters 'Armonia IV' into Datos adicionales, jhon clicks on Continuar ubicación servicio, jhon enters 'Reparación' into ¿Qué tipo de servicio solicitas?, jhon clicks on ¿Qué tipo de servicio solicitas? Lista, jhon enters 'CALENTADOR DE PASO 10 LTS. GAS NATURAL' into ¿Cuál es el producto?, jhon clicks on ¿Cuál es el producto? Lista, jhon enters 'BOTA AGUA' into ¿Cuál es el motivo de la reparación?, jhon clicks on ¿Cuál es el motivo de la reparación? Lista, jhon enters 'QA AUTOMOTION' into observaciones, jhon clicks on Rango AM, jhon enters '1.012439357E9' into Rango PM, jhon clicks on Fecha, jhon clicks on Confirmar Fecha seleccionada, jhon clicks on Programar, jhon clicks on Finalizar Orden de servicio, jhon clicks on Heabeas Data, jhon clicks on Seleccionar el tipo de documento, Jhon seleccionar tipo documento, jhon enters '8.300675571E9' into Seleccionar el tipo de documento, jhon enters 'jhon.quinones@infotrack.com.co' into ¿Cuál es tu correo electrónico?, jhon enters 'Test Automotion11' into Ingresa tu nombre, jhon enters '3.000000002E9' into Ingresa tu numero celular, jhon enters '3.000000002E9' into Seleccionar el tipo de documento, jhon clicks on Continuar, jhon enters 'Bogota' into Ciudad, jhon clicks on Lista de ciudades, jhon enters 'Av. Carrera 86 # 55A - 75 Engativá' into Direccion, jhon clicks on Buscar la dirección, jhon enters 'Bogota' into Datos adicionales, jhon clicks on Continuar ubicación servicio, jhon enters 'Garantia' into ¿Qué tipo de servicio solicitas?, jhon clicks on ¿Qué tipo de servicio solicitas? Lista, jhon enters 'ESTUFA A GAS 4 PUESTOS E/E 120V NEGRA' into ¿Cuál es el producto?, jhon clicks on ¿Cuál es el producto? Lista, jhon enters 'AHUMA' into ¿Cuál es el motivo de la reparación?, jhon clicks on ¿Cuál es el motivo de la reparación? Lista, jhon enters 'QA AUTOMOTION' into observaciones, jhon clicks on Rango AM, jhon enters '1.012439358E9' into Rango PM, jhon clicks on Fecha, jhon clicks on Confirmar Fecha seleccionada, jhon clicks on Programar, jhon clicks on Finalizar Orden de servicio, jhon clicks on Heabeas Data, jhon clicks on Seleccionar el tipo de documento, Jhon seleccionar tipo documento, jhon enters '1.012439359E9' into Seleccionar el tipo de documento, jhon enters 'jhon.quinones@infotrack.com.co' into ¿Cuál es tu correo electrónico?, jhon enters 'QA 4' into ¿Cuales son tus apellidos?, jhon enters 'TEST 4' into ¿Cual es tu telefono fijo?, jhon enters '3.000000003E9' into Ingresa tu numero celular, jhon enters '3.000000003E9' into Seleccionar el tipo de documento, jhon clicks on Continuar, jhon enters 'Soacha' into Ciudad, jhon clicks on Lista de ciudades, jhon enters 'Cra. 72C #22A-74, Fontibón' into Direccion, jhon clicks on Buscar la dirección, jhon enters 'Bogota, Cundinamarca' into Datos adicionales, jhon clicks on Continuar ubicación servicio, jhon enters 'Mantenimiento' into ¿Qué tipo de servicio solicitas?, jhon clicks on ¿Qué tipo de servicio solicitas? Lista, jhon enters 'NEVERA 5.3 PIES ALMENDRA' into ¿Cuál es el producto?, jhon clicks on ¿Cuál es el producto? Lista, jhon enters 'NO CONGELA' into ¿Cuál es el motivo de la reparación?, jhon clicks on ¿Cuál es el motivo de la reparación? Lista, jhon enters 'QA AUTOMOTION' into observaciones, jhon clicks on Rango AM, jhon enters '1.012439359E9' into Rango PM, jhon clicks on Fecha, jhon clicks on Confirmar Fecha seleccionada, jhon clicks on Programar, jhon clicks on Finalizar Orden de servicio, jhon clicks on Heabeas Data, jhon clicks on Seleccionar el tipo de documento, Jhon seleccionar tipo documento, jhon enters '1.01243936E9' into Seleccionar el tipo de documento, jhon enters 'jhon.quinones@infotrack.com.co' into ¿Cuál es tu correo electrónico?, jhon enters 'QA 5' into ¿Cuales son tus apellidos?, jhon enters 'TEST 5' into ¿Cual es tu telefono fijo?, jhon enters '3.000000004E9' into Ingresa tu numero celular, jhon enters '3.000000004E9' into Seleccionar el tipo de documento, jhon clicks on Continuar, jhon enters 'Bogota' into Ciudad]]
[Test worker] WARN net.thucydides.core.steps.BaseStepListener - stepStarted: net.thucydides.core.steps.ExecutedStepDescription@1b26fac2
[Test worker] WARN net.thucydides.core.steps.BaseStepListener - stepFinished: current outcome:Proceso Autogestion - Agendamiento de servicios:Dado el usuario final cuando desee crear o agendar una orden de servicio [Jhon abrir pagina [jhon opens the Object abrir pagina]], Cuando Crea la orden de servicio [Jhon autogestion [jhon clicks on Heabeas Data, jhon clicks on Seleccionar el tipo de documento, Jhon seleccionar tipo documento, jhon enters '8.300675571E9' into Seleccionar el tipo de documento, jhon enters 'jhon.quinones@infotrack.com.co' into ¿Cuál es tu correo electrónico?, jhon enters 'Test Automotion9' into Ingresa tu nombre, jhon enters '3.0E9' into Ingresa tu numero celular, jhon enters '3.0E9' into Seleccionar el tipo de documento, jhon clicks on Continuar, jhon enters 'Bogota' into Ciudad, jhon clicks on Lista de ciudades, jhon enters 'Av. C. 127' into Direccion, jhon clicks on Buscar la dirección, jhon enters 'Norte' into Datos adicionales, jhon clicks on Continuar ubicación servicio, jhon enters 'Garantia' into ¿Qué tipo de servicio solicitas?, jhon clicks on ¿Qué tipo de servicio solicitas? Lista, jhon enters 'NEVERA 5.3 PIES ALMENDRA' into ¿Cuál es el producto?, jhon clicks on ¿Cuál es el producto? Lista, jhon enters 'BOTA AGUA' into ¿Cuál es el motivo de la reparación?, jhon clicks on ¿Cuál es el motivo de la reparación? Lista, jhon enters 'QA AUTOMOTION' into observaciones, jhon clicks on Rango AM, jhon enters '1.012439364E9' into Rango PM, jhon clicks on Fecha, jhon clicks on Confirmar Fecha seleccionada, jhon clicks on Programar, jhon clicks on Finalizar Orden de servicio, jhon clicks on Heabeas Data, jhon clicks on Seleccionar el tipo de documento, Jhon seleccionar tipo documento, jhon enters '1.012439357E9' into Seleccionar el tipo de documento, jhon enters 'jhon.quinones@infotrack.com.co' into ¿Cuál es tu correo electrónico?, jhon enters 'QA 2' into ¿Cuales son tus apellidos?, jhon enters 'TEST 2' into ¿Cual es tu telefono fijo?, jhon enters '3.000000001E9' into Ingresa tu numero celular, jhon enters '3.000000001E9' into Seleccionar el tipo de documento, jhon clicks on Continuar, jhon enters 'Soacha' into Ciudad, jhon clicks on Lista de ciudades, jhon enters 'Cl 15 # 19 a – 159' into Direccion, jhon clicks on Buscar la dirección, jhon enters 'Armonia IV' into Datos adicionales, jhon clicks on Continuar ubicación servicio, jhon enters 'Reparación' into ¿Qué tipo de servicio solicitas?, jhon clicks on ¿Qué tipo de servicio solicitas? Lista, jhon enters 'CALENTADOR DE PASO 10 LTS. GAS NATURAL' into ¿Cuál es el producto?, jhon clicks on ¿Cuál es el producto? Lista, jhon enters 'BOTA AGUA' into ¿Cuál es el motivo de la reparación?, jhon clicks on ¿Cuál es el motivo de la reparación? Lista, jhon enters 'QA AUTOMOTION' into observaciones, jhon clicks on Rango AM, jhon enters '1.012439357E9' into Rango PM, jhon clicks on Fecha, jhon clicks on Confirmar Fecha seleccionada, jhon clicks on Programar, jhon clicks on Finalizar Orden de servicio, jhon clicks on Heabeas Data, jhon clicks on Seleccionar el tipo de documento, Jhon seleccionar tipo documento, jhon enters '8.300675571E9' into Seleccionar el tipo de documento, jhon enters 'jhon.quinones@infotrack.com.co' into ¿Cuál es tu correo electrónico?, jhon enters 'Test Automotion11' into Ingresa tu nombre, jhon enters '3.000000002E9' into Ingresa tu numero celular, jhon enters '3.000000002E9' into Seleccionar el tipo de documento, jhon clicks on Continuar, jhon enters 'Bogota' into Ciudad, jhon clicks on Lista de ciudades, jhon enters 'Av. Carrera 86 # 55A - 75 Engativá' into Direccion, jhon clicks on Buscar la dirección, jhon enters 'Bogota' into Datos adicionales, jhon clicks on Continuar ubicación servicio, jhon enters 'Garantia' into ¿Qué tipo de servicio solicitas?, jhon clicks on ¿Qué tipo de servicio solicitas? Lista, jhon enters 'ESTUFA A GAS 4 PUESTOS E/E 120V NEGRA' into ¿Cuál es el producto?, jhon clicks on ¿Cuál es el producto? Lista, jhon enters 'AHUMA' into ¿Cuál es el motivo de la reparación?, jhon clicks on ¿Cuál es el motivo de la reparación? Lista, jhon enters 'QA AUTOMOTION' into observaciones, jhon clicks on Rango AM, jhon enters '1.012439358E9' into Rango PM, jhon clicks on Fecha, jhon clicks on Confirmar Fecha seleccionada, jhon clicks on Programar, jhon clicks on Finalizar Orden de servicio, jhon clicks on Heabeas Data, jhon clicks on Seleccionar el tipo de documento, Jhon seleccionar tipo documento, jhon enters '1.012439359E9' into Seleccionar el tipo de documento, jhon enters 'jhon.quinones@infotrack.com.co' into ¿Cuál es tu correo electrónico?, jhon enters 'QA 4' into ¿Cuales son tus apellidos?, jhon enters 'TEST 4' into ¿Cual es tu telefono fijo?, jhon enters '3.000000003E9' into Ingresa tu numero celular, jhon enters '3.000000003E9' into Seleccionar el tipo de documento, jhon clicks on Continuar, jhon enters 'Soacha' into Ciudad, jhon clicks on Lista de ciudades, jhon enters 'Cra. 72C #22A-74, Fontibón' into Direccion, jhon clicks on Buscar la dirección, jhon enters 'Bogota, Cundinamarca' into Datos adicionales, jhon clicks on Continuar ubicación servicio, jhon enters 'Mantenimiento' into ¿Qué tipo de servicio solicitas?, jhon clicks on ¿Qué tipo de servicio solicitas? Lista, jhon enters 'NEVERA 5.3 PIES ALMENDRA' into ¿Cuál es el producto?, jhon clicks on ¿Cuál es el producto? Lista, jhon enters 'NO CONGELA' into ¿Cuál es el motivo de la reparación?, jhon clicks on ¿Cuál es el motivo de la reparación? Lista, jhon enters 'QA AUTOMOTION' into observaciones, jhon clicks on Rango AM, jhon enters '1.012439359E9' into Rango PM, jhon clicks on Fecha, jhon clicks on Confirmar Fecha seleccionada, jhon clicks on Programar, jhon clicks on Finalizar Orden de servicio, jhon clicks on Heabeas Data, jhon clicks on Seleccionar el tipo de documento, Jhon seleccionar tipo documento, jhon enters '1.01243936E9' into Seleccionar el tipo de documento, jhon enters 'jhon.quinones@infotrack.com.co' into ¿Cuál es tu correo electrónico?, jhon enters 'QA 5' into ¿Cuales son tus apellidos?, jhon enters 'TEST 5' into ¿Cual es tu telefono fijo?, jhon enters '3.000000004E9' into Ingresa tu numero celular, jhon enters '3.000000004E9' into Seleccionar el tipo de documento, jhon clicks on Continuar, jhon enters 'Bogota' into Ciudad, jhon clicks on Lista de ciudades]]
[Test worker] WARN net.thucydides.core.steps.BaseStepListener - stepStarted: net.thucydides.core.steps.ExecutedStepDescription@627d5f99
[Test worker] WARN net.thucydides.core.steps.BaseStepListener - stepFinished: current outcome:Proceso Autogestion - Agendamiento de servicios:Dado el usuario final cuando desee crear o agendar una orden de servicio [Jhon abrir pagina [jhon opens the Object abrir pagina]], Cuando Crea la orden de servicio [Jhon autogestion [jhon clicks on Heabeas Data, jhon clicks on Seleccionar el tipo de documento, Jhon seleccionar tipo documento, jhon enters '8.300675571E9' into Seleccionar el tipo de documento, jhon enters 'jhon.quinones@infotrack.com.co' into ¿Cuál es tu correo electrónico?, jhon enters 'Test Automotion9' into Ingresa tu nombre, jhon enters '3.0E9' into Ingresa tu numero celular, jhon enters '3.0E9' into Seleccionar el tipo de documento, jhon clicks on Continuar, jhon enters 'Bogota' into Ciudad, jhon clicks on Lista de ciudades, jhon enters 'Av. C. 127' into Direccion, jhon clicks on Buscar la dirección, jhon enters 'Norte' into Datos adicionales, jhon clicks on Continuar ubicación servicio, jhon enters 'Garantia' into ¿Qué tipo de servicio solicitas?, jhon clicks on ¿Qué tipo de servicio solicitas? Lista, jhon enters 'NEVERA 5.3 PIES ALMENDRA' into ¿Cuál es el producto?, jhon clicks on ¿Cuál es el producto? Lista, jhon enters 'BOTA AGUA' into ¿Cuál es el motivo de la reparación?, jhon clicks on ¿Cuál es el motivo de la reparación? Lista, jhon enters 'QA AUTOMOTION' into observaciones, jhon clicks on Rango AM, jhon enters '1.012439364E9' into Rango PM, jhon clicks on Fecha, jhon clicks on Confirmar Fecha seleccionada, jhon clicks on Programar, jhon clicks on Finalizar Orden de servicio, jhon clicks on Heabeas Data, jhon clicks on Seleccionar el tipo de documento, Jhon seleccionar tipo documento, jhon enters '1.012439357E9' into Seleccionar el tipo de documento, jhon enters 'jhon.quinones@infotrack.com.co' into ¿Cuál es tu correo electrónico?, jhon enters 'QA 2' into ¿Cuales son tus apellidos?, jhon enters 'TEST 2' into ¿Cual es tu telefono fijo?, jhon enters '3.000000001E9' into Ingresa tu numero celular, jhon enters '3.000000001E9' into Seleccionar el tipo de documento, jhon clicks on Continuar, jhon enters 'Soacha' into Ciudad, jhon clicks on Lista de ciudades, jhon enters 'Cl 15 # 19 a – 159' into Direccion, jhon clicks on Buscar la dirección, jhon enters 'Armonia IV' into Datos adicionales, jhon clicks on Continuar ubicación servicio, jhon enters 'Reparación' into ¿Qué tipo de servicio solicitas?, jhon clicks on ¿Qué tipo de servicio solicitas? Lista, jhon enters 'CALENTADOR DE PASO 10 LTS. GAS NATURAL' into ¿Cuál es el producto?, jhon clicks on ¿Cuál es el producto? Lista, jhon enters 'BOTA AGUA' into ¿Cuál es el motivo de la reparación?, jhon clicks on ¿Cuál es el motivo de la reparación? Lista, jhon enters 'QA AUTOMOTION' into observaciones, jhon clicks on Rango AM, jhon enters '1.012439357E9' into Rango PM, jhon clicks on Fecha, jhon clicks on Confirmar Fecha seleccionada, jhon clicks on Programar, jhon clicks on Finalizar Orden de servicio, jhon clicks on Heabeas Data, jhon clicks on Seleccionar el tipo de documento, Jhon seleccionar tipo documento, jhon enters '8.300675571E9' into Seleccionar el tipo de documento, jhon enters 'jhon.quinones@infotrack.com.co' into ¿Cuál es tu correo electrónico?, jhon enters 'Test Automotion11' into Ingresa tu nombre, jhon enters '3.000000002E9' into Ingresa tu numero celular, jhon enters '3.000000002E9' into Seleccionar el tipo de documento, jhon clicks on Continuar, jhon enters 'Bogota' into Ciudad, jhon clicks on Lista de ciudades, jhon enters 'Av. Carrera 86 # 55A - 75 Engativá' into Direccion, jhon clicks on Buscar la dirección, jhon enters 'Bogota' into Datos adicionales, jhon clicks on Continuar ubicación servicio, jhon enters 'Garantia' into ¿Qué tipo de servicio solicitas?, jhon clicks on ¿Qué tipo de servicio solicitas? Lista, jhon enters 'ESTUFA A GAS 4 PUESTOS E/E 120V NEGRA' into ¿Cuál es el producto?, jhon clicks on ¿Cuál es el producto? Lista, jhon enters 'AHUMA' into ¿Cuál es el motivo de la reparación?, jhon clicks on ¿Cuál es el motivo de la reparación? Lista, jhon enters 'QA AUTOMOTION' into observaciones, jhon clicks on Rango AM, jhon enters '1.012439358E9' into Rango PM, jhon clicks on Fecha, jhon clicks on Confirmar Fecha seleccionada, jhon clicks on Programar, jhon clicks on Finalizar Orden de servicio, jhon clicks on Heabeas Data, jhon clicks on Seleccionar el tipo de documento, Jhon seleccionar tipo documento, jhon enters '1.012439359E9' into Seleccionar el tipo de documento, jhon enters 'jhon.quinones@infotrack.com.co' into ¿Cuál es tu correo electrónico?, jhon enters 'QA 4' into ¿Cuales son tus apellidos?, jhon enters 'TEST 4' into ¿Cual es tu telefono fijo?, jhon enters '3.000000003E9' into Ingresa tu numero celular, jhon enters '3.000000003E9' into Seleccionar el tipo de documento, jhon clicks on Continuar, jhon enters 'Soacha' into Ciudad, jhon clicks on Lista de ciudades, jhon enters 'Cra. 72C #22A-74, Fontibón' into Direccion, jhon clicks on Buscar la dirección, jhon enters 'Bogota, Cundinamarca' into Datos adicionales, jhon clicks on Continuar ubicación servicio, jhon enters 'Mantenimiento' into ¿Qué tipo de servicio solicitas?, jhon clicks on ¿Qué tipo de servicio solicitas? Lista, jhon enters 'NEVERA 5.3 PIES ALMENDRA' into ¿Cuál es el producto?, jhon clicks on ¿Cuál es el producto? Lista, jhon enters 'NO CONGELA' into ¿Cuál es el motivo de la reparación?, jhon clicks on ¿Cuál es el motivo de la reparación? Lista, jhon enters 'QA AUTOMOTION' into observaciones, jhon clicks on Rango AM, jhon enters '1.012439359E9' into Rango PM, jhon clicks on Fecha, jhon clicks on Confirmar Fecha seleccionada, jhon clicks on Programar, jhon clicks on Finalizar Orden de servicio, jhon clicks on Heabeas Data, jhon clicks on Seleccionar el tipo de documento, Jhon seleccionar tipo documento, jhon enters '1.01243936E9' into Seleccionar el tipo de documento, jhon enters 'jhon.quinones@infotrack.com.co' into ¿Cuál es tu correo electrónico?, jhon enters 'QA 5' into ¿Cuales son tus apellidos?, jhon enters 'TEST 5' into ¿Cual es tu telefono fijo?, jhon enters '3.000000004E9' into Ingresa tu numero celular, jhon enters '3.000000004E9' into Seleccionar el tipo de documento, jhon clicks on Continuar, jhon enters 'Bogota' into Ciudad, jhon clicks on Lista de ciudades, jhon enters 'Av. C. 130' into Direccion]]
[Test worker] WARN net.thucydides.core.steps.BaseStepListener - stepStarted: net.thucydides.core.steps.ExecutedStepDescription@4be3de36
[Test worker] WARN net.thucydides.core.steps.BaseStepListener - stepFinished: current outcome:Proceso Autogestion - Agendamiento de servicios:Dado el usuario final cuando desee crear o agendar una orden de servicio [Jhon abrir pagina [jhon opens the Object abrir pagina]], Cuando Crea la orden de servicio [Jhon autogestion [jhon clicks on Heabeas Data, jhon clicks on Seleccionar el tipo de documento, Jhon seleccionar tipo documento, jhon enters '8.300675571E9' into Seleccionar el tipo de documento, jhon enters 'jhon.quinones@infotrack.com.co' into ¿Cuál es tu correo electrónico?, jhon enters 'Test Automotion9' into Ingresa tu nombre, jhon enters '3.0E9' into Ingresa tu numero celular, jhon enters '3.0E9' into Seleccionar el tipo de documento, jhon clicks on Continuar, jhon enters 'Bogota' into Ciudad, jhon clicks on Lista de ciudades, jhon enters 'Av. C. 127' into Direccion, jhon clicks on Buscar la dirección, jhon enters 'Norte' into Datos adicionales, jhon clicks on Continuar ubicación servicio, jhon enters 'Garantia' into ¿Qué tipo de servicio solicitas?, jhon clicks on ¿Qué tipo de servicio solicitas? Lista, jhon enters 'NEVERA 5.3 PIES ALMENDRA' into ¿Cuál es el producto?, jhon clicks on ¿Cuál es el producto? Lista, jhon enters 'BOTA AGUA' into ¿Cuál es el motivo de la reparación?, jhon clicks on ¿Cuál es el motivo de la reparación? Lista, jhon enters 'QA AUTOMOTION' into observaciones, jhon clicks on Rango AM, jhon enters '1.012439364E9' into Rango PM, jhon clicks on Fecha, jhon clicks on Confirmar Fecha seleccionada, jhon clicks on Programar, jhon clicks on Finalizar Orden de servicio, jhon clicks on Heabeas Data, jhon clicks on Seleccionar el tipo de documento, Jhon seleccionar tipo documento, jhon enters '1.012439357E9' into Seleccionar el tipo de documento, jhon enters 'jhon.quinones@infotrack.com.co' into ¿Cuál es tu correo electrónico?, jhon enters 'QA 2' into ¿Cuales son tus apellidos?, jhon enters 'TEST 2' into ¿Cual es tu telefono fijo?, jhon enters '3.000000001E9' into Ingresa tu numero celular, jhon enters '3.000000001E9' into Seleccionar el tipo de documento, jhon clicks on Continuar, jhon enters 'Soacha' into Ciudad, jhon clicks on Lista de ciudades, jhon enters 'Cl 15 # 19 a – 159' into Direccion, jhon clicks on Buscar la dirección, jhon enters 'Armonia IV' into Datos adicionales, jhon clicks on Continuar ubicación servicio, jhon enters 'Reparación' into ¿Qué tipo de servicio solicitas?, jhon clicks on ¿Qué tipo de servicio solicitas? Lista, jhon enters 'CALENTADOR DE PASO 10 LTS. GAS NATURAL' into ¿Cuál es el producto?, jhon clicks on ¿Cuál es el producto? Lista, jhon enters 'BOTA AGUA' into ¿Cuál es el motivo de la reparación?, jhon clicks on ¿Cuál es el motivo de la reparación? Lista, jhon enters 'QA AUTOMOTION' into observaciones, jhon clicks on Rango AM, jhon enters '1.012439357E9' into Rango PM, jhon clicks on Fecha, jhon clicks on Confirmar Fecha seleccionada, jhon clicks on Programar, jhon clicks on Finalizar Orden de servicio, jhon clicks on Heabeas Data, jhon clicks on Seleccionar el tipo de documento, Jhon seleccionar tipo documento, jhon enters '8.300675571E9' into Seleccionar el tipo de documento, jhon enters 'jhon.quinones@infotrack.com.co' into ¿Cuál es tu correo electrónico?, jhon enters 'Test Automotion11' into Ingresa tu nombre, jhon enters '3.000000002E9' into Ingresa tu numero celular, jhon enters '3.000000002E9' into Seleccionar el tipo de documento, jhon clicks on Continuar, jhon enters 'Bogota' into Ciudad, jhon clicks on Lista de ciudades, jhon enters 'Av. Carrera 86 # 55A - 75 Engativá' into Direccion, jhon clicks on Buscar la dirección, jhon enters 'Bogota' into Datos adicionales, jhon clicks on Continuar ubicación servicio, jhon enters 'Garantia' into ¿Qué tipo de servicio solicitas?, jhon clicks on ¿Qué tipo de servicio solicitas? Lista, jhon enters 'ESTUFA A GAS 4 PUESTOS E/E 120V NEGRA' into ¿Cuál es el producto?, jhon clicks on ¿Cuál es el producto? Lista, jhon enters 'AHUMA' into ¿Cuál es el motivo de la reparación?, jhon clicks on ¿Cuál es el motivo de la reparación? Lista, jhon enters 'QA AUTOMOTION' into observaciones, jhon clicks on Rango AM, jhon enters '1.012439358E9' into Rango PM, jhon clicks on Fecha, jhon clicks on Confirmar Fecha seleccionada, jhon clicks on Programar, jhon clicks on Finalizar Orden de servicio, jhon clicks on Heabeas Data, jhon clicks on Seleccionar el tipo de documento, Jhon seleccionar tipo documento, jhon enters '1.012439359E9' into Seleccionar el tipo de documento, jhon enters 'jhon.quinones@infotrack.com.co' into ¿Cuál es tu correo electrónico?, jhon enters 'QA 4' into ¿Cuales son tus apellidos?, jhon enters 'TEST 4' into ¿Cual es tu telefono fijo?, jhon enters '3.000000003E9' into Ingresa tu numero celular, jhon enters '3.000000003E9' into Seleccionar el tipo de documento, jhon clicks on Continuar, jhon enters 'Soacha' into Ciudad, jhon clicks on Lista de ciudades, jhon enters 'Cra. 72C #22A-74, Fontibón' into Direccion, jhon clicks on Buscar la dirección, jhon enters 'Bogota, Cundinamarca' into Datos adicionales, jhon clicks on Continuar ubicación servicio, jhon enters 'Mantenimiento' into ¿Qué tipo de servicio solicitas?, jhon clicks on ¿Qué tipo de servicio solicitas? Lista, jhon enters 'NEVERA 5.3 PIES ALMENDRA' into ¿Cuál es el producto?, jhon clicks on ¿Cuál es el producto? Lista, jhon enters 'NO CONGELA' into ¿Cuál es el motivo de la reparación?, jhon clicks on ¿Cuál es el motivo de la reparación? Lista, jhon enters 'QA AUTOMOTION' into observaciones, jhon clicks on Rango AM, jhon enters '1.012439359E9' into Rango PM, jhon clicks on Fecha, jhon clicks on Confirmar Fecha seleccionada, jhon clicks on Programar, jhon clicks on Finalizar Orden de servicio, jhon clicks on Heabeas Data, jhon clicks on Seleccionar el tipo de documento, Jhon seleccionar tipo documento, jhon enters '1.01243936E9' into Seleccionar el tipo de documento, jhon enters 'jhon.quinones@infotrack.com.co' into ¿Cuál es tu correo electrónico?, jhon enters 'QA 5' into ¿Cuales son tus apellidos?, jhon enters 'TEST 5' into ¿Cual es tu telefono fijo?, jhon enters '3.000000004E9' into Ingresa tu numero celular, jhon enters '3.000000004E9' into Seleccionar el tipo de documento, jhon clicks on Continuar, jhon enters 'Bogota' into Ciudad, jhon clicks on Lista de ciudades, jhon enters 'Av. C. 130' into Direccion, jhon clicks on Buscar la dirección]]
[Test worker] WARN net.thucydides.core.steps.BaseStepListener - stepStarted: net.thucydides.core.steps.ExecutedStepDescription@2d758472
[Test worker] WARN net.thucydides.core.steps.BaseStepListener - stepFinished: current outcome:Proceso Autogestion - Agendamiento de servicios:Dado el usuario final cuando desee crear o agendar una orden de servicio [Jhon abrir pagina [jhon opens the Object abrir pagina]], Cuando Crea la orden de servicio [Jhon autogestion [jhon clicks on Heabeas Data, jhon clicks on Seleccionar el tipo de documento, Jhon seleccionar tipo documento, jhon enters '8.300675571E9' into Seleccionar el tipo de documento, jhon enters 'jhon.quinones@infotrack.com.co' into ¿Cuál es tu correo electrónico?, jhon enters 'Test Automotion9' into Ingresa tu nombre, jhon enters '3.0E9' into Ingresa tu numero celular, jhon enters '3.0E9' into Seleccionar el tipo de documento, jhon clicks on Continuar, jhon enters 'Bogota' into Ciudad, jhon clicks on Lista de ciudades, jhon enters 'Av. C. 127' into Direccion, jhon clicks on Buscar la dirección, jhon enters 'Norte' into Datos adicionales, jhon clicks on Continuar ubicación servicio, jhon enters 'Garantia' into ¿Qué tipo de servicio solicitas?, jhon clicks on ¿Qué tipo de servicio solicitas? Lista, jhon enters 'NEVERA 5.3 PIES ALMENDRA' into ¿Cuál es el producto?, jhon clicks on ¿Cuál es el producto? Lista, jhon enters 'BOTA AGUA' into ¿Cuál es el motivo de la reparación?, jhon clicks on ¿Cuál es el motivo de la reparación? Lista, jhon enters 'QA AUTOMOTION' into observaciones, jhon clicks on Rango AM, jhon enters '1.012439364E9' into Rango PM, jhon clicks on Fecha, jhon clicks on Confirmar Fecha seleccionada, jhon clicks on Programar, jhon clicks on Finalizar Orden de servicio, jhon clicks on Heabeas Data, jhon clicks on Seleccionar el tipo de documento, Jhon seleccionar tipo documento, jhon enters '1.012439357E9' into Seleccionar el tipo de documento, jhon enters 'jhon.quinones@infotrack.com.co' into ¿Cuál es tu correo electrónico?, jhon enters 'QA 2' into ¿Cuales son tus apellidos?, jhon enters 'TEST 2' into ¿Cual es tu telefono fijo?, jhon enters '3.000000001E9' into Ingresa tu numero celular, jhon enters '3.000000001E9' into Seleccionar el tipo de documento, jhon clicks on Continuar, jhon enters 'Soacha' into Ciudad, jhon clicks on Lista de ciudades, jhon enters 'Cl 15 # 19 a – 159' into Direccion, jhon clicks on Buscar la dirección, jhon enters 'Armonia IV' into Datos adicionales, jhon clicks on Continuar ubicación servicio, jhon enters 'Reparación' into ¿Qué tipo de servicio solicitas?, jhon clicks on ¿Qué tipo de servicio solicitas? Lista, jhon enters 'CALENTADOR DE PASO 10 LTS. GAS NATURAL' into ¿Cuál es el producto?, jhon clicks on ¿Cuál es el producto? Lista, jhon enters 'BOTA AGUA' into ¿Cuál es el motivo de la reparación?, jhon clicks on ¿Cuál es el motivo de la reparación? Lista, jhon enters 'QA AUTOMOTION' into observaciones, jhon clicks on Rango AM, jhon enters '1.012439357E9' into Rango PM, jhon clicks on Fecha, jhon clicks on Confirmar Fecha seleccionada, jhon clicks on Programar, jhon clicks on Finalizar Orden de servicio, jhon clicks on Heabeas Data, jhon clicks on Seleccionar el tipo de documento, Jhon seleccionar tipo documento, jhon enters '8.300675571E9' into Seleccionar el tipo de documento, jhon enters 'jhon.quinones@infotrack.com.co' into ¿Cuál es tu correo electrónico?, jhon enters 'Test Automotion11' into Ingresa tu nombre, jhon enters '3.000000002E9' into Ingresa tu numero celular, jhon enters '3.000000002E9' into Seleccionar el tipo de documento, jhon clicks on Continuar, jhon enters 'Bogota' into Ciudad, jhon clicks on Lista de ciudades, jhon enters 'Av. Carrera 86 # 55A - 75 Engativá' into Direccion, jhon clicks on Buscar la dirección, jhon enters 'Bogota' into Datos adicionales, jhon clicks on Continuar ubicación servicio, jhon enters 'Garantia' into ¿Qué tipo de servicio solicitas?, jhon clicks on ¿Qué tipo de servicio solicitas? Lista, jhon enters 'ESTUFA A GAS 4 PUESTOS E/E 120V NEGRA' into ¿Cuál es el producto?, jhon clicks on ¿Cuál es el producto? Lista, jhon enters 'AHUMA' into ¿Cuál es el motivo de la reparación?, jhon clicks on ¿Cuál es el motivo de la reparación? Lista, jhon enters 'QA AUTOMOTION' into observaciones, jhon clicks on Rango AM, jhon enters '1.012439358E9' into Rango PM, jhon clicks on Fecha, jhon clicks on Confirmar Fecha seleccionada, jhon clicks on Programar, jhon clicks on Finalizar Orden de servicio, jhon clicks on Heabeas Data, jhon clicks on Seleccionar el tipo de documento, Jhon seleccionar tipo documento, jhon enters '1.012439359E9' into Seleccionar el tipo de documento, jhon enters 'jhon.quinones@infotrack.com.co' into ¿Cuál es tu correo electrónico?, jhon enters 'QA 4' into ¿Cuales son tus apellidos?, jhon enters 'TEST 4' into ¿Cual es tu telefono fijo?, jhon enters '3.000000003E9' into Ingresa tu numero celular, jhon enters '3.000000003E9' into Seleccionar el tipo de documento, jhon clicks on Continuar, jhon enters 'Soacha' into Ciudad, jhon clicks on Lista de ciudades, jhon enters 'Cra. 72C #22A-74, Fontibón' into Direccion, jhon clicks on Buscar la dirección, jhon enters 'Bogota, Cundinamarca' into Datos adicionales, jhon clicks on Continuar ubicación servicio, jhon enters 'Mantenimiento' into ¿Qué tipo de servicio solicitas?, jhon clicks on ¿Qué tipo de servicio solicitas? Lista, jhon enters 'NEVERA 5.3 PIES ALMENDRA' into ¿Cuál es el producto?, jhon clicks on ¿Cuál es el producto? Lista, jhon enters 'NO CONGELA' into ¿Cuál es el motivo de la reparación?, jhon clicks on ¿Cuál es el motivo de la reparación? Lista, jhon enters 'QA AUTOMOTION' into observaciones, jhon clicks on Rango AM, jhon enters '1.012439359E9' into Rango PM, jhon clicks on Fecha, jhon clicks on Confirmar Fecha seleccionada, jhon clicks on Programar, jhon clicks on Finalizar Orden de servicio, jhon clicks on Heabeas Data, jhon clicks on Seleccionar el tipo de documento, Jhon seleccionar tipo documento, jhon enters '1.01243936E9' into Seleccionar el tipo de documento, jhon enters 'jhon.quinones@infotrack.com.co' into ¿Cuál es tu correo electrónico?, jhon enters 'QA 5' into ¿Cuales son tus apellidos?, jhon enters 'TEST 5' into ¿Cual es tu telefono fijo?, jhon enters '3.000000004E9' into Ingresa tu numero celular, jhon enters '3.000000004E9' into Seleccionar el tipo de documento, jhon clicks on Continuar, jhon enters 'Bogota' into Ciudad, jhon clicks on Lista de ciudades, jhon enters 'Av. C. 130' into Direccion, jhon clicks on Buscar la dirección, jhon enters 'Bosa' into Datos adicionales]]
[Test worker] WARN net.thucydides.core.steps.BaseStepListener - stepStarted: net.thucydides.core.steps.ExecutedStepDescription@74faf450
[Test worker] WARN net.thucydides.core.steps.BaseStepListener - stepFinished: current outcome:Proceso Autogestion - Agendamiento de servicios:Dado el usuario final cuando desee crear o agendar una orden de servicio [Jhon abrir pagina [jhon opens the Object abrir pagina]], Cuando Crea la orden de servicio [Jhon autogestion [jhon clicks on Heabeas Data, jhon clicks on Seleccionar el tipo de documento, Jhon seleccionar tipo documento, jhon enters '8.300675571E9' into Seleccionar el tipo de documento, jhon enters 'jhon.quinones@infotrack.com.co' into ¿Cuál es tu correo electrónico?, jhon enters 'Test Automotion9' into Ingresa tu nombre, jhon enters '3.0E9' into Ingresa tu numero celular, jhon enters '3.0E9' into Seleccionar el tipo de documento, jhon clicks on Continuar, jhon enters 'Bogota' into Ciudad, jhon clicks on Lista de ciudades, jhon enters 'Av. C. 127' into Direccion, jhon clicks on Buscar la dirección, jhon enters 'Norte' into Datos adicionales, jhon clicks on Continuar ubicación servicio, jhon enters 'Garantia' into ¿Qué tipo de servicio solicitas?, jhon clicks on ¿Qué tipo de servicio solicitas? Lista, jhon enters 'NEVERA 5.3 PIES ALMENDRA' into ¿Cuál es el producto?, jhon clicks on ¿Cuál es el producto? Lista, jhon enters 'BOTA AGUA' into ¿Cuál es el motivo de la reparación?, jhon clicks on ¿Cuál es el motivo de la reparación? Lista, jhon enters 'QA AUTOMOTION' into observaciones, jhon clicks on Rango AM, jhon enters '1.012439364E9' into Rango PM, jhon clicks on Fecha, jhon clicks on Confirmar Fecha seleccionada, jhon clicks on Programar, jhon clicks on Finalizar Orden de servicio, jhon clicks on Heabeas Data, jhon clicks on Seleccionar el tipo de documento, Jhon seleccionar tipo documento, jhon enters '1.012439357E9' into Seleccionar el tipo de documento, jhon enters 'jhon.quinones@infotrack.com.co' into ¿Cuál es tu correo electrónico?, jhon enters 'QA 2' into ¿Cuales son tus apellidos?, jhon enters 'TEST 2' into ¿Cual es tu telefono fijo?, jhon enters '3.000000001E9' into Ingresa tu numero celular, jhon enters '3.000000001E9' into Seleccionar el tipo de documento, jhon clicks on Continuar, jhon enters 'Soacha' into Ciudad, jhon clicks on Lista de ciudades, jhon enters 'Cl 15 # 19 a – 159' into Direccion, jhon clicks on Buscar la dirección, jhon enters 'Armonia IV' into Datos adicionales, jhon clicks on Continuar ubicación servicio, jhon enters 'Reparación' into ¿Qué tipo de servicio solicitas?, jhon clicks on ¿Qué tipo de servicio solicitas? Lista, jhon enters 'CALENTADOR DE PASO 10 LTS. GAS NATURAL' into ¿Cuál es el producto?, jhon clicks on ¿Cuál es el producto? Lista, jhon enters 'BOTA AGUA' into ¿Cuál es el motivo de la reparación?, jhon clicks on ¿Cuál es el motivo de la reparación? Lista, jhon enters 'QA AUTOMOTION' into observaciones, jhon clicks on Rango AM, jhon enters '1.012439357E9' into Rango PM, jhon clicks on Fecha, jhon clicks on Confirmar Fecha seleccionada, jhon clicks on Programar, jhon clicks on Finalizar Orden de servicio, jhon clicks on Heabeas Data, jhon clicks on Seleccionar el tipo de documento, Jhon seleccionar tipo documento, jhon enters '8.300675571E9' into Seleccionar el tipo de documento, jhon enters 'jhon.quinones@infotrack.com.co' into ¿Cuál es tu correo electrónico?, jhon enters 'Test Automotion11' into Ingresa tu nombre, jhon enters '3.000000002E9' into Ingresa tu numero celular, jhon enters '3.000000002E9' into Seleccionar el tipo de documento, jhon clicks on Continuar, jhon enters 'Bogota' into Ciudad, jhon clicks on Lista de ciudades, jhon enters 'Av. Carrera 86 # 55A - 75 Engativá' into Direccion, jhon clicks on Buscar la dirección, jhon enters 'Bogota' into Datos adicionales, jhon clicks on Continuar ubicación servicio, jhon enters 'Garantia' into ¿Qué tipo de servicio solicitas?, jhon clicks on ¿Qué tipo de servicio solicitas? Lista, jhon enters 'ESTUFA A GAS 4 PUESTOS E/E 120V NEGRA' into ¿Cuál es el producto?, jhon clicks on ¿Cuál es el producto? Lista, jhon enters 'AHUMA' into ¿Cuál es el motivo de la reparación?, jhon clicks on ¿Cuál es el motivo de la reparación? Lista, jhon enters 'QA AUTOMOTION' into observaciones, jhon clicks on Rango AM, jhon enters '1.012439358E9' into Rango PM, jhon clicks on Fecha, jhon clicks on Confirmar Fecha seleccionada, jhon clicks on Programar, jhon clicks on Finalizar Orden de servicio, jhon clicks on Heabeas Data, jhon clicks on Seleccionar el tipo de documento, Jhon seleccionar tipo documento, jhon enters '1.012439359E9' into Seleccionar el tipo de documento, jhon enters 'jhon.quinones@infotrack.com.co' into ¿Cuál es tu correo electrónico?, jhon enters 'QA 4' into ¿Cuales son tus apellidos?, jhon enters 'TEST 4' into ¿Cual es tu telefono fijo?, jhon enters '3.000000003E9' into Ingresa tu numero celular, jhon enters '3.000000003E9' into Seleccionar el tipo de documento, jhon clicks on Continuar, jhon enters 'Soacha' into Ciudad, jhon clicks on Lista de ciudades, jhon enters 'Cra. 72C #22A-74, Fontibón' into Direccion, jhon clicks on Buscar la dirección, jhon enters 'Bogota, Cundinamarca' into Datos adicionales, jhon clicks on Continuar ubicación servicio, jhon enters 'Mantenimiento' into ¿Qué tipo de servicio solicitas?, jhon clicks on ¿Qué tipo de servicio solicitas? Lista, jhon enters 'NEVERA 5.3 PIES ALMENDRA' into ¿Cuál es el producto?, jhon clicks on ¿Cuál es el producto? Lista, jhon enters 'NO CONGELA' into ¿Cuál es el motivo de la reparación?, jhon clicks on ¿Cuál es el motivo de la reparación? Lista, jhon enters 'QA AUTOMOTION' into observaciones, jhon clicks on Rango AM, jhon enters '1.012439359E9' into Rango PM, jhon clicks on Fecha, jhon clicks on Confirmar Fecha seleccionada, jhon clicks on Programar, jhon clicks on Finalizar Orden de servicio, jhon clicks on Heabeas Data, jhon clicks on Seleccionar el tipo de documento, Jhon seleccionar tipo documento, jhon enters '1.01243936E9' into Seleccionar el tipo de documento, jhon enters 'jhon.quinones@infotrack.com.co' into ¿Cuál es tu correo electrónico?, jhon enters 'QA 5' into ¿Cuales son tus apellidos?, jhon enters 'TEST 5' into ¿Cual es tu telefono fijo?, jhon enters '3.000000004E9' into Ingresa tu numero celular, jhon enters '3.000000004E9' into Seleccionar el tipo de documento, jhon clicks on Continuar, jhon enters 'Bogota' into Ciudad, jhon clicks on Lista de ciudades, jhon enters 'Av. C. 130' into Direccion, jhon clicks on Buscar la dirección, jhon enters 'Bosa' into Datos adicionales, jhon clicks on Continuar ubicación servicio]]
[Test worker] WARN net.thucydides.core.steps.BaseStepListener - stepStarted: net.thucydides.core.steps.ExecutedStepDescription@4a29a1e6
[Test worker] WARN net.thucydides.core.steps.BaseStepListener - stepFinished: current outcome:Proceso Autogestion - Agendamiento de servicios:Dado el usuario final cuando desee crear o agendar una orden de servicio [Jhon abrir pagina [jhon opens the Object abrir pagina]], Cuando Crea la orden de servicio [Jhon autogestion [jhon clicks on Heabeas Data, jhon clicks on Seleccionar el tipo de documento, Jhon seleccionar tipo documento, jhon enters '8.300675571E9' into Seleccionar el tipo de documento, jhon enters 'jhon.quinones@infotrack.com.co' into ¿Cuál es tu correo electrónico?, jhon enters 'Test Automotion9' into Ingresa tu nombre, jhon enters '3.0E9' into Ingresa tu numero celular, jhon enters '3.0E9' into Seleccionar el tipo de documento, jhon clicks on Continuar, jhon enters 'Bogota' into Ciudad, jhon clicks on Lista de ciudades, jhon enters 'Av. C. 127' into Direccion, jhon clicks on Buscar la dirección, jhon enters 'Norte' into Datos adicionales, jhon clicks on Continuar ubicación servicio, jhon enters 'Garantia' into ¿Qué tipo de servicio solicitas?, jhon clicks on ¿Qué tipo de servicio solicitas? Lista, jhon enters 'NEVERA 5.3 PIES ALMENDRA' into ¿Cuál es el producto?, jhon clicks on ¿Cuál es el producto? Lista, jhon enters 'BOTA AGUA' into ¿Cuál es el motivo de la reparación?, jhon clicks on ¿Cuál es el motivo de la reparación? Lista, jhon enters 'QA AUTOMOTION' into observaciones, jhon clicks on Rango AM, jhon enters '1.012439364E9' into Rango PM, jhon clicks on Fecha, jhon clicks on Confirmar Fecha seleccionada, jhon clicks on Programar, jhon clicks on Finalizar Orden de servicio, jhon clicks on Heabeas Data, jhon clicks on Seleccionar el tipo de documento, Jhon seleccionar tipo documento, jhon enters '1.012439357E9' into Seleccionar el tipo de documento, jhon enters 'jhon.quinones@infotrack.com.co' into ¿Cuál es tu correo electrónico?, jhon enters 'QA 2' into ¿Cuales son tus apellidos?, jhon enters 'TEST 2' into ¿Cual es tu telefono fijo?, jhon enters '3.000000001E9' into Ingresa tu numero celular, jhon enters '3.000000001E9' into Seleccionar el tipo de documento, jhon clicks on Continuar, jhon enters 'Soacha' into Ciudad, jhon clicks on Lista de ciudades, jhon enters 'Cl 15 # 19 a – 159' into Direccion, jhon clicks on Buscar la dirección, jhon enters 'Armonia IV' into Datos adicionales, jhon clicks on Continuar ubicación servicio, jhon enters 'Reparación' into ¿Qué tipo de servicio solicitas?, jhon clicks on ¿Qué tipo de servicio solicitas? Lista, jhon enters 'CALENTADOR DE PASO 10 LTS. GAS NATURAL' into ¿Cuál es el producto?, jhon clicks on ¿Cuál es el producto? Lista, jhon enters 'BOTA AGUA' into ¿Cuál es el motivo de la reparación?, jhon clicks on ¿Cuál es el motivo de la reparación? Lista, jhon enters 'QA AUTOMOTION' into observaciones, jhon clicks on Rango AM, jhon enters '1.012439357E9' into Rango PM, jhon clicks on Fecha, jhon clicks on Confirmar Fecha seleccionada, jhon clicks on Programar, jhon clicks on Finalizar Orden de servicio, jhon clicks on Heabeas Data, jhon clicks on Seleccionar el tipo de documento, Jhon seleccionar tipo documento, jhon enters '8.300675571E9' into Seleccionar el tipo de documento, jhon enters 'jhon.quinones@infotrack.com.co' into ¿Cuál es tu correo electrónico?, jhon enters 'Test Automotion11' into Ingresa tu nombre, jhon enters '3.000000002E9' into Ingresa tu numero celular, jhon enters '3.000000002E9' into Seleccionar el tipo de documento, jhon clicks on Continuar, jhon enters 'Bogota' into Ciudad, jhon clicks on Lista de ciudades, jhon enters 'Av. Carrera 86 # 55A - 75 Engativá' into Direccion, jhon clicks on Buscar la dirección, jhon enters 'Bogota' into Datos adicionales, jhon clicks on Continuar ubicación servicio, jhon enters 'Garantia' into ¿Qué tipo de servicio solicitas?, jhon clicks on ¿Qué tipo de servicio solicitas? Lista, jhon enters 'ESTUFA A GAS 4 PUESTOS E/E 120V NEGRA' into ¿Cuál es el producto?, jhon clicks on ¿Cuál es el producto? Lista, jhon enters 'AHUMA' into ¿Cuál es el motivo de la reparación?, jhon clicks on ¿Cuál es el motivo de la reparación? Lista, jhon enters 'QA AUTOMOTION' into observaciones, jhon clicks on Rango AM, jhon enters '1.012439358E9' into Rango PM, jhon clicks on Fecha, jhon clicks on Confirmar Fecha seleccionada, jhon clicks on Programar, jhon clicks on Finalizar Orden de servicio, jhon clicks on Heabeas Data, jhon clicks on Seleccionar el tipo de documento, Jhon seleccionar tipo documento, jhon enters '1.012439359E9' into Seleccionar el tipo de documento, jhon enters 'jhon.quinones@infotrack.com.co' into ¿Cuál es tu correo electrónico?, jhon enters 'QA 4' into ¿Cuales son tus apellidos?, jhon enters 'TEST 4' into ¿Cual es tu telefono fijo?, jhon enters '3.000000003E9' into Ingresa tu numero celular, jhon enters '3.000000003E9' into Seleccionar el tipo de documento, jhon clicks on Continuar, jhon enters 'Soacha' into Ciudad, jhon clicks on Lista de ciudades, jhon enters 'Cra. 72C #22A-74, Fontibón' into Direccion, jhon clicks on Buscar la dirección, jhon enters 'Bogota, Cundinamarca' into Datos adicionales, jhon clicks on Continuar ubicación servicio, jhon enters 'Mantenimiento' into ¿Qué tipo de servicio solicitas?, jhon clicks on ¿Qué tipo de servicio solicitas? Lista, jhon enters 'NEVERA 5.3 PIES ALMENDRA' into ¿Cuál es el producto?, jhon clicks on ¿Cuál es el producto? Lista, jhon enters 'NO CONGELA' into ¿Cuál es el motivo de la reparación?, jhon clicks on ¿Cuál es el motivo de la reparación? Lista, jhon enters 'QA AUTOMOTION' into observaciones, jhon clicks on Rango AM, jhon enters '1.012439359E9' into Rango PM, jhon clicks on Fecha, jhon clicks on Confirmar Fecha seleccionada, jhon clicks on Programar, jhon clicks on Finalizar Orden de servicio, jhon clicks on Heabeas Data, jhon clicks on Seleccionar el tipo de documento, Jhon seleccionar tipo documento, jhon enters '1.01243936E9' into Seleccionar el tipo de documento, jhon enters 'jhon.quinones@infotrack.com.co' into ¿Cuál es tu correo electrónico?, jhon enters 'QA 5' into ¿Cuales son tus apellidos?, jhon enters 'TEST 5' into ¿Cual es tu telefono fijo?, jhon enters '3.000000004E9' into Ingresa tu numero celular, jhon enters '3.000000004E9' into Seleccionar el tipo de documento, jhon clicks on Continuar, jhon enters 'Bogota' into Ciudad, jhon clicks on Lista de ciudades, jhon enters 'Av. C. 130' into Direccion, jhon clicks on Buscar la dirección, jhon enters 'Bosa' into Datos adicionales, jhon clicks on Continuar ubicación servicio, jhon enters 'Reparación' into ¿Qué tipo de servicio solicitas?]]
[Test worker] WARN net.thucydides.core.steps.BaseStepListener - stepStarted: net.thucydides.core.steps.ExecutedStepDescription@5470753a
[Test worker] WARN net.thucydides.core.steps.BaseStepListener - stepFinished: current outcome:Proceso Autogestion - Agendamiento de servicios:Dado el usuario final cuando desee crear o agendar una orden de servicio [Jhon abrir pagina [jhon opens the Object abrir pagina]], Cuando Crea la orden de servicio [Jhon autogestion [jhon clicks on Heabeas Data, jhon clicks on Seleccionar el tipo de documento, Jhon seleccionar tipo documento, jhon enters '8.300675571E9' into Seleccionar el tipo de documento, jhon enters 'jhon.quinones@infotrack.com.co' into ¿Cuál es tu correo electrónico?, jhon enters 'Test Automotion9' into Ingresa tu nombre, jhon enters '3.0E9' into Ingresa tu numero celular, jhon enters '3.0E9' into Seleccionar el tipo de documento, jhon clicks on Continuar, jhon enters 'Bogota' into Ciudad, jhon clicks on Lista de ciudades, jhon enters 'Av. C. 127' into Direccion, jhon clicks on Buscar la dirección, jhon enters 'Norte' into Datos adicionales, jhon clicks on Continuar ubicación servicio, jhon enters 'Garantia' into ¿Qué tipo de servicio solicitas?, jhon clicks on ¿Qué tipo de servicio solicitas? Lista, jhon enters 'NEVERA 5.3 PIES ALMENDRA' into ¿Cuál es el producto?, jhon clicks on ¿Cuál es el producto? Lista, jhon enters 'BOTA AGUA' into ¿Cuál es el motivo de la reparación?, jhon clicks on ¿Cuál es el motivo de la reparación? Lista, jhon enters 'QA AUTOMOTION' into observaciones, jhon clicks on Rango AM, jhon enters '1.012439364E9' into Rango PM, jhon clicks on Fecha, jhon clicks on Confirmar Fecha seleccionada, jhon clicks on Programar, jhon clicks on Finalizar Orden de servicio, jhon clicks on Heabeas Data, jhon clicks on Seleccionar el tipo de documento, Jhon seleccionar tipo documento, jhon enters '1.012439357E9' into Seleccionar el tipo de documento, jhon enters 'jhon.quinones@infotrack.com.co' into ¿Cuál es tu correo electrónico?, jhon enters 'QA 2' into ¿Cuales son tus apellidos?, jhon enters 'TEST 2' into ¿Cual es tu telefono fijo?, jhon enters '3.000000001E9' into Ingresa tu numero celular, jhon enters '3.000000001E9' into Seleccionar el tipo de documento, jhon clicks on Continuar, jhon enters 'Soacha' into Ciudad, jhon clicks on Lista de ciudades, jhon enters 'Cl 15 # 19 a – 159' into Direccion, jhon clicks on Buscar la dirección, jhon enters 'Armonia IV' into Datos adicionales, jhon clicks on Continuar ubicación servicio, jhon enters 'Reparación' into ¿Qué tipo de servicio solicitas?, jhon clicks on ¿Qué tipo de servicio solicitas? Lista, jhon enters 'CALENTADOR DE PASO 10 LTS. GAS NATURAL' into ¿Cuál es el producto?, jhon clicks on ¿Cuál es el producto? Lista, jhon enters 'BOTA AGUA' into ¿Cuál es el motivo de la reparación?, jhon clicks on ¿Cuál es el motivo de la reparación? Lista, jhon enters 'QA AUTOMOTION' into observaciones, jhon clicks on Rango AM, jhon enters '1.012439357E9' into Rango PM, jhon clicks on Fecha, jhon clicks on Confirmar Fecha seleccionada, jhon clicks on Programar, jhon clicks on Finalizar Orden de servicio, jhon clicks on Heabeas Data, jhon clicks on Seleccionar el tipo de documento, Jhon seleccionar tipo documento, jhon enters '8.300675571E9' into Seleccionar el tipo de documento, jhon enters 'jhon.quinones@infotrack.com.co' into ¿Cuál es tu correo electrónico?, jhon enters 'Test Automotion11' into Ingresa tu nombre, jhon enters '3.000000002E9' into Ingresa tu numero celular, jhon enters '3.000000002E9' into Seleccionar el tipo de documento, jhon clicks on Continuar, jhon enters 'Bogota' into Ciudad, jhon clicks on Lista de ciudades, jhon enters 'Av. Carrera 86 # 55A - 75 Engativá' into Direccion, jhon clicks on Buscar la dirección, jhon enters 'Bogota' into Datos adicionales, jhon clicks on Continuar ubicación servicio, jhon enters 'Garantia' into ¿Qué tipo de servicio solicitas?, jhon clicks on ¿Qué tipo de servicio solicitas? Lista, jhon enters 'ESTUFA A GAS 4 PUESTOS E/E 120V NEGRA' into ¿Cuál es el producto?, jhon clicks on ¿Cuál es el producto? Lista, jhon enters 'AHUMA' into ¿Cuál es el motivo de la reparación?, jhon clicks on ¿Cuál es el motivo de la reparación? Lista, jhon enters 'QA AUTOMOTION' into observaciones, jhon clicks on Rango AM, jhon enters '1.012439358E9' into Rango PM, jhon clicks on Fecha, jhon clicks on Confirmar Fecha seleccionada, jhon clicks on Programar, jhon clicks on Finalizar Orden de servicio, jhon clicks on Heabeas Data, jhon clicks on Seleccionar el tipo de documento, Jhon seleccionar tipo documento, jhon enters '1.012439359E9' into Seleccionar el tipo de documento, jhon enters 'jhon.quinones@infotrack.com.co' into ¿Cuál es tu correo electrónico?, jhon enters 'QA 4' into ¿Cuales son tus apellidos?, jhon enters 'TEST 4' into ¿Cual es tu telefono fijo?, jhon enters '3.000000003E9' into Ingresa tu numero celular, jhon enters '3.000000003E9' into Seleccionar el tipo de documento, jhon clicks on Continuar, jhon enters 'Soacha' into Ciudad, jhon clicks on Lista de ciudades, jhon enters 'Cra. 72C #22A-74, Fontibón' into Direccion, jhon clicks on Buscar la dirección, jhon enters 'Bogota, Cundinamarca' into Datos adicionales, jhon clicks on Continuar ubicación servicio, jhon enters 'Mantenimiento' into ¿Qué tipo de servicio solicitas?, jhon clicks on ¿Qué tipo de servicio solicitas? Lista, jhon enters 'NEVERA 5.3 PIES ALMENDRA' into ¿Cuál es el producto?, jhon clicks on ¿Cuál es el producto? Lista, jhon enters 'NO CONGELA' into ¿Cuál es el motivo de la reparación?, jhon clicks on ¿Cuál es el motivo de la reparación? Lista, jhon enters 'QA AUTOMOTION' into observaciones, jhon clicks on Rango AM, jhon enters '1.012439359E9' into Rango PM, jhon clicks on Fecha, jhon clicks on Confirmar Fecha seleccionada, jhon clicks on Programar, jhon clicks on Finalizar Orden de servicio, jhon clicks on Heabeas Data, jhon clicks on Seleccionar el tipo de documento, Jhon seleccionar tipo documento, jhon enters '1.01243936E9' into Seleccionar el tipo de documento, jhon enters 'jhon.quinones@infotrack.com.co' into ¿Cuál es tu correo electrónico?, jhon enters 'QA 5' into ¿Cuales son tus apellidos?, jhon enters 'TEST 5' into ¿Cual es tu telefono fijo?, jhon enters '3.000000004E9' into Ingresa tu numero celular, jhon enters '3.000000004E9' into Seleccionar el tipo de documento, jhon clicks on Continuar, jhon enters 'Bogota' into Ciudad, jhon clicks on Lista de ciudades, jhon enters 'Av. C. 130' into Direccion, jhon clicks on Buscar la dirección, jhon enters 'Bosa' into Datos adicionales, jhon clicks on Continuar ubicación servicio, jhon enters 'Reparación' into ¿Qué tipo de servicio solicitas?, jhon clicks on ¿Qué tipo de servicio solicitas? Lista]]
[Test worker] WARN net.thucydides.core.steps.BaseStepListener - stepStarted: net.thucydides.core.steps.ExecutedStepDescription@70273633
[Test worker] WARN net.thucydides.core.steps.BaseStepListener - stepFinished: current outcome:Proceso Autogestion - Agendamiento de servicios:Dado el usuario final cuando desee crear o agendar una orden de servicio [Jhon abrir pagina [jhon opens the Object abrir pagina]], Cuando Crea la orden de servicio [Jhon autogestion [jhon clicks on Heabeas Data, jhon clicks on Seleccionar el tipo de documento, Jhon seleccionar tipo documento, jhon enters '8.300675571E9' into Seleccionar el tipo de documento, jhon enters 'jhon.quinones@infotrack.com.co' into ¿Cuál es tu correo electrónico?, jhon enters 'Test Automotion9' into Ingresa tu nombre, jhon enters '3.0E9' into Ingresa tu numero celular, jhon enters '3.0E9' into Seleccionar el tipo de documento, jhon clicks on Continuar, jhon enters 'Bogota' into Ciudad, jhon clicks on Lista de ciudades, jhon enters 'Av. C. 127' into Direccion, jhon clicks on Buscar la dirección, jhon enters 'Norte' into Datos adicionales, jhon clicks on Continuar ubicación servicio, jhon enters 'Garantia' into ¿Qué tipo de servicio solicitas?, jhon clicks on ¿Qué tipo de servicio solicitas? Lista, jhon enters 'NEVERA 5.3 PIES ALMENDRA' into ¿Cuál es el producto?, jhon clicks on ¿Cuál es el producto? Lista, jhon enters 'BOTA AGUA' into ¿Cuál es el motivo de la reparación?, jhon clicks on ¿Cuál es el motivo de la reparación? Lista, jhon enters 'QA AUTOMOTION' into observaciones, jhon clicks on Rango AM, jhon enters '1.012439364E9' into Rango PM, jhon clicks on Fecha, jhon clicks on Confirmar Fecha seleccionada, jhon clicks on Programar, jhon clicks on Finalizar Orden de servicio, jhon clicks on Heabeas Data, jhon clicks on Seleccionar el tipo de documento, Jhon seleccionar tipo documento, jhon enters '1.012439357E9' into Seleccionar el tipo de documento, jhon enters 'jhon.quinones@infotrack.com.co' into ¿Cuál es tu correo electrónico?, jhon enters 'QA 2' into ¿Cuales son tus apellidos?, jhon enters 'TEST 2' into ¿Cual es tu telefono fijo?, jhon enters '3.000000001E9' into Ingresa tu numero celular, jhon enters '3.000000001E9' into Seleccionar el tipo de documento, jhon clicks on Continuar, jhon enters 'Soacha' into Ciudad, jhon clicks on Lista de ciudades, jhon enters 'Cl 15 # 19 a – 159' into Direccion, jhon clicks on Buscar la dirección, jhon enters 'Armonia IV' into Datos adicionales, jhon clicks on Continuar ubicación servicio, jhon enters 'Reparación' into ¿Qué tipo de servicio solicitas?, jhon clicks on ¿Qué tipo de servicio solicitas? Lista, jhon enters 'CALENTADOR DE PASO 10 LTS. GAS NATURAL' into ¿Cuál es el producto?, jhon clicks on ¿Cuál es el producto? Lista, jhon enters 'BOTA AGUA' into ¿Cuál es el motivo de la reparación?, jhon clicks on ¿Cuál es el motivo de la reparación? Lista, jhon enters 'QA AUTOMOTION' into observaciones, jhon clicks on Rango AM, jhon enters '1.012439357E9' into Rango PM, jhon clicks on Fecha, jhon clicks on Confirmar Fecha seleccionada, jhon clicks on Programar, jhon clicks on Finalizar Orden de servicio, jhon clicks on Heabeas Data, jhon clicks on Seleccionar el tipo de documento, Jhon seleccionar tipo documento, jhon enters '8.300675571E9' into Seleccionar el tipo de documento, jhon enters 'jhon.quinones@infotrack.com.co' into ¿Cuál es tu correo electrónico?, jhon enters 'Test Automotion11' into Ingresa tu nombre, jhon enters '3.000000002E9' into Ingresa tu numero celular, jhon enters '3.000000002E9' into Seleccionar el tipo de documento, jhon clicks on Continuar, jhon enters 'Bogota' into Ciudad, jhon clicks on Lista de ciudades, jhon enters 'Av. Carrera 86 # 55A - 75 Engativá' into Direccion, jhon clicks on Buscar la dirección, jhon enters 'Bogota' into Datos adicionales, jhon clicks on Continuar ubicación servicio, jhon enters 'Garantia' into ¿Qué tipo de servicio solicitas?, jhon clicks on ¿Qué tipo de servicio solicitas? Lista, jhon enters 'ESTUFA A GAS 4 PUESTOS E/E 120V NEGRA' into ¿Cuál es el producto?, jhon clicks on ¿Cuál es el producto? Lista, jhon enters 'AHUMA' into ¿Cuál es el motivo de la reparación?, jhon clicks on ¿Cuál es el motivo de la reparación? Lista, jhon enters 'QA AUTOMOTION' into observaciones, jhon clicks on Rango AM, jhon enters '1.012439358E9' into Rango PM, jhon clicks on Fecha, jhon clicks on Confirmar Fecha seleccionada, jhon clicks on Programar, jhon clicks on Finalizar Orden de servicio, jhon clicks on Heabeas Data, jhon clicks on Seleccionar el tipo de documento, Jhon seleccionar tipo documento, jhon enters '1.012439359E9' into Seleccionar el tipo de documento, jhon enters 'jhon.quinones@infotrack.com.co' into ¿Cuál es tu correo electrónico?, jhon enters 'QA 4' into ¿Cuales son tus apellidos?, jhon enters 'TEST 4' into ¿Cual es tu telefono fijo?, jhon enters '3.000000003E9' into Ingresa tu numero celular, jhon enters '3.000000003E9' into Seleccionar el tipo de documento, jhon clicks on Continuar, jhon enters 'Soacha' into Ciudad, jhon clicks on Lista de ciudades, jhon enters 'Cra. 72C #22A-74, Fontibón' into Direccion, jhon clicks on Buscar la dirección, jhon enters 'Bogota, Cundinamarca' into Datos adicionales, jhon clicks on Continuar ubicación servicio, jhon enters 'Mantenimiento' into ¿Qué tipo de servicio solicitas?, jhon clicks on ¿Qué tipo de servicio solicitas? Lista, jhon enters 'NEVERA 5.3 PIES ALMENDRA' into ¿Cuál es el producto?, jhon clicks on ¿Cuál es el producto? Lista, jhon enters 'NO CONGELA' into ¿Cuál es el motivo de la reparación?, jhon clicks on ¿Cuál es el motivo de la reparación? Lista, jhon enters 'QA AUTOMOTION' into observaciones, jhon clicks on Rango AM, jhon enters '1.012439359E9' into Rango PM, jhon clicks on Fecha, jhon clicks on Confirmar Fecha seleccionada, jhon clicks on Programar, jhon clicks on Finalizar Orden de servicio, jhon clicks on Heabeas Data, jhon clicks on Seleccionar el tipo de documento, Jhon seleccionar tipo documento, jhon enters '1.01243936E9' into Seleccionar el tipo de documento, jhon enters 'jhon.quinones@infotrack.com.co' into ¿Cuál es tu correo electrónico?, jhon enters 'QA 5' into ¿Cuales son tus apellidos?, jhon enters 'TEST 5' into ¿Cual es tu telefono fijo?, jhon enters '3.000000004E9' into Ingresa tu numero celular, jhon enters '3.000000004E9' into Seleccionar el tipo de documento, jhon clicks on Continuar, jhon enters 'Bogota' into Ciudad, jhon clicks on Lista de ciudades, jhon enters 'Av. C. 130' into Direccion, jhon clicks on Buscar la dirección, jhon enters 'Bosa' into Datos adicionales, jhon clicks on Continuar ubicación servicio, jhon enters 'Reparación' into ¿Qué tipo de servicio solicitas?, jhon clicks on ¿Qué tipo de servicio solicitas? Lista, jhon enters 'NEVERA CR360 GRIS C.DIGITAL' into ¿Cuál es el producto?]]
[Test worker] WARN net.thucydides.core.steps.BaseStepListener - stepStarted: net.thucydides.core.steps.ExecutedStepDescription@1b5d1d9
[Test worker] WARN net.thucydides.core.steps.BaseStepListener - stepFinished: current outcome:Proceso Autogestion - Agendamiento de servicios:Dado el usuario final cuando desee crear o agendar una orden de servicio [Jhon abrir pagina [jhon opens the Object abrir pagina]], Cuando Crea la orden de servicio [Jhon autogestion [jhon clicks on Heabeas Data, jhon clicks on Seleccionar el tipo de documento, Jhon seleccionar tipo documento, jhon enters '8.300675571E9' into Seleccionar el tipo de documento, jhon enters 'jhon.quinones@infotrack.com.co' into ¿Cuál es tu correo electrónico?, jhon enters 'Test Automotion9' into Ingresa tu nombre, jhon enters '3.0E9' into Ingresa tu numero celular, jhon enters '3.0E9' into Seleccionar el tipo de documento, jhon clicks on Continuar, jhon enters 'Bogota' into Ciudad, jhon clicks on Lista de ciudades, jhon enters 'Av. C. 127' into Direccion, jhon clicks on Buscar la dirección, jhon enters 'Norte' into Datos adicionales, jhon clicks on Continuar ubicación servicio, jhon enters 'Garantia' into ¿Qué tipo de servicio solicitas?, jhon clicks on ¿Qué tipo de servicio solicitas? Lista, jhon enters 'NEVERA 5.3 PIES ALMENDRA' into ¿Cuál es el producto?, jhon clicks on ¿Cuál es el producto? Lista, jhon enters 'BOTA AGUA' into ¿Cuál es el motivo de la reparación?, jhon clicks on ¿Cuál es el motivo de la reparación? Lista, jhon enters 'QA AUTOMOTION' into observaciones, jhon clicks on Rango AM, jhon enters '1.012439364E9' into Rango PM, jhon clicks on Fecha, jhon clicks on Confirmar Fecha seleccionada, jhon clicks on Programar, jhon clicks on Finalizar Orden de servicio, jhon clicks on Heabeas Data, jhon clicks on Seleccionar el tipo de documento, Jhon seleccionar tipo documento, jhon enters '1.012439357E9' into Seleccionar el tipo de documento, jhon enters 'jhon.quinones@infotrack.com.co' into ¿Cuál es tu correo electrónico?, jhon enters 'QA 2' into ¿Cuales son tus apellidos?, jhon enters 'TEST 2' into ¿Cual es tu telefono fijo?, jhon enters '3.000000001E9' into Ingresa tu numero celular, jhon enters '3.000000001E9' into Seleccionar el tipo de documento, jhon clicks on Continuar, jhon enters 'Soacha' into Ciudad, jhon clicks on Lista de ciudades, jhon enters 'Cl 15 # 19 a – 159' into Direccion, jhon clicks on Buscar la dirección, jhon enters 'Armonia IV' into Datos adicionales, jhon clicks on Continuar ubicación servicio, jhon enters 'Reparación' into ¿Qué tipo de servicio solicitas?, jhon clicks on ¿Qué tipo de servicio solicitas? Lista, jhon enters 'CALENTADOR DE PASO 10 LTS. GAS NATURAL' into ¿Cuál es el producto?, jhon clicks on ¿Cuál es el producto? Lista, jhon enters 'BOTA AGUA' into ¿Cuál es el motivo de la reparación?, jhon clicks on ¿Cuál es el motivo de la reparación? Lista, jhon enters 'QA AUTOMOTION' into observaciones, jhon clicks on Rango AM, jhon enters '1.012439357E9' into Rango PM, jhon clicks on Fecha, jhon clicks on Confirmar Fecha seleccionada, jhon clicks on Programar, jhon clicks on Finalizar Orden de servicio, jhon clicks on Heabeas Data, jhon clicks on Seleccionar el tipo de documento, Jhon seleccionar tipo documento, jhon enters '8.300675571E9' into Seleccionar el tipo de documento, jhon enters 'jhon.quinones@infotrack.com.co' into ¿Cuál es tu correo electrónico?, jhon enters 'Test Automotion11' into Ingresa tu nombre, jhon enters '3.000000002E9' into Ingresa tu numero celular, jhon enters '3.000000002E9' into Seleccionar el tipo de documento, jhon clicks on Continuar, jhon enters 'Bogota' into Ciudad, jhon clicks on Lista de ciudades, jhon enters 'Av. Carrera 86 # 55A - 75 Engativá' into Direccion, jhon clicks on Buscar la dirección, jhon enters 'Bogota' into Datos adicionales, jhon clicks on Continuar ubicación servicio, jhon enters 'Garantia' into ¿Qué tipo de servicio solicitas?, jhon clicks on ¿Qué tipo de servicio solicitas? Lista, jhon enters 'ESTUFA A GAS 4 PUESTOS E/E 120V NEGRA' into ¿Cuál es el producto?, jhon clicks on ¿Cuál es el producto? Lista, jhon enters 'AHUMA' into ¿Cuál es el motivo de la reparación?, jhon clicks on ¿Cuál es el motivo de la reparación? Lista, jhon enters 'QA AUTOMOTION' into observaciones, jhon clicks on Rango AM, jhon enters '1.012439358E9' into Rango PM, jhon clicks on Fecha, jhon clicks on Confirmar Fecha seleccionada, jhon clicks on Programar, jhon clicks on Finalizar Orden de servicio, jhon clicks on Heabeas Data, jhon clicks on Seleccionar el tipo de documento, Jhon seleccionar tipo documento, jhon enters '1.012439359E9' into Seleccionar el tipo de documento, jhon enters 'jhon.quinones@infotrack.com.co' into ¿Cuál es tu correo electrónico?, jhon enters 'QA 4' into ¿Cuales son tus apellidos?, jhon enters 'TEST 4' into ¿Cual es tu telefono fijo?, jhon enters '3.000000003E9' into Ingresa tu numero celular, jhon enters '3.000000003E9' into Seleccionar el tipo de documento, jhon clicks on Continuar, jhon enters 'Soacha' into Ciudad, jhon clicks on Lista de ciudades, jhon enters 'Cra. 72C #22A-74, Fontibón' into Direccion, jhon clicks on Buscar la dirección, jhon enters 'Bogota, Cundinamarca' into Datos adicionales, jhon clicks on Continuar ubicación servicio, jhon enters 'Mantenimiento' into ¿Qué tipo de servicio solicitas?, jhon clicks on ¿Qué tipo de servicio solicitas? Lista, jhon enters 'NEVERA 5.3 PIES ALMENDRA' into ¿Cuál es el producto?, jhon clicks on ¿Cuál es el producto? Lista, jhon enters 'NO CONGELA' into ¿Cuál es el motivo de la reparación?, jhon clicks on ¿Cuál es el motivo de la reparación? Lista, jhon enters 'QA AUTOMOTION' into observaciones, jhon clicks on Rango AM, jhon enters '1.012439359E9' into Rango PM, jhon clicks on Fecha, jhon clicks on Confirmar Fecha seleccionada, jhon clicks on Programar, jhon clicks on Finalizar Orden de servicio, jhon clicks on Heabeas Data, jhon clicks on Seleccionar el tipo de documento, Jhon seleccionar tipo documento, jhon enters '1.01243936E9' into Seleccionar el tipo de documento, jhon enters 'jhon.quinones@infotrack.com.co' into ¿Cuál es tu correo electrónico?, jhon enters 'QA 5' into ¿Cuales son tus apellidos?, jhon enters 'TEST 5' into ¿Cual es tu telefono fijo?, jhon enters '3.000000004E9' into Ingresa tu numero celular, jhon enters '3.000000004E9' into Seleccionar el tipo de documento, jhon clicks on Continuar, jhon enters 'Bogota' into Ciudad, jhon clicks on Lista de ciudades, jhon enters 'Av. C. 130' into Direccion, jhon clicks on Buscar la dirección, jhon enters 'Bosa' into Datos adicionales, jhon clicks on Continuar ubicación servicio, jhon enters 'Reparación' into ¿Qué tipo de servicio solicitas?, jhon clicks on ¿Qué tipo de servicio solicitas? Lista, jhon enters 'NEVERA CR360 GRIS C.DIGITAL' into ¿Cuál es el producto?, jhon clicks on ¿Cuál es el producto? Lista]]
[Test worker] WARN net.thucydides.core.steps.BaseStepListener - stepStarted: net.thucydides.core.steps.ExecutedStepDescription@74bcf1ab
[Test worker] WARN net.thucydides.core.steps.BaseStepListener - stepFinished: current outcome:Proceso Autogestion - Agendamiento de servicios:Dado el usuario final cuando desee crear o agendar una orden de servicio [Jhon abrir pagina [jhon opens the Object abrir pagina]], Cuando Crea la orden de servicio [Jhon autogestion [jhon clicks on Heabeas Data, jhon clicks on Seleccionar el tipo de documento, Jhon seleccionar tipo documento, jhon enters '8.300675571E9' into Seleccionar el tipo de documento, jhon enters 'jhon.quinones@infotrack.com.co' into ¿Cuál es tu correo electrónico?, jhon enters 'Test Automotion9' into Ingresa tu nombre, jhon enters '3.0E9' into Ingresa tu numero celular, jhon enters '3.0E9' into Seleccionar el tipo de documento, jhon clicks on Continuar, jhon enters 'Bogota' into Ciudad, jhon clicks on Lista de ciudades, jhon enters 'Av. C. 127' into Direccion, jhon clicks on Buscar la dirección, jhon enters 'Norte' into Datos adicionales, jhon clicks on Continuar ubicación servicio, jhon enters 'Garantia' into ¿Qué tipo de servicio solicitas?, jhon clicks on ¿Qué tipo de servicio solicitas? Lista, jhon enters 'NEVERA 5.3 PIES ALMENDRA' into ¿Cuál es el producto?, jhon clicks on ¿Cuál es el producto? Lista, jhon enters 'BOTA AGUA' into ¿Cuál es el motivo de la reparación?, jhon clicks on ¿Cuál es el motivo de la reparación? Lista, jhon enters 'QA AUTOMOTION' into observaciones, jhon clicks on Rango AM, jhon enters '1.012439364E9' into Rango PM, jhon clicks on Fecha, jhon clicks on Confirmar Fecha seleccionada, jhon clicks on Programar, jhon clicks on Finalizar Orden de servicio, jhon clicks on Heabeas Data, jhon clicks on Seleccionar el tipo de documento, Jhon seleccionar tipo documento, jhon enters '1.012439357E9' into Seleccionar el tipo de documento, jhon enters 'jhon.quinones@infotrack.com.co' into ¿Cuál es tu correo electrónico?, jhon enters 'QA 2' into ¿Cuales son tus apellidos?, jhon enters 'TEST 2' into ¿Cual es tu telefono fijo?, jhon enters '3.000000001E9' into Ingresa tu numero celular, jhon enters '3.000000001E9' into Seleccionar el tipo de documento, jhon clicks on Continuar, jhon enters 'Soacha' into Ciudad, jhon clicks on Lista de ciudades, jhon enters 'Cl 15 # 19 a – 159' into Direccion, jhon clicks on Buscar la dirección, jhon enters 'Armonia IV' into Datos adicionales, jhon clicks on Continuar ubicación servicio, jhon enters 'Reparación' into ¿Qué tipo de servicio solicitas?, jhon clicks on ¿Qué tipo de servicio solicitas? Lista, jhon enters 'CALENTADOR DE PASO 10 LTS. GAS NATURAL' into ¿Cuál es el producto?, jhon clicks on ¿Cuál es el producto? Lista, jhon enters 'BOTA AGUA' into ¿Cuál es el motivo de la reparación?, jhon clicks on ¿Cuál es el motivo de la reparación? Lista, jhon enters 'QA AUTOMOTION' into observaciones, jhon clicks on Rango AM, jhon enters '1.012439357E9' into Rango PM, jhon clicks on Fecha, jhon clicks on Confirmar Fecha seleccionada, jhon clicks on Programar, jhon clicks on Finalizar Orden de servicio, jhon clicks on Heabeas Data, jhon clicks on Seleccionar el tipo de documento, Jhon seleccionar tipo documento, jhon enters '8.300675571E9' into Seleccionar el tipo de documento, jhon enters 'jhon.quinones@infotrack.com.co' into ¿Cuál es tu correo electrónico?, jhon enters 'Test Automotion11' into Ingresa tu nombre, jhon enters '3.000000002E9' into Ingresa tu numero celular, jhon enters '3.000000002E9' into Seleccionar el tipo de documento, jhon clicks on Continuar, jhon enters 'Bogota' into Ciudad, jhon clicks on Lista de ciudades, jhon enters 'Av. Carrera 86 # 55A - 75 Engativá' into Direccion, jhon clicks on Buscar la dirección, jhon enters 'Bogota' into Datos adicionales, jhon clicks on Continuar ubicación servicio, jhon enters 'Garantia' into ¿Qué tipo de servicio solicitas?, jhon clicks on ¿Qué tipo de servicio solicitas? Lista, jhon enters 'ESTUFA A GAS 4 PUESTOS E/E 120V NEGRA' into ¿Cuál es el producto?, jhon clicks on ¿Cuál es el producto? Lista, jhon enters 'AHUMA' into ¿Cuál es el motivo de la reparación?, jhon clicks on ¿Cuál es el motivo de la reparación? Lista, jhon enters 'QA AUTOMOTION' into observaciones, jhon clicks on Rango AM, jhon enters '1.012439358E9' into Rango PM, jhon clicks on Fecha, jhon clicks on Confirmar Fecha seleccionada, jhon clicks on Programar, jhon clicks on Finalizar Orden de servicio, jhon clicks on Heabeas Data, jhon clicks on Seleccionar el tipo de documento, Jhon seleccionar tipo documento, jhon enters '1.012439359E9' into Seleccionar el tipo de documento, jhon enters 'jhon.quinones@infotrack.com.co' into ¿Cuál es tu correo electrónico?, jhon enters 'QA 4' into ¿Cuales son tus apellidos?, jhon enters 'TEST 4' into ¿Cual es tu telefono fijo?, jhon enters '3.000000003E9' into Ingresa tu numero celular, jhon enters '3.000000003E9' into Seleccionar el tipo de documento, jhon clicks on Continuar, jhon enters 'Soacha' into Ciudad, jhon clicks on Lista de ciudades, jhon enters 'Cra. 72C #22A-74, Fontibón' into Direccion, jhon clicks on Buscar la dirección, jhon enters 'Bogota, Cundinamarca' into Datos adicionales, jhon clicks on Continuar ubicación servicio, jhon enters 'Mantenimiento' into ¿Qué tipo de servicio solicitas?, jhon clicks on ¿Qué tipo de servicio solicitas? Lista, jhon enters 'NEVERA 5.3 PIES ALMENDRA' into ¿Cuál es el producto?, jhon clicks on ¿Cuál es el producto? Lista, jhon enters 'NO CONGELA' into ¿Cuál es el motivo de la reparación?, jhon clicks on ¿Cuál es el motivo de la reparación? Lista, jhon enters 'QA AUTOMOTION' into observaciones, jhon clicks on Rango AM, jhon enters '1.012439359E9' into Rango PM, jhon clicks on Fecha, jhon clicks on Confirmar Fecha seleccionada, jhon clicks on Programar, jhon clicks on Finalizar Orden de servicio, jhon clicks on Heabeas Data, jhon clicks on Seleccionar el tipo de documento, Jhon seleccionar tipo documento, jhon enters '1.01243936E9' into Seleccionar el tipo de documento, jhon enters 'jhon.quinones@infotrack.com.co' into ¿Cuál es tu correo electrónico?, jhon enters 'QA 5' into ¿Cuales son tus apellidos?, jhon enters 'TEST 5' into ¿Cual es tu telefono fijo?, jhon enters '3.000000004E9' into Ingresa tu numero celular, jhon enters '3.000000004E9' into Seleccionar el tipo de documento, jhon clicks on Continuar, jhon enters 'Bogota' into Ciudad, jhon clicks on Lista de ciudades, jhon enters 'Av. C. 130' into Direccion, jhon clicks on Buscar la dirección, jhon enters 'Bosa' into Datos adicionales, jhon clicks on Continuar ubicación servicio, jhon enters 'Reparación' into ¿Qué tipo de servicio solicitas?, jhon clicks on ¿Qué tipo de servicio solicitas? Lista, jhon enters 'NEVERA CR360 GRIS C.DIGITAL' into ¿Cuál es el producto?, jhon clicks on ¿Cuál es el producto? Lista, jhon enters 'BOTA AGUA' into ¿Cuál es el motivo de la reparación?]]
[Test worker] WARN net.thucydides.core.steps.BaseStepListener - stepStarted: net.thucydides.core.steps.ExecutedStepDescription@34ea86ff
[Test worker] WARN net.thucydides.core.steps.BaseStepListener - stepFinished: current outcome:Proceso Autogestion - Agendamiento de servicios:Dado el usuario final cuando desee crear o agendar una orden de servicio [Jhon abrir pagina [jhon opens the Object abrir pagina]], Cuando Crea la orden de servicio [Jhon autogestion [jhon clicks on Heabeas Data, jhon clicks on Seleccionar el tipo de documento, Jhon seleccionar tipo documento, jhon enters '8.300675571E9' into Seleccionar el tipo de documento, jhon enters 'jhon.quinones@infotrack.com.co' into ¿Cuál es tu correo electrónico?, jhon enters 'Test Automotion9' into Ingresa tu nombre, jhon enters '3.0E9' into Ingresa tu numero celular, jhon enters '3.0E9' into Seleccionar el tipo de documento, jhon clicks on Continuar, jhon enters 'Bogota' into Ciudad, jhon clicks on Lista de ciudades, jhon enters 'Av. C. 127' into Direccion, jhon clicks on Buscar la dirección, jhon enters 'Norte' into Datos adicionales, jhon clicks on Continuar ubicación servicio, jhon enters 'Garantia' into ¿Qué tipo de servicio solicitas?, jhon clicks on ¿Qué tipo de servicio solicitas? Lista, jhon enters 'NEVERA 5.3 PIES ALMENDRA' into ¿Cuál es el producto?, jhon clicks on ¿Cuál es el producto? Lista, jhon enters 'BOTA AGUA' into ¿Cuál es el motivo de la reparación?, jhon clicks on ¿Cuál es el motivo de la reparación? Lista, jhon enters 'QA AUTOMOTION' into observaciones, jhon clicks on Rango AM, jhon enters '1.012439364E9' into Rango PM, jhon clicks on Fecha, jhon clicks on Confirmar Fecha seleccionada, jhon clicks on Programar, jhon clicks on Finalizar Orden de servicio, jhon clicks on Heabeas Data, jhon clicks on Seleccionar el tipo de documento, Jhon seleccionar tipo documento, jhon enters '1.012439357E9' into Seleccionar el tipo de documento, jhon enters 'jhon.quinones@infotrack.com.co' into ¿Cuál es tu correo electrónico?, jhon enters 'QA 2' into ¿Cuales son tus apellidos?, jhon enters 'TEST 2' into ¿Cual es tu telefono fijo?, jhon enters '3.000000001E9' into Ingresa tu numero celular, jhon enters '3.000000001E9' into Seleccionar el tipo de documento, jhon clicks on Continuar, jhon enters 'Soacha' into Ciudad, jhon clicks on Lista de ciudades, jhon enters 'Cl 15 # 19 a – 159' into Direccion, jhon clicks on Buscar la dirección, jhon enters 'Armonia IV' into Datos adicionales, jhon clicks on Continuar ubicación servicio, jhon enters 'Reparación' into ¿Qué tipo de servicio solicitas?, jhon clicks on ¿Qué tipo de servicio solicitas? Lista, jhon enters 'CALENTADOR DE PASO 10 LTS. GAS NATURAL' into ¿Cuál es el producto?, jhon clicks on ¿Cuál es el producto? Lista, jhon enters 'BOTA AGUA' into ¿Cuál es el motivo de la reparación?, jhon clicks on ¿Cuál es el motivo de la reparación? Lista, jhon enters 'QA AUTOMOTION' into observaciones, jhon clicks on Rango AM, jhon enters '1.012439357E9' into Rango PM, jhon clicks on Fecha, jhon clicks on Confirmar Fecha seleccionada, jhon clicks on Programar, jhon clicks on Finalizar Orden de servicio, jhon clicks on Heabeas Data, jhon clicks on Seleccionar el tipo de documento, Jhon seleccionar tipo documento, jhon enters '8.300675571E9' into Seleccionar el tipo de documento, jhon enters 'jhon.quinones@infotrack.com.co' into ¿Cuál es tu correo electrónico?, jhon enters 'Test Automotion11' into Ingresa tu nombre, jhon enters '3.000000002E9' into Ingresa tu numero celular, jhon enters '3.000000002E9' into Seleccionar el tipo de documento, jhon clicks on Continuar, jhon enters 'Bogota' into Ciudad, jhon clicks on Lista de ciudades, jhon enters 'Av. Carrera 86 # 55A - 75 Engativá' into Direccion, jhon clicks on Buscar la dirección, jhon enters 'Bogota' into Datos adicionales, jhon clicks on Continuar ubicación servicio, jhon enters 'Garantia' into ¿Qué tipo de servicio solicitas?, jhon clicks on ¿Qué tipo de servicio solicitas? Lista, jhon enters 'ESTUFA A GAS 4 PUESTOS E/E 120V NEGRA' into ¿Cuál es el producto?, jhon clicks on ¿Cuál es el producto? Lista, jhon enters 'AHUMA' into ¿Cuál es el motivo de la reparación?, jhon clicks on ¿Cuál es el motivo de la reparación? Lista, jhon enters 'QA AUTOMOTION' into observaciones, jhon clicks on Rango AM, jhon enters '1.012439358E9' into Rango PM, jhon clicks on Fecha, jhon clicks on Confirmar Fecha seleccionada, jhon clicks on Programar, jhon clicks on Finalizar Orden de servicio, jhon clicks on Heabeas Data, jhon clicks on Seleccionar el tipo de documento, Jhon seleccionar tipo documento, jhon enters '1.012439359E9' into Seleccionar el tipo de documento, jhon enters 'jhon.quinones@infotrack.com.co' into ¿Cuál es tu correo electrónico?, jhon enters 'QA 4' into ¿Cuales son tus apellidos?, jhon enters 'TEST 4' into ¿Cual es tu telefono fijo?, jhon enters '3.000000003E9' into Ingresa tu numero celular, jhon enters '3.000000003E9' into Seleccionar el tipo de documento, jhon clicks on Continuar, jhon enters 'Soacha' into Ciudad, jhon clicks on Lista de ciudades, jhon enters 'Cra. 72C #22A-74, Fontibón' into Direccion, jhon clicks on Buscar la dirección, jhon enters 'Bogota, Cundinamarca' into Datos adicionales, jhon clicks on Continuar ubicación servicio, jhon enters 'Mantenimiento' into ¿Qué tipo de servicio solicitas?, jhon clicks on ¿Qué tipo de servicio solicitas? Lista, jhon enters 'NEVERA 5.3 PIES ALMENDRA' into ¿Cuál es el producto?, jhon clicks on ¿Cuál es el producto? Lista, jhon enters 'NO CONGELA' into ¿Cuál es el motivo de la reparación?, jhon clicks on ¿Cuál es el motivo de la reparación? Lista, jhon enters 'QA AUTOMOTION' into observaciones, jhon clicks on Rango AM, jhon enters '1.012439359E9' into Rango PM, jhon clicks on Fecha, jhon clicks on Confirmar Fecha seleccionada, jhon clicks on Programar, jhon clicks on Finalizar Orden de servicio, jhon clicks on Heabeas Data, jhon clicks on Seleccionar el tipo de documento, Jhon seleccionar tipo documento, jhon enters '1.01243936E9' into Seleccionar el tipo de documento, jhon enters 'jhon.quinones@infotrack.com.co' into ¿Cuál es tu correo electrónico?, jhon enters 'QA 5' into ¿Cuales son tus apellidos?, jhon enters 'TEST 5' into ¿Cual es tu telefono fijo?, jhon enters '3.000000004E9' into Ingresa tu numero celular, jhon enters '3.000000004E9' into Seleccionar el tipo de documento, jhon clicks on Continuar, jhon enters 'Bogota' into Ciudad, jhon clicks on Lista de ciudades, jhon enters 'Av. C. 130' into Direccion, jhon clicks on Buscar la dirección, jhon enters 'Bosa' into Datos adicionales, jhon clicks on Continuar ubicación servicio, jhon enters 'Reparación' into ¿Qué tipo de servicio solicitas?, jhon clicks on ¿Qué tipo de servicio solicitas? Lista, jhon enters 'NEVERA CR360 GRIS C.DIGITAL' into ¿Cuál es el producto?, jhon clicks on ¿Cuál es el producto? Lista, jhon enters 'BOTA AGUA' into ¿Cuál es el motivo de la reparación?, jhon clicks on ¿Cuál es el motivo de la reparación? Lista]]
[Test worker] WARN net.thucydides.core.steps.BaseStepListener - stepStarted: net.thucydides.core.steps.ExecutedStepDescription@22d47f09
[Test worker] WARN net.thucydides.core.steps.BaseStepListener - stepFinished: current outcome:Proceso Autogestion - Agendamiento de servicios:Dado el usuario final cuando desee crear o agendar una orden de servicio [Jhon abrir pagina [jhon opens the Object abrir pagina]], Cuando Crea la orden de servicio [Jhon autogestion [jhon clicks on Heabeas Data, jhon clicks on Seleccionar el tipo de documento, Jhon seleccionar tipo documento, jhon enters '8.300675571E9' into Seleccionar el tipo de documento, jhon enters 'jhon.quinones@infotrack.com.co' into ¿Cuál es tu correo electrónico?, jhon enters 'Test Automotion9' into Ingresa tu nombre, jhon enters '3.0E9' into Ingresa tu numero celular, jhon enters '3.0E9' into Seleccionar el tipo de documento, jhon clicks on Continuar, jhon enters 'Bogota' into Ciudad, jhon clicks on Lista de ciudades, jhon enters 'Av. C. 127' into Direccion, jhon clicks on Buscar la dirección, jhon enters 'Norte' into Datos adicionales, jhon clicks on Continuar ubicación servicio, jhon enters 'Garantia' into ¿Qué tipo de servicio solicitas?, jhon clicks on ¿Qué tipo de servicio solicitas? Lista, jhon enters 'NEVERA 5.3 PIES ALMENDRA' into ¿Cuál es el producto?, jhon clicks on ¿Cuál es el producto? Lista, jhon enters 'BOTA AGUA' into ¿Cuál es el motivo de la reparación?, jhon clicks on ¿Cuál es el motivo de la reparación? Lista, jhon enters 'QA AUTOMOTION' into observaciones, jhon clicks on Rango AM, jhon enters '1.012439364E9' into Rango PM, jhon clicks on Fecha, jhon clicks on Confirmar Fecha seleccionada, jhon clicks on Programar, jhon clicks on Finalizar Orden de servicio, jhon clicks on Heabeas Data, jhon clicks on Seleccionar el tipo de documento, Jhon seleccionar tipo documento, jhon enters '1.012439357E9' into Seleccionar el tipo de documento, jhon enters 'jhon.quinones@infotrack.com.co' into ¿Cuál es tu correo electrónico?, jhon enters 'QA 2' into ¿Cuales son tus apellidos?, jhon enters 'TEST 2' into ¿Cual es tu telefono fijo?, jhon enters '3.000000001E9' into Ingresa tu numero celular, jhon enters '3.000000001E9' into Seleccionar el tipo de documento, jhon clicks on Continuar, jhon enters 'Soacha' into Ciudad, jhon clicks on Lista de ciudades, jhon enters 'Cl 15 # 19 a – 159' into Direccion, jhon clicks on Buscar la dirección, jhon enters 'Armonia IV' into Datos adicionales, jhon clicks on Continuar ubicación servicio, jhon enters 'Reparación' into ¿Qué tipo de servicio solicitas?, jhon clicks on ¿Qué tipo de servicio solicitas? Lista, jhon enters 'CALENTADOR DE PASO 10 LTS. GAS NATURAL' into ¿Cuál es el producto?, jhon clicks on ¿Cuál es el producto? Lista, jhon enters 'BOTA AGUA' into ¿Cuál es el motivo de la reparación?, jhon clicks on ¿Cuál es el motivo de la reparación? Lista, jhon enters 'QA AUTOMOTION' into observaciones, jhon clicks on Rango AM, jhon enters '1.012439357E9' into Rango PM, jhon clicks on Fecha, jhon clicks on Confirmar Fecha seleccionada, jhon clicks on Programar, jhon clicks on Finalizar Orden de servicio, jhon clicks on Heabeas Data, jhon clicks on Seleccionar el tipo de documento, Jhon seleccionar tipo documento, jhon enters '8.300675571E9' into Seleccionar el tipo de documento, jhon enters 'jhon.quinones@infotrack.com.co' into ¿Cuál es tu correo electrónico?, jhon enters 'Test Automotion11' into Ingresa tu nombre, jhon enters '3.000000002E9' into Ingresa tu numero celular, jhon enters '3.000000002E9' into Seleccionar el tipo de documento, jhon clicks on Continuar, jhon enters 'Bogota' into Ciudad, jhon clicks on Lista de ciudades, jhon enters 'Av. Carrera 86 # 55A - 75 Engativá' into Direccion, jhon clicks on Buscar la dirección, jhon enters 'Bogota' into Datos adicionales, jhon clicks on Continuar ubicación servicio, jhon enters 'Garantia' into ¿Qué tipo de servicio solicitas?, jhon clicks on ¿Qué tipo de servicio solicitas? Lista, jhon enters 'ESTUFA A GAS 4 PUESTOS E/E 120V NEGRA' into ¿Cuál es el producto?, jhon clicks on ¿Cuál es el producto? Lista, jhon enters 'AHUMA' into ¿Cuál es el motivo de la reparación?, jhon clicks on ¿Cuál es el motivo de la reparación? Lista, jhon enters 'QA AUTOMOTION' into observaciones, jhon clicks on Rango AM, jhon enters '1.012439358E9' into Rango PM, jhon clicks on Fecha, jhon clicks on Confirmar Fecha seleccionada, jhon clicks on Programar, jhon clicks on Finalizar Orden de servicio, jhon clicks on Heabeas Data, jhon clicks on Seleccionar el tipo de documento, Jhon seleccionar tipo documento, jhon enters '1.012439359E9' into Seleccionar el tipo de documento, jhon enters 'jhon.quinones@infotrack.com.co' into ¿Cuál es tu correo electrónico?, jhon enters 'QA 4' into ¿Cuales son tus apellidos?, jhon enters 'TEST 4' into ¿Cual es tu telefono fijo?, jhon enters '3.000000003E9' into Ingresa tu numero celular, jhon enters '3.000000003E9' into Seleccionar el tipo de documento, jhon clicks on Continuar, jhon enters 'Soacha' into Ciudad, jhon clicks on Lista de ciudades, jhon enters 'Cra. 72C #22A-74, Fontibón' into Direccion, jhon clicks on Buscar la dirección, jhon enters 'Bogota, Cundinamarca' into Datos adicionales, jhon clicks on Continuar ubicación servicio, jhon enters 'Mantenimiento' into ¿Qué tipo de servicio solicitas?, jhon clicks on ¿Qué tipo de servicio solicitas? Lista, jhon enters 'NEVERA 5.3 PIES ALMENDRA' into ¿Cuál es el producto?, jhon clicks on ¿Cuál es el producto? Lista, jhon enters 'NO CONGELA' into ¿Cuál es el motivo de la reparación?, jhon clicks on ¿Cuál es el motivo de la reparación? Lista, jhon enters 'QA AUTOMOTION' into observaciones, jhon clicks on Rango AM, jhon enters '1.012439359E9' into Rango PM, jhon clicks on Fecha, jhon clicks on Confirmar Fecha seleccionada, jhon clicks on Programar, jhon clicks on Finalizar Orden de servicio, jhon clicks on Heabeas Data, jhon clicks on Seleccionar el tipo de documento, Jhon seleccionar tipo documento, jhon enters '1.01243936E9' into Seleccionar el tipo de documento, jhon enters 'jhon.quinones@infotrack.com.co' into ¿Cuál es tu correo electrónico?, jhon enters 'QA 5' into ¿Cuales son tus apellidos?, jhon enters 'TEST 5' into ¿Cual es tu telefono fijo?, jhon enters '3.000000004E9' into Ingresa tu numero celular, jhon enters '3.000000004E9' into Seleccionar el tipo de documento, jhon clicks on Continuar, jhon enters 'Bogota' into Ciudad, jhon clicks on Lista de ciudades, jhon enters 'Av. C. 130' into Direccion, jhon clicks on Buscar la dirección, jhon enters 'Bosa' into Datos adicionales, jhon clicks on Continuar ubicación servicio, jhon enters 'Reparación' into ¿Qué tipo de servicio solicitas?, jhon clicks on ¿Qué tipo de servicio solicitas? Lista, jhon enters 'NEVERA CR360 GRIS C.DIGITAL' into ¿Cuál es el producto?, jhon clicks on ¿Cuál es el producto? Lista, jhon enters 'BOTA AGUA' into ¿Cuál es el motivo de la reparación?, jhon clicks on ¿Cuál es el motivo de la reparación? Lista, jhon enters 'QA AUTOMOTION' into observaciones]]
[Test worker] WARN net.thucydides.core.steps.BaseStepListener - stepStarted: net.thucydides.core.steps.ExecutedStepDescription@4e3d36c2
[Test worker] WARN net.thucydides.core.steps.BaseStepListener - stepFinished: current outcome:Proceso Autogestion - Agendamiento de servicios:Dado el usuario final cuando desee crear o agendar una orden de servicio [Jhon abrir pagina [jhon opens the Object abrir pagina]], Cuando Crea la orden de servicio [Jhon autogestion [jhon clicks on Heabeas Data, jhon clicks on Seleccionar el tipo de documento, Jhon seleccionar tipo documento, jhon enters '8.300675571E9' into Seleccionar el tipo de documento, jhon enters 'jhon.quinones@infotrack.com.co' into ¿Cuál es tu correo electrónico?, jhon enters 'Test Automotion9' into Ingresa tu nombre, jhon enters '3.0E9' into Ingresa tu numero celular, jhon enters '3.0E9' into Seleccionar el tipo de documento, jhon clicks on Continuar, jhon enters 'Bogota' into Ciudad, jhon clicks on Lista de ciudades, jhon enters 'Av. C. 127' into Direccion, jhon clicks on Buscar la dirección, jhon enters 'Norte' into Datos adicionales, jhon clicks on Continuar ubicación servicio, jhon enters 'Garantia' into ¿Qué tipo de servicio solicitas?, jhon clicks on ¿Qué tipo de servicio solicitas? Lista, jhon enters 'NEVERA 5.3 PIES ALMENDRA' into ¿Cuál es el producto?, jhon clicks on ¿Cuál es el producto? Lista, jhon enters 'BOTA AGUA' into ¿Cuál es el motivo de la reparación?, jhon clicks on ¿Cuál es el motivo de la reparación? Lista, jhon enters 'QA AUTOMOTION' into observaciones, jhon clicks on Rango AM, jhon enters '1.012439364E9' into Rango PM, jhon clicks on Fecha, jhon clicks on Confirmar Fecha seleccionada, jhon clicks on Programar, jhon clicks on Finalizar Orden de servicio, jhon clicks on Heabeas Data, jhon clicks on Seleccionar el tipo de documento, Jhon seleccionar tipo documento, jhon enters '1.012439357E9' into Seleccionar el tipo de documento, jhon enters 'jhon.quinones@infotrack.com.co' into ¿Cuál es tu correo electrónico?, jhon enters 'QA 2' into ¿Cuales son tus apellidos?, jhon enters 'TEST 2' into ¿Cual es tu telefono fijo?, jhon enters '3.000000001E9' into Ingresa tu numero celular, jhon enters '3.000000001E9' into Seleccionar el tipo de documento, jhon clicks on Continuar, jhon enters 'Soacha' into Ciudad, jhon clicks on Lista de ciudades, jhon enters 'Cl 15 # 19 a – 159' into Direccion, jhon clicks on Buscar la dirección, jhon enters 'Armonia IV' into Datos adicionales, jhon clicks on Continuar ubicación servicio, jhon enters 'Reparación' into ¿Qué tipo de servicio solicitas?, jhon clicks on ¿Qué tipo de servicio solicitas? Lista, jhon enters 'CALENTADOR DE PASO 10 LTS. GAS NATURAL' into ¿Cuál es el producto?, jhon clicks on ¿Cuál es el producto? Lista, jhon enters 'BOTA AGUA' into ¿Cuál es el motivo de la reparación?, jhon clicks on ¿Cuál es el motivo de la reparación? Lista, jhon enters 'QA AUTOMOTION' into observaciones, jhon clicks on Rango AM, jhon enters '1.012439357E9' into Rango PM, jhon clicks on Fecha, jhon clicks on Confirmar Fecha seleccionada, jhon clicks on Programar, jhon clicks on Finalizar Orden de servicio, jhon clicks on Heabeas Data, jhon clicks on Seleccionar el tipo de documento, Jhon seleccionar tipo documento, jhon enters '8.300675571E9' into Seleccionar el tipo de documento, jhon enters 'jhon.quinones@infotrack.com.co' into ¿Cuál es tu correo electrónico?, jhon enters 'Test Automotion11' into Ingresa tu nombre, jhon enters '3.000000002E9' into Ingresa tu numero celular, jhon enters '3.000000002E9' into Seleccionar el tipo de documento, jhon clicks on Continuar, jhon enters 'Bogota' into Ciudad, jhon clicks on Lista de ciudades, jhon enters 'Av. Carrera 86 # 55A - 75 Engativá' into Direccion, jhon clicks on Buscar la dirección, jhon enters 'Bogota' into Datos adicionales, jhon clicks on Continuar ubicación servicio, jhon enters 'Garantia' into ¿Qué tipo de servicio solicitas?, jhon clicks on ¿Qué tipo de servicio solicitas? Lista, jhon enters 'ESTUFA A GAS 4 PUESTOS E/E 120V NEGRA' into ¿Cuál es el producto?, jhon clicks on ¿Cuál es el producto? Lista, jhon enters 'AHUMA' into ¿Cuál es el motivo de la reparación?, jhon clicks on ¿Cuál es el motivo de la reparación? Lista, jhon enters 'QA AUTOMOTION' into observaciones, jhon clicks on Rango AM, jhon enters '1.012439358E9' into Rango PM, jhon clicks on Fecha, jhon clicks on Confirmar Fecha seleccionada, jhon clicks on Programar, jhon clicks on Finalizar Orden de servicio, jhon clicks on Heabeas Data, jhon clicks on Seleccionar el tipo de documento, Jhon seleccionar tipo documento, jhon enters '1.012439359E9' into Seleccionar el tipo de documento, jhon enters 'jhon.quinones@infotrack.com.co' into ¿Cuál es tu correo electrónico?, jhon enters 'QA 4' into ¿Cuales son tus apellidos?, jhon enters 'TEST 4' into ¿Cual es tu telefono fijo?, jhon enters '3.000000003E9' into Ingresa tu numero celular, jhon enters '3.000000003E9' into Seleccionar el tipo de documento, jhon clicks on Continuar, jhon enters 'Soacha' into Ciudad, jhon clicks on Lista de ciudades, jhon enters 'Cra. 72C #22A-74, Fontibón' into Direccion, jhon clicks on Buscar la dirección, jhon enters 'Bogota, Cundinamarca' into Datos adicionales, jhon clicks on Continuar ubicación servicio, jhon enters 'Mantenimiento' into ¿Qué tipo de servicio solicitas?, jhon clicks on ¿Qué tipo de servicio solicitas? Lista, jhon enters 'NEVERA 5.3 PIES ALMENDRA' into ¿Cuál es el producto?, jhon clicks on ¿Cuál es el producto? Lista, jhon enters 'NO CONGELA' into ¿Cuál es el motivo de la reparación?, jhon clicks on ¿Cuál es el motivo de la reparación? Lista, jhon enters 'QA AUTOMOTION' into observaciones, jhon clicks on Rango AM, jhon enters '1.012439359E9' into Rango PM, jhon clicks on Fecha, jhon clicks on Confirmar Fecha seleccionada, jhon clicks on Programar, jhon clicks on Finalizar Orden de servicio, jhon clicks on Heabeas Data, jhon clicks on Seleccionar el tipo de documento, Jhon seleccionar tipo documento, jhon enters '1.01243936E9' into Seleccionar el tipo de documento, jhon enters 'jhon.quinones@infotrack.com.co' into ¿Cuál es tu correo electrónico?, jhon enters 'QA 5' into ¿Cuales son tus apellidos?, jhon enters 'TEST 5' into ¿Cual es tu telefono fijo?, jhon enters '3.000000004E9' into Ingresa tu numero celular, jhon enters '3.000000004E9' into Seleccionar el tipo de documento, jhon clicks on Continuar, jhon enters 'Bogota' into Ciudad, jhon clicks on Lista de ciudades, jhon enters 'Av. C. 130' into Direccion, jhon clicks on Buscar la dirección, jhon enters 'Bosa' into Datos adicionales, jhon clicks on Continuar ubicación servicio, jhon enters 'Reparación' into ¿Qué tipo de servicio solicitas?, jhon clicks on ¿Qué tipo de servicio solicitas? Lista, jhon enters 'NEVERA CR360 GRIS C.DIGITAL' into ¿Cuál es el producto?, jhon clicks on ¿Cuál es el producto? Lista, jhon enters 'BOTA AGUA' into ¿Cuál es el motivo de la reparación?, jhon clicks on ¿Cuál es el motivo de la reparación? Lista, jhon enters 'QA AUTOMOTION' into observaciones, jhon clicks on Rango AM]]
[Test worker] WARN net.thucydides.core.steps.BaseStepListener - stepStarted: net.thucydides.core.steps.ExecutedStepDescription@1a1f22f2
[Test worker] WARN net.thucydides.core.steps.BaseStepListener - stepFinished: current outcome:Proceso Autogestion - Agendamiento de servicios:Dado el usuario final cuando desee crear o agendar una orden de servicio [Jhon abrir pagina [jhon opens the Object abrir pagina]], Cuando Crea la orden de servicio [Jhon autogestion [jhon clicks on Heabeas Data, jhon clicks on Seleccionar el tipo de documento, Jhon seleccionar tipo documento, jhon enters '8.300675571E9' into Seleccionar el tipo de documento, jhon enters 'jhon.quinones@infotrack.com.co' into ¿Cuál es tu correo electrónico?, jhon enters 'Test Automotion9' into Ingresa tu nombre, jhon enters '3.0E9' into Ingresa tu numero celular, jhon enters '3.0E9' into Seleccionar el tipo de documento, jhon clicks on Continuar, jhon enters 'Bogota' into Ciudad, jhon clicks on Lista de ciudades, jhon enters 'Av. C. 127' into Direccion, jhon clicks on Buscar la dirección, jhon enters 'Norte' into Datos adicionales, jhon clicks on Continuar ubicación servicio, jhon enters 'Garantia' into ¿Qué tipo de servicio solicitas?, jhon clicks on ¿Qué tipo de servicio solicitas? Lista, jhon enters 'NEVERA 5.3 PIES ALMENDRA' into ¿Cuál es el producto?, jhon clicks on ¿Cuál es el producto? Lista, jhon enters 'BOTA AGUA' into ¿Cuál es el motivo de la reparación?, jhon clicks on ¿Cuál es el motivo de la reparación? Lista, jhon enters 'QA AUTOMOTION' into observaciones, jhon clicks on Rango AM, jhon enters '1.012439364E9' into Rango PM, jhon clicks on Fecha, jhon clicks on Confirmar Fecha seleccionada, jhon clicks on Programar, jhon clicks on Finalizar Orden de servicio, jhon clicks on Heabeas Data, jhon clicks on Seleccionar el tipo de documento, Jhon seleccionar tipo documento, jhon enters '1.012439357E9' into Seleccionar el tipo de documento, jhon enters 'jhon.quinones@infotrack.com.co' into ¿Cuál es tu correo electrónico?, jhon enters 'QA 2' into ¿Cuales son tus apellidos?, jhon enters 'TEST 2' into ¿Cual es tu telefono fijo?, jhon enters '3.000000001E9' into Ingresa tu numero celular, jhon enters '3.000000001E9' into Seleccionar el tipo de documento, jhon clicks on Continuar, jhon enters 'Soacha' into Ciudad, jhon clicks on Lista de ciudades, jhon enters 'Cl 15 # 19 a – 159' into Direccion, jhon clicks on Buscar la dirección, jhon enters 'Armonia IV' into Datos adicionales, jhon clicks on Continuar ubicación servicio, jhon enters 'Reparación' into ¿Qué tipo de servicio solicitas?, jhon clicks on ¿Qué tipo de servicio solicitas? Lista, jhon enters 'CALENTADOR DE PASO 10 LTS. GAS NATURAL' into ¿Cuál es el producto?, jhon clicks on ¿Cuál es el producto? Lista, jhon enters 'BOTA AGUA' into ¿Cuál es el motivo de la reparación?, jhon clicks on ¿Cuál es el motivo de la reparación? Lista, jhon enters 'QA AUTOMOTION' into observaciones, jhon clicks on Rango AM, jhon enters '1.012439357E9' into Rango PM, jhon clicks on Fecha, jhon clicks on Confirmar Fecha seleccionada, jhon clicks on Programar, jhon clicks on Finalizar Orden de servicio, jhon clicks on Heabeas Data, jhon clicks on Seleccionar el tipo de documento, Jhon seleccionar tipo documento, jhon enters '8.300675571E9' into Seleccionar el tipo de documento, jhon enters 'jhon.quinones@infotrack.com.co' into ¿Cuál es tu correo electrónico?, jhon enters 'Test Automotion11' into Ingresa tu nombre, jhon enters '3.000000002E9' into Ingresa tu numero celular, jhon enters '3.000000002E9' into Seleccionar el tipo de documento, jhon clicks on Continuar, jhon enters 'Bogota' into Ciudad, jhon clicks on Lista de ciudades, jhon enters 'Av. Carrera 86 # 55A - 75 Engativá' into Direccion, jhon clicks on Buscar la dirección, jhon enters 'Bogota' into Datos adicionales, jhon clicks on Continuar ubicación servicio, jhon enters 'Garantia' into ¿Qué tipo de servicio solicitas?, jhon clicks on ¿Qué tipo de servicio solicitas? Lista, jhon enters 'ESTUFA A GAS 4 PUESTOS E/E 120V NEGRA' into ¿Cuál es el producto?, jhon clicks on ¿Cuál es el producto? Lista, jhon enters 'AHUMA' into ¿Cuál es el motivo de la reparación?, jhon clicks on ¿Cuál es el motivo de la reparación? Lista, jhon enters 'QA AUTOMOTION' into observaciones, jhon clicks on Rango AM, jhon enters '1.012439358E9' into Rango PM, jhon clicks on Fecha, jhon clicks on Confirmar Fecha seleccionada, jhon clicks on Programar, jhon clicks on Finalizar Orden de servicio, jhon clicks on Heabeas Data, jhon clicks on Seleccionar el tipo de documento, Jhon seleccionar tipo documento, jhon enters '1.012439359E9' into Seleccionar el tipo de documento, jhon enters 'jhon.quinones@infotrack.com.co' into ¿Cuál es tu correo electrónico?, jhon enters 'QA 4' into ¿Cuales son tus apellidos?, jhon enters 'TEST 4' into ¿Cual es tu telefono fijo?, jhon enters '3.000000003E9' into Ingresa tu numero celular, jhon enters '3.000000003E9' into Seleccionar el tipo de documento, jhon clicks on Continuar, jhon enters 'Soacha' into Ciudad, jhon clicks on Lista de ciudades, jhon enters 'Cra. 72C #22A-74, Fontibón' into Direccion, jhon clicks on Buscar la dirección, jhon enters 'Bogota, Cundinamarca' into Datos adicionales, jhon clicks on Continuar ubicación servicio, jhon enters 'Mantenimiento' into ¿Qué tipo de servicio solicitas?, jhon clicks on ¿Qué tipo de servicio solicitas? Lista, jhon enters 'NEVERA 5.3 PIES ALMENDRA' into ¿Cuál es el producto?, jhon clicks on ¿Cuál es el producto? Lista, jhon enters 'NO CONGELA' into ¿Cuál es el motivo de la reparación?, jhon clicks on ¿Cuál es el motivo de la reparación? Lista, jhon enters 'QA AUTOMOTION' into observaciones, jhon clicks on Rango AM, jhon enters '1.012439359E9' into Rango PM, jhon clicks on Fecha, jhon clicks on Confirmar Fecha seleccionada, jhon clicks on Programar, jhon clicks on Finalizar Orden de servicio, jhon clicks on Heabeas Data, jhon clicks on Seleccionar el tipo de documento, Jhon seleccionar tipo documento, jhon enters '1.01243936E9' into Seleccionar el tipo de documento, jhon enters 'jhon.quinones@infotrack.com.co' into ¿Cuál es tu correo electrónico?, jhon enters 'QA 5' into ¿Cuales son tus apellidos?, jhon enters 'TEST 5' into ¿Cual es tu telefono fijo?, jhon enters '3.000000004E9' into Ingresa tu numero celular, jhon enters '3.000000004E9' into Seleccionar el tipo de documento, jhon clicks on Continuar, jhon enters 'Bogota' into Ciudad, jhon clicks on Lista de ciudades, jhon enters 'Av. C. 130' into Direccion, jhon clicks on Buscar la dirección, jhon enters 'Bosa' into Datos adicionales, jhon clicks on Continuar ubicación servicio, jhon enters 'Reparación' into ¿Qué tipo de servicio solicitas?, jhon clicks on ¿Qué tipo de servicio solicitas? Lista, jhon enters 'NEVERA CR360 GRIS C.DIGITAL' into ¿Cuál es el producto?, jhon clicks on ¿Cuál es el producto? Lista, jhon enters 'BOTA AGUA' into ¿Cuál es el motivo de la reparación?, jhon clicks on ¿Cuál es el motivo de la reparación? Lista, jhon enters 'QA AUTOMOTION' into observaciones, jhon clicks on Rango AM, jhon enters '1.01243936E9' into Rango PM]]
[Test worker] WARN net.thucydides.core.steps.BaseStepListener - stepStarted: net.thucydides.core.steps.ExecutedStepDescription@4fe3f9ef
[Test worker] WARN net.thucydides.core.steps.BaseStepListener - stepFinished: current outcome:Proceso Autogestion - Agendamiento de servicios:Dado el usuario final cuando desee crear o agendar una orden de servicio [Jhon abrir pagina [jhon opens the Object abrir pagina]], Cuando Crea la orden de servicio [Jhon autogestion [jhon clicks on Heabeas Data, jhon clicks on Seleccionar el tipo de documento, Jhon seleccionar tipo documento, jhon enters '8.300675571E9' into Seleccionar el tipo de documento, jhon enters 'jhon.quinones@infotrack.com.co' into ¿Cuál es tu correo electrónico?, jhon enters 'Test Automotion9' into Ingresa tu nombre, jhon enters '3.0E9' into Ingresa tu numero celular, jhon enters '3.0E9' into Seleccionar el tipo de documento, jhon clicks on Continuar, jhon enters 'Bogota' into Ciudad, jhon clicks on Lista de ciudades, jhon enters 'Av. C. 127' into Direccion, jhon clicks on Buscar la dirección, jhon enters 'Norte' into Datos adicionales, jhon clicks on Continuar ubicación servicio, jhon enters 'Garantia' into ¿Qué tipo de servicio solicitas?, jhon clicks on ¿Qué tipo de servicio solicitas? Lista, jhon enters 'NEVERA 5.3 PIES ALMENDRA' into ¿Cuál es el producto?, jhon clicks on ¿Cuál es el producto? Lista, jhon enters 'BOTA AGUA' into ¿Cuál es el motivo de la reparación?, jhon clicks on ¿Cuál es el motivo de la reparación? Lista, jhon enters 'QA AUTOMOTION' into observaciones, jhon clicks on Rango AM, jhon enters '1.012439364E9' into Rango PM, jhon clicks on Fecha, jhon clicks on Confirmar Fecha seleccionada, jhon clicks on Programar, jhon clicks on Finalizar Orden de servicio, jhon clicks on Heabeas Data, jhon clicks on Seleccionar el tipo de documento, Jhon seleccionar tipo documento, jhon enters '1.012439357E9' into Seleccionar el tipo de documento, jhon enters 'jhon.quinones@infotrack.com.co' into ¿Cuál es tu correo electrónico?, jhon enters 'QA 2' into ¿Cuales son tus apellidos?, jhon enters 'TEST 2' into ¿Cual es tu telefono fijo?, jhon enters '3.000000001E9' into Ingresa tu numero celular, jhon enters '3.000000001E9' into Seleccionar el tipo de documento, jhon clicks on Continuar, jhon enters 'Soacha' into Ciudad, jhon clicks on Lista de ciudades, jhon enters 'Cl 15 # 19 a – 159' into Direccion, jhon clicks on Buscar la dirección, jhon enters 'Armonia IV' into Datos adicionales, jhon clicks on Continuar ubicación servicio, jhon enters 'Reparación' into ¿Qué tipo de servicio solicitas?, jhon clicks on ¿Qué tipo de servicio solicitas? Lista, jhon enters 'CALENTADOR DE PASO 10 LTS. GAS NATURAL' into ¿Cuál es el producto?, jhon clicks on ¿Cuál es el producto? Lista, jhon enters 'BOTA AGUA' into ¿Cuál es el motivo de la reparación?, jhon clicks on ¿Cuál es el motivo de la reparación? Lista, jhon enters 'QA AUTOMOTION' into observaciones, jhon clicks on Rango AM, jhon enters '1.012439357E9' into Rango PM, jhon clicks on Fecha, jhon clicks on Confirmar Fecha seleccionada, jhon clicks on Programar, jhon clicks on Finalizar Orden de servicio, jhon clicks on Heabeas Data, jhon clicks on Seleccionar el tipo de documento, Jhon seleccionar tipo documento, jhon enters '8.300675571E9' into Seleccionar el tipo de documento, jhon enters 'jhon.quinones@infotrack.com.co' into ¿Cuál es tu correo electrónico?, jhon enters 'Test Automotion11' into Ingresa tu nombre, jhon enters '3.000000002E9' into Ingresa tu numero celular, jhon enters '3.000000002E9' into Seleccionar el tipo de documento, jhon clicks on Continuar, jhon enters 'Bogota' into Ciudad, jhon clicks on Lista de ciudades, jhon enters 'Av. Carrera 86 # 55A - 75 Engativá' into Direccion, jhon clicks on Buscar la dirección, jhon enters 'Bogota' into Datos adicionales, jhon clicks on Continuar ubicación servicio, jhon enters 'Garantia' into ¿Qué tipo de servicio solicitas?, jhon clicks on ¿Qué tipo de servicio solicitas? Lista, jhon enters 'ESTUFA A GAS 4 PUESTOS E/E 120V NEGRA' into ¿Cuál es el producto?, jhon clicks on ¿Cuál es el producto? Lista, jhon enters 'AHUMA' into ¿Cuál es el motivo de la reparación?, jhon clicks on ¿Cuál es el motivo de la reparación? Lista, jhon enters 'QA AUTOMOTION' into observaciones, jhon clicks on Rango AM, jhon enters '1.012439358E9' into Rango PM, jhon clicks on Fecha, jhon clicks on Confirmar Fecha seleccionada, jhon clicks on Programar, jhon clicks on Finalizar Orden de servicio, jhon clicks on Heabeas Data, jhon clicks on Seleccionar el tipo de documento, Jhon seleccionar tipo documento, jhon enters '1.012439359E9' into Seleccionar el tipo de documento, jhon enters 'jhon.quinones@infotrack.com.co' into ¿Cuál es tu correo electrónico?, jhon enters 'QA 4' into ¿Cuales son tus apellidos?, jhon enters 'TEST 4' into ¿Cual es tu telefono fijo?, jhon enters '3.000000003E9' into Ingresa tu numero celular, jhon enters '3.000000003E9' into Seleccionar el tipo de documento, jhon clicks on Continuar, jhon enters 'Soacha' into Ciudad, jhon clicks on Lista de ciudades, jhon enters 'Cra. 72C #22A-74, Fontibón' into Direccion, jhon clicks on Buscar la dirección, jhon enters 'Bogota, Cundinamarca' into Datos adicionales, jhon clicks on Continuar ubicación servicio, jhon enters 'Mantenimiento' into ¿Qué tipo de servicio solicitas?, jhon clicks on ¿Qué tipo de servicio solicitas? Lista, jhon enters 'NEVERA 5.3 PIES ALMENDRA' into ¿Cuál es el producto?, jhon clicks on ¿Cuál es el producto? Lista, jhon enters 'NO CONGELA' into ¿Cuál es el motivo de la reparación?, jhon clicks on ¿Cuál es el motivo de la reparación? Lista, jhon enters 'QA AUTOMOTION' into observaciones, jhon clicks on Rango AM, jhon enters '1.012439359E9' into Rango PM, jhon clicks on Fecha, jhon clicks on Confirmar Fecha seleccionada, jhon clicks on Programar, jhon clicks on Finalizar Orden de servicio, jhon clicks on Heabeas Data, jhon clicks on Seleccionar el tipo de documento, Jhon seleccionar tipo documento, jhon enters '1.01243936E9' into Seleccionar el tipo de documento, jhon enters 'jhon.quinones@infotrack.com.co' into ¿Cuál es tu correo electrónico?, jhon enters 'QA 5' into ¿Cuales son tus apellidos?, jhon enters 'TEST 5' into ¿Cual es tu telefono fijo?, jhon enters '3.000000004E9' into Ingresa tu numero celular, jhon enters '3.000000004E9' into Seleccionar el tipo de documento, jhon clicks on Continuar, jhon enters 'Bogota' into Ciudad, jhon clicks on Lista de ciudades, jhon enters 'Av. C. 130' into Direccion, jhon clicks on Buscar la dirección, jhon enters 'Bosa' into Datos adicionales, jhon clicks on Continuar ubicación servicio, jhon enters 'Reparación' into ¿Qué tipo de servicio solicitas?, jhon clicks on ¿Qué tipo de servicio solicitas? Lista, jhon enters 'NEVERA CR360 GRIS C.DIGITAL' into ¿Cuál es el producto?, jhon clicks on ¿Cuál es el producto? Lista, jhon enters 'BOTA AGUA' into ¿Cuál es el motivo de la reparación?, jhon clicks on ¿Cuál es el motivo de la reparación? Lista, jhon enters 'QA AUTOMOTION' into observaciones, jhon clicks on Rango AM, jhon enters '1.01243936E9' into Rango PM, jhon clicks on Fecha]]
[Test worker] WARN net.thucydides.core.steps.BaseStepListener - stepStarted: net.thucydides.core.steps.ExecutedStepDescription@21b2579d
[Test worker] WARN net.thucydides.core.steps.BaseStepListener - stepFinished: current outcome:Proceso Autogestion - Agendamiento de servicios:Dado el usuario final cuando desee crear o agendar una orden de servicio [Jhon abrir pagina [jhon opens the Object abrir pagina]], Cuando Crea la orden de servicio [Jhon autogestion [jhon clicks on Heabeas Data, jhon clicks on Seleccionar el tipo de documento, Jhon seleccionar tipo documento, jhon enters '8.300675571E9' into Seleccionar el tipo de documento, jhon enters 'jhon.quinones@infotrack.com.co' into ¿Cuál es tu correo electrónico?, jhon enters 'Test Automotion9' into Ingresa tu nombre, jhon enters '3.0E9' into Ingresa tu numero celular, jhon enters '3.0E9' into Seleccionar el tipo de documento, jhon clicks on Continuar, jhon enters 'Bogota' into Ciudad, jhon clicks on Lista de ciudades, jhon enters 'Av. C. 127' into Direccion, jhon clicks on Buscar la dirección, jhon enters 'Norte' into Datos adicionales, jhon clicks on Continuar ubicación servicio, jhon enters 'Garantia' into ¿Qué tipo de servicio solicitas?, jhon clicks on ¿Qué tipo de servicio solicitas? Lista, jhon enters 'NEVERA 5.3 PIES ALMENDRA' into ¿Cuál es el producto?, jhon clicks on ¿Cuál es el producto? Lista, jhon enters 'BOTA AGUA' into ¿Cuál es el motivo de la reparación?, jhon clicks on ¿Cuál es el motivo de la reparación? Lista, jhon enters 'QA AUTOMOTION' into observaciones, jhon clicks on Rango AM, jhon enters '1.012439364E9' into Rango PM, jhon clicks on Fecha, jhon clicks on Confirmar Fecha seleccionada, jhon clicks on Programar, jhon clicks on Finalizar Orden de servicio, jhon clicks on Heabeas Data, jhon clicks on Seleccionar el tipo de documento, Jhon seleccionar tipo documento, jhon enters '1.012439357E9' into Seleccionar el tipo de documento, jhon enters 'jhon.quinones@infotrack.com.co' into ¿Cuál es tu correo electrónico?, jhon enters 'QA 2' into ¿Cuales son tus apellidos?, jhon enters 'TEST 2' into ¿Cual es tu telefono fijo?, jhon enters '3.000000001E9' into Ingresa tu numero celular, jhon enters '3.000000001E9' into Seleccionar el tipo de documento, jhon clicks on Continuar, jhon enters 'Soacha' into Ciudad, jhon clicks on Lista de ciudades, jhon enters 'Cl 15 # 19 a – 159' into Direccion, jhon clicks on Buscar la dirección, jhon enters 'Armonia IV' into Datos adicionales, jhon clicks on Continuar ubicación servicio, jhon enters 'Reparación' into ¿Qué tipo de servicio solicitas?, jhon clicks on ¿Qué tipo de servicio solicitas? Lista, jhon enters 'CALENTADOR DE PASO 10 LTS. GAS NATURAL' into ¿Cuál es el producto?, jhon clicks on ¿Cuál es el producto? Lista, jhon enters 'BOTA AGUA' into ¿Cuál es el motivo de la reparación?, jhon clicks on ¿Cuál es el motivo de la reparación? Lista, jhon enters 'QA AUTOMOTION' into observaciones, jhon clicks on Rango AM, jhon enters '1.012439357E9' into Rango PM, jhon clicks on Fecha, jhon clicks on Confirmar Fecha seleccionada, jhon clicks on Programar, jhon clicks on Finalizar Orden de servicio, jhon clicks on Heabeas Data, jhon clicks on Seleccionar el tipo de documento, Jhon seleccionar tipo documento, jhon enters '8.300675571E9' into Seleccionar el tipo de documento, jhon enters 'jhon.quinones@infotrack.com.co' into ¿Cuál es tu correo electrónico?, jhon enters 'Test Automotion11' into Ingresa tu nombre, jhon enters '3.000000002E9' into Ingresa tu numero celular, jhon enters '3.000000002E9' into Seleccionar el tipo de documento, jhon clicks on Continuar, jhon enters 'Bogota' into Ciudad, jhon clicks on Lista de ciudades, jhon enters 'Av. Carrera 86 # 55A - 75 Engativá' into Direccion, jhon clicks on Buscar la dirección, jhon enters 'Bogota' into Datos adicionales, jhon clicks on Continuar ubicación servicio, jhon enters 'Garantia' into ¿Qué tipo de servicio solicitas?, jhon clicks on ¿Qué tipo de servicio solicitas? Lista, jhon enters 'ESTUFA A GAS 4 PUESTOS E/E 120V NEGRA' into ¿Cuál es el producto?, jhon clicks on ¿Cuál es el producto? Lista, jhon enters 'AHUMA' into ¿Cuál es el motivo de la reparación?, jhon clicks on ¿Cuál es el motivo de la reparación? Lista, jhon enters 'QA AUTOMOTION' into observaciones, jhon clicks on Rango AM, jhon enters '1.012439358E9' into Rango PM, jhon clicks on Fecha, jhon clicks on Confirmar Fecha seleccionada, jhon clicks on Programar, jhon clicks on Finalizar Orden de servicio, jhon clicks on Heabeas Data, jhon clicks on Seleccionar el tipo de documento, Jhon seleccionar tipo documento, jhon enters '1.012439359E9' into Seleccionar el tipo de documento, jhon enters 'jhon.quinones@infotrack.com.co' into ¿Cuál es tu correo electrónico?, jhon enters 'QA 4' into ¿Cuales son tus apellidos?, jhon enters 'TEST 4' into ¿Cual es tu telefono fijo?, jhon enters '3.000000003E9' into Ingresa tu numero celular, jhon enters '3.000000003E9' into Seleccionar el tipo de documento, jhon clicks on Continuar, jhon enters 'Soacha' into Ciudad, jhon clicks on Lista de ciudades, jhon enters 'Cra. 72C #22A-74, Fontibón' into Direccion, jhon clicks on Buscar la dirección, jhon enters 'Bogota, Cundinamarca' into Datos adicionales, jhon clicks on Continuar ubicación servicio, jhon enters 'Mantenimiento' into ¿Qué tipo de servicio solicitas?, jhon clicks on ¿Qué tipo de servicio solicitas? Lista, jhon enters 'NEVERA 5.3 PIES ALMENDRA' into ¿Cuál es el producto?, jhon clicks on ¿Cuál es el producto? Lista, jhon enters 'NO CONGELA' into ¿Cuál es el motivo de la reparación?, jhon clicks on ¿Cuál es el motivo de la reparación? Lista, jhon enters 'QA AUTOMOTION' into observaciones, jhon clicks on Rango AM, jhon enters '1.012439359E9' into Rango PM, jhon clicks on Fecha, jhon clicks on Confirmar Fecha seleccionada, jhon clicks on Programar, jhon clicks on Finalizar Orden de servicio, jhon clicks on Heabeas Data, jhon clicks on Seleccionar el tipo de documento, Jhon seleccionar tipo documento, jhon enters '1.01243936E9' into Seleccionar el tipo de documento, jhon enters 'jhon.quinones@infotrack.com.co' into ¿Cuál es tu correo electrónico?, jhon enters 'QA 5' into ¿Cuales son tus apellidos?, jhon enters 'TEST 5' into ¿Cual es tu telefono fijo?, jhon enters '3.000000004E9' into Ingresa tu numero celular, jhon enters '3.000000004E9' into Seleccionar el tipo de documento, jhon clicks on Continuar, jhon enters 'Bogota' into Ciudad, jhon clicks on Lista de ciudades, jhon enters 'Av. C. 130' into Direccion, jhon clicks on Buscar la dirección, jhon enters 'Bosa' into Datos adicionales, jhon clicks on Continuar ubicación servicio, jhon enters 'Reparación' into ¿Qué tipo de servicio solicitas?, jhon clicks on ¿Qué tipo de servicio solicitas? Lista, jhon enters 'NEVERA CR360 GRIS C.DIGITAL' into ¿Cuál es el producto?, jhon clicks on ¿Cuál es el producto? Lista, jhon enters 'BOTA AGUA' into ¿Cuál es el motivo de la reparación?, jhon clicks on ¿Cuál es el motivo de la reparación? Lista, jhon enters 'QA AUTOMOTION' into observaciones, jhon clicks on Rango AM, jhon enters '1.01243936E9' into Rango PM, jhon clicks on Fecha, jhon clicks on Confirmar Fecha seleccionada]]
[Test worker] WARN net.thucydides.core.steps.BaseStepListener - stepStarted: net.thucydides.core.steps.ExecutedStepDescription@65cc3902
[Test worker] WARN net.thucydides.core.steps.BaseStepListener - stepFinished: current outcome:Proceso Autogestion - Agendamiento de servicios:Dado el usuario final cuando desee crear o agendar una orden de servicio [Jhon abrir pagina [jhon opens the Object abrir pagina]], Cuando Crea la orden de servicio [Jhon autogestion [jhon clicks on Heabeas Data, jhon clicks on Seleccionar el tipo de documento, Jhon seleccionar tipo documento, jhon enters '8.300675571E9' into Seleccionar el tipo de documento, jhon enters 'jhon.quinones@infotrack.com.co' into ¿Cuál es tu correo electrónico?, jhon enters 'Test Automotion9' into Ingresa tu nombre, jhon enters '3.0E9' into Ingresa tu numero celular, jhon enters '3.0E9' into Seleccionar el tipo de documento, jhon clicks on Continuar, jhon enters 'Bogota' into Ciudad, jhon clicks on Lista de ciudades, jhon enters 'Av. C. 127' into Direccion, jhon clicks on Buscar la dirección, jhon enters 'Norte' into Datos adicionales, jhon clicks on Continuar ubicación servicio, jhon enters 'Garantia' into ¿Qué tipo de servicio solicitas?, jhon clicks on ¿Qué tipo de servicio solicitas? Lista, jhon enters 'NEVERA 5.3 PIES ALMENDRA' into ¿Cuál es el producto?, jhon clicks on ¿Cuál es el producto? Lista, jhon enters 'BOTA AGUA' into ¿Cuál es el motivo de la reparación?, jhon clicks on ¿Cuál es el motivo de la reparación? Lista, jhon enters 'QA AUTOMOTION' into observaciones, jhon clicks on Rango AM, jhon enters '1.012439364E9' into Rango PM, jhon clicks on Fecha, jhon clicks on Confirmar Fecha seleccionada, jhon clicks on Programar, jhon clicks on Finalizar Orden de servicio, jhon clicks on Heabeas Data, jhon clicks on Seleccionar el tipo de documento, Jhon seleccionar tipo documento, jhon enters '1.012439357E9' into Seleccionar el tipo de documento, jhon enters 'jhon.quinones@infotrack.com.co' into ¿Cuál es tu correo electrónico?, jhon enters 'QA 2' into ¿Cuales son tus apellidos?, jhon enters 'TEST 2' into ¿Cual es tu telefono fijo?, jhon enters '3.000000001E9' into Ingresa tu numero celular, jhon enters '3.000000001E9' into Seleccionar el tipo de documento, jhon clicks on Continuar, jhon enters 'Soacha' into Ciudad, jhon clicks on Lista de ciudades, jhon enters 'Cl 15 # 19 a – 159' into Direccion, jhon clicks on Buscar la dirección, jhon enters 'Armonia IV' into Datos adicionales, jhon clicks on Continuar ubicación servicio, jhon enters 'Reparación' into ¿Qué tipo de servicio solicitas?, jhon clicks on ¿Qué tipo de servicio solicitas? Lista, jhon enters 'CALENTADOR DE PASO 10 LTS. GAS NATURAL' into ¿Cuál es el producto?, jhon clicks on ¿Cuál es el producto? Lista, jhon enters 'BOTA AGUA' into ¿Cuál es el motivo de la reparación?, jhon clicks on ¿Cuál es el motivo de la reparación? Lista, jhon enters 'QA AUTOMOTION' into observaciones, jhon clicks on Rango AM, jhon enters '1.012439357E9' into Rango PM, jhon clicks on Fecha, jhon clicks on Confirmar Fecha seleccionada, jhon clicks on Programar, jhon clicks on Finalizar Orden de servicio, jhon clicks on Heabeas Data, jhon clicks on Seleccionar el tipo de documento, Jhon seleccionar tipo documento, jhon enters '8.300675571E9' into Seleccionar el tipo de documento, jhon enters 'jhon.quinones@infotrack.com.co' into ¿Cuál es tu correo electrónico?, jhon enters 'Test Automotion11' into Ingresa tu nombre, jhon enters '3.000000002E9' into Ingresa tu numero celular, jhon enters '3.000000002E9' into Seleccionar el tipo de documento, jhon clicks on Continuar, jhon enters 'Bogota' into Ciudad, jhon clicks on Lista de ciudades, jhon enters 'Av. Carrera 86 # 55A - 75 Engativá' into Direccion, jhon clicks on Buscar la dirección, jhon enters 'Bogota' into Datos adicionales, jhon clicks on Continuar ubicación servicio, jhon enters 'Garantia' into ¿Qué tipo de servicio solicitas?, jhon clicks on ¿Qué tipo de servicio solicitas? Lista, jhon enters 'ESTUFA A GAS 4 PUESTOS E/E 120V NEGRA' into ¿Cuál es el producto?, jhon clicks on ¿Cuál es el producto? Lista, jhon enters 'AHUMA' into ¿Cuál es el motivo de la reparación?, jhon clicks on ¿Cuál es el motivo de la reparación? Lista, jhon enters 'QA AUTOMOTION' into observaciones, jhon clicks on Rango AM, jhon enters '1.012439358E9' into Rango PM, jhon clicks on Fecha, jhon clicks on Confirmar Fecha seleccionada, jhon clicks on Programar, jhon clicks on Finalizar Orden de servicio, jhon clicks on Heabeas Data, jhon clicks on Seleccionar el tipo de documento, Jhon seleccionar tipo documento, jhon enters '1.012439359E9' into Seleccionar el tipo de documento, jhon enters 'jhon.quinones@infotrack.com.co' into ¿Cuál es tu correo electrónico?, jhon enters 'QA 4' into ¿Cuales son tus apellidos?, jhon enters 'TEST 4' into ¿Cual es tu telefono fijo?, jhon enters '3.000000003E9' into Ingresa tu numero celular, jhon enters '3.000000003E9' into Seleccionar el tipo de documento, jhon clicks on Continuar, jhon enters 'Soacha' into Ciudad, jhon clicks on Lista de ciudades, jhon enters 'Cra. 72C #22A-74, Fontibón' into Direccion, jhon clicks on Buscar la dirección, jhon enters 'Bogota, Cundinamarca' into Datos adicionales, jhon clicks on Continuar ubicación servicio, jhon enters 'Mantenimiento' into ¿Qué tipo de servicio solicitas?, jhon clicks on ¿Qué tipo de servicio solicitas? Lista, jhon enters 'NEVERA 5.3 PIES ALMENDRA' into ¿Cuál es el producto?, jhon clicks on ¿Cuál es el producto? Lista, jhon enters 'NO CONGELA' into ¿Cuál es el motivo de la reparación?, jhon clicks on ¿Cuál es el motivo de la reparación? Lista, jhon enters 'QA AUTOMOTION' into observaciones, jhon clicks on Rango AM, jhon enters '1.012439359E9' into Rango PM, jhon clicks on Fecha, jhon clicks on Confirmar Fecha seleccionada, jhon clicks on Programar, jhon clicks on Finalizar Orden de servicio, jhon clicks on Heabeas Data, jhon clicks on Seleccionar el tipo de documento, Jhon seleccionar tipo documento, jhon enters '1.01243936E9' into Seleccionar el tipo de documento, jhon enters 'jhon.quinones@infotrack.com.co' into ¿Cuál es tu correo electrónico?, jhon enters 'QA 5' into ¿Cuales son tus apellidos?, jhon enters 'TEST 5' into ¿Cual es tu telefono fijo?, jhon enters '3.000000004E9' into Ingresa tu numero celular, jhon enters '3.000000004E9' into Seleccionar el tipo de documento, jhon clicks on Continuar, jhon enters 'Bogota' into Ciudad, jhon clicks on Lista de ciudades, jhon enters 'Av. C. 130' into Direccion, jhon clicks on Buscar la dirección, jhon enters 'Bosa' into Datos adicionales, jhon clicks on Continuar ubicación servicio, jhon enters 'Reparación' into ¿Qué tipo de servicio solicitas?, jhon clicks on ¿Qué tipo de servicio solicitas? Lista, jhon enters 'NEVERA CR360 GRIS C.DIGITAL' into ¿Cuál es el producto?, jhon clicks on ¿Cuál es el producto? Lista, jhon enters 'BOTA AGUA' into ¿Cuál es el motivo de la reparación?, jhon clicks on ¿Cuál es el motivo de la reparación? Lista, jhon enters 'QA AUTOMOTION' into observaciones, jhon clicks on Rango AM, jhon enters '1.01243936E9' into Rango PM, jhon clicks on Fecha, jhon clicks on Confirmar Fecha seleccionada, jhon clicks on Programar]]
[Test worker] WARN net.thucydides.core.steps.BaseStepListener - stepStarted: net.thucydides.core.steps.ExecutedStepDescription@7b4c793b
[Test worker] WARN net.thucydides.core.steps.BaseStepListener - stepFinished: current outcome:Proceso Autogestion - Agendamiento de servicios:Dado el usuario final cuando desee crear o agendar una orden de servicio [Jhon abrir pagina [jhon opens the Object abrir pagina]], Cuando Crea la orden de servicio [Jhon autogestion [jhon clicks on Heabeas Data, jhon clicks on Seleccionar el tipo de documento, Jhon seleccionar tipo documento, jhon enters '8.300675571E9' into Seleccionar el tipo de documento, jhon enters 'jhon.quinones@infotrack.com.co' into ¿Cuál es tu correo electrónico?, jhon enters 'Test Automotion9' into Ingresa tu nombre, jhon enters '3.0E9' into Ingresa tu numero celular, jhon enters '3.0E9' into Seleccionar el tipo de documento, jhon clicks on Continuar, jhon enters 'Bogota' into Ciudad, jhon clicks on Lista de ciudades, jhon enters 'Av. C. 127' into Direccion, jhon clicks on Buscar la dirección, jhon enters 'Norte' into Datos adicionales, jhon clicks on Continuar ubicación servicio, jhon enters 'Garantia' into ¿Qué tipo de servicio solicitas?, jhon clicks on ¿Qué tipo de servicio solicitas? Lista, jhon enters 'NEVERA 5.3 PIES ALMENDRA' into ¿Cuál es el producto?, jhon clicks on ¿Cuál es el producto? Lista, jhon enters 'BOTA AGUA' into ¿Cuál es el motivo de la reparación?, jhon clicks on ¿Cuál es el motivo de la reparación? Lista, jhon enters 'QA AUTOMOTION' into observaciones, jhon clicks on Rango AM, jhon enters '1.012439364E9' into Rango PM, jhon clicks on Fecha, jhon clicks on Confirmar Fecha seleccionada, jhon clicks on Programar, jhon clicks on Finalizar Orden de servicio, jhon clicks on Heabeas Data, jhon clicks on Seleccionar el tipo de documento, Jhon seleccionar tipo documento, jhon enters '1.012439357E9' into Seleccionar el tipo de documento, jhon enters 'jhon.quinones@infotrack.com.co' into ¿Cuál es tu correo electrónico?, jhon enters 'QA 2' into ¿Cuales son tus apellidos?, jhon enters 'TEST 2' into ¿Cual es tu telefono fijo?, jhon enters '3.000000001E9' into Ingresa tu numero celular, jhon enters '3.000000001E9' into Seleccionar el tipo de documento, jhon clicks on Continuar, jhon enters 'Soacha' into Ciudad, jhon clicks on Lista de ciudades, jhon enters 'Cl 15 # 19 a – 159' into Direccion, jhon clicks on Buscar la dirección, jhon enters 'Armonia IV' into Datos adicionales, jhon clicks on Continuar ubicación servicio, jhon enters 'Reparación' into ¿Qué tipo de servicio solicitas?, jhon clicks on ¿Qué tipo de servicio solicitas? Lista, jhon enters 'CALENTADOR DE PASO 10 LTS. GAS NATURAL' into ¿Cuál es el producto?, jhon clicks on ¿Cuál es el producto? Lista, jhon enters 'BOTA AGUA' into ¿Cuál es el motivo de la reparación?, jhon clicks on ¿Cuál es el motivo de la reparación? Lista, jhon enters 'QA AUTOMOTION' into observaciones, jhon clicks on Rango AM, jhon enters '1.012439357E9' into Rango PM, jhon clicks on Fecha, jhon clicks on Confirmar Fecha seleccionada, jhon clicks on Programar, jhon clicks on Finalizar Orden de servicio, jhon clicks on Heabeas Data, jhon clicks on Seleccionar el tipo de documento, Jhon seleccionar tipo documento, jhon enters '8.300675571E9' into Seleccionar el tipo de documento, jhon enters 'jhon.quinones@infotrack.com.co' into ¿Cuál es tu correo electrónico?, jhon enters 'Test Automotion11' into Ingresa tu nombre, jhon enters '3.000000002E9' into Ingresa tu numero celular, jhon enters '3.000000002E9' into Seleccionar el tipo de documento, jhon clicks on Continuar, jhon enters 'Bogota' into Ciudad, jhon clicks on Lista de ciudades, jhon enters 'Av. Carrera 86 # 55A - 75 Engativá' into Direccion, jhon clicks on Buscar la dirección, jhon enters 'Bogota' into Datos adicionales, jhon clicks on Continuar ubicación servicio, jhon enters 'Garantia' into ¿Qué tipo de servicio solicitas?, jhon clicks on ¿Qué tipo de servicio solicitas? Lista, jhon enters 'ESTUFA A GAS 4 PUESTOS E/E 120V NEGRA' into ¿Cuál es el producto?, jhon clicks on ¿Cuál es el producto? Lista, jhon enters 'AHUMA' into ¿Cuál es el motivo de la reparación?, jhon clicks on ¿Cuál es el motivo de la reparación? Lista, jhon enters 'QA AUTOMOTION' into observaciones, jhon clicks on Rango AM, jhon enters '1.012439358E9' into Rango PM, jhon clicks on Fecha, jhon clicks on Confirmar Fecha seleccionada, jhon clicks on Programar, jhon clicks on Finalizar Orden de servicio, jhon clicks on Heabeas Data, jhon clicks on Seleccionar el tipo de documento, Jhon seleccionar tipo documento, jhon enters '1.012439359E9' into Seleccionar el tipo de documento, jhon enters 'jhon.quinones@infotrack.com.co' into ¿Cuál es tu correo electrónico?, jhon enters 'QA 4' into ¿Cuales son tus apellidos?, jhon enters 'TEST 4' into ¿Cual es tu telefono fijo?, jhon enters '3.000000003E9' into Ingresa tu numero celular, jhon enters '3.000000003E9' into Seleccionar el tipo de documento, jhon clicks on Continuar, jhon enters 'Soacha' into Ciudad, jhon clicks on Lista de ciudades, jhon enters 'Cra. 72C #22A-74, Fontibón' into Direccion, jhon clicks on Buscar la dirección, jhon enters 'Bogota, Cundinamarca' into Datos adicionales, jhon clicks on Continuar ubicación servicio, jhon enters 'Mantenimiento' into ¿Qué tipo de servicio solicitas?, jhon clicks on ¿Qué tipo de servicio solicitas? Lista, jhon enters 'NEVERA 5.3 PIES ALMENDRA' into ¿Cuál es el producto?, jhon clicks on ¿Cuál es el producto? Lista, jhon enters 'NO CONGELA' into ¿Cuál es el motivo de la reparación?, jhon clicks on ¿Cuál es el motivo de la reparación? Lista, jhon enters 'QA AUTOMOTION' into observaciones, jhon clicks on Rango AM, jhon enters '1.012439359E9' into Rango PM, jhon clicks on Fecha, jhon clicks on Confirmar Fecha seleccionada, jhon clicks on Programar, jhon clicks on Finalizar Orden de servicio, jhon clicks on Heabeas Data, jhon clicks on Seleccionar el tipo de documento, Jhon seleccionar tipo documento, jhon enters '1.01243936E9' into Seleccionar el tipo de documento, jhon enters 'jhon.quinones@infotrack.com.co' into ¿Cuál es tu correo electrónico?, jhon enters 'QA 5' into ¿Cuales son tus apellidos?, jhon enters 'TEST 5' into ¿Cual es tu telefono fijo?, jhon enters '3.000000004E9' into Ingresa tu numero celular, jhon enters '3.000000004E9' into Seleccionar el tipo de documento, jhon clicks on Continuar, jhon enters 'Bogota' into Ciudad, jhon clicks on Lista de ciudades, jhon enters 'Av. C. 130' into Direccion, jhon clicks on Buscar la dirección, jhon enters 'Bosa' into Datos adicionales, jhon clicks on Continuar ubicación servicio, jhon enters 'Reparación' into ¿Qué tipo de servicio solicitas?, jhon clicks on ¿Qué tipo de servicio solicitas? Lista, jhon enters 'NEVERA CR360 GRIS C.DIGITAL' into ¿Cuál es el producto?, jhon clicks on ¿Cuál es el producto? Lista, jhon enters 'BOTA AGUA' into ¿Cuál es el motivo de la reparación?, jhon clicks on ¿Cuál es el motivo de la reparación? Lista, jhon enters 'QA AUTOMOTION' into observaciones, jhon clicks on Rango AM, jhon enters '1.01243936E9' into Rango PM, jhon clicks on Fecha, jhon clicks on Confirmar Fecha seleccionada, jhon clicks on Programar, jhon clicks on Finalizar Orden de servicio]]
[Test worker] WARN net.thucydides.core.steps.BaseStepListener - stepStarted: net.thucydides.core.steps.ExecutedStepDescription@498f5728
[Test worker] WARN net.thucydides.core.steps.BaseStepListener - stepFinished: current outcome:Proceso Autogestion - Agendamiento de servicios:Dado el usuario final cuando desee crear o agendar una orden de servicio [Jhon abrir pagina [jhon opens the Object abrir pagina]], Cuando Crea la orden de servicio [Jhon autogestion [jhon clicks on Heabeas Data, jhon clicks on Seleccionar el tipo de documento, Jhon seleccionar tipo documento, jhon enters '8.300675571E9' into Seleccionar el tipo de documento, jhon enters 'jhon.quinones@infotrack.com.co' into ¿Cuál es tu correo electrónico?, jhon enters 'Test Automotion9' into Ingresa tu nombre, jhon enters '3.0E9' into Ingresa tu numero celular, jhon enters '3.0E9' into Seleccionar el tipo de documento, jhon clicks on Continuar, jhon enters 'Bogota' into Ciudad, jhon clicks on Lista de ciudades, jhon enters 'Av. C. 127' into Direccion, jhon clicks on Buscar la dirección, jhon enters 'Norte' into Datos adicionales, jhon clicks on Continuar ubicación servicio, jhon enters 'Garantia' into ¿Qué tipo de servicio solicitas?, jhon clicks on ¿Qué tipo de servicio solicitas? Lista, jhon enters 'NEVERA 5.3 PIES ALMENDRA' into ¿Cuál es el producto?, jhon clicks on ¿Cuál es el producto? Lista, jhon enters 'BOTA AGUA' into ¿Cuál es el motivo de la reparación?, jhon clicks on ¿Cuál es el motivo de la reparación? Lista, jhon enters 'QA AUTOMOTION' into observaciones, jhon clicks on Rango AM, jhon enters '1.012439364E9' into Rango PM, jhon clicks on Fecha, jhon clicks on Confirmar Fecha seleccionada, jhon clicks on Programar, jhon clicks on Finalizar Orden de servicio, jhon clicks on Heabeas Data, jhon clicks on Seleccionar el tipo de documento, Jhon seleccionar tipo documento, jhon enters '1.012439357E9' into Seleccionar el tipo de documento, jhon enters 'jhon.quinones@infotrack.com.co' into ¿Cuál es tu correo electrónico?, jhon enters 'QA 2' into ¿Cuales son tus apellidos?, jhon enters 'TEST 2' into ¿Cual es tu telefono fijo?, jhon enters '3.000000001E9' into Ingresa tu numero celular, jhon enters '3.000000001E9' into Seleccionar el tipo de documento, jhon clicks on Continuar, jhon enters 'Soacha' into Ciudad, jhon clicks on Lista de ciudades, jhon enters 'Cl 15 # 19 a – 159' into Direccion, jhon clicks on Buscar la dirección, jhon enters 'Armonia IV' into Datos adicionales, jhon clicks on Continuar ubicación servicio, jhon enters 'Reparación' into ¿Qué tipo de servicio solicitas?, jhon clicks on ¿Qué tipo de servicio solicitas? Lista, jhon enters 'CALENTADOR DE PASO 10 LTS. GAS NATURAL' into ¿Cuál es el producto?, jhon clicks on ¿Cuál es el producto? Lista, jhon enters 'BOTA AGUA' into ¿Cuál es el motivo de la reparación?, jhon clicks on ¿Cuál es el motivo de la reparación? Lista, jhon enters 'QA AUTOMOTION' into observaciones, jhon clicks on Rango AM, jhon enters '1.012439357E9' into Rango PM, jhon clicks on Fecha, jhon clicks on Confirmar Fecha seleccionada, jhon clicks on Programar, jhon clicks on Finalizar Orden de servicio, jhon clicks on Heabeas Data, jhon clicks on Seleccionar el tipo de documento, Jhon seleccionar tipo documento, jhon enters '8.300675571E9' into Seleccionar el tipo de documento, jhon enters 'jhon.quinones@infotrack.com.co' into ¿Cuál es tu correo electrónico?, jhon enters 'Test Automotion11' into Ingresa tu nombre, jhon enters '3.000000002E9' into Ingresa tu numero celular, jhon enters '3.000000002E9' into Seleccionar el tipo de documento, jhon clicks on Continuar, jhon enters 'Bogota' into Ciudad, jhon clicks on Lista de ciudades, jhon enters 'Av. Carrera 86 # 55A - 75 Engativá' into Direccion, jhon clicks on Buscar la dirección, jhon enters 'Bogota' into Datos adicionales, jhon clicks on Continuar ubicación servicio, jhon enters 'Garantia' into ¿Qué tipo de servicio solicitas?, jhon clicks on ¿Qué tipo de servicio solicitas? Lista, jhon enters 'ESTUFA A GAS 4 PUESTOS E/E 120V NEGRA' into ¿Cuál es el producto?, jhon clicks on ¿Cuál es el producto? Lista, jhon enters 'AHUMA' into ¿Cuál es el motivo de la reparación?, jhon clicks on ¿Cuál es el motivo de la reparación? Lista, jhon enters 'QA AUTOMOTION' into observaciones, jhon clicks on Rango AM, jhon enters '1.012439358E9' into Rango PM, jhon clicks on Fecha, jhon clicks on Confirmar Fecha seleccionada, jhon clicks on Programar, jhon clicks on Finalizar Orden de servicio, jhon clicks on Heabeas Data, jhon clicks on Seleccionar el tipo de documento, Jhon seleccionar tipo documento, jhon enters '1.012439359E9' into Seleccionar el tipo de documento, jhon enters 'jhon.quinones@infotrack.com.co' into ¿Cuál es tu correo electrónico?, jhon enters 'QA 4' into ¿Cuales son tus apellidos?, jhon enters 'TEST 4' into ¿Cual es tu telefono fijo?, jhon enters '3.000000003E9' into Ingresa tu numero celular, jhon enters '3.000000003E9' into Seleccionar el tipo de documento, jhon clicks on Continuar, jhon enters 'Soacha' into Ciudad, jhon clicks on Lista de ciudades, jhon enters 'Cra. 72C #22A-74, Fontibón' into Direccion, jhon clicks on Buscar la dirección, jhon enters 'Bogota, Cundinamarca' into Datos adicionales, jhon clicks on Continuar ubicación servicio, jhon enters 'Mantenimiento' into ¿Qué tipo de servicio solicitas?, jhon clicks on ¿Qué tipo de servicio solicitas? Lista, jhon enters 'NEVERA 5.3 PIES ALMENDRA' into ¿Cuál es el producto?, jhon clicks on ¿Cuál es el producto? Lista, jhon enters 'NO CONGELA' into ¿Cuál es el motivo de la reparación?, jhon clicks on ¿Cuál es el motivo de la reparación? Lista, jhon enters 'QA AUTOMOTION' into observaciones, jhon clicks on Rango AM, jhon enters '1.012439359E9' into Rango PM, jhon clicks on Fecha, jhon clicks on Confirmar Fecha seleccionada, jhon clicks on Programar, jhon clicks on Finalizar Orden de servicio, jhon clicks on Heabeas Data, jhon clicks on Seleccionar el tipo de documento, Jhon seleccionar tipo documento, jhon enters '1.01243936E9' into Seleccionar el tipo de documento, jhon enters 'jhon.quinones@infotrack.com.co' into ¿Cuál es tu correo electrónico?, jhon enters 'QA 5' into ¿Cuales son tus apellidos?, jhon enters 'TEST 5' into ¿Cual es tu telefono fijo?, jhon enters '3.000000004E9' into Ingresa tu numero celular, jhon enters '3.000000004E9' into Seleccionar el tipo de documento, jhon clicks on Continuar, jhon enters 'Bogota' into Ciudad, jhon clicks on Lista de ciudades, jhon enters 'Av. C. 130' into Direccion, jhon clicks on Buscar la dirección, jhon enters 'Bosa' into Datos adicionales, jhon clicks on Continuar ubicación servicio, jhon enters 'Reparación' into ¿Qué tipo de servicio solicitas?, jhon clicks on ¿Qué tipo de servicio solicitas? Lista, jhon enters 'NEVERA CR360 GRIS C.DIGITAL' into ¿Cuál es el producto?, jhon clicks on ¿Cuál es el producto? Lista, jhon enters 'BOTA AGUA' into ¿Cuál es el motivo de la reparación?, jhon clicks on ¿Cuál es el motivo de la reparación? Lista, jhon enters 'QA AUTOMOTION' into observaciones, jhon clicks on Rango AM, jhon enters '1.01243936E9' into Rango PM, jhon clicks on Fecha, jhon clicks on Confirmar Fecha seleccionada, jhon clicks on Programar, jhon clicks on Finalizar Orden de servicio, jhon clicks on Heabeas Data]]
[Test worker] WARN net.thucydides.core.steps.BaseStepListener - stepStarted: net.thucydides.core.steps.ExecutedStepDescription@2ce3d95a
[Test worker] WARN net.thucydides.core.steps.BaseStepListener - stepFinished: current outcome:Proceso Autogestion - Agendamiento de servicios:Dado el usuario final cuando desee crear o agendar una orden de servicio [Jhon abrir pagina [jhon opens the Object abrir pagina]], Cuando Crea la orden de servicio [Jhon autogestion [jhon clicks on Heabeas Data, jhon clicks on Seleccionar el tipo de documento, Jhon seleccionar tipo documento, jhon enters '8.300675571E9' into Seleccionar el tipo de documento, jhon enters 'jhon.quinones@infotrack.com.co' into ¿Cuál es tu correo electrónico?, jhon enters 'Test Automotion9' into Ingresa tu nombre, jhon enters '3.0E9' into Ingresa tu numero celular, jhon enters '3.0E9' into Seleccionar el tipo de documento, jhon clicks on Continuar, jhon enters 'Bogota' into Ciudad, jhon clicks on Lista de ciudades, jhon enters 'Av. C. 127' into Direccion, jhon clicks on Buscar la dirección, jhon enters 'Norte' into Datos adicionales, jhon clicks on Continuar ubicación servicio, jhon enters 'Garantia' into ¿Qué tipo de servicio solicitas?, jhon clicks on ¿Qué tipo de servicio solicitas? Lista, jhon enters 'NEVERA 5.3 PIES ALMENDRA' into ¿Cuál es el producto?, jhon clicks on ¿Cuál es el producto? Lista, jhon enters 'BOTA AGUA' into ¿Cuál es el motivo de la reparación?, jhon clicks on ¿Cuál es el motivo de la reparación? Lista, jhon enters 'QA AUTOMOTION' into observaciones, jhon clicks on Rango AM, jhon enters '1.012439364E9' into Rango PM, jhon clicks on Fecha, jhon clicks on Confirmar Fecha seleccionada, jhon clicks on Programar, jhon clicks on Finalizar Orden de servicio, jhon clicks on Heabeas Data, jhon clicks on Seleccionar el tipo de documento, Jhon seleccionar tipo documento, jhon enters '1.012439357E9' into Seleccionar el tipo de documento, jhon enters 'jhon.quinones@infotrack.com.co' into ¿Cuál es tu correo electrónico?, jhon enters 'QA 2' into ¿Cuales son tus apellidos?, jhon enters 'TEST 2' into ¿Cual es tu telefono fijo?, jhon enters '3.000000001E9' into Ingresa tu numero celular, jhon enters '3.000000001E9' into Seleccionar el tipo de documento, jhon clicks on Continuar, jhon enters 'Soacha' into Ciudad, jhon clicks on Lista de ciudades, jhon enters 'Cl 15 # 19 a – 159' into Direccion, jhon clicks on Buscar la dirección, jhon enters 'Armonia IV' into Datos adicionales, jhon clicks on Continuar ubicación servicio, jhon enters 'Reparación' into ¿Qué tipo de servicio solicitas?, jhon clicks on ¿Qué tipo de servicio solicitas? Lista, jhon enters 'CALENTADOR DE PASO 10 LTS. GAS NATURAL' into ¿Cuál es el producto?, jhon clicks on ¿Cuál es el producto? Lista, jhon enters 'BOTA AGUA' into ¿Cuál es el motivo de la reparación?, jhon clicks on ¿Cuál es el motivo de la reparación? Lista, jhon enters 'QA AUTOMOTION' into observaciones, jhon clicks on Rango AM, jhon enters '1.012439357E9' into Rango PM, jhon clicks on Fecha, jhon clicks on Confirmar Fecha seleccionada, jhon clicks on Programar, jhon clicks on Finalizar Orden de servicio, jhon clicks on Heabeas Data, jhon clicks on Seleccionar el tipo de documento, Jhon seleccionar tipo documento, jhon enters '8.300675571E9' into Seleccionar el tipo de documento, jhon enters 'jhon.quinones@infotrack.com.co' into ¿Cuál es tu correo electrónico?, jhon enters 'Test Automotion11' into Ingresa tu nombre, jhon enters '3.000000002E9' into Ingresa tu numero celular, jhon enters '3.000000002E9' into Seleccionar el tipo de documento, jhon clicks on Continuar, jhon enters 'Bogota' into Ciudad, jhon clicks on Lista de ciudades, jhon enters 'Av. Carrera 86 # 55A - 75 Engativá' into Direccion, jhon clicks on Buscar la dirección, jhon enters 'Bogota' into Datos adicionales, jhon clicks on Continuar ubicación servicio, jhon enters 'Garantia' into ¿Qué tipo de servicio solicitas?, jhon clicks on ¿Qué tipo de servicio solicitas? Lista, jhon enters 'ESTUFA A GAS 4 PUESTOS E/E 120V NEGRA' into ¿Cuál es el producto?, jhon clicks on ¿Cuál es el producto? Lista, jhon enters 'AHUMA' into ¿Cuál es el motivo de la reparación?, jhon clicks on ¿Cuál es el motivo de la reparación? Lista, jhon enters 'QA AUTOMOTION' into observaciones, jhon clicks on Rango AM, jhon enters '1.012439358E9' into Rango PM, jhon clicks on Fecha, jhon clicks on Confirmar Fecha seleccionada, jhon clicks on Programar, jhon clicks on Finalizar Orden de servicio, jhon clicks on Heabeas Data, jhon clicks on Seleccionar el tipo de documento, Jhon seleccionar tipo documento, jhon enters '1.012439359E9' into Seleccionar el tipo de documento, jhon enters 'jhon.quinones@infotrack.com.co' into ¿Cuál es tu correo electrónico?, jhon enters 'QA 4' into ¿Cuales son tus apellidos?, jhon enters 'TEST 4' into ¿Cual es tu telefono fijo?, jhon enters '3.000000003E9' into Ingresa tu numero celular, jhon enters '3.000000003E9' into Seleccionar el tipo de documento, jhon clicks on Continuar, jhon enters 'Soacha' into Ciudad, jhon clicks on Lista de ciudades, jhon enters 'Cra. 72C #22A-74, Fontibón' into Direccion, jhon clicks on Buscar la dirección, jhon enters 'Bogota, Cundinamarca' into Datos adicionales, jhon clicks on Continuar ubicación servicio, jhon enters 'Mantenimiento' into ¿Qué tipo de servicio solicitas?, jhon clicks on ¿Qué tipo de servicio solicitas? Lista, jhon enters 'NEVERA 5.3 PIES ALMENDRA' into ¿Cuál es el producto?, jhon clicks on ¿Cuál es el producto? Lista, jhon enters 'NO CONGELA' into ¿Cuál es el motivo de la reparación?, jhon clicks on ¿Cuál es el motivo de la reparación? Lista, jhon enters 'QA AUTOMOTION' into observaciones, jhon clicks on Rango AM, jhon enters '1.012439359E9' into Rango PM, jhon clicks on Fecha, jhon clicks on Confirmar Fecha seleccionada, jhon clicks on Programar, jhon clicks on Finalizar Orden de servicio, jhon clicks on Heabeas Data, jhon clicks on Seleccionar el tipo de documento, Jhon seleccionar tipo documento, jhon enters '1.01243936E9' into Seleccionar el tipo de documento, jhon enters 'jhon.quinones@infotrack.com.co' into ¿Cuál es tu correo electrónico?, jhon enters 'QA 5' into ¿Cuales son tus apellidos?, jhon enters 'TEST 5' into ¿Cual es tu telefono fijo?, jhon enters '3.000000004E9' into Ingresa tu numero celular, jhon enters '3.000000004E9' into Seleccionar el tipo de documento, jhon clicks on Continuar, jhon enters 'Bogota' into Ciudad, jhon clicks on Lista de ciudades, jhon enters 'Av. C. 130' into Direccion, jhon clicks on Buscar la dirección, jhon enters 'Bosa' into Datos adicionales, jhon clicks on Continuar ubicación servicio, jhon enters 'Reparación' into ¿Qué tipo de servicio solicitas?, jhon clicks on ¿Qué tipo de servicio solicitas? Lista, jhon enters 'NEVERA CR360 GRIS C.DIGITAL' into ¿Cuál es el producto?, jhon clicks on ¿Cuál es el producto? Lista, jhon enters 'BOTA AGUA' into ¿Cuál es el motivo de la reparación?, jhon clicks on ¿Cuál es el motivo de la reparación? Lista, jhon enters 'QA AUTOMOTION' into observaciones, jhon clicks on Rango AM, jhon enters '1.01243936E9' into Rango PM, jhon clicks on Fecha, jhon clicks on Confirmar Fecha seleccionada, jhon clicks on Programar, jhon clicks on Finalizar Orden de servicio, jhon clicks on Heabeas Data, jhon clicks on Seleccionar el tipo de documento]]
[Test worker] WARN net.thucydides.core.steps.BaseStepListener - stepStarted: net.thucydides.core.steps.ExecutedStepDescription@70efdd18
[Test worker] WARN net.thucydides.core.steps.BaseStepListener - stepFinished: current outcome:Proceso Autogestion - Agendamiento de servicios:Dado el usuario final cuando desee crear o agendar una orden de servicio [Jhon abrir pagina [jhon opens the Object abrir pagina]], Cuando Crea la orden de servicio [Jhon autogestion [jhon clicks on Heabeas Data, jhon clicks on Seleccionar el tipo de documento, Jhon seleccionar tipo documento, jhon enters '8.300675571E9' into Seleccionar el tipo de documento, jhon enters 'jhon.quinones@infotrack.com.co' into ¿Cuál es tu correo electrónico?, jhon enters 'Test Automotion9' into Ingresa tu nombre, jhon enters '3.0E9' into Ingresa tu numero celular, jhon enters '3.0E9' into Seleccionar el tipo de documento, jhon clicks on Continuar, jhon enters 'Bogota' into Ciudad, jhon clicks on Lista de ciudades, jhon enters 'Av. C. 127' into Direccion, jhon clicks on Buscar la dirección, jhon enters 'Norte' into Datos adicionales, jhon clicks on Continuar ubicación servicio, jhon enters 'Garantia' into ¿Qué tipo de servicio solicitas?, jhon clicks on ¿Qué tipo de servicio solicitas? Lista, jhon enters 'NEVERA 5.3 PIES ALMENDRA' into ¿Cuál es el producto?, jhon clicks on ¿Cuál es el producto? Lista, jhon enters 'BOTA AGUA' into ¿Cuál es el motivo de la reparación?, jhon clicks on ¿Cuál es el motivo de la reparación? Lista, jhon enters 'QA AUTOMOTION' into observaciones, jhon clicks on Rango AM, jhon enters '1.012439364E9' into Rango PM, jhon clicks on Fecha, jhon clicks on Confirmar Fecha seleccionada, jhon clicks on Programar, jhon clicks on Finalizar Orden de servicio, jhon clicks on Heabeas Data, jhon clicks on Seleccionar el tipo de documento, Jhon seleccionar tipo documento, jhon enters '1.012439357E9' into Seleccionar el tipo de documento, jhon enters 'jhon.quinones@infotrack.com.co' into ¿Cuál es tu correo electrónico?, jhon enters 'QA 2' into ¿Cuales son tus apellidos?, jhon enters 'TEST 2' into ¿Cual es tu telefono fijo?, jhon enters '3.000000001E9' into Ingresa tu numero celular, jhon enters '3.000000001E9' into Seleccionar el tipo de documento, jhon clicks on Continuar, jhon enters 'Soacha' into Ciudad, jhon clicks on Lista de ciudades, jhon enters 'Cl 15 # 19 a – 159' into Direccion, jhon clicks on Buscar la dirección, jhon enters 'Armonia IV' into Datos adicionales, jhon clicks on Continuar ubicación servicio, jhon enters 'Reparación' into ¿Qué tipo de servicio solicitas?, jhon clicks on ¿Qué tipo de servicio solicitas? Lista, jhon enters 'CALENTADOR DE PASO 10 LTS. GAS NATURAL' into ¿Cuál es el producto?, jhon clicks on ¿Cuál es el producto? Lista, jhon enters 'BOTA AGUA' into ¿Cuál es el motivo de la reparación?, jhon clicks on ¿Cuál es el motivo de la reparación? Lista, jhon enters 'QA AUTOMOTION' into observaciones, jhon clicks on Rango AM, jhon enters '1.012439357E9' into Rango PM, jhon clicks on Fecha, jhon clicks on Confirmar Fecha seleccionada, jhon clicks on Programar, jhon clicks on Finalizar Orden de servicio, jhon clicks on Heabeas Data, jhon clicks on Seleccionar el tipo de documento, Jhon seleccionar tipo documento, jhon enters '8.300675571E9' into Seleccionar el tipo de documento, jhon enters 'jhon.quinones@infotrack.com.co' into ¿Cuál es tu correo electrónico?, jhon enters 'Test Automotion11' into Ingresa tu nombre, jhon enters '3.000000002E9' into Ingresa tu numero celular, jhon enters '3.000000002E9' into Seleccionar el tipo de documento, jhon clicks on Continuar, jhon enters 'Bogota' into Ciudad, jhon clicks on Lista de ciudades, jhon enters 'Av. Carrera 86 # 55A - 75 Engativá' into Direccion, jhon clicks on Buscar la dirección, jhon enters 'Bogota' into Datos adicionales, jhon clicks on Continuar ubicación servicio, jhon enters 'Garantia' into ¿Qué tipo de servicio solicitas?, jhon clicks on ¿Qué tipo de servicio solicitas? Lista, jhon enters 'ESTUFA A GAS 4 PUESTOS E/E 120V NEGRA' into ¿Cuál es el producto?, jhon clicks on ¿Cuál es el producto? Lista, jhon enters 'AHUMA' into ¿Cuál es el motivo de la reparación?, jhon clicks on ¿Cuál es el motivo de la reparación? Lista, jhon enters 'QA AUTOMOTION' into observaciones, jhon clicks on Rango AM, jhon enters '1.012439358E9' into Rango PM, jhon clicks on Fecha, jhon clicks on Confirmar Fecha seleccionada, jhon clicks on Programar, jhon clicks on Finalizar Orden de servicio, jhon clicks on Heabeas Data, jhon clicks on Seleccionar el tipo de documento, Jhon seleccionar tipo documento, jhon enters '1.012439359E9' into Seleccionar el tipo de documento, jhon enters 'jhon.quinones@infotrack.com.co' into ¿Cuál es tu correo electrónico?, jhon enters 'QA 4' into ¿Cuales son tus apellidos?, jhon enters 'TEST 4' into ¿Cual es tu telefono fijo?, jhon enters '3.000000003E9' into Ingresa tu numero celular, jhon enters '3.000000003E9' into Seleccionar el tipo de documento, jhon clicks on Continuar, jhon enters 'Soacha' into Ciudad, jhon clicks on Lista de ciudades, jhon enters 'Cra. 72C #22A-74, Fontibón' into Direccion, jhon clicks on Buscar la dirección, jhon enters 'Bogota, Cundinamarca' into Datos adicionales, jhon clicks on Continuar ubicación servicio, jhon enters 'Mantenimiento' into ¿Qué tipo de servicio solicitas?, jhon clicks on ¿Qué tipo de servicio solicitas? Lista, jhon enters 'NEVERA 5.3 PIES ALMENDRA' into ¿Cuál es el producto?, jhon clicks on ¿Cuál es el producto? Lista, jhon enters 'NO CONGELA' into ¿Cuál es el motivo de la reparación?, jhon clicks on ¿Cuál es el motivo de la reparación? Lista, jhon enters 'QA AUTOMOTION' into observaciones, jhon clicks on Rango AM, jhon enters '1.012439359E9' into Rango PM, jhon clicks on Fecha, jhon clicks on Confirmar Fecha seleccionada, jhon clicks on Programar, jhon clicks on Finalizar Orden de servicio, jhon clicks on Heabeas Data, jhon clicks on Seleccionar el tipo de documento, Jhon seleccionar tipo documento, jhon enters '1.01243936E9' into Seleccionar el tipo de documento, jhon enters 'jhon.quinones@infotrack.com.co' into ¿Cuál es tu correo electrónico?, jhon enters 'QA 5' into ¿Cuales son tus apellidos?, jhon enters 'TEST 5' into ¿Cual es tu telefono fijo?, jhon enters '3.000000004E9' into Ingresa tu numero celular, jhon enters '3.000000004E9' into Seleccionar el tipo de documento, jhon clicks on Continuar, jhon enters 'Bogota' into Ciudad, jhon clicks on Lista de ciudades, jhon enters 'Av. C. 130' into Direccion, jhon clicks on Buscar la dirección, jhon enters 'Bosa' into Datos adicionales, jhon clicks on Continuar ubicación servicio, jhon enters 'Reparación' into ¿Qué tipo de servicio solicitas?, jhon clicks on ¿Qué tipo de servicio solicitas? Lista, jhon enters 'NEVERA CR360 GRIS C.DIGITAL' into ¿Cuál es el producto?, jhon clicks on ¿Cuál es el producto? Lista, jhon enters 'BOTA AGUA' into ¿Cuál es el motivo de la reparación?, jhon clicks on ¿Cuál es el motivo de la reparación? Lista, jhon enters 'QA AUTOMOTION' into observaciones, jhon clicks on Rango AM, jhon enters '1.01243936E9' into Rango PM, jhon clicks on Fecha, jhon clicks on Confirmar Fecha seleccionada, jhon clicks on Programar, jhon clicks on Finalizar Orden de servicio, jhon clicks on Heabeas Data, jhon clicks on Seleccionar el tipo de documento, Jhon seleccionar tipo documento]]
[Test worker] WARN net.thucydides.core.steps.BaseStepListener - stepStarted: net.thucydides.core.steps.ExecutedStepDescription@5b9df3b3
[Test worker] WARN net.thucydides.core.steps.BaseStepListener - stepFinished: current outcome:Proceso Autogestion - Agendamiento de servicios:Dado el usuario final cuando desee crear o agendar una orden de servicio [Jhon abrir pagina [jhon opens the Object abrir pagina]], Cuando Crea la orden de servicio [Jhon autogestion [jhon clicks on Heabeas Data, jhon clicks on Seleccionar el tipo de documento, Jhon seleccionar tipo documento, jhon enters '8.300675571E9' into Seleccionar el tipo de documento, jhon enters 'jhon.quinones@infotrack.com.co' into ¿Cuál es tu correo electrónico?, jhon enters 'Test Automotion9' into Ingresa tu nombre, jhon enters '3.0E9' into Ingresa tu numero celular, jhon enters '3.0E9' into Seleccionar el tipo de documento, jhon clicks on Continuar, jhon enters 'Bogota' into Ciudad, jhon clicks on Lista de ciudades, jhon enters 'Av. C. 127' into Direccion, jhon clicks on Buscar la dirección, jhon enters 'Norte' into Datos adicionales, jhon clicks on Continuar ubicación servicio, jhon enters 'Garantia' into ¿Qué tipo de servicio solicitas?, jhon clicks on ¿Qué tipo de servicio solicitas? Lista, jhon enters 'NEVERA 5.3 PIES ALMENDRA' into ¿Cuál es el producto?, jhon clicks on ¿Cuál es el producto? Lista, jhon enters 'BOTA AGUA' into ¿Cuál es el motivo de la reparación?, jhon clicks on ¿Cuál es el motivo de la reparación? Lista, jhon enters 'QA AUTOMOTION' into observaciones, jhon clicks on Rango AM, jhon enters '1.012439364E9' into Rango PM, jhon clicks on Fecha, jhon clicks on Confirmar Fecha seleccionada, jhon clicks on Programar, jhon clicks on Finalizar Orden de servicio, jhon clicks on Heabeas Data, jhon clicks on Seleccionar el tipo de documento, Jhon seleccionar tipo documento, jhon enters '1.012439357E9' into Seleccionar el tipo de documento, jhon enters 'jhon.quinones@infotrack.com.co' into ¿Cuál es tu correo electrónico?, jhon enters 'QA 2' into ¿Cuales son tus apellidos?, jhon enters 'TEST 2' into ¿Cual es tu telefono fijo?, jhon enters '3.000000001E9' into Ingresa tu numero celular, jhon enters '3.000000001E9' into Seleccionar el tipo de documento, jhon clicks on Continuar, jhon enters 'Soacha' into Ciudad, jhon clicks on Lista de ciudades, jhon enters 'Cl 15 # 19 a – 159' into Direccion, jhon clicks on Buscar la dirección, jhon enters 'Armonia IV' into Datos adicionales, jhon clicks on Continuar ubicación servicio, jhon enters 'Reparación' into ¿Qué tipo de servicio solicitas?, jhon clicks on ¿Qué tipo de servicio solicitas? Lista, jhon enters 'CALENTADOR DE PASO 10 LTS. GAS NATURAL' into ¿Cuál es el producto?, jhon clicks on ¿Cuál es el producto? Lista, jhon enters 'BOTA AGUA' into ¿Cuál es el motivo de la reparación?, jhon clicks on ¿Cuál es el motivo de la reparación? Lista, jhon enters 'QA AUTOMOTION' into observaciones, jhon clicks on Rango AM, jhon enters '1.012439357E9' into Rango PM, jhon clicks on Fecha, jhon clicks on Confirmar Fecha seleccionada, jhon clicks on Programar, jhon clicks on Finalizar Orden de servicio, jhon clicks on Heabeas Data, jhon clicks on Seleccionar el tipo de documento, Jhon seleccionar tipo documento, jhon enters '8.300675571E9' into Seleccionar el tipo de documento, jhon enters 'jhon.quinones@infotrack.com.co' into ¿Cuál es tu correo electrónico?, jhon enters 'Test Automotion11' into Ingresa tu nombre, jhon enters '3.000000002E9' into Ingresa tu numero celular, jhon enters '3.000000002E9' into Seleccionar el tipo de documento, jhon clicks on Continuar, jhon enters 'Bogota' into Ciudad, jhon clicks on Lista de ciudades, jhon enters 'Av. Carrera 86 # 55A - 75 Engativá' into Direccion, jhon clicks on Buscar la dirección, jhon enters 'Bogota' into Datos adicionales, jhon clicks on Continuar ubicación servicio, jhon enters 'Garantia' into ¿Qué tipo de servicio solicitas?, jhon clicks on ¿Qué tipo de servicio solicitas? Lista, jhon enters 'ESTUFA A GAS 4 PUESTOS E/E 120V NEGRA' into ¿Cuál es el producto?, jhon clicks on ¿Cuál es el producto? Lista, jhon enters 'AHUMA' into ¿Cuál es el motivo de la reparación?, jhon clicks on ¿Cuál es el motivo de la reparación? Lista, jhon enters 'QA AUTOMOTION' into observaciones, jhon clicks on Rango AM, jhon enters '1.012439358E9' into Rango PM, jhon clicks on Fecha, jhon clicks on Confirmar Fecha seleccionada, jhon clicks on Programar, jhon clicks on Finalizar Orden de servicio, jhon clicks on Heabeas Data, jhon clicks on Seleccionar el tipo de documento, Jhon seleccionar tipo documento, jhon enters '1.012439359E9' into Seleccionar el tipo de documento, jhon enters 'jhon.quinones@infotrack.com.co' into ¿Cuál es tu correo electrónico?, jhon enters 'QA 4' into ¿Cuales son tus apellidos?, jhon enters 'TEST 4' into ¿Cual es tu telefono fijo?, jhon enters '3.000000003E9' into Ingresa tu numero celular, jhon enters '3.000000003E9' into Seleccionar el tipo de documento, jhon clicks on Continuar, jhon enters 'Soacha' into Ciudad, jhon clicks on Lista de ciudades, jhon enters 'Cra. 72C #22A-74, Fontibón' into Direccion, jhon clicks on Buscar la dirección, jhon enters 'Bogota, Cundinamarca' into Datos adicionales, jhon clicks on Continuar ubicación servicio, jhon enters 'Mantenimiento' into ¿Qué tipo de servicio solicitas?, jhon clicks on ¿Qué tipo de servicio solicitas? Lista, jhon enters 'NEVERA 5.3 PIES ALMENDRA' into ¿Cuál es el producto?, jhon clicks on ¿Cuál es el producto? Lista, jhon enters 'NO CONGELA' into ¿Cuál es el motivo de la reparación?, jhon clicks on ¿Cuál es el motivo de la reparación? Lista, jhon enters 'QA AUTOMOTION' into observaciones, jhon clicks on Rango AM, jhon enters '1.012439359E9' into Rango PM, jhon clicks on Fecha, jhon clicks on Confirmar Fecha seleccionada, jhon clicks on Programar, jhon clicks on Finalizar Orden de servicio, jhon clicks on Heabeas Data, jhon clicks on Seleccionar el tipo de documento, Jhon seleccionar tipo documento, jhon enters '1.01243936E9' into Seleccionar el tipo de documento, jhon enters 'jhon.quinones@infotrack.com.co' into ¿Cuál es tu correo electrónico?, jhon enters 'QA 5' into ¿Cuales son tus apellidos?, jhon enters 'TEST 5' into ¿Cual es tu telefono fijo?, jhon enters '3.000000004E9' into Ingresa tu numero celular, jhon enters '3.000000004E9' into Seleccionar el tipo de documento, jhon clicks on Continuar, jhon enters 'Bogota' into Ciudad, jhon clicks on Lista de ciudades, jhon enters 'Av. C. 130' into Direccion, jhon clicks on Buscar la dirección, jhon enters 'Bosa' into Datos adicionales, jhon clicks on Continuar ubicación servicio, jhon enters 'Reparación' into ¿Qué tipo de servicio solicitas?, jhon clicks on ¿Qué tipo de servicio solicitas? Lista, jhon enters 'NEVERA CR360 GRIS C.DIGITAL' into ¿Cuál es el producto?, jhon clicks on ¿Cuál es el producto? Lista, jhon enters 'BOTA AGUA' into ¿Cuál es el motivo de la reparación?, jhon clicks on ¿Cuál es el motivo de la reparación? Lista, jhon enters 'QA AUTOMOTION' into observaciones, jhon clicks on Rango AM, jhon enters '1.01243936E9' into Rango PM, jhon clicks on Fecha, jhon clicks on Confirmar Fecha seleccionada, jhon clicks on Programar, jhon clicks on Finalizar Orden de servicio, jhon clicks on Heabeas Data, jhon clicks on Seleccionar el tipo de documento, Jhon seleccionar tipo documento, jhon enters '8.300675571E9' into Seleccionar el tipo de documento]]
[Test worker] WARN net.thucydides.core.steps.BaseStepListener - stepStarted: net.thucydides.core.steps.ExecutedStepDescription@16f2d883
[Test worker] WARN net.thucydides.core.steps.BaseStepListener - stepFinished: current outcome:Proceso Autogestion - Agendamiento de servicios:Dado el usuario final cuando desee crear o agendar una orden de servicio [Jhon abrir pagina [jhon opens the Object abrir pagina]], Cuando Crea la orden de servicio [Jhon autogestion [jhon clicks on Heabeas Data, jhon clicks on Seleccionar el tipo de documento, Jhon seleccionar tipo documento, jhon enters '8.300675571E9' into Seleccionar el tipo de documento, jhon enters 'jhon.quinones@infotrack.com.co' into ¿Cuál es tu correo electrónico?, jhon enters 'Test Automotion9' into Ingresa tu nombre, jhon enters '3.0E9' into Ingresa tu numero celular, jhon enters '3.0E9' into Seleccionar el tipo de documento, jhon clicks on Continuar, jhon enters 'Bogota' into Ciudad, jhon clicks on Lista de ciudades, jhon enters 'Av. C. 127' into Direccion, jhon clicks on Buscar la dirección, jhon enters 'Norte' into Datos adicionales, jhon clicks on Continuar ubicación servicio, jhon enters 'Garantia' into ¿Qué tipo de servicio solicitas?, jhon clicks on ¿Qué tipo de servicio solicitas? Lista, jhon enters 'NEVERA 5.3 PIES ALMENDRA' into ¿Cuál es el producto?, jhon clicks on ¿Cuál es el producto? Lista, jhon enters 'BOTA AGUA' into ¿Cuál es el motivo de la reparación?, jhon clicks on ¿Cuál es el motivo de la reparación? Lista, jhon enters 'QA AUTOMOTION' into observaciones, jhon clicks on Rango AM, jhon enters '1.012439364E9' into Rango PM, jhon clicks on Fecha, jhon clicks on Confirmar Fecha seleccionada, jhon clicks on Programar, jhon clicks on Finalizar Orden de servicio, jhon clicks on Heabeas Data, jhon clicks on Seleccionar el tipo de documento, Jhon seleccionar tipo documento, jhon enters '1.012439357E9' into Seleccionar el tipo de documento, jhon enters 'jhon.quinones@infotrack.com.co' into ¿Cuál es tu correo electrónico?, jhon enters 'QA 2' into ¿Cuales son tus apellidos?, jhon enters 'TEST 2' into ¿Cual es tu telefono fijo?, jhon enters '3.000000001E9' into Ingresa tu numero celular, jhon enters '3.000000001E9' into Seleccionar el tipo de documento, jhon clicks on Continuar, jhon enters 'Soacha' into Ciudad, jhon clicks on Lista de ciudades, jhon enters 'Cl 15 # 19 a – 159' into Direccion, jhon clicks on Buscar la dirección, jhon enters 'Armonia IV' into Datos adicionales, jhon clicks on Continuar ubicación servicio, jhon enters 'Reparación' into ¿Qué tipo de servicio solicitas?, jhon clicks on ¿Qué tipo de servicio solicitas? Lista, jhon enters 'CALENTADOR DE PASO 10 LTS. GAS NATURAL' into ¿Cuál es el producto?, jhon clicks on ¿Cuál es el producto? Lista, jhon enters 'BOTA AGUA' into ¿Cuál es el motivo de la reparación?, jhon clicks on ¿Cuál es el motivo de la reparación? Lista, jhon enters 'QA AUTOMOTION' into observaciones, jhon clicks on Rango AM, jhon enters '1.012439357E9' into Rango PM, jhon clicks on Fecha, jhon clicks on Confirmar Fecha seleccionada, jhon clicks on Programar, jhon clicks on Finalizar Orden de servicio, jhon clicks on Heabeas Data, jhon clicks on Seleccionar el tipo de documento, Jhon seleccionar tipo documento, jhon enters '8.300675571E9' into Seleccionar el tipo de documento, jhon enters 'jhon.quinones@infotrack.com.co' into ¿Cuál es tu correo electrónico?, jhon enters 'Test Automotion11' into Ingresa tu nombre, jhon enters '3.000000002E9' into Ingresa tu numero celular, jhon enters '3.000000002E9' into Seleccionar el tipo de documento, jhon clicks on Continuar, jhon enters 'Bogota' into Ciudad, jhon clicks on Lista de ciudades, jhon enters 'Av. Carrera 86 # 55A - 75 Engativá' into Direccion, jhon clicks on Buscar la dirección, jhon enters 'Bogota' into Datos adicionales, jhon clicks on Continuar ubicación servicio, jhon enters 'Garantia' into ¿Qué tipo de servicio solicitas?, jhon clicks on ¿Qué tipo de servicio solicitas? Lista, jhon enters 'ESTUFA A GAS 4 PUESTOS E/E 120V NEGRA' into ¿Cuál es el producto?, jhon clicks on ¿Cuál es el producto? Lista, jhon enters 'AHUMA' into ¿Cuál es el motivo de la reparación?, jhon clicks on ¿Cuál es el motivo de la reparación? Lista, jhon enters 'QA AUTOMOTION' into observaciones, jhon clicks on Rango AM, jhon enters '1.012439358E9' into Rango PM, jhon clicks on Fecha, jhon clicks on Confirmar Fecha seleccionada, jhon clicks on Programar, jhon clicks on Finalizar Orden de servicio, jhon clicks on Heabeas Data, jhon clicks on Seleccionar el tipo de documento, Jhon seleccionar tipo documento, jhon enters '1.012439359E9' into Seleccionar el tipo de documento, jhon enters 'jhon.quinones@infotrack.com.co' into ¿Cuál es tu correo electrónico?, jhon enters 'QA 4' into ¿Cuales son tus apellidos?, jhon enters 'TEST 4' into ¿Cual es tu telefono fijo?, jhon enters '3.000000003E9' into Ingresa tu numero celular, jhon enters '3.000000003E9' into Seleccionar el tipo de documento, jhon clicks on Continuar, jhon enters 'Soacha' into Ciudad, jhon clicks on Lista de ciudades, jhon enters 'Cra. 72C #22A-74, Fontibón' into Direccion, jhon clicks on Buscar la dirección, jhon enters 'Bogota, Cundinamarca' into Datos adicionales, jhon clicks on Continuar ubicación servicio, jhon enters 'Mantenimiento' into ¿Qué tipo de servicio solicitas?, jhon clicks on ¿Qué tipo de servicio solicitas? Lista, jhon enters 'NEVERA 5.3 PIES ALMENDRA' into ¿Cuál es el producto?, jhon clicks on ¿Cuál es el producto? Lista, jhon enters 'NO CONGELA' into ¿Cuál es el motivo de la reparación?, jhon clicks on ¿Cuál es el motivo de la reparación? Lista, jhon enters 'QA AUTOMOTION' into observaciones, jhon clicks on Rango AM, jhon enters '1.012439359E9' into Rango PM, jhon clicks on Fecha, jhon clicks on Confirmar Fecha seleccionada, jhon clicks on Programar, jhon clicks on Finalizar Orden de servicio, jhon clicks on Heabeas Data, jhon clicks on Seleccionar el tipo de documento, Jhon seleccionar tipo documento, jhon enters '1.01243936E9' into Seleccionar el tipo de documento, jhon enters 'jhon.quinones@infotrack.com.co' into ¿Cuál es tu correo electrónico?, jhon enters 'QA 5' into ¿Cuales son tus apellidos?, jhon enters 'TEST 5' into ¿Cual es tu telefono fijo?, jhon enters '3.000000004E9' into Ingresa tu numero celular, jhon enters '3.000000004E9' into Seleccionar el tipo de documento, jhon clicks on Continuar, jhon enters 'Bogota' into Ciudad, jhon clicks on Lista de ciudades, jhon enters 'Av. C. 130' into Direccion, jhon clicks on Buscar la dirección, jhon enters 'Bosa' into Datos adicionales, jhon clicks on Continuar ubicación servicio, jhon enters 'Reparación' into ¿Qué tipo de servicio solicitas?, jhon clicks on ¿Qué tipo de servicio solicitas? Lista, jhon enters 'NEVERA CR360 GRIS C.DIGITAL' into ¿Cuál es el producto?, jhon clicks on ¿Cuál es el producto? Lista, jhon enters 'BOTA AGUA' into ¿Cuál es el motivo de la reparación?, jhon clicks on ¿Cuál es el motivo de la reparación? Lista, jhon enters 'QA AUTOMOTION' into observaciones, jhon clicks on Rango AM, jhon enters '1.01243936E9' into Rango PM, jhon clicks on Fecha, jhon clicks on Confirmar Fecha seleccionada, jhon clicks on Programar, jhon clicks on Finalizar Orden de servicio, jhon clicks on Heabeas Data, jhon clicks on Seleccionar el tipo de documento, Jhon seleccionar tipo documento, jhon enters '8.300675571E9' into Seleccionar el tipo de documento, jhon enters 'jhon.quinones@infotrack.com.co' into ¿Cuál es tu correo electrónico?]]
[Test worker] WARN net.thucydides.core.steps.BaseStepListener - stepStarted: net.thucydides.core.steps.ExecutedStepDescription@26c1f3eb
[Test worker] WARN net.thucydides.core.steps.BaseStepListener - stepFinished: current outcome:Proceso Autogestion - Agendamiento de servicios:Dado el usuario final cuando desee crear o agendar una orden de servicio [Jhon abrir pagina [jhon opens the Object abrir pagina]], Cuando Crea la orden de servicio [Jhon autogestion [jhon clicks on Heabeas Data, jhon clicks on Seleccionar el tipo de documento, Jhon seleccionar tipo documento, jhon enters '8.300675571E9' into Seleccionar el tipo de documento, jhon enters 'jhon.quinones@infotrack.com.co' into ¿Cuál es tu correo electrónico?, jhon enters 'Test Automotion9' into Ingresa tu nombre, jhon enters '3.0E9' into Ingresa tu numero celular, jhon enters '3.0E9' into Seleccionar el tipo de documento, jhon clicks on Continuar, jhon enters 'Bogota' into Ciudad, jhon clicks on Lista de ciudades, jhon enters 'Av. C. 127' into Direccion, jhon clicks on Buscar la dirección, jhon enters 'Norte' into Datos adicionales, jhon clicks on Continuar ubicación servicio, jhon enters 'Garantia' into ¿Qué tipo de servicio solicitas?, jhon clicks on ¿Qué tipo de servicio solicitas? Lista, jhon enters 'NEVERA 5.3 PIES ALMENDRA' into ¿Cuál es el producto?, jhon clicks on ¿Cuál es el producto? Lista, jhon enters 'BOTA AGUA' into ¿Cuál es el motivo de la reparación?, jhon clicks on ¿Cuál es el motivo de la reparación? Lista, jhon enters 'QA AUTOMOTION' into observaciones, jhon clicks on Rango AM, jhon enters '1.012439364E9' into Rango PM, jhon clicks on Fecha, jhon clicks on Confirmar Fecha seleccionada, jhon clicks on Programar, jhon clicks on Finalizar Orden de servicio, jhon clicks on Heabeas Data, jhon clicks on Seleccionar el tipo de documento, Jhon seleccionar tipo documento, jhon enters '1.012439357E9' into Seleccionar el tipo de documento, jhon enters 'jhon.quinones@infotrack.com.co' into ¿Cuál es tu correo electrónico?, jhon enters 'QA 2' into ¿Cuales son tus apellidos?, jhon enters 'TEST 2' into ¿Cual es tu telefono fijo?, jhon enters '3.000000001E9' into Ingresa tu numero celular, jhon enters '3.000000001E9' into Seleccionar el tipo de documento, jhon clicks on Continuar, jhon enters 'Soacha' into Ciudad, jhon clicks on Lista de ciudades, jhon enters 'Cl 15 # 19 a – 159' into Direccion, jhon clicks on Buscar la dirección, jhon enters 'Armonia IV' into Datos adicionales, jhon clicks on Continuar ubicación servicio, jhon enters 'Reparación' into ¿Qué tipo de servicio solicitas?, jhon clicks on ¿Qué tipo de servicio solicitas? Lista, jhon enters 'CALENTADOR DE PASO 10 LTS. GAS NATURAL' into ¿Cuál es el producto?, jhon clicks on ¿Cuál es el producto? Lista, jhon enters 'BOTA AGUA' into ¿Cuál es el motivo de la reparación?, jhon clicks on ¿Cuál es el motivo de la reparación? Lista, jhon enters 'QA AUTOMOTION' into observaciones, jhon clicks on Rango AM, jhon enters '1.012439357E9' into Rango PM, jhon clicks on Fecha, jhon clicks on Confirmar Fecha seleccionada, jhon clicks on Programar, jhon clicks on Finalizar Orden de servicio, jhon clicks on Heabeas Data, jhon clicks on Seleccionar el tipo de documento, Jhon seleccionar tipo documento, jhon enters '8.300675571E9' into Seleccionar el tipo de documento, jhon enters 'jhon.quinones@infotrack.com.co' into ¿Cuál es tu correo electrónico?, jhon enters 'Test Automotion11' into Ingresa tu nombre, jhon enters '3.000000002E9' into Ingresa tu numero celular, jhon enters '3.000000002E9' into Seleccionar el tipo de documento, jhon clicks on Continuar, jhon enters 'Bogota' into Ciudad, jhon clicks on Lista de ciudades, jhon enters 'Av. Carrera 86 # 55A - 75 Engativá' into Direccion, jhon clicks on Buscar la dirección, jhon enters 'Bogota' into Datos adicionales, jhon clicks on Continuar ubicación servicio, jhon enters 'Garantia' into ¿Qué tipo de servicio solicitas?, jhon clicks on ¿Qué tipo de servicio solicitas? Lista, jhon enters 'ESTUFA A GAS 4 PUESTOS E/E 120V NEGRA' into ¿Cuál es el producto?, jhon clicks on ¿Cuál es el producto? Lista, jhon enters 'AHUMA' into ¿Cuál es el motivo de la reparación?, jhon clicks on ¿Cuál es el motivo de la reparación? Lista, jhon enters 'QA AUTOMOTION' into observaciones, jhon clicks on Rango AM, jhon enters '1.012439358E9' into Rango PM, jhon clicks on Fecha, jhon clicks on Confirmar Fecha seleccionada, jhon clicks on Programar, jhon clicks on Finalizar Orden de servicio, jhon clicks on Heabeas Data, jhon clicks on Seleccionar el tipo de documento, Jhon seleccionar tipo documento, jhon enters '1.012439359E9' into Seleccionar el tipo de documento, jhon enters 'jhon.quinones@infotrack.com.co' into ¿Cuál es tu correo electrónico?, jhon enters 'QA 4' into ¿Cuales son tus apellidos?, jhon enters 'TEST 4' into ¿Cual es tu telefono fijo?, jhon enters '3.000000003E9' into Ingresa tu numero celular, jhon enters '3.000000003E9' into Seleccionar el tipo de documento, jhon clicks on Continuar, jhon enters 'Soacha' into Ciudad, jhon clicks on Lista de ciudades, jhon enters 'Cra. 72C #22A-74, Fontibón' into Direccion, jhon clicks on Buscar la dirección, jhon enters 'Bogota, Cundinamarca' into Datos adicionales, jhon clicks on Continuar ubicación servicio, jhon enters 'Mantenimiento' into ¿Qué tipo de servicio solicitas?, jhon clicks on ¿Qué tipo de servicio solicitas? Lista, jhon enters 'NEVERA 5.3 PIES ALMENDRA' into ¿Cuál es el producto?, jhon clicks on ¿Cuál es el producto? Lista, jhon enters 'NO CONGELA' into ¿Cuál es el motivo de la reparación?, jhon clicks on ¿Cuál es el motivo de la reparación? Lista, jhon enters 'QA AUTOMOTION' into observaciones, jhon clicks on Rango AM, jhon enters '1.012439359E9' into Rango PM, jhon clicks on Fecha, jhon clicks on Confirmar Fecha seleccionada, jhon clicks on Programar, jhon clicks on Finalizar Orden de servicio, jhon clicks on Heabeas Data, jhon clicks on Seleccionar el tipo de documento, Jhon seleccionar tipo documento, jhon enters '1.01243936E9' into Seleccionar el tipo de documento, jhon enters 'jhon.quinones@infotrack.com.co' into ¿Cuál es tu correo electrónico?, jhon enters 'QA 5' into ¿Cuales son tus apellidos?, jhon enters 'TEST 5' into ¿Cual es tu telefono fijo?, jhon enters '3.000000004E9' into Ingresa tu numero celular, jhon enters '3.000000004E9' into Seleccionar el tipo de documento, jhon clicks on Continuar, jhon enters 'Bogota' into Ciudad, jhon clicks on Lista de ciudades, jhon enters 'Av. C. 130' into Direccion, jhon clicks on Buscar la dirección, jhon enters 'Bosa' into Datos adicionales, jhon clicks on Continuar ubicación servicio, jhon enters 'Reparación' into ¿Qué tipo de servicio solicitas?, jhon clicks on ¿Qué tipo de servicio solicitas? Lista, jhon enters 'NEVERA CR360 GRIS C.DIGITAL' into ¿Cuál es el producto?, jhon clicks on ¿Cuál es el producto? Lista, jhon enters 'BOTA AGUA' into ¿Cuál es el motivo de la reparación?, jhon clicks on ¿Cuál es el motivo de la reparación? Lista, jhon enters 'QA AUTOMOTION' into observaciones, jhon clicks on Rango AM, jhon enters '1.01243936E9' into Rango PM, jhon clicks on Fecha, jhon clicks on Confirmar Fecha seleccionada, jhon clicks on Programar, jhon clicks on Finalizar Orden de servicio, jhon clicks on Heabeas Data, jhon clicks on Seleccionar el tipo de documento, Jhon seleccionar tipo documento, jhon enters '8.300675571E9' into Seleccionar el tipo de documento, jhon enters 'jhon.quinones@infotrack.com.co' into ¿Cuál es tu correo electrónico?, jhon enters 'Test Automotion14' into Ingresa tu nombre]]
[Test worker] WARN net.thucydides.core.steps.BaseStepListener - stepStarted: net.thucydides.core.steps.ExecutedStepDescription@35e3f3b8
[Test worker] WARN net.thucydides.core.steps.BaseStepListener - stepFinished: current outcome:Proceso Autogestion - Agendamiento de servicios:Dado el usuario final cuando desee crear o agendar una orden de servicio [Jhon abrir pagina [jhon opens the Object abrir pagina]], Cuando Crea la orden de servicio [Jhon autogestion [jhon clicks on Heabeas Data, jhon clicks on Seleccionar el tipo de documento, Jhon seleccionar tipo documento, jhon enters '8.300675571E9' into Seleccionar el tipo de documento, jhon enters 'jhon.quinones@infotrack.com.co' into ¿Cuál es tu correo electrónico?, jhon enters 'Test Automotion9' into Ingresa tu nombre, jhon enters '3.0E9' into Ingresa tu numero celular, jhon enters '3.0E9' into Seleccionar el tipo de documento, jhon clicks on Continuar, jhon enters 'Bogota' into Ciudad, jhon clicks on Lista de ciudades, jhon enters 'Av. C. 127' into Direccion, jhon clicks on Buscar la dirección, jhon enters 'Norte' into Datos adicionales, jhon clicks on Continuar ubicación servicio, jhon enters 'Garantia' into ¿Qué tipo de servicio solicitas?, jhon clicks on ¿Qué tipo de servicio solicitas? Lista, jhon enters 'NEVERA 5.3 PIES ALMENDRA' into ¿Cuál es el producto?, jhon clicks on ¿Cuál es el producto? Lista, jhon enters 'BOTA AGUA' into ¿Cuál es el motivo de la reparación?, jhon clicks on ¿Cuál es el motivo de la reparación? Lista, jhon enters 'QA AUTOMOTION' into observaciones, jhon clicks on Rango AM, jhon enters '1.012439364E9' into Rango PM, jhon clicks on Fecha, jhon clicks on Confirmar Fecha seleccionada, jhon clicks on Programar, jhon clicks on Finalizar Orden de servicio, jhon clicks on Heabeas Data, jhon clicks on Seleccionar el tipo de documento, Jhon seleccionar tipo documento, jhon enters '1.012439357E9' into Seleccionar el tipo de documento, jhon enters 'jhon.quinones@infotrack.com.co' into ¿Cuál es tu correo electrónico?, jhon enters 'QA 2' into ¿Cuales son tus apellidos?, jhon enters 'TEST 2' into ¿Cual es tu telefono fijo?, jhon enters '3.000000001E9' into Ingresa tu numero celular, jhon enters '3.000000001E9' into Seleccionar el tipo de documento, jhon clicks on Continuar, jhon enters 'Soacha' into Ciudad, jhon clicks on Lista de ciudades, jhon enters 'Cl 15 # 19 a – 159' into Direccion, jhon clicks on Buscar la dirección, jhon enters 'Armonia IV' into Datos adicionales, jhon clicks on Continuar ubicación servicio, jhon enters 'Reparación' into ¿Qué tipo de servicio solicitas?, jhon clicks on ¿Qué tipo de servicio solicitas? Lista, jhon enters 'CALENTADOR DE PASO 10 LTS. GAS NATURAL' into ¿Cuál es el producto?, jhon clicks on ¿Cuál es el producto? Lista, jhon enters 'BOTA AGUA' into ¿Cuál es el motivo de la reparación?, jhon clicks on ¿Cuál es el motivo de la reparación? Lista, jhon enters 'QA AUTOMOTION' into observaciones, jhon clicks on Rango AM, jhon enters '1.012439357E9' into Rango PM, jhon clicks on Fecha, jhon clicks on Confirmar Fecha seleccionada, jhon clicks on Programar, jhon clicks on Finalizar Orden de servicio, jhon clicks on Heabeas Data, jhon clicks on Seleccionar el tipo de documento, Jhon seleccionar tipo documento, jhon enters '8.300675571E9' into Seleccionar el tipo de documento, jhon enters 'jhon.quinones@infotrack.com.co' into ¿Cuál es tu correo electrónico?, jhon enters 'Test Automotion11' into Ingresa tu nombre, jhon enters '3.000000002E9' into Ingresa tu numero celular, jhon enters '3.000000002E9' into Seleccionar el tipo de documento, jhon clicks on Continuar, jhon enters 'Bogota' into Ciudad, jhon clicks on Lista de ciudades, jhon enters 'Av. Carrera 86 # 55A - 75 Engativá' into Direccion, jhon clicks on Buscar la dirección, jhon enters 'Bogota' into Datos adicionales, jhon clicks on Continuar ubicación servicio, jhon enters 'Garantia' into ¿Qué tipo de servicio solicitas?, jhon clicks on ¿Qué tipo de servicio solicitas? Lista, jhon enters 'ESTUFA A GAS 4 PUESTOS E/E 120V NEGRA' into ¿Cuál es el producto?, jhon clicks on ¿Cuál es el producto? Lista, jhon enters 'AHUMA' into ¿Cuál es el motivo de la reparación?, jhon clicks on ¿Cuál es el motivo de la reparación? Lista, jhon enters 'QA AUTOMOTION' into observaciones, jhon clicks on Rango AM, jhon enters '1.012439358E9' into Rango PM, jhon clicks on Fecha, jhon clicks on Confirmar Fecha seleccionada, jhon clicks on Programar, jhon clicks on Finalizar Orden de servicio, jhon clicks on Heabeas Data, jhon clicks on Seleccionar el tipo de documento, Jhon seleccionar tipo documento, jhon enters '1.012439359E9' into Seleccionar el tipo de documento, jhon enters 'jhon.quinones@infotrack.com.co' into ¿Cuál es tu correo electrónico?, jhon enters 'QA 4' into ¿Cuales son tus apellidos?, jhon enters 'TEST 4' into ¿Cual es tu telefono fijo?, jhon enters '3.000000003E9' into Ingresa tu numero celular, jhon enters '3.000000003E9' into Seleccionar el tipo de documento, jhon clicks on Continuar, jhon enters 'Soacha' into Ciudad, jhon clicks on Lista de ciudades, jhon enters 'Cra. 72C #22A-74, Fontibón' into Direccion, jhon clicks on Buscar la dirección, jhon enters 'Bogota, Cundinamarca' into Datos adicionales, jhon clicks on Continuar ubicación servicio, jhon enters 'Mantenimiento' into ¿Qué tipo de servicio solicitas?, jhon clicks on ¿Qué tipo de servicio solicitas? Lista, jhon enters 'NEVERA 5.3 PIES ALMENDRA' into ¿Cuál es el producto?, jhon clicks on ¿Cuál es el producto? Lista, jhon enters 'NO CONGELA' into ¿Cuál es el motivo de la reparación?, jhon clicks on ¿Cuál es el motivo de la reparación? Lista, jhon enters 'QA AUTOMOTION' into observaciones, jhon clicks on Rango AM, jhon enters '1.012439359E9' into Rango PM, jhon clicks on Fecha, jhon clicks on Confirmar Fecha seleccionada, jhon clicks on Programar, jhon clicks on Finalizar Orden de servicio, jhon clicks on Heabeas Data, jhon clicks on Seleccionar el tipo de documento, Jhon seleccionar tipo documento, jhon enters '1.01243936E9' into Seleccionar el tipo de documento, jhon enters 'jhon.quinones@infotrack.com.co' into ¿Cuál es tu correo electrónico?, jhon enters 'QA 5' into ¿Cuales son tus apellidos?, jhon enters 'TEST 5' into ¿Cual es tu telefono fijo?, jhon enters '3.000000004E9' into Ingresa tu numero celular, jhon enters '3.000000004E9' into Seleccionar el tipo de documento, jhon clicks on Continuar, jhon enters 'Bogota' into Ciudad, jhon clicks on Lista de ciudades, jhon enters 'Av. C. 130' into Direccion, jhon clicks on Buscar la dirección, jhon enters 'Bosa' into Datos adicionales, jhon clicks on Continuar ubicación servicio, jhon enters 'Reparación' into ¿Qué tipo de servicio solicitas?, jhon clicks on ¿Qué tipo de servicio solicitas? Lista, jhon enters 'NEVERA CR360 GRIS C.DIGITAL' into ¿Cuál es el producto?, jhon clicks on ¿Cuál es el producto? Lista, jhon enters 'BOTA AGUA' into ¿Cuál es el motivo de la reparación?, jhon clicks on ¿Cuál es el motivo de la reparación? Lista, jhon enters 'QA AUTOMOTION' into observaciones, jhon clicks on Rango AM, jhon enters '1.01243936E9' into Rango PM, jhon clicks on Fecha, jhon clicks on Confirmar Fecha seleccionada, jhon clicks on Programar, jhon clicks on Finalizar Orden de servicio, jhon clicks on Heabeas Data, jhon clicks on Seleccionar el tipo de documento, Jhon seleccionar tipo documento, jhon enters '8.300675571E9' into Seleccionar el tipo de documento, jhon enters 'jhon.quinones@infotrack.com.co' into ¿Cuál es tu correo electrónico?, jhon enters 'Test Automotion14' into Ingresa tu nombre, jhon enters '3.000000005E9' into Ingresa tu numero celular]]
[Test worker] WARN net.thucydides.core.steps.BaseStepListener - stepStarted: net.thucydides.core.steps.ExecutedStepDescription@3e0b1f03
[Test worker] WARN net.thucydides.core.steps.BaseStepListener - stepFinished: current outcome:Proceso Autogestion - Agendamiento de servicios:Dado el usuario final cuando desee crear o agendar una orden de servicio [Jhon abrir pagina [jhon opens the Object abrir pagina]], Cuando Crea la orden de servicio [Jhon autogestion [jhon clicks on Heabeas Data, jhon clicks on Seleccionar el tipo de documento, Jhon seleccionar tipo documento, jhon enters '8.300675571E9' into Seleccionar el tipo de documento, jhon enters 'jhon.quinones@infotrack.com.co' into ¿Cuál es tu correo electrónico?, jhon enters 'Test Automotion9' into Ingresa tu nombre, jhon enters '3.0E9' into Ingresa tu numero celular, jhon enters '3.0E9' into Seleccionar el tipo de documento, jhon clicks on Continuar, jhon enters 'Bogota' into Ciudad, jhon clicks on Lista de ciudades, jhon enters 'Av. C. 127' into Direccion, jhon clicks on Buscar la dirección, jhon enters 'Norte' into Datos adicionales, jhon clicks on Continuar ubicación servicio, jhon enters 'Garantia' into ¿Qué tipo de servicio solicitas?, jhon clicks on ¿Qué tipo de servicio solicitas? Lista, jhon enters 'NEVERA 5.3 PIES ALMENDRA' into ¿Cuál es el producto?, jhon clicks on ¿Cuál es el producto? Lista, jhon enters 'BOTA AGUA' into ¿Cuál es el motivo de la reparación?, jhon clicks on ¿Cuál es el motivo de la reparación? Lista, jhon enters 'QA AUTOMOTION' into observaciones, jhon clicks on Rango AM, jhon enters '1.012439364E9' into Rango PM, jhon clicks on Fecha, jhon clicks on Confirmar Fecha seleccionada, jhon clicks on Programar, jhon clicks on Finalizar Orden de servicio, jhon clicks on Heabeas Data, jhon clicks on Seleccionar el tipo de documento, Jhon seleccionar tipo documento, jhon enters '1.012439357E9' into Seleccionar el tipo de documento, jhon enters 'jhon.quinones@infotrack.com.co' into ¿Cuál es tu correo electrónico?, jhon enters 'QA 2' into ¿Cuales son tus apellidos?, jhon enters 'TEST 2' into ¿Cual es tu telefono fijo?, jhon enters '3.000000001E9' into Ingresa tu numero celular, jhon enters '3.000000001E9' into Seleccionar el tipo de documento, jhon clicks on Continuar, jhon enters 'Soacha' into Ciudad, jhon clicks on Lista de ciudades, jhon enters 'Cl 15 # 19 a – 159' into Direccion, jhon clicks on Buscar la dirección, jhon enters 'Armonia IV' into Datos adicionales, jhon clicks on Continuar ubicación servicio, jhon enters 'Reparación' into ¿Qué tipo de servicio solicitas?, jhon clicks on ¿Qué tipo de servicio solicitas? Lista, jhon enters 'CALENTADOR DE PASO 10 LTS. GAS NATURAL' into ¿Cuál es el producto?, jhon clicks on ¿Cuál es el producto? Lista, jhon enters 'BOTA AGUA' into ¿Cuál es el motivo de la reparación?, jhon clicks on ¿Cuál es el motivo de la reparación? Lista, jhon enters 'QA AUTOMOTION' into observaciones, jhon clicks on Rango AM, jhon enters '1.012439357E9' into Rango PM, jhon clicks on Fecha, jhon clicks on Confirmar Fecha seleccionada, jhon clicks on Programar, jhon clicks on Finalizar Orden de servicio, jhon clicks on Heabeas Data, jhon clicks on Seleccionar el tipo de documento, Jhon seleccionar tipo documento, jhon enters '8.300675571E9' into Seleccionar el tipo de documento, jhon enters 'jhon.quinones@infotrack.com.co' into ¿Cuál es tu correo electrónico?, jhon enters 'Test Automotion11' into Ingresa tu nombre, jhon enters '3.000000002E9' into Ingresa tu numero celular, jhon enters '3.000000002E9' into Seleccionar el tipo de documento, jhon clicks on Continuar, jhon enters 'Bogota' into Ciudad, jhon clicks on Lista de ciudades, jhon enters 'Av. Carrera 86 # 55A - 75 Engativá' into Direccion, jhon clicks on Buscar la dirección, jhon enters 'Bogota' into Datos adicionales, jhon clicks on Continuar ubicación servicio, jhon enters 'Garantia' into ¿Qué tipo de servicio solicitas?, jhon clicks on ¿Qué tipo de servicio solicitas? Lista, jhon enters 'ESTUFA A GAS 4 PUESTOS E/E 120V NEGRA' into ¿Cuál es el producto?, jhon clicks on ¿Cuál es el producto? Lista, jhon enters 'AHUMA' into ¿Cuál es el motivo de la reparación?, jhon clicks on ¿Cuál es el motivo de la reparación? Lista, jhon enters 'QA AUTOMOTION' into observaciones, jhon clicks on Rango AM, jhon enters '1.012439358E9' into Rango PM, jhon clicks on Fecha, jhon clicks on Confirmar Fecha seleccionada, jhon clicks on Programar, jhon clicks on Finalizar Orden de servicio, jhon clicks on Heabeas Data, jhon clicks on Seleccionar el tipo de documento, Jhon seleccionar tipo documento, jhon enters '1.012439359E9' into Seleccionar el tipo de documento, jhon enters 'jhon.quinones@infotrack.com.co' into ¿Cuál es tu correo electrónico?, jhon enters 'QA 4' into ¿Cuales son tus apellidos?, jhon enters 'TEST 4' into ¿Cual es tu telefono fijo?, jhon enters '3.000000003E9' into Ingresa tu numero celular, jhon enters '3.000000003E9' into Seleccionar el tipo de documento, jhon clicks on Continuar, jhon enters 'Soacha' into Ciudad, jhon clicks on Lista de ciudades, jhon enters 'Cra. 72C #22A-74, Fontibón' into Direccion, jhon clicks on Buscar la dirección, jhon enters 'Bogota, Cundinamarca' into Datos adicionales, jhon clicks on Continuar ubicación servicio, jhon enters 'Mantenimiento' into ¿Qué tipo de servicio solicitas?, jhon clicks on ¿Qué tipo de servicio solicitas? Lista, jhon enters 'NEVERA 5.3 PIES ALMENDRA' into ¿Cuál es el producto?, jhon clicks on ¿Cuál es el producto? Lista, jhon enters 'NO CONGELA' into ¿Cuál es el motivo de la reparación?, jhon clicks on ¿Cuál es el motivo de la reparación? Lista, jhon enters 'QA AUTOMOTION' into observaciones, jhon clicks on Rango AM, jhon enters '1.012439359E9' into Rango PM, jhon clicks on Fecha, jhon clicks on Confirmar Fecha seleccionada, jhon clicks on Programar, jhon clicks on Finalizar Orden de servicio, jhon clicks on Heabeas Data, jhon clicks on Seleccionar el tipo de documento, Jhon seleccionar tipo documento, jhon enters '1.01243936E9' into Seleccionar el tipo de documento, jhon enters 'jhon.quinones@infotrack.com.co' into ¿Cuál es tu correo electrónico?, jhon enters 'QA 5' into ¿Cuales son tus apellidos?, jhon enters 'TEST 5' into ¿Cual es tu telefono fijo?, jhon enters '3.000000004E9' into Ingresa tu numero celular, jhon enters '3.000000004E9' into Seleccionar el tipo de documento, jhon clicks on Continuar, jhon enters 'Bogota' into Ciudad, jhon clicks on Lista de ciudades, jhon enters 'Av. C. 130' into Direccion, jhon clicks on Buscar la dirección, jhon enters 'Bosa' into Datos adicionales, jhon clicks on Continuar ubicación servicio, jhon enters 'Reparación' into ¿Qué tipo de servicio solicitas?, jhon clicks on ¿Qué tipo de servicio solicitas? Lista, jhon enters 'NEVERA CR360 GRIS C.DIGITAL' into ¿Cuál es el producto?, jhon clicks on ¿Cuál es el producto? Lista, jhon enters 'BOTA AGUA' into ¿Cuál es el motivo de la reparación?, jhon clicks on ¿Cuál es el motivo de la reparación? Lista, jhon enters 'QA AUTOMOTION' into observaciones, jhon clicks on Rango AM, jhon enters '1.01243936E9' into Rango PM, jhon clicks on Fecha, jhon clicks on Confirmar Fecha seleccionada, jhon clicks on Programar, jhon clicks on Finalizar Orden de servicio, jhon clicks on Heabeas Data, jhon clicks on Seleccionar el tipo de documento, Jhon seleccionar tipo documento, jhon enters '8.300675571E9' into Seleccionar el tipo de documento, jhon enters 'jhon.quinones@infotrack.com.co' into ¿Cuál es tu correo electrónico?, jhon enters 'Test Automotion14' into Ingresa tu nombre, jhon enters '3.000000005E9' into Ingresa tu numero celular, jhon enters '3.000000005E9' into Seleccionar el tipo de documento]]
[Test worker] WARN net.thucydides.core.steps.BaseStepListener - stepStarted: net.thucydides.core.steps.ExecutedStepDescription@68722de3
[Test worker] WARN net.thucydides.core.steps.BaseStepListener - stepFinished: current outcome:Proceso Autogestion - Agendamiento de servicios:Dado el usuario final cuando desee crear o agendar una orden de servicio [Jhon abrir pagina [jhon opens the Object abrir pagina]], Cuando Crea la orden de servicio [Jhon autogestion [jhon clicks on Heabeas Data, jhon clicks on Seleccionar el tipo de documento, Jhon seleccionar tipo documento, jhon enters '8.300675571E9' into Seleccionar el tipo de documento, jhon enters 'jhon.quinones@infotrack.com.co' into ¿Cuál es tu correo electrónico?, jhon enters 'Test Automotion9' into Ingresa tu nombre, jhon enters '3.0E9' into Ingresa tu numero celular, jhon enters '3.0E9' into Seleccionar el tipo de documento, jhon clicks on Continuar, jhon enters 'Bogota' into Ciudad, jhon clicks on Lista de ciudades, jhon enters 'Av. C. 127' into Direccion, jhon clicks on Buscar la dirección, jhon enters 'Norte' into Datos adicionales, jhon clicks on Continuar ubicación servicio, jhon enters 'Garantia' into ¿Qué tipo de servicio solicitas?, jhon clicks on ¿Qué tipo de servicio solicitas? Lista, jhon enters 'NEVERA 5.3 PIES ALMENDRA' into ¿Cuál es el producto?, jhon clicks on ¿Cuál es el producto? Lista, jhon enters 'BOTA AGUA' into ¿Cuál es el motivo de la reparación?, jhon clicks on ¿Cuál es el motivo de la reparación? Lista, jhon enters 'QA AUTOMOTION' into observaciones, jhon clicks on Rango AM, jhon enters '1.012439364E9' into Rango PM, jhon clicks on Fecha, jhon clicks on Confirmar Fecha seleccionada, jhon clicks on Programar, jhon clicks on Finalizar Orden de servicio, jhon clicks on Heabeas Data, jhon clicks on Seleccionar el tipo de documento, Jhon seleccionar tipo documento, jhon enters '1.012439357E9' into Seleccionar el tipo de documento, jhon enters 'jhon.quinones@infotrack.com.co' into ¿Cuál es tu correo electrónico?, jhon enters 'QA 2' into ¿Cuales son tus apellidos?, jhon enters 'TEST 2' into ¿Cual es tu telefono fijo?, jhon enters '3.000000001E9' into Ingresa tu numero celular, jhon enters '3.000000001E9' into Seleccionar el tipo de documento, jhon clicks on Continuar, jhon enters 'Soacha' into Ciudad, jhon clicks on Lista de ciudades, jhon enters 'Cl 15 # 19 a – 159' into Direccion, jhon clicks on Buscar la dirección, jhon enters 'Armonia IV' into Datos adicionales, jhon clicks on Continuar ubicación servicio, jhon enters 'Reparación' into ¿Qué tipo de servicio solicitas?, jhon clicks on ¿Qué tipo de servicio solicitas? Lista, jhon enters 'CALENTADOR DE PASO 10 LTS. GAS NATURAL' into ¿Cuál es el producto?, jhon clicks on ¿Cuál es el producto? Lista, jhon enters 'BOTA AGUA' into ¿Cuál es el motivo de la reparación?, jhon clicks on ¿Cuál es el motivo de la reparación? Lista, jhon enters 'QA AUTOMOTION' into observaciones, jhon clicks on Rango AM, jhon enters '1.012439357E9' into Rango PM, jhon clicks on Fecha, jhon clicks on Confirmar Fecha seleccionada, jhon clicks on Programar, jhon clicks on Finalizar Orden de servicio, jhon clicks on Heabeas Data, jhon clicks on Seleccionar el tipo de documento, Jhon seleccionar tipo documento, jhon enters '8.300675571E9' into Seleccionar el tipo de documento, jhon enters 'jhon.quinones@infotrack.com.co' into ¿Cuál es tu correo electrónico?, jhon enters 'Test Automotion11' into Ingresa tu nombre, jhon enters '3.000000002E9' into Ingresa tu numero celular, jhon enters '3.000000002E9' into Seleccionar el tipo de documento, jhon clicks on Continuar, jhon enters 'Bogota' into Ciudad, jhon clicks on Lista de ciudades, jhon enters 'Av. Carrera 86 # 55A - 75 Engativá' into Direccion, jhon clicks on Buscar la dirección, jhon enters 'Bogota' into Datos adicionales, jhon clicks on Continuar ubicación servicio, jhon enters 'Garantia' into ¿Qué tipo de servicio solicitas?, jhon clicks on ¿Qué tipo de servicio solicitas? Lista, jhon enters 'ESTUFA A GAS 4 PUESTOS E/E 120V NEGRA' into ¿Cuál es el producto?, jhon clicks on ¿Cuál es el producto? Lista, jhon enters 'AHUMA' into ¿Cuál es el motivo de la reparación?, jhon clicks on ¿Cuál es el motivo de la reparación? Lista, jhon enters 'QA AUTOMOTION' into observaciones, jhon clicks on Rango AM, jhon enters '1.012439358E9' into Rango PM, jhon clicks on Fecha, jhon clicks on Confirmar Fecha seleccionada, jhon clicks on Programar, jhon clicks on Finalizar Orden de servicio, jhon clicks on Heabeas Data, jhon clicks on Seleccionar el tipo de documento, Jhon seleccionar tipo documento, jhon enters '1.012439359E9' into Seleccionar el tipo de documento, jhon enters 'jhon.quinones@infotrack.com.co' into ¿Cuál es tu correo electrónico?, jhon enters 'QA 4' into ¿Cuales son tus apellidos?, jhon enters 'TEST 4' into ¿Cual es tu telefono fijo?, jhon enters '3.000000003E9' into Ingresa tu numero celular, jhon enters '3.000000003E9' into Seleccionar el tipo de documento, jhon clicks on Continuar, jhon enters 'Soacha' into Ciudad, jhon clicks on Lista de ciudades, jhon enters 'Cra. 72C #22A-74, Fontibón' into Direccion, jhon clicks on Buscar la dirección, jhon enters 'Bogota, Cundinamarca' into Datos adicionales, jhon clicks on Continuar ubicación servicio, jhon enters 'Mantenimiento' into ¿Qué tipo de servicio solicitas?, jhon clicks on ¿Qué tipo de servicio solicitas? Lista, jhon enters 'NEVERA 5.3 PIES ALMENDRA' into ¿Cuál es el producto?, jhon clicks on ¿Cuál es el producto? Lista, jhon enters 'NO CONGELA' into ¿Cuál es el motivo de la reparación?, jhon clicks on ¿Cuál es el motivo de la reparación? Lista, jhon enters 'QA AUTOMOTION' into observaciones, jhon clicks on Rango AM, jhon enters '1.012439359E9' into Rango PM, jhon clicks on Fecha, jhon clicks on Confirmar Fecha seleccionada, jhon clicks on Programar, jhon clicks on Finalizar Orden de servicio, jhon clicks on Heabeas Data, jhon clicks on Seleccionar el tipo de documento, Jhon seleccionar tipo documento, jhon enters '1.01243936E9' into Seleccionar el tipo de documento, jhon enters 'jhon.quinones@infotrack.com.co' into ¿Cuál es tu correo electrónico?, jhon enters 'QA 5' into ¿Cuales son tus apellidos?, jhon enters 'TEST 5' into ¿Cual es tu telefono fijo?, jhon enters '3.000000004E9' into Ingresa tu numero celular, jhon enters '3.000000004E9' into Seleccionar el tipo de documento, jhon clicks on Continuar, jhon enters 'Bogota' into Ciudad, jhon clicks on Lista de ciudades, jhon enters 'Av. C. 130' into Direccion, jhon clicks on Buscar la dirección, jhon enters 'Bosa' into Datos adicionales, jhon clicks on Continuar ubicación servicio, jhon enters 'Reparación' into ¿Qué tipo de servicio solicitas?, jhon clicks on ¿Qué tipo de servicio solicitas? Lista, jhon enters 'NEVERA CR360 GRIS C.DIGITAL' into ¿Cuál es el producto?, jhon clicks on ¿Cuál es el producto? Lista, jhon enters 'BOTA AGUA' into ¿Cuál es el motivo de la reparación?, jhon clicks on ¿Cuál es el motivo de la reparación? Lista, jhon enters 'QA AUTOMOTION' into observaciones, jhon clicks on Rango AM, jhon enters '1.01243936E9' into Rango PM, jhon clicks on Fecha, jhon clicks on Confirmar Fecha seleccionada, jhon clicks on Programar, jhon clicks on Finalizar Orden de servicio, jhon clicks on Heabeas Data, jhon clicks on Seleccionar el tipo de documento, Jhon seleccionar tipo documento, jhon enters '8.300675571E9' into Seleccionar el tipo de documento, jhon enters 'jhon.quinones@infotrack.com.co' into ¿Cuál es tu correo electrónico?, jhon enters 'Test Automotion14' into Ingresa tu nombre, jhon enters '3.000000005E9' into Ingresa tu numero celular, jhon enters '3.000000005E9' into Seleccionar el tipo de documento, jhon clicks on Continuar]]
[Test worker] WARN net.thucydides.core.steps.BaseStepListener - stepStarted: net.thucydides.core.steps.ExecutedStepDescription@f2b4303
[Test worker] WARN net.thucydides.core.steps.BaseStepListener - stepFinished: current outcome:Proceso Autogestion - Agendamiento de servicios:Dado el usuario final cuando desee crear o agendar una orden de servicio [Jhon abrir pagina [jhon opens the Object abrir pagina]], Cuando Crea la orden de servicio [Jhon autogestion [jhon clicks on Heabeas Data, jhon clicks on Seleccionar el tipo de documento, Jhon seleccionar tipo documento, jhon enters '8.300675571E9' into Seleccionar el tipo de documento, jhon enters 'jhon.quinones@infotrack.com.co' into ¿Cuál es tu correo electrónico?, jhon enters 'Test Automotion9' into Ingresa tu nombre, jhon enters '3.0E9' into Ingresa tu numero celular, jhon enters '3.0E9' into Seleccionar el tipo de documento, jhon clicks on Continuar, jhon enters 'Bogota' into Ciudad, jhon clicks on Lista de ciudades, jhon enters 'Av. C. 127' into Direccion, jhon clicks on Buscar la dirección, jhon enters 'Norte' into Datos adicionales, jhon clicks on Continuar ubicación servicio, jhon enters 'Garantia' into ¿Qué tipo de servicio solicitas?, jhon clicks on ¿Qué tipo de servicio solicitas? Lista, jhon enters 'NEVERA 5.3 PIES ALMENDRA' into ¿Cuál es el producto?, jhon clicks on ¿Cuál es el producto? Lista, jhon enters 'BOTA AGUA' into ¿Cuál es el motivo de la reparación?, jhon clicks on ¿Cuál es el motivo de la reparación? Lista, jhon enters 'QA AUTOMOTION' into observaciones, jhon clicks on Rango AM, jhon enters '1.012439364E9' into Rango PM, jhon clicks on Fecha, jhon clicks on Confirmar Fecha seleccionada, jhon clicks on Programar, jhon clicks on Finalizar Orden de servicio, jhon clicks on Heabeas Data, jhon clicks on Seleccionar el tipo de documento, Jhon seleccionar tipo documento, jhon enters '1.012439357E9' into Seleccionar el tipo de documento, jhon enters 'jhon.quinones@infotrack.com.co' into ¿Cuál es tu correo electrónico?, jhon enters 'QA 2' into ¿Cuales son tus apellidos?, jhon enters 'TEST 2' into ¿Cual es tu telefono fijo?, jhon enters '3.000000001E9' into Ingresa tu numero celular, jhon enters '3.000000001E9' into Seleccionar el tipo de documento, jhon clicks on Continuar, jhon enters 'Soacha' into Ciudad, jhon clicks on Lista de ciudades, jhon enters 'Cl 15 # 19 a – 159' into Direccion, jhon clicks on Buscar la dirección, jhon enters 'Armonia IV' into Datos adicionales, jhon clicks on Continuar ubicación servicio, jhon enters 'Reparación' into ¿Qué tipo de servicio solicitas?, jhon clicks on ¿Qué tipo de servicio solicitas? Lista, jhon enters 'CALENTADOR DE PASO 10 LTS. GAS NATURAL' into ¿Cuál es el producto?, jhon clicks on ¿Cuál es el producto? Lista, jhon enters 'BOTA AGUA' into ¿Cuál es el motivo de la reparación?, jhon clicks on ¿Cuál es el motivo de la reparación? Lista, jhon enters 'QA AUTOMOTION' into observaciones, jhon clicks on Rango AM, jhon enters '1.012439357E9' into Rango PM, jhon clicks on Fecha, jhon clicks on Confirmar Fecha seleccionada, jhon clicks on Programar, jhon clicks on Finalizar Orden de servicio, jhon clicks on Heabeas Data, jhon clicks on Seleccionar el tipo de documento, Jhon seleccionar tipo documento, jhon enters '8.300675571E9' into Seleccionar el tipo de documento, jhon enters 'jhon.quinones@infotrack.com.co' into ¿Cuál es tu correo electrónico?, jhon enters 'Test Automotion11' into Ingresa tu nombre, jhon enters '3.000000002E9' into Ingresa tu numero celular, jhon enters '3.000000002E9' into Seleccionar el tipo de documento, jhon clicks on Continuar, jhon enters 'Bogota' into Ciudad, jhon clicks on Lista de ciudades, jhon enters 'Av. Carrera 86 # 55A - 75 Engativá' into Direccion, jhon clicks on Buscar la dirección, jhon enters 'Bogota' into Datos adicionales, jhon clicks on Continuar ubicación servicio, jhon enters 'Garantia' into ¿Qué tipo de servicio solicitas?, jhon clicks on ¿Qué tipo de servicio solicitas? Lista, jhon enters 'ESTUFA A GAS 4 PUESTOS E/E 120V NEGRA' into ¿Cuál es el producto?, jhon clicks on ¿Cuál es el producto? Lista, jhon enters 'AHUMA' into ¿Cuál es el motivo de la reparación?, jhon clicks on ¿Cuál es el motivo de la reparación? Lista, jhon enters 'QA AUTOMOTION' into observaciones, jhon clicks on Rango AM, jhon enters '1.012439358E9' into Rango PM, jhon clicks on Fecha, jhon clicks on Confirmar Fecha seleccionada, jhon clicks on Programar, jhon clicks on Finalizar Orden de servicio, jhon clicks on Heabeas Data, jhon clicks on Seleccionar el tipo de documento, Jhon seleccionar tipo documento, jhon enters '1.012439359E9' into Seleccionar el tipo de documento, jhon enters 'jhon.quinones@infotrack.com.co' into ¿Cuál es tu correo electrónico?, jhon enters 'QA 4' into ¿Cuales son tus apellidos?, jhon enters 'TEST 4' into ¿Cual es tu telefono fijo?, jhon enters '3.000000003E9' into Ingresa tu numero celular, jhon enters '3.000000003E9' into Seleccionar el tipo de documento, jhon clicks on Continuar, jhon enters 'Soacha' into Ciudad, jhon clicks on Lista de ciudades, jhon enters 'Cra. 72C #22A-74, Fontibón' into Direccion, jhon clicks on Buscar la dirección, jhon enters 'Bogota, Cundinamarca' into Datos adicionales, jhon clicks on Continuar ubicación servicio, jhon enters 'Mantenimiento' into ¿Qué tipo de servicio solicitas?, jhon clicks on ¿Qué tipo de servicio solicitas? Lista, jhon enters 'NEVERA 5.3 PIES ALMENDRA' into ¿Cuál es el producto?, jhon clicks on ¿Cuál es el producto? Lista, jhon enters 'NO CONGELA' into ¿Cuál es el motivo de la reparación?, jhon clicks on ¿Cuál es el motivo de la reparación? Lista, jhon enters 'QA AUTOMOTION' into observaciones, jhon clicks on Rango AM, jhon enters '1.012439359E9' into Rango PM, jhon clicks on Fecha, jhon clicks on Confirmar Fecha seleccionada, jhon clicks on Programar, jhon clicks on Finalizar Orden de servicio, jhon clicks on Heabeas Data, jhon clicks on Seleccionar el tipo de documento, Jhon seleccionar tipo documento, jhon enters '1.01243936E9' into Seleccionar el tipo de documento, jhon enters 'jhon.quinones@infotrack.com.co' into ¿Cuál es tu correo electrónico?, jhon enters 'QA 5' into ¿Cuales son tus apellidos?, jhon enters 'TEST 5' into ¿Cual es tu telefono fijo?, jhon enters '3.000000004E9' into Ingresa tu numero celular, jhon enters '3.000000004E9' into Seleccionar el tipo de documento, jhon clicks on Continuar, jhon enters 'Bogota' into Ciudad, jhon clicks on Lista de ciudades, jhon enters 'Av. C. 130' into Direccion, jhon clicks on Buscar la dirección, jhon enters 'Bosa' into Datos adicionales, jhon clicks on Continuar ubicación servicio, jhon enters 'Reparación' into ¿Qué tipo de servicio solicitas?, jhon clicks on ¿Qué tipo de servicio solicitas? Lista, jhon enters 'NEVERA CR360 GRIS C.DIGITAL' into ¿Cuál es el producto?, jhon clicks on ¿Cuál es el producto? Lista, jhon enters 'BOTA AGUA' into ¿Cuál es el motivo de la reparación?, jhon clicks on ¿Cuál es el motivo de la reparación? Lista, jhon enters 'QA AUTOMOTION' into observaciones, jhon clicks on Rango AM, jhon enters '1.01243936E9' into Rango PM, jhon clicks on Fecha, jhon clicks on Confirmar Fecha seleccionada, jhon clicks on Programar, jhon clicks on Finalizar Orden de servicio, jhon clicks on Heabeas Data, jhon clicks on Seleccionar el tipo de documento, Jhon seleccionar tipo documento, jhon enters '8.300675571E9' into Seleccionar el tipo de documento, jhon enters 'jhon.quinones@infotrack.com.co' into ¿Cuál es tu correo electrónico?, jhon enters 'Test Automotion14' into Ingresa tu nombre, jhon enters '3.000000005E9' into Ingresa tu numero celular, jhon enters '3.000000005E9' into Seleccionar el tipo de documento, jhon clicks on Continuar, jhon enters 'Soacha' into Ciudad]]
[Test worker] WARN net.thucydides.core.steps.BaseStepListener - stepStarted: net.thucydides.core.steps.ExecutedStepDescription@2c7aba7c
[Test worker] WARN net.thucydides.core.steps.BaseStepListener - stepFinished: current outcome:Proceso Autogestion - Agendamiento de servicios:Dado el usuario final cuando desee crear o agendar una orden de servicio [Jhon abrir pagina [jhon opens the Object abrir pagina]], Cuando Crea la orden de servicio [Jhon autogestion [jhon clicks on Heabeas Data, jhon clicks on Seleccionar el tipo de documento, Jhon seleccionar tipo documento, jhon enters '8.300675571E9' into Seleccionar el tipo de documento, jhon enters 'jhon.quinones@infotrack.com.co' into ¿Cuál es tu correo electrónico?, jhon enters 'Test Automotion9' into Ingresa tu nombre, jhon enters '3.0E9' into Ingresa tu numero celular, jhon enters '3.0E9' into Seleccionar el tipo de documento, jhon clicks on Continuar, jhon enters 'Bogota' into Ciudad, jhon clicks on Lista de ciudades, jhon enters 'Av. C. 127' into Direccion, jhon clicks on Buscar la dirección, jhon enters 'Norte' into Datos adicionales, jhon clicks on Continuar ubicación servicio, jhon enters 'Garantia' into ¿Qué tipo de servicio solicitas?, jhon clicks on ¿Qué tipo de servicio solicitas? Lista, jhon enters 'NEVERA 5.3 PIES ALMENDRA' into ¿Cuál es el producto?, jhon clicks on ¿Cuál es el producto? Lista, jhon enters 'BOTA AGUA' into ¿Cuál es el motivo de la reparación?, jhon clicks on ¿Cuál es el motivo de la reparación? Lista, jhon enters 'QA AUTOMOTION' into observaciones, jhon clicks on Rango AM, jhon enters '1.012439364E9' into Rango PM, jhon clicks on Fecha, jhon clicks on Confirmar Fecha seleccionada, jhon clicks on Programar, jhon clicks on Finalizar Orden de servicio, jhon clicks on Heabeas Data, jhon clicks on Seleccionar el tipo de documento, Jhon seleccionar tipo documento, jhon enters '1.012439357E9' into Seleccionar el tipo de documento, jhon enters 'jhon.quinones@infotrack.com.co' into ¿Cuál es tu correo electrónico?, jhon enters 'QA 2' into ¿Cuales son tus apellidos?, jhon enters 'TEST 2' into ¿Cual es tu telefono fijo?, jhon enters '3.000000001E9' into Ingresa tu numero celular, jhon enters '3.000000001E9' into Seleccionar el tipo de documento, jhon clicks on Continuar, jhon enters 'Soacha' into Ciudad, jhon clicks on Lista de ciudades, jhon enters 'Cl 15 # 19 a – 159' into Direccion, jhon clicks on Buscar la dirección, jhon enters 'Armonia IV' into Datos adicionales, jhon clicks on Continuar ubicación servicio, jhon enters 'Reparación' into ¿Qué tipo de servicio solicitas?, jhon clicks on ¿Qué tipo de servicio solicitas? Lista, jhon enters 'CALENTADOR DE PASO 10 LTS. GAS NATURAL' into ¿Cuál es el producto?, jhon clicks on ¿Cuál es el producto? Lista, jhon enters 'BOTA AGUA' into ¿Cuál es el motivo de la reparación?, jhon clicks on ¿Cuál es el motivo de la reparación? Lista, jhon enters 'QA AUTOMOTION' into observaciones, jhon clicks on Rango AM, jhon enters '1.012439357E9' into Rango PM, jhon clicks on Fecha, jhon clicks on Confirmar Fecha seleccionada, jhon clicks on Programar, jhon clicks on Finalizar Orden de servicio, jhon clicks on Heabeas Data, jhon clicks on Seleccionar el tipo de documento, Jhon seleccionar tipo documento, jhon enters '8.300675571E9' into Seleccionar el tipo de documento, jhon enters 'jhon.quinones@infotrack.com.co' into ¿Cuál es tu correo electrónico?, jhon enters 'Test Automotion11' into Ingresa tu nombre, jhon enters '3.000000002E9' into Ingresa tu numero celular, jhon enters '3.000000002E9' into Seleccionar el tipo de documento, jhon clicks on Continuar, jhon enters 'Bogota' into Ciudad, jhon clicks on Lista de ciudades, jhon enters 'Av. Carrera 86 # 55A - 75 Engativá' into Direccion, jhon clicks on Buscar la dirección, jhon enters 'Bogota' into Datos adicionales, jhon clicks on Continuar ubicación servicio, jhon enters 'Garantia' into ¿Qué tipo de servicio solicitas?, jhon clicks on ¿Qué tipo de servicio solicitas? Lista, jhon enters 'ESTUFA A GAS 4 PUESTOS E/E 120V NEGRA' into ¿Cuál es el producto?, jhon clicks on ¿Cuál es el producto? Lista, jhon enters 'AHUMA' into ¿Cuál es el motivo de la reparación?, jhon clicks on ¿Cuál es el motivo de la reparación? Lista, jhon enters 'QA AUTOMOTION' into observaciones, jhon clicks on Rango AM, jhon enters '1.012439358E9' into Rango PM, jhon clicks on Fecha, jhon clicks on Confirmar Fecha seleccionada, jhon clicks on Programar, jhon clicks on Finalizar Orden de servicio, jhon clicks on Heabeas Data, jhon clicks on Seleccionar el tipo de documento, Jhon seleccionar tipo documento, jhon enters '1.012439359E9' into Seleccionar el tipo de documento, jhon enters 'jhon.quinones@infotrack.com.co' into ¿Cuál es tu correo electrónico?, jhon enters 'QA 4' into ¿Cuales son tus apellidos?, jhon enters 'TEST 4' into ¿Cual es tu telefono fijo?, jhon enters '3.000000003E9' into Ingresa tu numero celular, jhon enters '3.000000003E9' into Seleccionar el tipo de documento, jhon clicks on Continuar, jhon enters 'Soacha' into Ciudad, jhon clicks on Lista de ciudades, jhon enters 'Cra. 72C #22A-74, Fontibón' into Direccion, jhon clicks on Buscar la dirección, jhon enters 'Bogota, Cundinamarca' into Datos adicionales, jhon clicks on Continuar ubicación servicio, jhon enters 'Mantenimiento' into ¿Qué tipo de servicio solicitas?, jhon clicks on ¿Qué tipo de servicio solicitas? Lista, jhon enters 'NEVERA 5.3 PIES ALMENDRA' into ¿Cuál es el producto?, jhon clicks on ¿Cuál es el producto? Lista, jhon enters 'NO CONGELA' into ¿Cuál es el motivo de la reparación?, jhon clicks on ¿Cuál es el motivo de la reparación? Lista, jhon enters 'QA AUTOMOTION' into observaciones, jhon clicks on Rango AM, jhon enters '1.012439359E9' into Rango PM, jhon clicks on Fecha, jhon clicks on Confirmar Fecha seleccionada, jhon clicks on Programar, jhon clicks on Finalizar Orden de servicio, jhon clicks on Heabeas Data, jhon clicks on Seleccionar el tipo de documento, Jhon seleccionar tipo documento, jhon enters '1.01243936E9' into Seleccionar el tipo de documento, jhon enters 'jhon.quinones@infotrack.com.co' into ¿Cuál es tu correo electrónico?, jhon enters 'QA 5' into ¿Cuales son tus apellidos?, jhon enters 'TEST 5' into ¿Cual es tu telefono fijo?, jhon enters '3.000000004E9' into Ingresa tu numero celular, jhon enters '3.000000004E9' into Seleccionar el tipo de documento, jhon clicks on Continuar, jhon enters 'Bogota' into Ciudad, jhon clicks on Lista de ciudades, jhon enters 'Av. C. 130' into Direccion, jhon clicks on Buscar la dirección, jhon enters 'Bosa' into Datos adicionales, jhon clicks on Continuar ubicación servicio, jhon enters 'Reparación' into ¿Qué tipo de servicio solicitas?, jhon clicks on ¿Qué tipo de servicio solicitas? Lista, jhon enters 'NEVERA CR360 GRIS C.DIGITAL' into ¿Cuál es el producto?, jhon clicks on ¿Cuál es el producto? Lista, jhon enters 'BOTA AGUA' into ¿Cuál es el motivo de la reparación?, jhon clicks on ¿Cuál es el motivo de la reparación? Lista, jhon enters 'QA AUTOMOTION' into observaciones, jhon clicks on Rango AM, jhon enters '1.01243936E9' into Rango PM, jhon clicks on Fecha, jhon clicks on Confirmar Fecha seleccionada, jhon clicks on Programar, jhon clicks on Finalizar Orden de servicio, jhon clicks on Heabeas Data, jhon clicks on Seleccionar el tipo de documento, Jhon seleccionar tipo documento, jhon enters '8.300675571E9' into Seleccionar el tipo de documento, jhon enters 'jhon.quinones@infotrack.com.co' into ¿Cuál es tu correo electrónico?, jhon enters 'Test Automotion14' into Ingresa tu nombre, jhon enters '3.000000005E9' into Ingresa tu numero celular, jhon enters '3.000000005E9' into Seleccionar el tipo de documento, jhon clicks on Continuar, jhon enters 'Soacha' into Ciudad, jhon clicks on Lista de ciudades]]
[Test worker] WARN net.thucydides.core.steps.BaseStepListener - stepStarted: net.thucydides.core.steps.ExecutedStepDescription@5440a3a
[Test worker] WARN net.thucydides.core.steps.BaseStepListener - stepFinished: current outcome:Proceso Autogestion - Agendamiento de servicios:Dado el usuario final cuando desee crear o agendar una orden de servicio [Jhon abrir pagina [jhon opens the Object abrir pagina]], Cuando Crea la orden de servicio [Jhon autogestion [jhon clicks on Heabeas Data, jhon clicks on Seleccionar el tipo de documento, Jhon seleccionar tipo documento, jhon enters '8.300675571E9' into Seleccionar el tipo de documento, jhon enters 'jhon.quinones@infotrack.com.co' into ¿Cuál es tu correo electrónico?, jhon enters 'Test Automotion9' into Ingresa tu nombre, jhon enters '3.0E9' into Ingresa tu numero celular, jhon enters '3.0E9' into Seleccionar el tipo de documento, jhon clicks on Continuar, jhon enters 'Bogota' into Ciudad, jhon clicks on Lista de ciudades, jhon enters 'Av. C. 127' into Direccion, jhon clicks on Buscar la dirección, jhon enters 'Norte' into Datos adicionales, jhon clicks on Continuar ubicación servicio, jhon enters 'Garantia' into ¿Qué tipo de servicio solicitas?, jhon clicks on ¿Qué tipo de servicio solicitas? Lista, jhon enters 'NEVERA 5.3 PIES ALMENDRA' into ¿Cuál es el producto?, jhon clicks on ¿Cuál es el producto? Lista, jhon enters 'BOTA AGUA' into ¿Cuál es el motivo de la reparación?, jhon clicks on ¿Cuál es el motivo de la reparación? Lista, jhon enters 'QA AUTOMOTION' into observaciones, jhon clicks on Rango AM, jhon enters '1.012439364E9' into Rango PM, jhon clicks on Fecha, jhon clicks on Confirmar Fecha seleccionada, jhon clicks on Programar, jhon clicks on Finalizar Orden de servicio, jhon clicks on Heabeas Data, jhon clicks on Seleccionar el tipo de documento, Jhon seleccionar tipo documento, jhon enters '1.012439357E9' into Seleccionar el tipo de documento, jhon enters 'jhon.quinones@infotrack.com.co' into ¿Cuál es tu correo electrónico?, jhon enters 'QA 2' into ¿Cuales son tus apellidos?, jhon enters 'TEST 2' into ¿Cual es tu telefono fijo?, jhon enters '3.000000001E9' into Ingresa tu numero celular, jhon enters '3.000000001E9' into Seleccionar el tipo de documento, jhon clicks on Continuar, jhon enters 'Soacha' into Ciudad, jhon clicks on Lista de ciudades, jhon enters 'Cl 15 # 19 a – 159' into Direccion, jhon clicks on Buscar la dirección, jhon enters 'Armonia IV' into Datos adicionales, jhon clicks on Continuar ubicación servicio, jhon enters 'Reparación' into ¿Qué tipo de servicio solicitas?, jhon clicks on ¿Qué tipo de servicio solicitas? Lista, jhon enters 'CALENTADOR DE PASO 10 LTS. GAS NATURAL' into ¿Cuál es el producto?, jhon clicks on ¿Cuál es el producto? Lista, jhon enters 'BOTA AGUA' into ¿Cuál es el motivo de la reparación?, jhon clicks on ¿Cuál es el motivo de la reparación? Lista, jhon enters 'QA AUTOMOTION' into observaciones, jhon clicks on Rango AM, jhon enters '1.012439357E9' into Rango PM, jhon clicks on Fecha, jhon clicks on Confirmar Fecha seleccionada, jhon clicks on Programar, jhon clicks on Finalizar Orden de servicio, jhon clicks on Heabeas Data, jhon clicks on Seleccionar el tipo de documento, Jhon seleccionar tipo documento, jhon enters '8.300675571E9' into Seleccionar el tipo de documento, jhon enters 'jhon.quinones@infotrack.com.co' into ¿Cuál es tu correo electrónico?, jhon enters 'Test Automotion11' into Ingresa tu nombre, jhon enters '3.000000002E9' into Ingresa tu numero celular, jhon enters '3.000000002E9' into Seleccionar el tipo de documento, jhon clicks on Continuar, jhon enters 'Bogota' into Ciudad, jhon clicks on Lista de ciudades, jhon enters 'Av. Carrera 86 # 55A - 75 Engativá' into Direccion, jhon clicks on Buscar la dirección, jhon enters 'Bogota' into Datos adicionales, jhon clicks on Continuar ubicación servicio, jhon enters 'Garantia' into ¿Qué tipo de servicio solicitas?, jhon clicks on ¿Qué tipo de servicio solicitas? Lista, jhon enters 'ESTUFA A GAS 4 PUESTOS E/E 120V NEGRA' into ¿Cuál es el producto?, jhon clicks on ¿Cuál es el producto? Lista, jhon enters 'AHUMA' into ¿Cuál es el motivo de la reparación?, jhon clicks on ¿Cuál es el motivo de la reparación? Lista, jhon enters 'QA AUTOMOTION' into observaciones, jhon clicks on Rango AM, jhon enters '1.012439358E9' into Rango PM, jhon clicks on Fecha, jhon clicks on Confirmar Fecha seleccionada, jhon clicks on Programar, jhon clicks on Finalizar Orden de servicio, jhon clicks on Heabeas Data, jhon clicks on Seleccionar el tipo de documento, Jhon seleccionar tipo documento, jhon enters '1.012439359E9' into Seleccionar el tipo de documento, jhon enters 'jhon.quinones@infotrack.com.co' into ¿Cuál es tu correo electrónico?, jhon enters 'QA 4' into ¿Cuales son tus apellidos?, jhon enters 'TEST 4' into ¿Cual es tu telefono fijo?, jhon enters '3.000000003E9' into Ingresa tu numero celular, jhon enters '3.000000003E9' into Seleccionar el tipo de documento, jhon clicks on Continuar, jhon enters 'Soacha' into Ciudad, jhon clicks on Lista de ciudades, jhon enters 'Cra. 72C #22A-74, Fontibón' into Direccion, jhon clicks on Buscar la dirección, jhon enters 'Bogota, Cundinamarca' into Datos adicionales, jhon clicks on Continuar ubicación servicio, jhon enters 'Mantenimiento' into ¿Qué tipo de servicio solicitas?, jhon clicks on ¿Qué tipo de servicio solicitas? Lista, jhon enters 'NEVERA 5.3 PIES ALMENDRA' into ¿Cuál es el producto?, jhon clicks on ¿Cuál es el producto? Lista, jhon enters 'NO CONGELA' into ¿Cuál es el motivo de la reparación?, jhon clicks on ¿Cuál es el motivo de la reparación? Lista, jhon enters 'QA AUTOMOTION' into observaciones, jhon clicks on Rango AM, jhon enters '1.012439359E9' into Rango PM, jhon clicks on Fecha, jhon clicks on Confirmar Fecha seleccionada, jhon clicks on Programar, jhon clicks on Finalizar Orden de servicio, jhon clicks on Heabeas Data, jhon clicks on Seleccionar el tipo de documento, Jhon seleccionar tipo documento, jhon enters '1.01243936E9' into Seleccionar el tipo de documento, jhon enters 'jhon.quinones@infotrack.com.co' into ¿Cuál es tu correo electrónico?, jhon enters 'QA 5' into ¿Cuales son tus apellidos?, jhon enters 'TEST 5' into ¿Cual es tu telefono fijo?, jhon enters '3.000000004E9' into Ingresa tu numero celular, jhon enters '3.000000004E9' into Seleccionar el tipo de documento, jhon clicks on Continuar, jhon enters 'Bogota' into Ciudad, jhon clicks on Lista de ciudades, jhon enters 'Av. C. 130' into Direccion, jhon clicks on Buscar la dirección, jhon enters 'Bosa' into Datos adicionales, jhon clicks on Continuar ubicación servicio, jhon enters 'Reparación' into ¿Qué tipo de servicio solicitas?, jhon clicks on ¿Qué tipo de servicio solicitas? Lista, jhon enters 'NEVERA CR360 GRIS C.DIGITAL' into ¿Cuál es el producto?, jhon clicks on ¿Cuál es el producto? Lista, jhon enters 'BOTA AGUA' into ¿Cuál es el motivo de la reparación?, jhon clicks on ¿Cuál es el motivo de la reparación? Lista, jhon enters 'QA AUTOMOTION' into observaciones, jhon clicks on Rango AM, jhon enters '1.01243936E9' into Rango PM, jhon clicks on Fecha, jhon clicks on Confirmar Fecha seleccionada, jhon clicks on Programar, jhon clicks on Finalizar Orden de servicio, jhon clicks on Heabeas Data, jhon clicks on Seleccionar el tipo de documento, Jhon seleccionar tipo documento, jhon enters '8.300675571E9' into Seleccionar el tipo de documento, jhon enters 'jhon.quinones@infotrack.com.co' into ¿Cuál es tu correo electrónico?, jhon enters 'Test Automotion14' into Ingresa tu nombre, jhon enters '3.000000005E9' into Ingresa tu numero celular, jhon enters '3.000000005E9' into Seleccionar el tipo de documento, jhon clicks on Continuar, jhon enters 'Soacha' into Ciudad, jhon clicks on Lista de ciudades, jhon enters 'Av. C. 131' into Direccion]]
[Test worker] WARN net.thucydides.core.steps.BaseStepListener - stepStarted: net.thucydides.core.steps.ExecutedStepDescription@7d1cfe97
[Test worker] WARN net.thucydides.core.steps.BaseStepListener - stepFinished: current outcome:Proceso Autogestion - Agendamiento de servicios:Dado el usuario final cuando desee crear o agendar una orden de servicio [Jhon abrir pagina [jhon opens the Object abrir pagina]], Cuando Crea la orden de servicio [Jhon autogestion [jhon clicks on Heabeas Data, jhon clicks on Seleccionar el tipo de documento, Jhon seleccionar tipo documento, jhon enters '8.300675571E9' into Seleccionar el tipo de documento, jhon enters 'jhon.quinones@infotrack.com.co' into ¿Cuál es tu correo electrónico?, jhon enters 'Test Automotion9' into Ingresa tu nombre, jhon enters '3.0E9' into Ingresa tu numero celular, jhon enters '3.0E9' into Seleccionar el tipo de documento, jhon clicks on Continuar, jhon enters 'Bogota' into Ciudad, jhon clicks on Lista de ciudades, jhon enters 'Av. C. 127' into Direccion, jhon clicks on Buscar la dirección, jhon enters 'Norte' into Datos adicionales, jhon clicks on Continuar ubicación servicio, jhon enters 'Garantia' into ¿Qué tipo de servicio solicitas?, jhon clicks on ¿Qué tipo de servicio solicitas? Lista, jhon enters 'NEVERA 5.3 PIES ALMENDRA' into ¿Cuál es el producto?, jhon clicks on ¿Cuál es el producto? Lista, jhon enters 'BOTA AGUA' into ¿Cuál es el motivo de la reparación?, jhon clicks on ¿Cuál es el motivo de la reparación? Lista, jhon enters 'QA AUTOMOTION' into observaciones, jhon clicks on Rango AM, jhon enters '1.012439364E9' into Rango PM, jhon clicks on Fecha, jhon clicks on Confirmar Fecha seleccionada, jhon clicks on Programar, jhon clicks on Finalizar Orden de servicio, jhon clicks on Heabeas Data, jhon clicks on Seleccionar el tipo de documento, Jhon seleccionar tipo documento, jhon enters '1.012439357E9' into Seleccionar el tipo de documento, jhon enters 'jhon.quinones@infotrack.com.co' into ¿Cuál es tu correo electrónico?, jhon enters 'QA 2' into ¿Cuales son tus apellidos?, jhon enters 'TEST 2' into ¿Cual es tu telefono fijo?, jhon enters '3.000000001E9' into Ingresa tu numero celular, jhon enters '3.000000001E9' into Seleccionar el tipo de documento, jhon clicks on Continuar, jhon enters 'Soacha' into Ciudad, jhon clicks on Lista de ciudades, jhon enters 'Cl 15 # 19 a – 159' into Direccion, jhon clicks on Buscar la dirección, jhon enters 'Armonia IV' into Datos adicionales, jhon clicks on Continuar ubicación servicio, jhon enters 'Reparación' into ¿Qué tipo de servicio solicitas?, jhon clicks on ¿Qué tipo de servicio solicitas? Lista, jhon enters 'CALENTADOR DE PASO 10 LTS. GAS NATURAL' into ¿Cuál es el producto?, jhon clicks on ¿Cuál es el producto? Lista, jhon enters 'BOTA AGUA' into ¿Cuál es el motivo de la reparación?, jhon clicks on ¿Cuál es el motivo de la reparación? Lista, jhon enters 'QA AUTOMOTION' into observaciones, jhon clicks on Rango AM, jhon enters '1.012439357E9' into Rango PM, jhon clicks on Fecha, jhon clicks on Confirmar Fecha seleccionada, jhon clicks on Programar, jhon clicks on Finalizar Orden de servicio, jhon clicks on Heabeas Data, jhon clicks on Seleccionar el tipo de documento, Jhon seleccionar tipo documento, jhon enters '8.300675571E9' into Seleccionar el tipo de documento, jhon enters 'jhon.quinones@infotrack.com.co' into ¿Cuál es tu correo electrónico?, jhon enters 'Test Automotion11' into Ingresa tu nombre, jhon enters '3.000000002E9' into Ingresa tu numero celular, jhon enters '3.000000002E9' into Seleccionar el tipo de documento, jhon clicks on Continuar, jhon enters 'Bogota' into Ciudad, jhon clicks on Lista de ciudades, jhon enters 'Av. Carrera 86 # 55A - 75 Engativá' into Direccion, jhon clicks on Buscar la dirección, jhon enters 'Bogota' into Datos adicionales, jhon clicks on Continuar ubicación servicio, jhon enters 'Garantia' into ¿Qué tipo de servicio solicitas?, jhon clicks on ¿Qué tipo de servicio solicitas? Lista, jhon enters 'ESTUFA A GAS 4 PUESTOS E/E 120V NEGRA' into ¿Cuál es el producto?, jhon clicks on ¿Cuál es el producto? Lista, jhon enters 'AHUMA' into ¿Cuál es el motivo de la reparación?, jhon clicks on ¿Cuál es el motivo de la reparación? Lista, jhon enters 'QA AUTOMOTION' into observaciones, jhon clicks on Rango AM, jhon enters '1.012439358E9' into Rango PM, jhon clicks on Fecha, jhon clicks on Confirmar Fecha seleccionada, jhon clicks on Programar, jhon clicks on Finalizar Orden de servicio, jhon clicks on Heabeas Data, jhon clicks on Seleccionar el tipo de documento, Jhon seleccionar tipo documento, jhon enters '1.012439359E9' into Seleccionar el tipo de documento, jhon enters 'jhon.quinones@infotrack.com.co' into ¿Cuál es tu correo electrónico?, jhon enters 'QA 4' into ¿Cuales son tus apellidos?, jhon enters 'TEST 4' into ¿Cual es tu telefono fijo?, jhon enters '3.000000003E9' into Ingresa tu numero celular, jhon enters '3.000000003E9' into Seleccionar el tipo de documento, jhon clicks on Continuar, jhon enters 'Soacha' into Ciudad, jhon clicks on Lista de ciudades, jhon enters 'Cra. 72C #22A-74, Fontibón' into Direccion, jhon clicks on Buscar la dirección, jhon enters 'Bogota, Cundinamarca' into Datos adicionales, jhon clicks on Continuar ubicación servicio, jhon enters 'Mantenimiento' into ¿Qué tipo de servicio solicitas?, jhon clicks on ¿Qué tipo de servicio solicitas? Lista, jhon enters 'NEVERA 5.3 PIES ALMENDRA' into ¿Cuál es el producto?, jhon clicks on ¿Cuál es el producto? Lista, jhon enters 'NO CONGELA' into ¿Cuál es el motivo de la reparación?, jhon clicks on ¿Cuál es el motivo de la reparación? Lista, jhon enters 'QA AUTOMOTION' into observaciones, jhon clicks on Rango AM, jhon enters '1.012439359E9' into Rango PM, jhon clicks on Fecha, jhon clicks on Confirmar Fecha seleccionada, jhon clicks on Programar, jhon clicks on Finalizar Orden de servicio, jhon clicks on Heabeas Data, jhon clicks on Seleccionar el tipo de documento, Jhon seleccionar tipo documento, jhon enters '1.01243936E9' into Seleccionar el tipo de documento, jhon enters 'jhon.quinones@infotrack.com.co' into ¿Cuál es tu correo electrónico?, jhon enters 'QA 5' into ¿Cuales son tus apellidos?, jhon enters 'TEST 5' into ¿Cual es tu telefono fijo?, jhon enters '3.000000004E9' into Ingresa tu numero celular, jhon enters '3.000000004E9' into Seleccionar el tipo de documento, jhon clicks on Continuar, jhon enters 'Bogota' into Ciudad, jhon clicks on Lista de ciudades, jhon enters 'Av. C. 130' into Direccion, jhon clicks on Buscar la dirección, jhon enters 'Bosa' into Datos adicionales, jhon clicks on Continuar ubicación servicio, jhon enters 'Reparación' into ¿Qué tipo de servicio solicitas?, jhon clicks on ¿Qué tipo de servicio solicitas? Lista, jhon enters 'NEVERA CR360 GRIS C.DIGITAL' into ¿Cuál es el producto?, jhon clicks on ¿Cuál es el producto? Lista, jhon enters 'BOTA AGUA' into ¿Cuál es el motivo de la reparación?, jhon clicks on ¿Cuál es el motivo de la reparación? Lista, jhon enters 'QA AUTOMOTION' into observaciones, jhon clicks on Rango AM, jhon enters '1.01243936E9' into Rango PM, jhon clicks on Fecha, jhon clicks on Confirmar Fecha seleccionada, jhon clicks on Programar, jhon clicks on Finalizar Orden de servicio, jhon clicks on Heabeas Data, jhon clicks on Seleccionar el tipo de documento, Jhon seleccionar tipo documento, jhon enters '8.300675571E9' into Seleccionar el tipo de documento, jhon enters 'jhon.quinones@infotrack.com.co' into ¿Cuál es tu correo electrónico?, jhon enters 'Test Automotion14' into Ingresa tu nombre, jhon enters '3.000000005E9' into Ingresa tu numero celular, jhon enters '3.000000005E9' into Seleccionar el tipo de documento, jhon clicks on Continuar, jhon enters 'Soacha' into Ciudad, jhon clicks on Lista de ciudades, jhon enters 'Av. C. 131' into Direccion, jhon clicks on Buscar la dirección]]
[Test worker] WARN net.thucydides.core.steps.BaseStepListener - stepStarted: net.thucydides.core.steps.ExecutedStepDescription@1e366f0f
[Test worker] WARN net.thucydides.core.steps.BaseStepListener - stepFinished: current outcome:Proceso Autogestion - Agendamiento de servicios:Dado el usuario final cuando desee crear o agendar una orden de servicio [Jhon abrir pagina [jhon opens the Object abrir pagina]], Cuando Crea la orden de servicio [Jhon autogestion [jhon clicks on Heabeas Data, jhon clicks on Seleccionar el tipo de documento, Jhon seleccionar tipo documento, jhon enters '8.300675571E9' into Seleccionar el tipo de documento, jhon enters 'jhon.quinones@infotrack.com.co' into ¿Cuál es tu correo electrónico?, jhon enters 'Test Automotion9' into Ingresa tu nombre, jhon enters '3.0E9' into Ingresa tu numero celular, jhon enters '3.0E9' into Seleccionar el tipo de documento, jhon clicks on Continuar, jhon enters 'Bogota' into Ciudad, jhon clicks on Lista de ciudades, jhon enters 'Av. C. 127' into Direccion, jhon clicks on Buscar la dirección, jhon enters 'Norte' into Datos adicionales, jhon clicks on Continuar ubicación servicio, jhon enters 'Garantia' into ¿Qué tipo de servicio solicitas?, jhon clicks on ¿Qué tipo de servicio solicitas? Lista, jhon enters 'NEVERA 5.3 PIES ALMENDRA' into ¿Cuál es el producto?, jhon clicks on ¿Cuál es el producto? Lista, jhon enters 'BOTA AGUA' into ¿Cuál es el motivo de la reparación?, jhon clicks on ¿Cuál es el motivo de la reparación? Lista, jhon enters 'QA AUTOMOTION' into observaciones, jhon clicks on Rango AM, jhon enters '1.012439364E9' into Rango PM, jhon clicks on Fecha, jhon clicks on Confirmar Fecha seleccionada, jhon clicks on Programar, jhon clicks on Finalizar Orden de servicio, jhon clicks on Heabeas Data, jhon clicks on Seleccionar el tipo de documento, Jhon seleccionar tipo documento, jhon enters '1.012439357E9' into Seleccionar el tipo de documento, jhon enters 'jhon.quinones@infotrack.com.co' into ¿Cuál es tu correo electrónico?, jhon enters 'QA 2' into ¿Cuales son tus apellidos?, jhon enters 'TEST 2' into ¿Cual es tu telefono fijo?, jhon enters '3.000000001E9' into Ingresa tu numero celular, jhon enters '3.000000001E9' into Seleccionar el tipo de documento, jhon clicks on Continuar, jhon enters 'Soacha' into Ciudad, jhon clicks on Lista de ciudades, jhon enters 'Cl 15 # 19 a – 159' into Direccion, jhon clicks on Buscar la dirección, jhon enters 'Armonia IV' into Datos adicionales, jhon clicks on Continuar ubicación servicio, jhon enters 'Reparación' into ¿Qué tipo de servicio solicitas?, jhon clicks on ¿Qué tipo de servicio solicitas? Lista, jhon enters 'CALENTADOR DE PASO 10 LTS. GAS NATURAL' into ¿Cuál es el producto?, jhon clicks on ¿Cuál es el producto? Lista, jhon enters 'BOTA AGUA' into ¿Cuál es el motivo de la reparación?, jhon clicks on ¿Cuál es el motivo de la reparación? Lista, jhon enters 'QA AUTOMOTION' into observaciones, jhon clicks on Rango AM, jhon enters '1.012439357E9' into Rango PM, jhon clicks on Fecha, jhon clicks on Confirmar Fecha seleccionada, jhon clicks on Programar, jhon clicks on Finalizar Orden de servicio, jhon clicks on Heabeas Data, jhon clicks on Seleccionar el tipo de documento, Jhon seleccionar tipo documento, jhon enters '8.300675571E9' into Seleccionar el tipo de documento, jhon enters 'jhon.quinones@infotrack.com.co' into ¿Cuál es tu correo electrónico?, jhon enters 'Test Automotion11' into Ingresa tu nombre, jhon enters '3.000000002E9' into Ingresa tu numero celular, jhon enters '3.000000002E9' into Seleccionar el tipo de documento, jhon clicks on Continuar, jhon enters 'Bogota' into Ciudad, jhon clicks on Lista de ciudades, jhon enters 'Av. Carrera 86 # 55A - 75 Engativá' into Direccion, jhon clicks on Buscar la dirección, jhon enters 'Bogota' into Datos adicionales, jhon clicks on Continuar ubicación servicio, jhon enters 'Garantia' into ¿Qué tipo de servicio solicitas?, jhon clicks on ¿Qué tipo de servicio solicitas? Lista, jhon enters 'ESTUFA A GAS 4 PUESTOS E/E 120V NEGRA' into ¿Cuál es el producto?, jhon clicks on ¿Cuál es el producto? Lista, jhon enters 'AHUMA' into ¿Cuál es el motivo de la reparación?, jhon clicks on ¿Cuál es el motivo de la reparación? Lista, jhon enters 'QA AUTOMOTION' into observaciones, jhon clicks on Rango AM, jhon enters '1.012439358E9' into Rango PM, jhon clicks on Fecha, jhon clicks on Confirmar Fecha seleccionada, jhon clicks on Programar, jhon clicks on Finalizar Orden de servicio, jhon clicks on Heabeas Data, jhon clicks on Seleccionar el tipo de documento, Jhon seleccionar tipo documento, jhon enters '1.012439359E9' into Seleccionar el tipo de documento, jhon enters 'jhon.quinones@infotrack.com.co' into ¿Cuál es tu correo electrónico?, jhon enters 'QA 4' into ¿Cuales son tus apellidos?, jhon enters 'TEST 4' into ¿Cual es tu telefono fijo?, jhon enters '3.000000003E9' into Ingresa tu numero celular, jhon enters '3.000000003E9' into Seleccionar el tipo de documento, jhon clicks on Continuar, jhon enters 'Soacha' into Ciudad, jhon clicks on Lista de ciudades, jhon enters 'Cra. 72C #22A-74, Fontibón' into Direccion, jhon clicks on Buscar la dirección, jhon enters 'Bogota, Cundinamarca' into Datos adicionales, jhon clicks on Continuar ubicación servicio, jhon enters 'Mantenimiento' into ¿Qué tipo de servicio solicitas?, jhon clicks on ¿Qué tipo de servicio solicitas? Lista, jhon enters 'NEVERA 5.3 PIES ALMENDRA' into ¿Cuál es el producto?, jhon clicks on ¿Cuál es el producto? Lista, jhon enters 'NO CONGELA' into ¿Cuál es el motivo de la reparación?, jhon clicks on ¿Cuál es el motivo de la reparación? Lista, jhon enters 'QA AUTOMOTION' into observaciones, jhon clicks on Rango AM, jhon enters '1.012439359E9' into Rango PM, jhon clicks on Fecha, jhon clicks on Confirmar Fecha seleccionada, jhon clicks on Programar, jhon clicks on Finalizar Orden de servicio, jhon clicks on Heabeas Data, jhon clicks on Seleccionar el tipo de documento, Jhon seleccionar tipo documento, jhon enters '1.01243936E9' into Seleccionar el tipo de documento, jhon enters 'jhon.quinones@infotrack.com.co' into ¿Cuál es tu correo electrónico?, jhon enters 'QA 5' into ¿Cuales son tus apellidos?, jhon enters 'TEST 5' into ¿Cual es tu telefono fijo?, jhon enters '3.000000004E9' into Ingresa tu numero celular, jhon enters '3.000000004E9' into Seleccionar el tipo de documento, jhon clicks on Continuar, jhon enters 'Bogota' into Ciudad, jhon clicks on Lista de ciudades, jhon enters 'Av. C. 130' into Direccion, jhon clicks on Buscar la dirección, jhon enters 'Bosa' into Datos adicionales, jhon clicks on Continuar ubicación servicio, jhon enters 'Reparación' into ¿Qué tipo de servicio solicitas?, jhon clicks on ¿Qué tipo de servicio solicitas? Lista, jhon enters 'NEVERA CR360 GRIS C.DIGITAL' into ¿Cuál es el producto?, jhon clicks on ¿Cuál es el producto? Lista, jhon enters 'BOTA AGUA' into ¿Cuál es el motivo de la reparación?, jhon clicks on ¿Cuál es el motivo de la reparación? Lista, jhon enters 'QA AUTOMOTION' into observaciones, jhon clicks on Rango AM, jhon enters '1.01243936E9' into Rango PM, jhon clicks on Fecha, jhon clicks on Confirmar Fecha seleccionada, jhon clicks on Programar, jhon clicks on Finalizar Orden de servicio, jhon clicks on Heabeas Data, jhon clicks on Seleccionar el tipo de documento, Jhon seleccionar tipo documento, jhon enters '8.300675571E9' into Seleccionar el tipo de documento, jhon enters 'jhon.quinones@infotrack.com.co' into ¿Cuál es tu correo electrónico?, jhon enters 'Test Automotion14' into Ingresa tu nombre, jhon enters '3.000000005E9' into Ingresa tu numero celular, jhon enters '3.000000005E9' into Seleccionar el tipo de documento, jhon clicks on Continuar, jhon enters 'Soacha' into Ciudad, jhon clicks on Lista de ciudades, jhon enters 'Av. C. 131' into Direccion, jhon clicks on Buscar la dirección, jhon enters 'Armonia IV' into Datos adicionales]]
[Test worker] WARN net.thucydides.core.steps.BaseStepListener - stepStarted: net.thucydides.core.steps.ExecutedStepDescription@70cdbd18
[Test worker] WARN net.thucydides.core.steps.BaseStepListener - stepFinished: current outcome:Proceso Autogestion - Agendamiento de servicios:Dado el usuario final cuando desee crear o agendar una orden de servicio [Jhon abrir pagina [jhon opens the Object abrir pagina]], Cuando Crea la orden de servicio [Jhon autogestion [jhon clicks on Heabeas Data, jhon clicks on Seleccionar el tipo de documento, Jhon seleccionar tipo documento, jhon enters '8.300675571E9' into Seleccionar el tipo de documento, jhon enters 'jhon.quinones@infotrack.com.co' into ¿Cuál es tu correo electrónico?, jhon enters 'Test Automotion9' into Ingresa tu nombre, jhon enters '3.0E9' into Ingresa tu numero celular, jhon enters '3.0E9' into Seleccionar el tipo de documento, jhon clicks on Continuar, jhon enters 'Bogota' into Ciudad, jhon clicks on Lista de ciudades, jhon enters 'Av. C. 127' into Direccion, jhon clicks on Buscar la dirección, jhon enters 'Norte' into Datos adicionales, jhon clicks on Continuar ubicación servicio, jhon enters 'Garantia' into ¿Qué tipo de servicio solicitas?, jhon clicks on ¿Qué tipo de servicio solicitas? Lista, jhon enters 'NEVERA 5.3 PIES ALMENDRA' into ¿Cuál es el producto?, jhon clicks on ¿Cuál es el producto? Lista, jhon enters 'BOTA AGUA' into ¿Cuál es el motivo de la reparación?, jhon clicks on ¿Cuál es el motivo de la reparación? Lista, jhon enters 'QA AUTOMOTION' into observaciones, jhon clicks on Rango AM, jhon enters '1.012439364E9' into Rango PM, jhon clicks on Fecha, jhon clicks on Confirmar Fecha seleccionada, jhon clicks on Programar, jhon clicks on Finalizar Orden de servicio, jhon clicks on Heabeas Data, jhon clicks on Seleccionar el tipo de documento, Jhon seleccionar tipo documento, jhon enters '1.012439357E9' into Seleccionar el tipo de documento, jhon enters 'jhon.quinones@infotrack.com.co' into ¿Cuál es tu correo electrónico?, jhon enters 'QA 2' into ¿Cuales son tus apellidos?, jhon enters 'TEST 2' into ¿Cual es tu telefono fijo?, jhon enters '3.000000001E9' into Ingresa tu numero celular, jhon enters '3.000000001E9' into Seleccionar el tipo de documento, jhon clicks on Continuar, jhon enters 'Soacha' into Ciudad, jhon clicks on Lista de ciudades, jhon enters 'Cl 15 # 19 a – 159' into Direccion, jhon clicks on Buscar la dirección, jhon enters 'Armonia IV' into Datos adicionales, jhon clicks on Continuar ubicación servicio, jhon enters 'Reparación' into ¿Qué tipo de servicio solicitas?, jhon clicks on ¿Qué tipo de servicio solicitas? Lista, jhon enters 'CALENTADOR DE PASO 10 LTS. GAS NATURAL' into ¿Cuál es el producto?, jhon clicks on ¿Cuál es el producto? Lista, jhon enters 'BOTA AGUA' into ¿Cuál es el motivo de la reparación?, jhon clicks on ¿Cuál es el motivo de la reparación? Lista, jhon enters 'QA AUTOMOTION' into observaciones, jhon clicks on Rango AM, jhon enters '1.012439357E9' into Rango PM, jhon clicks on Fecha, jhon clicks on Confirmar Fecha seleccionada, jhon clicks on Programar, jhon clicks on Finalizar Orden de servicio, jhon clicks on Heabeas Data, jhon clicks on Seleccionar el tipo de documento, Jhon seleccionar tipo documento, jhon enters '8.300675571E9' into Seleccionar el tipo de documento, jhon enters 'jhon.quinones@infotrack.com.co' into ¿Cuál es tu correo electrónico?, jhon enters 'Test Automotion11' into Ingresa tu nombre, jhon enters '3.000000002E9' into Ingresa tu numero celular, jhon enters '3.000000002E9' into Seleccionar el tipo de documento, jhon clicks on Continuar, jhon enters 'Bogota' into Ciudad, jhon clicks on Lista de ciudades, jhon enters 'Av. Carrera 86 # 55A - 75 Engativá' into Direccion, jhon clicks on Buscar la dirección, jhon enters 'Bogota' into Datos adicionales, jhon clicks on Continuar ubicación servicio, jhon enters 'Garantia' into ¿Qué tipo de servicio solicitas?, jhon clicks on ¿Qué tipo de servicio solicitas? Lista, jhon enters 'ESTUFA A GAS 4 PUESTOS E/E 120V NEGRA' into ¿Cuál es el producto?, jhon clicks on ¿Cuál es el producto? Lista, jhon enters 'AHUMA' into ¿Cuál es el motivo de la reparación?, jhon clicks on ¿Cuál es el motivo de la reparación? Lista, jhon enters 'QA AUTOMOTION' into observaciones, jhon clicks on Rango AM, jhon enters '1.012439358E9' into Rango PM, jhon clicks on Fecha, jhon clicks on Confirmar Fecha seleccionada, jhon clicks on Programar, jhon clicks on Finalizar Orden de servicio, jhon clicks on Heabeas Data, jhon clicks on Seleccionar el tipo de documento, Jhon seleccionar tipo documento, jhon enters '1.012439359E9' into Seleccionar el tipo de documento, jhon enters 'jhon.quinones@infotrack.com.co' into ¿Cuál es tu correo electrónico?, jhon enters 'QA 4' into ¿Cuales son tus apellidos?, jhon enters 'TEST 4' into ¿Cual es tu telefono fijo?, jhon enters '3.000000003E9' into Ingresa tu numero celular, jhon enters '3.000000003E9' into Seleccionar el tipo de documento, jhon clicks on Continuar, jhon enters 'Soacha' into Ciudad, jhon clicks on Lista de ciudades, jhon enters 'Cra. 72C #22A-74, Fontibón' into Direccion, jhon clicks on Buscar la dirección, jhon enters 'Bogota, Cundinamarca' into Datos adicionales, jhon clicks on Continuar ubicación servicio, jhon enters 'Mantenimiento' into ¿Qué tipo de servicio solicitas?, jhon clicks on ¿Qué tipo de servicio solicitas? Lista, jhon enters 'NEVERA 5.3 PIES ALMENDRA' into ¿Cuál es el producto?, jhon clicks on ¿Cuál es el producto? Lista, jhon enters 'NO CONGELA' into ¿Cuál es el motivo de la reparación?, jhon clicks on ¿Cuál es el motivo de la reparación? Lista, jhon enters 'QA AUTOMOTION' into observaciones, jhon clicks on Rango AM, jhon enters '1.012439359E9' into Rango PM, jhon clicks on Fecha, jhon clicks on Confirmar Fecha seleccionada, jhon clicks on Programar, jhon clicks on Finalizar Orden de servicio, jhon clicks on Heabeas Data, jhon clicks on Seleccionar el tipo de documento, Jhon seleccionar tipo documento, jhon enters '1.01243936E9' into Seleccionar el tipo de documento, jhon enters 'jhon.quinones@infotrack.com.co' into ¿Cuál es tu correo electrónico?, jhon enters 'QA 5' into ¿Cuales son tus apellidos?, jhon enters 'TEST 5' into ¿Cual es tu telefono fijo?, jhon enters '3.000000004E9' into Ingresa tu numero celular, jhon enters '3.000000004E9' into Seleccionar el tipo de documento, jhon clicks on Continuar, jhon enters 'Bogota' into Ciudad, jhon clicks on Lista de ciudades, jhon enters 'Av. C. 130' into Direccion, jhon clicks on Buscar la dirección, jhon enters 'Bosa' into Datos adicionales, jhon clicks on Continuar ubicación servicio, jhon enters 'Reparación' into ¿Qué tipo de servicio solicitas?, jhon clicks on ¿Qué tipo de servicio solicitas? Lista, jhon enters 'NEVERA CR360 GRIS C.DIGITAL' into ¿Cuál es el producto?, jhon clicks on ¿Cuál es el producto? Lista, jhon enters 'BOTA AGUA' into ¿Cuál es el motivo de la reparación?, jhon clicks on ¿Cuál es el motivo de la reparación? Lista, jhon enters 'QA AUTOMOTION' into observaciones, jhon clicks on Rango AM, jhon enters '1.01243936E9' into Rango PM, jhon clicks on Fecha, jhon clicks on Confirmar Fecha seleccionada, jhon clicks on Programar, jhon clicks on Finalizar Orden de servicio, jhon clicks on Heabeas Data, jhon clicks on Seleccionar el tipo de documento, Jhon seleccionar tipo documento, jhon enters '8.300675571E9' into Seleccionar el tipo de documento, jhon enters 'jhon.quinones@infotrack.com.co' into ¿Cuál es tu correo electrónico?, jhon enters 'Test Automotion14' into Ingresa tu nombre, jhon enters '3.000000005E9' into Ingresa tu numero celular, jhon enters '3.000000005E9' into Seleccionar el tipo de documento, jhon clicks on Continuar, jhon enters 'Soacha' into Ciudad, jhon clicks on Lista de ciudades, jhon enters 'Av. C. 131' into Direccion, jhon clicks on Buscar la dirección, jhon enters 'Armonia IV' into Datos adicionales, jhon clicks on Continuar ubicación servicio]]
[Test worker] WARN net.thucydides.core.steps.BaseStepListener - stepStarted: net.thucydides.core.steps.ExecutedStepDescription@6e4bccc
[Test worker] WARN net.thucydides.core.steps.BaseStepListener - stepFinished: current outcome:Proceso Autogestion - Agendamiento de servicios:Dado el usuario final cuando desee crear o agendar una orden de servicio [Jhon abrir pagina [jhon opens the Object abrir pagina]], Cuando Crea la orden de servicio [Jhon autogestion [jhon clicks on Heabeas Data, jhon clicks on Seleccionar el tipo de documento, Jhon seleccionar tipo documento, jhon enters '8.300675571E9' into Seleccionar el tipo de documento, jhon enters 'jhon.quinones@infotrack.com.co' into ¿Cuál es tu correo electrónico?, jhon enters 'Test Automotion9' into Ingresa tu nombre, jhon enters '3.0E9' into Ingresa tu numero celular, jhon enters '3.0E9' into Seleccionar el tipo de documento, jhon clicks on Continuar, jhon enters 'Bogota' into Ciudad, jhon clicks on Lista de ciudades, jhon enters 'Av. C. 127' into Direccion, jhon clicks on Buscar la dirección, jhon enters 'Norte' into Datos adicionales, jhon clicks on Continuar ubicación servicio, jhon enters 'Garantia' into ¿Qué tipo de servicio solicitas?, jhon clicks on ¿Qué tipo de servicio solicitas? Lista, jhon enters 'NEVERA 5.3 PIES ALMENDRA' into ¿Cuál es el producto?, jhon clicks on ¿Cuál es el producto? Lista, jhon enters 'BOTA AGUA' into ¿Cuál es el motivo de la reparación?, jhon clicks on ¿Cuál es el motivo de la reparación? Lista, jhon enters 'QA AUTOMOTION' into observaciones, jhon clicks on Rango AM, jhon enters '1.012439364E9' into Rango PM, jhon clicks on Fecha, jhon clicks on Confirmar Fecha seleccionada, jhon clicks on Programar, jhon clicks on Finalizar Orden de servicio, jhon clicks on Heabeas Data, jhon clicks on Seleccionar el tipo de documento, Jhon seleccionar tipo documento, jhon enters '1.012439357E9' into Seleccionar el tipo de documento, jhon enters 'jhon.quinones@infotrack.com.co' into ¿Cuál es tu correo electrónico?, jhon enters 'QA 2' into ¿Cuales son tus apellidos?, jhon enters 'TEST 2' into ¿Cual es tu telefono fijo?, jhon enters '3.000000001E9' into Ingresa tu numero celular, jhon enters '3.000000001E9' into Seleccionar el tipo de documento, jhon clicks on Continuar, jhon enters 'Soacha' into Ciudad, jhon clicks on Lista de ciudades, jhon enters 'Cl 15 # 19 a – 159' into Direccion, jhon clicks on Buscar la dirección, jhon enters 'Armonia IV' into Datos adicionales, jhon clicks on Continuar ubicación servicio, jhon enters 'Reparación' into ¿Qué tipo de servicio solicitas?, jhon clicks on ¿Qué tipo de servicio solicitas? Lista, jhon enters 'CALENTADOR DE PASO 10 LTS. GAS NATURAL' into ¿Cuál es el producto?, jhon clicks on ¿Cuál es el producto? Lista, jhon enters 'BOTA AGUA' into ¿Cuál es el motivo de la reparación?, jhon clicks on ¿Cuál es el motivo de la reparación? Lista, jhon enters 'QA AUTOMOTION' into observaciones, jhon clicks on Rango AM, jhon enters '1.012439357E9' into Rango PM, jhon clicks on Fecha, jhon clicks on Confirmar Fecha seleccionada, jhon clicks on Programar, jhon clicks on Finalizar Orden de servicio, jhon clicks on Heabeas Data, jhon clicks on Seleccionar el tipo de documento, Jhon seleccionar tipo documento, jhon enters '8.300675571E9' into Seleccionar el tipo de documento, jhon enters 'jhon.quinones@infotrack.com.co' into ¿Cuál es tu correo electrónico?, jhon enters 'Test Automotion11' into Ingresa tu nombre, jhon enters '3.000000002E9' into Ingresa tu numero celular, jhon enters '3.000000002E9' into Seleccionar el tipo de documento, jhon clicks on Continuar, jhon enters 'Bogota' into Ciudad, jhon clicks on Lista de ciudades, jhon enters 'Av. Carrera 86 # 55A - 75 Engativá' into Direccion, jhon clicks on Buscar la dirección, jhon enters 'Bogota' into Datos adicionales, jhon clicks on Continuar ubicación servicio, jhon enters 'Garantia' into ¿Qué tipo de servicio solicitas?, jhon clicks on ¿Qué tipo de servicio solicitas? Lista, jhon enters 'ESTUFA A GAS 4 PUESTOS E/E 120V NEGRA' into ¿Cuál es el producto?, jhon clicks on ¿Cuál es el producto? Lista, jhon enters 'AHUMA' into ¿Cuál es el motivo de la reparación?, jhon clicks on ¿Cuál es el motivo de la reparación? Lista, jhon enters 'QA AUTOMOTION' into observaciones, jhon clicks on Rango AM, jhon enters '1.012439358E9' into Rango PM, jhon clicks on Fecha, jhon clicks on Confirmar Fecha seleccionada, jhon clicks on Programar, jhon clicks on Finalizar Orden de servicio, jhon clicks on Heabeas Data, jhon clicks on Seleccionar el tipo de documento, Jhon seleccionar tipo documento, jhon enters '1.012439359E9' into Seleccionar el tipo de documento, jhon enters 'jhon.quinones@infotrack.com.co' into ¿Cuál es tu correo electrónico?, jhon enters 'QA 4' into ¿Cuales son tus apellidos?, jhon enters 'TEST 4' into ¿Cual es tu telefono fijo?, jhon enters '3.000000003E9' into Ingresa tu numero celular, jhon enters '3.000000003E9' into Seleccionar el tipo de documento, jhon clicks on Continuar, jhon enters 'Soacha' into Ciudad, jhon clicks on Lista de ciudades, jhon enters 'Cra. 72C #22A-74, Fontibón' into Direccion, jhon clicks on Buscar la dirección, jhon enters 'Bogota, Cundinamarca' into Datos adicionales, jhon clicks on Continuar ubicación servicio, jhon enters 'Mantenimiento' into ¿Qué tipo de servicio solicitas?, jhon clicks on ¿Qué tipo de servicio solicitas? Lista, jhon enters 'NEVERA 5.3 PIES ALMENDRA' into ¿Cuál es el producto?, jhon clicks on ¿Cuál es el producto? Lista, jhon enters 'NO CONGELA' into ¿Cuál es el motivo de la reparación?, jhon clicks on ¿Cuál es el motivo de la reparación? Lista, jhon enters 'QA AUTOMOTION' into observaciones, jhon clicks on Rango AM, jhon enters '1.012439359E9' into Rango PM, jhon clicks on Fecha, jhon clicks on Confirmar Fecha seleccionada, jhon clicks on Programar, jhon clicks on Finalizar Orden de servicio, jhon clicks on Heabeas Data, jhon clicks on Seleccionar el tipo de documento, Jhon seleccionar tipo documento, jhon enters '1.01243936E9' into Seleccionar el tipo de documento, jhon enters 'jhon.quinones@infotrack.com.co' into ¿Cuál es tu correo electrónico?, jhon enters 'QA 5' into ¿Cuales son tus apellidos?, jhon enters 'TEST 5' into ¿Cual es tu telefono fijo?, jhon enters '3.000000004E9' into Ingresa tu numero celular, jhon enters '3.000000004E9' into Seleccionar el tipo de documento, jhon clicks on Continuar, jhon enters 'Bogota' into Ciudad, jhon clicks on Lista de ciudades, jhon enters 'Av. C. 130' into Direccion, jhon clicks on Buscar la dirección, jhon enters 'Bosa' into Datos adicionales, jhon clicks on Continuar ubicación servicio, jhon enters 'Reparación' into ¿Qué tipo de servicio solicitas?, jhon clicks on ¿Qué tipo de servicio solicitas? Lista, jhon enters 'NEVERA CR360 GRIS C.DIGITAL' into ¿Cuál es el producto?, jhon clicks on ¿Cuál es el producto? Lista, jhon enters 'BOTA AGUA' into ¿Cuál es el motivo de la reparación?, jhon clicks on ¿Cuál es el motivo de la reparación? Lista, jhon enters 'QA AUTOMOTION' into observaciones, jhon clicks on Rango AM, jhon enters '1.01243936E9' into Rango PM, jhon clicks on Fecha, jhon clicks on Confirmar Fecha seleccionada, jhon clicks on Programar, jhon clicks on Finalizar Orden de servicio, jhon clicks on Heabeas Data, jhon clicks on Seleccionar el tipo de documento, Jhon seleccionar tipo documento, jhon enters '8.300675571E9' into Seleccionar el tipo de documento, jhon enters 'jhon.quinones@infotrack.com.co' into ¿Cuál es tu correo electrónico?, jhon enters 'Test Automotion14' into Ingresa tu nombre, jhon enters '3.000000005E9' into Ingresa tu numero celular, jhon enters '3.000000005E9' into Seleccionar el tipo de documento, jhon clicks on Continuar, jhon enters 'Soacha' into Ciudad, jhon clicks on Lista de ciudades, jhon enters 'Av. C. 131' into Direccion, jhon clicks on Buscar la dirección, jhon enters 'Armonia IV' into Datos adicionales, jhon clicks on Continuar ubicación servicio, jhon enters 'Garantia' into ¿Qué tipo de servicio solicitas?]]
[Test worker] WARN net.thucydides.core.steps.BaseStepListener - stepStarted: net.thucydides.core.steps.ExecutedStepDescription@d7c00de
[Test worker] WARN net.thucydides.core.steps.BaseStepListener - stepFinished: current outcome:Proceso Autogestion - Agendamiento de servicios:Dado el usuario final cuando desee crear o agendar una orden de servicio [Jhon abrir pagina [jhon opens the Object abrir pagina]], Cuando Crea la orden de servicio [Jhon autogestion [jhon clicks on Heabeas Data, jhon clicks on Seleccionar el tipo de documento, Jhon seleccionar tipo documento, jhon enters '8.300675571E9' into Seleccionar el tipo de documento, jhon enters 'jhon.quinones@infotrack.com.co' into ¿Cuál es tu correo electrónico?, jhon enters 'Test Automotion9' into Ingresa tu nombre, jhon enters '3.0E9' into Ingresa tu numero celular, jhon enters '3.0E9' into Seleccionar el tipo de documento, jhon clicks on Continuar, jhon enters 'Bogota' into Ciudad, jhon clicks on Lista de ciudades, jhon enters 'Av. C. 127' into Direccion, jhon clicks on Buscar la dirección, jhon enters 'Norte' into Datos adicionales, jhon clicks on Continuar ubicación servicio, jhon enters 'Garantia' into ¿Qué tipo de servicio solicitas?, jhon clicks on ¿Qué tipo de servicio solicitas? Lista, jhon enters 'NEVERA 5.3 PIES ALMENDRA' into ¿Cuál es el producto?, jhon clicks on ¿Cuál es el producto? Lista, jhon enters 'BOTA AGUA' into ¿Cuál es el motivo de la reparación?, jhon clicks on ¿Cuál es el motivo de la reparación? Lista, jhon enters 'QA AUTOMOTION' into observaciones, jhon clicks on Rango AM, jhon enters '1.012439364E9' into Rango PM, jhon clicks on Fecha, jhon clicks on Confirmar Fecha seleccionada, jhon clicks on Programar, jhon clicks on Finalizar Orden de servicio, jhon clicks on Heabeas Data, jhon clicks on Seleccionar el tipo de documento, Jhon seleccionar tipo documento, jhon enters '1.012439357E9' into Seleccionar el tipo de documento, jhon enters 'jhon.quinones@infotrack.com.co' into ¿Cuál es tu correo electrónico?, jhon enters 'QA 2' into ¿Cuales son tus apellidos?, jhon enters 'TEST 2' into ¿Cual es tu telefono fijo?, jhon enters '3.000000001E9' into Ingresa tu numero celular, jhon enters '3.000000001E9' into Seleccionar el tipo de documento, jhon clicks on Continuar, jhon enters 'Soacha' into Ciudad, jhon clicks on Lista de ciudades, jhon enters 'Cl 15 # 19 a – 159' into Direccion, jhon clicks on Buscar la dirección, jhon enters 'Armonia IV' into Datos adicionales, jhon clicks on Continuar ubicación servicio, jhon enters 'Reparación' into ¿Qué tipo de servicio solicitas?, jhon clicks on ¿Qué tipo de servicio solicitas? Lista, jhon enters 'CALENTADOR DE PASO 10 LTS. GAS NATURAL' into ¿Cuál es el producto?, jhon clicks on ¿Cuál es el producto? Lista, jhon enters 'BOTA AGUA' into ¿Cuál es el motivo de la reparación?, jhon clicks on ¿Cuál es el motivo de la reparación? Lista, jhon enters 'QA AUTOMOTION' into observaciones, jhon clicks on Rango AM, jhon enters '1.012439357E9' into Rango PM, jhon clicks on Fecha, jhon clicks on Confirmar Fecha seleccionada, jhon clicks on Programar, jhon clicks on Finalizar Orden de servicio, jhon clicks on Heabeas Data, jhon clicks on Seleccionar el tipo de documento, Jhon seleccionar tipo documento, jhon enters '8.300675571E9' into Seleccionar el tipo de documento, jhon enters 'jhon.quinones@infotrack.com.co' into ¿Cuál es tu correo electrónico?, jhon enters 'Test Automotion11' into Ingresa tu nombre, jhon enters '3.000000002E9' into Ingresa tu numero celular, jhon enters '3.000000002E9' into Seleccionar el tipo de documento, jhon clicks on Continuar, jhon enters 'Bogota' into Ciudad, jhon clicks on Lista de ciudades, jhon enters 'Av. Carrera 86 # 55A - 75 Engativá' into Direccion, jhon clicks on Buscar la dirección, jhon enters 'Bogota' into Datos adicionales, jhon clicks on Continuar ubicación servicio, jhon enters 'Garantia' into ¿Qué tipo de servicio solicitas?, jhon clicks on ¿Qué tipo de servicio solicitas? Lista, jhon enters 'ESTUFA A GAS 4 PUESTOS E/E 120V NEGRA' into ¿Cuál es el producto?, jhon clicks on ¿Cuál es el producto? Lista, jhon enters 'AHUMA' into ¿Cuál es el motivo de la reparación?, jhon clicks on ¿Cuál es el motivo de la reparación? Lista, jhon enters 'QA AUTOMOTION' into observaciones, jhon clicks on Rango AM, jhon enters '1.012439358E9' into Rango PM, jhon clicks on Fecha, jhon clicks on Confirmar Fecha seleccionada, jhon clicks on Programar, jhon clicks on Finalizar Orden de servicio, jhon clicks on Heabeas Data, jhon clicks on Seleccionar el tipo de documento, Jhon seleccionar tipo documento, jhon enters '1.012439359E9' into Seleccionar el tipo de documento, jhon enters 'jhon.quinones@infotrack.com.co' into ¿Cuál es tu correo electrónico?, jhon enters 'QA 4' into ¿Cuales son tus apellidos?, jhon enters 'TEST 4' into ¿Cual es tu telefono fijo?, jhon enters '3.000000003E9' into Ingresa tu numero celular, jhon enters '3.000000003E9' into Seleccionar el tipo de documento, jhon clicks on Continuar, jhon enters 'Soacha' into Ciudad, jhon clicks on Lista de ciudades, jhon enters 'Cra. 72C #22A-74, Fontibón' into Direccion, jhon clicks on Buscar la dirección, jhon enters 'Bogota, Cundinamarca' into Datos adicionales, jhon clicks on Continuar ubicación servicio, jhon enters 'Mantenimiento' into ¿Qué tipo de servicio solicitas?, jhon clicks on ¿Qué tipo de servicio solicitas? Lista, jhon enters 'NEVERA 5.3 PIES ALMENDRA' into ¿Cuál es el producto?, jhon clicks on ¿Cuál es el producto? Lista, jhon enters 'NO CONGELA' into ¿Cuál es el motivo de la reparación?, jhon clicks on ¿Cuál es el motivo de la reparación? Lista, jhon enters 'QA AUTOMOTION' into observaciones, jhon clicks on Rango AM, jhon enters '1.012439359E9' into Rango PM, jhon clicks on Fecha, jhon clicks on Confirmar Fecha seleccionada, jhon clicks on Programar, jhon clicks on Finalizar Orden de servicio, jhon clicks on Heabeas Data, jhon clicks on Seleccionar el tipo de documento, Jhon seleccionar tipo documento, jhon enters '1.01243936E9' into Seleccionar el tipo de documento, jhon enters 'jhon.quinones@infotrack.com.co' into ¿Cuál es tu correo electrónico?, jhon enters 'QA 5' into ¿Cuales son tus apellidos?, jhon enters 'TEST 5' into ¿Cual es tu telefono fijo?, jhon enters '3.000000004E9' into Ingresa tu numero celular, jhon enters '3.000000004E9' into Seleccionar el tipo de documento, jhon clicks on Continuar, jhon enters 'Bogota' into Ciudad, jhon clicks on Lista de ciudades, jhon enters 'Av. C. 130' into Direccion, jhon clicks on Buscar la dirección, jhon enters 'Bosa' into Datos adicionales, jhon clicks on Continuar ubicación servicio, jhon enters 'Reparación' into ¿Qué tipo de servicio solicitas?, jhon clicks on ¿Qué tipo de servicio solicitas? Lista, jhon enters 'NEVERA CR360 GRIS C.DIGITAL' into ¿Cuál es el producto?, jhon clicks on ¿Cuál es el producto? Lista, jhon enters 'BOTA AGUA' into ¿Cuál es el motivo de la reparación?, jhon clicks on ¿Cuál es el motivo de la reparación? Lista, jhon enters 'QA AUTOMOTION' into observaciones, jhon clicks on Rango AM, jhon enters '1.01243936E9' into Rango PM, jhon clicks on Fecha, jhon clicks on Confirmar Fecha seleccionada, jhon clicks on Programar, jhon clicks on Finalizar Orden de servicio, jhon clicks on Heabeas Data, jhon clicks on Seleccionar el tipo de documento, Jhon seleccionar tipo documento, jhon enters '8.300675571E9' into Seleccionar el tipo de documento, jhon enters 'jhon.quinones@infotrack.com.co' into ¿Cuál es tu correo electrónico?, jhon enters 'Test Automotion14' into Ingresa tu nombre, jhon enters '3.000000005E9' into Ingresa tu numero celular, jhon enters '3.000000005E9' into Seleccionar el tipo de documento, jhon clicks on Continuar, jhon enters 'Soacha' into Ciudad, jhon clicks on Lista de ciudades, jhon enters 'Av. C. 131' into Direccion, jhon clicks on Buscar la dirección, jhon enters 'Armonia IV' into Datos adicionales, jhon clicks on Continuar ubicación servicio, jhon enters 'Garantia' into ¿Qué tipo de servicio solicitas?, jhon clicks on ¿Qué tipo de servicio solicitas? Lista]]
[Test worker] WARN net.thucydides.core.steps.BaseStepListener - stepStarted: net.thucydides.core.steps.ExecutedStepDescription@139b3a29
[Test worker] WARN net.thucydides.core.steps.BaseStepListener - stepFinished: current outcome:Proceso Autogestion - Agendamiento de servicios:Dado el usuario final cuando desee crear o agendar una orden de servicio [Jhon abrir pagina [jhon opens the Object abrir pagina]], Cuando Crea la orden de servicio [Jhon autogestion [jhon clicks on Heabeas Data, jhon clicks on Seleccionar el tipo de documento, Jhon seleccionar tipo documento, jhon enters '8.300675571E9' into Seleccionar el tipo de documento, jhon enters 'jhon.quinones@infotrack.com.co' into ¿Cuál es tu correo electrónico?, jhon enters 'Test Automotion9' into Ingresa tu nombre, jhon enters '3.0E9' into Ingresa tu numero celular, jhon enters '3.0E9' into Seleccionar el tipo de documento, jhon clicks on Continuar, jhon enters 'Bogota' into Ciudad, jhon clicks on Lista de ciudades, jhon enters 'Av. C. 127' into Direccion, jhon clicks on Buscar la dirección, jhon enters 'Norte' into Datos adicionales, jhon clicks on Continuar ubicación servicio, jhon enters 'Garantia' into ¿Qué tipo de servicio solicitas?, jhon clicks on ¿Qué tipo de servicio solicitas? Lista, jhon enters 'NEVERA 5.3 PIES ALMENDRA' into ¿Cuál es el producto?, jhon clicks on ¿Cuál es el producto? Lista, jhon enters 'BOTA AGUA' into ¿Cuál es el motivo de la reparación?, jhon clicks on ¿Cuál es el motivo de la reparación? Lista, jhon enters 'QA AUTOMOTION' into observaciones, jhon clicks on Rango AM, jhon enters '1.012439364E9' into Rango PM, jhon clicks on Fecha, jhon clicks on Confirmar Fecha seleccionada, jhon clicks on Programar, jhon clicks on Finalizar Orden de servicio, jhon clicks on Heabeas Data, jhon clicks on Seleccionar el tipo de documento, Jhon seleccionar tipo documento, jhon enters '1.012439357E9' into Seleccionar el tipo de documento, jhon enters 'jhon.quinones@infotrack.com.co' into ¿Cuál es tu correo electrónico?, jhon enters 'QA 2' into ¿Cuales son tus apellidos?, jhon enters 'TEST 2' into ¿Cual es tu telefono fijo?, jhon enters '3.000000001E9' into Ingresa tu numero celular, jhon enters '3.000000001E9' into Seleccionar el tipo de documento, jhon clicks on Continuar, jhon enters 'Soacha' into Ciudad, jhon clicks on Lista de ciudades, jhon enters 'Cl 15 # 19 a – 159' into Direccion, jhon clicks on Buscar la dirección, jhon enters 'Armonia IV' into Datos adicionales, jhon clicks on Continuar ubicación servicio, jhon enters 'Reparación' into ¿Qué tipo de servicio solicitas?, jhon clicks on ¿Qué tipo de servicio solicitas? Lista, jhon enters 'CALENTADOR DE PASO 10 LTS. GAS NATURAL' into ¿Cuál es el producto?, jhon clicks on ¿Cuál es el producto? Lista, jhon enters 'BOTA AGUA' into ¿Cuál es el motivo de la reparación?, jhon clicks on ¿Cuál es el motivo de la reparación? Lista, jhon enters 'QA AUTOMOTION' into observaciones, jhon clicks on Rango AM, jhon enters '1.012439357E9' into Rango PM, jhon clicks on Fecha, jhon clicks on Confirmar Fecha seleccionada, jhon clicks on Programar, jhon clicks on Finalizar Orden de servicio, jhon clicks on Heabeas Data, jhon clicks on Seleccionar el tipo de documento, Jhon seleccionar tipo documento, jhon enters '8.300675571E9' into Seleccionar el tipo de documento, jhon enters 'jhon.quinones@infotrack.com.co' into ¿Cuál es tu correo electrónico?, jhon enters 'Test Automotion11' into Ingresa tu nombre, jhon enters '3.000000002E9' into Ingresa tu numero celular, jhon enters '3.000000002E9' into Seleccionar el tipo de documento, jhon clicks on Continuar, jhon enters 'Bogota' into Ciudad, jhon clicks on Lista de ciudades, jhon enters 'Av. Carrera 86 # 55A - 75 Engativá' into Direccion, jhon clicks on Buscar la dirección, jhon enters 'Bogota' into Datos adicionales, jhon clicks on Continuar ubicación servicio, jhon enters 'Garantia' into ¿Qué tipo de servicio solicitas?, jhon clicks on ¿Qué tipo de servicio solicitas? Lista, jhon enters 'ESTUFA A GAS 4 PUESTOS E/E 120V NEGRA' into ¿Cuál es el producto?, jhon clicks on ¿Cuál es el producto? Lista, jhon enters 'AHUMA' into ¿Cuál es el motivo de la reparación?, jhon clicks on ¿Cuál es el motivo de la reparación? Lista, jhon enters 'QA AUTOMOTION' into observaciones, jhon clicks on Rango AM, jhon enters '1.012439358E9' into Rango PM, jhon clicks on Fecha, jhon clicks on Confirmar Fecha seleccionada, jhon clicks on Programar, jhon clicks on Finalizar Orden de servicio, jhon clicks on Heabeas Data, jhon clicks on Seleccionar el tipo de documento, Jhon seleccionar tipo documento, jhon enters '1.012439359E9' into Seleccionar el tipo de documento, jhon enters 'jhon.quinones@infotrack.com.co' into ¿Cuál es tu correo electrónico?, jhon enters 'QA 4' into ¿Cuales son tus apellidos?, jhon enters 'TEST 4' into ¿Cual es tu telefono fijo?, jhon enters '3.000000003E9' into Ingresa tu numero celular, jhon enters '3.000000003E9' into Seleccionar el tipo de documento, jhon clicks on Continuar, jhon enters 'Soacha' into Ciudad, jhon clicks on Lista de ciudades, jhon enters 'Cra. 72C #22A-74, Fontibón' into Direccion, jhon clicks on Buscar la dirección, jhon enters 'Bogota, Cundinamarca' into Datos adicionales, jhon clicks on Continuar ubicación servicio, jhon enters 'Mantenimiento' into ¿Qué tipo de servicio solicitas?, jhon clicks on ¿Qué tipo de servicio solicitas? Lista, jhon enters 'NEVERA 5.3 PIES ALMENDRA' into ¿Cuál es el producto?, jhon clicks on ¿Cuál es el producto? Lista, jhon enters 'NO CONGELA' into ¿Cuál es el motivo de la reparación?, jhon clicks on ¿Cuál es el motivo de la reparación? Lista, jhon enters 'QA AUTOMOTION' into observaciones, jhon clicks on Rango AM, jhon enters '1.012439359E9' into Rango PM, jhon clicks on Fecha, jhon clicks on Confirmar Fecha seleccionada, jhon clicks on Programar, jhon clicks on Finalizar Orden de servicio, jhon clicks on Heabeas Data, jhon clicks on Seleccionar el tipo de documento, Jhon seleccionar tipo documento, jhon enters '1.01243936E9' into Seleccionar el tipo de documento, jhon enters 'jhon.quinones@infotrack.com.co' into ¿Cuál es tu correo electrónico?, jhon enters 'QA 5' into ¿Cuales son tus apellidos?, jhon enters 'TEST 5' into ¿Cual es tu telefono fijo?, jhon enters '3.000000004E9' into Ingresa tu numero celular, jhon enters '3.000000004E9' into Seleccionar el tipo de documento, jhon clicks on Continuar, jhon enters 'Bogota' into Ciudad, jhon clicks on Lista de ciudades, jhon enters 'Av. C. 130' into Direccion, jhon clicks on Buscar la dirección, jhon enters 'Bosa' into Datos adicionales, jhon clicks on Continuar ubicación servicio, jhon enters 'Reparación' into ¿Qué tipo de servicio solicitas?, jhon clicks on ¿Qué tipo de servicio solicitas? Lista, jhon enters 'NEVERA CR360 GRIS C.DIGITAL' into ¿Cuál es el producto?, jhon clicks on ¿Cuál es el producto? Lista, jhon enters 'BOTA AGUA' into ¿Cuál es el motivo de la reparación?, jhon clicks on ¿Cuál es el motivo de la reparación? Lista, jhon enters 'QA AUTOMOTION' into observaciones, jhon clicks on Rango AM, jhon enters '1.01243936E9' into Rango PM, jhon clicks on Fecha, jhon clicks on Confirmar Fecha seleccionada, jhon clicks on Programar, jhon clicks on Finalizar Orden de servicio, jhon clicks on Heabeas Data, jhon clicks on Seleccionar el tipo de documento, Jhon seleccionar tipo documento, jhon enters '8.300675571E9' into Seleccionar el tipo de documento, jhon enters 'jhon.quinones@infotrack.com.co' into ¿Cuál es tu correo electrónico?, jhon enters 'Test Automotion14' into Ingresa tu nombre, jhon enters '3.000000005E9' into Ingresa tu numero celular, jhon enters '3.000000005E9' into Seleccionar el tipo de documento, jhon clicks on Continuar, jhon enters 'Soacha' into Ciudad, jhon clicks on Lista de ciudades, jhon enters 'Av. C. 131' into Direccion, jhon clicks on Buscar la dirección, jhon enters 'Armonia IV' into Datos adicionales, jhon clicks on Continuar ubicación servicio, jhon enters 'Garantia' into ¿Qué tipo de servicio solicitas?, jhon clicks on ¿Qué tipo de servicio solicitas? Lista, jhon enters 'CALENTADOR 7131/GLP PASO 13LTS.' into ¿Cuál es el producto?]]
[Test worker] WARN net.thucydides.core.steps.BaseStepListener - stepStarted: net.thucydides.core.steps.ExecutedStepDescription@291522f1
[Test worker] WARN net.thucydides.core.steps.BaseStepListener - stepFinished: current outcome:Proceso Autogestion - Agendamiento de servicios:Dado el usuario final cuando desee crear o agendar una orden de servicio [Jhon abrir pagina [jhon opens the Object abrir pagina]], Cuando Crea la orden de servicio [Jhon autogestion [jhon clicks on Heabeas Data, jhon clicks on Seleccionar el tipo de documento, Jhon seleccionar tipo documento, jhon enters '8.300675571E9' into Seleccionar el tipo de documento, jhon enters 'jhon.quinones@infotrack.com.co' into ¿Cuál es tu correo electrónico?, jhon enters 'Test Automotion9' into Ingresa tu nombre, jhon enters '3.0E9' into Ingresa tu numero celular, jhon enters '3.0E9' into Seleccionar el tipo de documento, jhon clicks on Continuar, jhon enters 'Bogota' into Ciudad, jhon clicks on Lista de ciudades, jhon enters 'Av. C. 127' into Direccion, jhon clicks on Buscar la dirección, jhon enters 'Norte' into Datos adicionales, jhon clicks on Continuar ubicación servicio, jhon enters 'Garantia' into ¿Qué tipo de servicio solicitas?, jhon clicks on ¿Qué tipo de servicio solicitas? Lista, jhon enters 'NEVERA 5.3 PIES ALMENDRA' into ¿Cuál es el producto?, jhon clicks on ¿Cuál es el producto? Lista, jhon enters 'BOTA AGUA' into ¿Cuál es el motivo de la reparación?, jhon clicks on ¿Cuál es el motivo de la reparación? Lista, jhon enters 'QA AUTOMOTION' into observaciones, jhon clicks on Rango AM, jhon enters '1.012439364E9' into Rango PM, jhon clicks on Fecha, jhon clicks on Confirmar Fecha seleccionada, jhon clicks on Programar, jhon clicks on Finalizar Orden de servicio, jhon clicks on Heabeas Data, jhon clicks on Seleccionar el tipo de documento, Jhon seleccionar tipo documento, jhon enters '1.012439357E9' into Seleccionar el tipo de documento, jhon enters 'jhon.quinones@infotrack.com.co' into ¿Cuál es tu correo electrónico?, jhon enters 'QA 2' into ¿Cuales son tus apellidos?, jhon enters 'TEST 2' into ¿Cual es tu telefono fijo?, jhon enters '3.000000001E9' into Ingresa tu numero celular, jhon enters '3.000000001E9' into Seleccionar el tipo de documento, jhon clicks on Continuar, jhon enters 'Soacha' into Ciudad, jhon clicks on Lista de ciudades, jhon enters 'Cl 15 # 19 a – 159' into Direccion, jhon clicks on Buscar la dirección, jhon enters 'Armonia IV' into Datos adicionales, jhon clicks on Continuar ubicación servicio, jhon enters 'Reparación' into ¿Qué tipo de servicio solicitas?, jhon clicks on ¿Qué tipo de servicio solicitas? Lista, jhon enters 'CALENTADOR DE PASO 10 LTS. GAS NATURAL' into ¿Cuál es el producto?, jhon clicks on ¿Cuál es el producto? Lista, jhon enters 'BOTA AGUA' into ¿Cuál es el motivo de la reparación?, jhon clicks on ¿Cuál es el motivo de la reparación? Lista, jhon enters 'QA AUTOMOTION' into observaciones, jhon clicks on Rango AM, jhon enters '1.012439357E9' into Rango PM, jhon clicks on Fecha, jhon clicks on Confirmar Fecha seleccionada, jhon clicks on Programar, jhon clicks on Finalizar Orden de servicio, jhon clicks on Heabeas Data, jhon clicks on Seleccionar el tipo de documento, Jhon seleccionar tipo documento, jhon enters '8.300675571E9' into Seleccionar el tipo de documento, jhon enters 'jhon.quinones@infotrack.com.co' into ¿Cuál es tu correo electrónico?, jhon enters 'Test Automotion11' into Ingresa tu nombre, jhon enters '3.000000002E9' into Ingresa tu numero celular, jhon enters '3.000000002E9' into Seleccionar el tipo de documento, jhon clicks on Continuar, jhon enters 'Bogota' into Ciudad, jhon clicks on Lista de ciudades, jhon enters 'Av. Carrera 86 # 55A - 75 Engativá' into Direccion, jhon clicks on Buscar la dirección, jhon enters 'Bogota' into Datos adicionales, jhon clicks on Continuar ubicación servicio, jhon enters 'Garantia' into ¿Qué tipo de servicio solicitas?, jhon clicks on ¿Qué tipo de servicio solicitas? Lista, jhon enters 'ESTUFA A GAS 4 PUESTOS E/E 120V NEGRA' into ¿Cuál es el producto?, jhon clicks on ¿Cuál es el producto? Lista, jhon enters 'AHUMA' into ¿Cuál es el motivo de la reparación?, jhon clicks on ¿Cuál es el motivo de la reparación? Lista, jhon enters 'QA AUTOMOTION' into observaciones, jhon clicks on Rango AM, jhon enters '1.012439358E9' into Rango PM, jhon clicks on Fecha, jhon clicks on Confirmar Fecha seleccionada, jhon clicks on Programar, jhon clicks on Finalizar Orden de servicio, jhon clicks on Heabeas Data, jhon clicks on Seleccionar el tipo de documento, Jhon seleccionar tipo documento, jhon enters '1.012439359E9' into Seleccionar el tipo de documento, jhon enters 'jhon.quinones@infotrack.com.co' into ¿Cuál es tu correo electrónico?, jhon enters 'QA 4' into ¿Cuales son tus apellidos?, jhon enters 'TEST 4' into ¿Cual es tu telefono fijo?, jhon enters '3.000000003E9' into Ingresa tu numero celular, jhon enters '3.000000003E9' into Seleccionar el tipo de documento, jhon clicks on Continuar, jhon enters 'Soacha' into Ciudad, jhon clicks on Lista de ciudades, jhon enters 'Cra. 72C #22A-74, Fontibón' into Direccion, jhon clicks on Buscar la dirección, jhon enters 'Bogota, Cundinamarca' into Datos adicionales, jhon clicks on Continuar ubicación servicio, jhon enters 'Mantenimiento' into ¿Qué tipo de servicio solicitas?, jhon clicks on ¿Qué tipo de servicio solicitas? Lista, jhon enters 'NEVERA 5.3 PIES ALMENDRA' into ¿Cuál es el producto?, jhon clicks on ¿Cuál es el producto? Lista, jhon enters 'NO CONGELA' into ¿Cuál es el motivo de la reparación?, jhon clicks on ¿Cuál es el motivo de la reparación? Lista, jhon enters 'QA AUTOMOTION' into observaciones, jhon clicks on Rango AM, jhon enters '1.012439359E9' into Rango PM, jhon clicks on Fecha, jhon clicks on Confirmar Fecha seleccionada, jhon clicks on Programar, jhon clicks on Finalizar Orden de servicio, jhon clicks on Heabeas Data, jhon clicks on Seleccionar el tipo de documento, Jhon seleccionar tipo documento, jhon enters '1.01243936E9' into Seleccionar el tipo de documento, jhon enters 'jhon.quinones@infotrack.com.co' into ¿Cuál es tu correo electrónico?, jhon enters 'QA 5' into ¿Cuales son tus apellidos?, jhon enters 'TEST 5' into ¿Cual es tu telefono fijo?, jhon enters '3.000000004E9' into Ingresa tu numero celular, jhon enters '3.000000004E9' into Seleccionar el tipo de documento, jhon clicks on Continuar, jhon enters 'Bogota' into Ciudad, jhon clicks on Lista de ciudades, jhon enters 'Av. C. 130' into Direccion, jhon clicks on Buscar la dirección, jhon enters 'Bosa' into Datos adicionales, jhon clicks on Continuar ubicación servicio, jhon enters 'Reparación' into ¿Qué tipo de servicio solicitas?, jhon clicks on ¿Qué tipo de servicio solicitas? Lista, jhon enters 'NEVERA CR360 GRIS C.DIGITAL' into ¿Cuál es el producto?, jhon clicks on ¿Cuál es el producto? Lista, jhon enters 'BOTA AGUA' into ¿Cuál es el motivo de la reparación?, jhon clicks on ¿Cuál es el motivo de la reparación? Lista, jhon enters 'QA AUTOMOTION' into observaciones, jhon clicks on Rango AM, jhon enters '1.01243936E9' into Rango PM, jhon clicks on Fecha, jhon clicks on Confirmar Fecha seleccionada, jhon clicks on Programar, jhon clicks on Finalizar Orden de servicio, jhon clicks on Heabeas Data, jhon clicks on Seleccionar el tipo de documento, Jhon seleccionar tipo documento, jhon enters '8.300675571E9' into Seleccionar el tipo de documento, jhon enters 'jhon.quinones@infotrack.com.co' into ¿Cuál es tu correo electrónico?, jhon enters 'Test Automotion14' into Ingresa tu nombre, jhon enters '3.000000005E9' into Ingresa tu numero celular, jhon enters '3.000000005E9' into Seleccionar el tipo de documento, jhon clicks on Continuar, jhon enters 'Soacha' into Ciudad, jhon clicks on Lista de ciudades, jhon enters 'Av. C. 131' into Direccion, jhon clicks on Buscar la dirección, jhon enters 'Armonia IV' into Datos adicionales, jhon clicks on Continuar ubicación servicio, jhon enters 'Garantia' into ¿Qué tipo de servicio solicitas?, jhon clicks on ¿Qué tipo de servicio solicitas? Lista, jhon enters 'CALENTADOR 7131/GLP PASO 13LTS.' into ¿Cuál es el producto?, jhon clicks on ¿Cuál es el producto? Lista]]
[Test worker] WARN net.thucydides.core.steps.BaseStepListener - stepStarted: net.thucydides.core.steps.ExecutedStepDescription@73c1dda3
[Test worker] WARN net.thucydides.core.steps.BaseStepListener - stepFinished: current outcome:Proceso Autogestion - Agendamiento de servicios:Dado el usuario final cuando desee crear o agendar una orden de servicio [Jhon abrir pagina [jhon opens the Object abrir pagina]], Cuando Crea la orden de servicio [Jhon autogestion [jhon clicks on Heabeas Data, jhon clicks on Seleccionar el tipo de documento, Jhon seleccionar tipo documento, jhon enters '8.300675571E9' into Seleccionar el tipo de documento, jhon enters 'jhon.quinones@infotrack.com.co' into ¿Cuál es tu correo electrónico?, jhon enters 'Test Automotion9' into Ingresa tu nombre, jhon enters '3.0E9' into Ingresa tu numero celular, jhon enters '3.0E9' into Seleccionar el tipo de documento, jhon clicks on Continuar, jhon enters 'Bogota' into Ciudad, jhon clicks on Lista de ciudades, jhon enters 'Av. C. 127' into Direccion, jhon clicks on Buscar la dirección, jhon enters 'Norte' into Datos adicionales, jhon clicks on Continuar ubicación servicio, jhon enters 'Garantia' into ¿Qué tipo de servicio solicitas?, jhon clicks on ¿Qué tipo de servicio solicitas? Lista, jhon enters 'NEVERA 5.3 PIES ALMENDRA' into ¿Cuál es el producto?, jhon clicks on ¿Cuál es el producto? Lista, jhon enters 'BOTA AGUA' into ¿Cuál es el motivo de la reparación?, jhon clicks on ¿Cuál es el motivo de la reparación? Lista, jhon enters 'QA AUTOMOTION' into observaciones, jhon clicks on Rango AM, jhon enters '1.012439364E9' into Rango PM, jhon clicks on Fecha, jhon clicks on Confirmar Fecha seleccionada, jhon clicks on Programar, jhon clicks on Finalizar Orden de servicio, jhon clicks on Heabeas Data, jhon clicks on Seleccionar el tipo de documento, Jhon seleccionar tipo documento, jhon enters '1.012439357E9' into Seleccionar el tipo de documento, jhon enters 'jhon.quinones@infotrack.com.co' into ¿Cuál es tu correo electrónico?, jhon enters 'QA 2' into ¿Cuales son tus apellidos?, jhon enters 'TEST 2' into ¿Cual es tu telefono fijo?, jhon enters '3.000000001E9' into Ingresa tu numero celular, jhon enters '3.000000001E9' into Seleccionar el tipo de documento, jhon clicks on Continuar, jhon enters 'Soacha' into Ciudad, jhon clicks on Lista de ciudades, jhon enters 'Cl 15 # 19 a – 159' into Direccion, jhon clicks on Buscar la dirección, jhon enters 'Armonia IV' into Datos adicionales, jhon clicks on Continuar ubicación servicio, jhon enters 'Reparación' into ¿Qué tipo de servicio solicitas?, jhon clicks on ¿Qué tipo de servicio solicitas? Lista, jhon enters 'CALENTADOR DE PASO 10 LTS. GAS NATURAL' into ¿Cuál es el producto?, jhon clicks on ¿Cuál es el producto? Lista, jhon enters 'BOTA AGUA' into ¿Cuál es el motivo de la reparación?, jhon clicks on ¿Cuál es el motivo de la reparación? Lista, jhon enters 'QA AUTOMOTION' into observaciones, jhon clicks on Rango AM, jhon enters '1.012439357E9' into Rango PM, jhon clicks on Fecha, jhon clicks on Confirmar Fecha seleccionada, jhon clicks on Programar, jhon clicks on Finalizar Orden de servicio, jhon clicks on Heabeas Data, jhon clicks on Seleccionar el tipo de documento, Jhon seleccionar tipo documento, jhon enters '8.300675571E9' into Seleccionar el tipo de documento, jhon enters 'jhon.quinones@infotrack.com.co' into ¿Cuál es tu correo electrónico?, jhon enters 'Test Automotion11' into Ingresa tu nombre, jhon enters '3.000000002E9' into Ingresa tu numero celular, jhon enters '3.000000002E9' into Seleccionar el tipo de documento, jhon clicks on Continuar, jhon enters 'Bogota' into Ciudad, jhon clicks on Lista de ciudades, jhon enters 'Av. Carrera 86 # 55A - 75 Engativá' into Direccion, jhon clicks on Buscar la dirección, jhon enters 'Bogota' into Datos adicionales, jhon clicks on Continuar ubicación servicio, jhon enters 'Garantia' into ¿Qué tipo de servicio solicitas?, jhon clicks on ¿Qué tipo de servicio solicitas? Lista, jhon enters 'ESTUFA A GAS 4 PUESTOS E/E 120V NEGRA' into ¿Cuál es el producto?, jhon clicks on ¿Cuál es el producto? Lista, jhon enters 'AHUMA' into ¿Cuál es el motivo de la reparación?, jhon clicks on ¿Cuál es el motivo de la reparación? Lista, jhon enters 'QA AUTOMOTION' into observaciones, jhon clicks on Rango AM, jhon enters '1.012439358E9' into Rango PM, jhon clicks on Fecha, jhon clicks on Confirmar Fecha seleccionada, jhon clicks on Programar, jhon clicks on Finalizar Orden de servicio, jhon clicks on Heabeas Data, jhon clicks on Seleccionar el tipo de documento, Jhon seleccionar tipo documento, jhon enters '1.012439359E9' into Seleccionar el tipo de documento, jhon enters 'jhon.quinones@infotrack.com.co' into ¿Cuál es tu correo electrónico?, jhon enters 'QA 4' into ¿Cuales son tus apellidos?, jhon enters 'TEST 4' into ¿Cual es tu telefono fijo?, jhon enters '3.000000003E9' into Ingresa tu numero celular, jhon enters '3.000000003E9' into Seleccionar el tipo de documento, jhon clicks on Continuar, jhon enters 'Soacha' into Ciudad, jhon clicks on Lista de ciudades, jhon enters 'Cra. 72C #22A-74, Fontibón' into Direccion, jhon clicks on Buscar la dirección, jhon enters 'Bogota, Cundinamarca' into Datos adicionales, jhon clicks on Continuar ubicación servicio, jhon enters 'Mantenimiento' into ¿Qué tipo de servicio solicitas?, jhon clicks on ¿Qué tipo de servicio solicitas? Lista, jhon enters 'NEVERA 5.3 PIES ALMENDRA' into ¿Cuál es el producto?, jhon clicks on ¿Cuál es el producto? Lista, jhon enters 'NO CONGELA' into ¿Cuál es el motivo de la reparación?, jhon clicks on ¿Cuál es el motivo de la reparación? Lista, jhon enters 'QA AUTOMOTION' into observaciones, jhon clicks on Rango AM, jhon enters '1.012439359E9' into Rango PM, jhon clicks on Fecha, jhon clicks on Confirmar Fecha seleccionada, jhon clicks on Programar, jhon clicks on Finalizar Orden de servicio, jhon clicks on Heabeas Data, jhon clicks on Seleccionar el tipo de documento, Jhon seleccionar tipo documento, jhon enters '1.01243936E9' into Seleccionar el tipo de documento, jhon enters 'jhon.quinones@infotrack.com.co' into ¿Cuál es tu correo electrónico?, jhon enters 'QA 5' into ¿Cuales son tus apellidos?, jhon enters 'TEST 5' into ¿Cual es tu telefono fijo?, jhon enters '3.000000004E9' into Ingresa tu numero celular, jhon enters '3.000000004E9' into Seleccionar el tipo de documento, jhon clicks on Continuar, jhon enters 'Bogota' into Ciudad, jhon clicks on Lista de ciudades, jhon enters 'Av. C. 130' into Direccion, jhon clicks on Buscar la dirección, jhon enters 'Bosa' into Datos adicionales, jhon clicks on Continuar ubicación servicio, jhon enters 'Reparación' into ¿Qué tipo de servicio solicitas?, jhon clicks on ¿Qué tipo de servicio solicitas? Lista, jhon enters 'NEVERA CR360 GRIS C.DIGITAL' into ¿Cuál es el producto?, jhon clicks on ¿Cuál es el producto? Lista, jhon enters 'BOTA AGUA' into ¿Cuál es el motivo de la reparación?, jhon clicks on ¿Cuál es el motivo de la reparación? Lista, jhon enters 'QA AUTOMOTION' into observaciones, jhon clicks on Rango AM, jhon enters '1.01243936E9' into Rango PM, jhon clicks on Fecha, jhon clicks on Confirmar Fecha seleccionada, jhon clicks on Programar, jhon clicks on Finalizar Orden de servicio, jhon clicks on Heabeas Data, jhon clicks on Seleccionar el tipo de documento, Jhon seleccionar tipo documento, jhon enters '8.300675571E9' into Seleccionar el tipo de documento, jhon enters 'jhon.quinones@infotrack.com.co' into ¿Cuál es tu correo electrónico?, jhon enters 'Test Automotion14' into Ingresa tu nombre, jhon enters '3.000000005E9' into Ingresa tu numero celular, jhon enters '3.000000005E9' into Seleccionar el tipo de documento, jhon clicks on Continuar, jhon enters 'Soacha' into Ciudad, jhon clicks on Lista de ciudades, jhon enters 'Av. C. 131' into Direccion, jhon clicks on Buscar la dirección, jhon enters 'Armonia IV' into Datos adicionales, jhon clicks on Continuar ubicación servicio, jhon enters 'Garantia' into ¿Qué tipo de servicio solicitas?, jhon clicks on ¿Qué tipo de servicio solicitas? Lista, jhon enters 'CALENTADOR 7131/GLP PASO 13LTS.' into ¿Cuál es el producto?, jhon clicks on ¿Cuál es el producto? Lista, jhon enters 'NO CALIENTA' into ¿Cuál es el motivo de la reparación?]]
[Test worker] WARN net.thucydides.core.steps.BaseStepListener - stepStarted: net.thucydides.core.steps.ExecutedStepDescription@610d0067
[Test worker] WARN net.thucydides.core.steps.BaseStepListener - stepFinished: current outcome:Proceso Autogestion - Agendamiento de servicios:Dado el usuario final cuando desee crear o agendar una orden de servicio [Jhon abrir pagina [jhon opens the Object abrir pagina]], Cuando Crea la orden de servicio [Jhon autogestion [jhon clicks on Heabeas Data, jhon clicks on Seleccionar el tipo de documento, Jhon seleccionar tipo documento, jhon enters '8.300675571E9' into Seleccionar el tipo de documento, jhon enters 'jhon.quinones@infotrack.com.co' into ¿Cuál es tu correo electrónico?, jhon enters 'Test Automotion9' into Ingresa tu nombre, jhon enters '3.0E9' into Ingresa tu numero celular, jhon enters '3.0E9' into Seleccionar el tipo de documento, jhon clicks on Continuar, jhon enters 'Bogota' into Ciudad, jhon clicks on Lista de ciudades, jhon enters 'Av. C. 127' into Direccion, jhon clicks on Buscar la dirección, jhon enters 'Norte' into Datos adicionales, jhon clicks on Continuar ubicación servicio, jhon enters 'Garantia' into ¿Qué tipo de servicio solicitas?, jhon clicks on ¿Qué tipo de servicio solicitas? Lista, jhon enters 'NEVERA 5.3 PIES ALMENDRA' into ¿Cuál es el producto?, jhon clicks on ¿Cuál es el producto? Lista, jhon enters 'BOTA AGUA' into ¿Cuál es el motivo de la reparación?, jhon clicks on ¿Cuál es el motivo de la reparación? Lista, jhon enters 'QA AUTOMOTION' into observaciones, jhon clicks on Rango AM, jhon enters '1.012439364E9' into Rango PM, jhon clicks on Fecha, jhon clicks on Confirmar Fecha seleccionada, jhon clicks on Programar, jhon clicks on Finalizar Orden de servicio, jhon clicks on Heabeas Data, jhon clicks on Seleccionar el tipo de documento, Jhon seleccionar tipo documento, jhon enters '1.012439357E9' into Seleccionar el tipo de documento, jhon enters 'jhon.quinones@infotrack.com.co' into ¿Cuál es tu correo electrónico?, jhon enters 'QA 2' into ¿Cuales son tus apellidos?, jhon enters 'TEST 2' into ¿Cual es tu telefono fijo?, jhon enters '3.000000001E9' into Ingresa tu numero celular, jhon enters '3.000000001E9' into Seleccionar el tipo de documento, jhon clicks on Continuar, jhon enters 'Soacha' into Ciudad, jhon clicks on Lista de ciudades, jhon enters 'Cl 15 # 19 a – 159' into Direccion, jhon clicks on Buscar la dirección, jhon enters 'Armonia IV' into Datos adicionales, jhon clicks on Continuar ubicación servicio, jhon enters 'Reparación' into ¿Qué tipo de servicio solicitas?, jhon clicks on ¿Qué tipo de servicio solicitas? Lista, jhon enters 'CALENTADOR DE PASO 10 LTS. GAS NATURAL' into ¿Cuál es el producto?, jhon clicks on ¿Cuál es el producto? Lista, jhon enters 'BOTA AGUA' into ¿Cuál es el motivo de la reparación?, jhon clicks on ¿Cuál es el motivo de la reparación? Lista, jhon enters 'QA AUTOMOTION' into observaciones, jhon clicks on Rango AM, jhon enters '1.012439357E9' into Rango PM, jhon clicks on Fecha, jhon clicks on Confirmar Fecha seleccionada, jhon clicks on Programar, jhon clicks on Finalizar Orden de servicio, jhon clicks on Heabeas Data, jhon clicks on Seleccionar el tipo de documento, Jhon seleccionar tipo documento, jhon enters '8.300675571E9' into Seleccionar el tipo de documento, jhon enters 'jhon.quinones@infotrack.com.co' into ¿Cuál es tu correo electrónico?, jhon enters 'Test Automotion11' into Ingresa tu nombre, jhon enters '3.000000002E9' into Ingresa tu numero celular, jhon enters '3.000000002E9' into Seleccionar el tipo de documento, jhon clicks on Continuar, jhon enters 'Bogota' into Ciudad, jhon clicks on Lista de ciudades, jhon enters 'Av. Carrera 86 # 55A - 75 Engativá' into Direccion, jhon clicks on Buscar la dirección, jhon enters 'Bogota' into Datos adicionales, jhon clicks on Continuar ubicación servicio, jhon enters 'Garantia' into ¿Qué tipo de servicio solicitas?, jhon clicks on ¿Qué tipo de servicio solicitas? Lista, jhon enters 'ESTUFA A GAS 4 PUESTOS E/E 120V NEGRA' into ¿Cuál es el producto?, jhon clicks on ¿Cuál es el producto? Lista, jhon enters 'AHUMA' into ¿Cuál es el motivo de la reparación?, jhon clicks on ¿Cuál es el motivo de la reparación? Lista, jhon enters 'QA AUTOMOTION' into observaciones, jhon clicks on Rango AM, jhon enters '1.012439358E9' into Rango PM, jhon clicks on Fecha, jhon clicks on Confirmar Fecha seleccionada, jhon clicks on Programar, jhon clicks on Finalizar Orden de servicio, jhon clicks on Heabeas Data, jhon clicks on Seleccionar el tipo de documento, Jhon seleccionar tipo documento, jhon enters '1.012439359E9' into Seleccionar el tipo de documento, jhon enters 'jhon.quinones@infotrack.com.co' into ¿Cuál es tu correo electrónico?, jhon enters 'QA 4' into ¿Cuales son tus apellidos?, jhon enters 'TEST 4' into ¿Cual es tu telefono fijo?, jhon enters '3.000000003E9' into Ingresa tu numero celular, jhon enters '3.000000003E9' into Seleccionar el tipo de documento, jhon clicks on Continuar, jhon enters 'Soacha' into Ciudad, jhon clicks on Lista de ciudades, jhon enters 'Cra. 72C #22A-74, Fontibón' into Direccion, jhon clicks on Buscar la dirección, jhon enters 'Bogota, Cundinamarca' into Datos adicionales, jhon clicks on Continuar ubicación servicio, jhon enters 'Mantenimiento' into ¿Qué tipo de servicio solicitas?, jhon clicks on ¿Qué tipo de servicio solicitas? Lista, jhon enters 'NEVERA 5.3 PIES ALMENDRA' into ¿Cuál es el producto?, jhon clicks on ¿Cuál es el producto? Lista, jhon enters 'NO CONGELA' into ¿Cuál es el motivo de la reparación?, jhon clicks on ¿Cuál es el motivo de la reparación? Lista, jhon enters 'QA AUTOMOTION' into observaciones, jhon clicks on Rango AM, jhon enters '1.012439359E9' into Rango PM, jhon clicks on Fecha, jhon clicks on Confirmar Fecha seleccionada, jhon clicks on Programar, jhon clicks on Finalizar Orden de servicio, jhon clicks on Heabeas Data, jhon clicks on Seleccionar el tipo de documento, Jhon seleccionar tipo documento, jhon enters '1.01243936E9' into Seleccionar el tipo de documento, jhon enters 'jhon.quinones@infotrack.com.co' into ¿Cuál es tu correo electrónico?, jhon enters 'QA 5' into ¿Cuales son tus apellidos?, jhon enters 'TEST 5' into ¿Cual es tu telefono fijo?, jhon enters '3.000000004E9' into Ingresa tu numero celular, jhon enters '3.000000004E9' into Seleccionar el tipo de documento, jhon clicks on Continuar, jhon enters 'Bogota' into Ciudad, jhon clicks on Lista de ciudades, jhon enters 'Av. C. 130' into Direccion, jhon clicks on Buscar la dirección, jhon enters 'Bosa' into Datos adicionales, jhon clicks on Continuar ubicación servicio, jhon enters 'Reparación' into ¿Qué tipo de servicio solicitas?, jhon clicks on ¿Qué tipo de servicio solicitas? Lista, jhon enters 'NEVERA CR360 GRIS C.DIGITAL' into ¿Cuál es el producto?, jhon clicks on ¿Cuál es el producto? Lista, jhon enters 'BOTA AGUA' into ¿Cuál es el motivo de la reparación?, jhon clicks on ¿Cuál es el motivo de la reparación? Lista, jhon enters 'QA AUTOMOTION' into observaciones, jhon clicks on Rango AM, jhon enters '1.01243936E9' into Rango PM, jhon clicks on Fecha, jhon clicks on Confirmar Fecha seleccionada, jhon clicks on Programar, jhon clicks on Finalizar Orden de servicio, jhon clicks on Heabeas Data, jhon clicks on Seleccionar el tipo de documento, Jhon seleccionar tipo documento, jhon enters '8.300675571E9' into Seleccionar el tipo de documento, jhon enters 'jhon.quinones@infotrack.com.co' into ¿Cuál es tu correo electrónico?, jhon enters 'Test Automotion14' into Ingresa tu nombre, jhon enters '3.000000005E9' into Ingresa tu numero celular, jhon enters '3.000000005E9' into Seleccionar el tipo de documento, jhon clicks on Continuar, jhon enters 'Soacha' into Ciudad, jhon clicks on Lista de ciudades, jhon enters 'Av. C. 131' into Direccion, jhon clicks on Buscar la dirección, jhon enters 'Armonia IV' into Datos adicionales, jhon clicks on Continuar ubicación servicio, jhon enters 'Garantia' into ¿Qué tipo de servicio solicitas?, jhon clicks on ¿Qué tipo de servicio solicitas? Lista, jhon enters 'CALENTADOR 7131/GLP PASO 13LTS.' into ¿Cuál es el producto?, jhon clicks on ¿Cuál es el producto? Lista, jhon enters 'NO CALIENTA' into ¿Cuál es el motivo de la reparación?, jhon clicks on ¿Cuál es el motivo de la reparación? Lista]]
[Test worker] WARN net.thucydides.core.steps.BaseStepListener - stepStarted: net.thucydides.core.steps.ExecutedStepDescription@ad6448e
[Test worker] WARN net.thucydides.core.steps.BaseStepListener - stepFinished: current outcome:Proceso Autogestion - Agendamiento de servicios:Dado el usuario final cuando desee crear o agendar una orden de servicio [Jhon abrir pagina [jhon opens the Object abrir pagina]], Cuando Crea la orden de servicio [Jhon autogestion [jhon clicks on Heabeas Data, jhon clicks on Seleccionar el tipo de documento, Jhon seleccionar tipo documento, jhon enters '8.300675571E9' into Seleccionar el tipo de documento, jhon enters 'jhon.quinones@infotrack.com.co' into ¿Cuál es tu correo electrónico?, jhon enters 'Test Automotion9' into Ingresa tu nombre, jhon enters '3.0E9' into Ingresa tu numero celular, jhon enters '3.0E9' into Seleccionar el tipo de documento, jhon clicks on Continuar, jhon enters 'Bogota' into Ciudad, jhon clicks on Lista de ciudades, jhon enters 'Av. C. 127' into Direccion, jhon clicks on Buscar la dirección, jhon enters 'Norte' into Datos adicionales, jhon clicks on Continuar ubicación servicio, jhon enters 'Garantia' into ¿Qué tipo de servicio solicitas?, jhon clicks on ¿Qué tipo de servicio solicitas? Lista, jhon enters 'NEVERA 5.3 PIES ALMENDRA' into ¿Cuál es el producto?, jhon clicks on ¿Cuál es el producto? Lista, jhon enters 'BOTA AGUA' into ¿Cuál es el motivo de la reparación?, jhon clicks on ¿Cuál es el motivo de la reparación? Lista, jhon enters 'QA AUTOMOTION' into observaciones, jhon clicks on Rango AM, jhon enters '1.012439364E9' into Rango PM, jhon clicks on Fecha, jhon clicks on Confirmar Fecha seleccionada, jhon clicks on Programar, jhon clicks on Finalizar Orden de servicio, jhon clicks on Heabeas Data, jhon clicks on Seleccionar el tipo de documento, Jhon seleccionar tipo documento, jhon enters '1.012439357E9' into Seleccionar el tipo de documento, jhon enters 'jhon.quinones@infotrack.com.co' into ¿Cuál es tu correo electrónico?, jhon enters 'QA 2' into ¿Cuales son tus apellidos?, jhon enters 'TEST 2' into ¿Cual es tu telefono fijo?, jhon enters '3.000000001E9' into Ingresa tu numero celular, jhon enters '3.000000001E9' into Seleccionar el tipo de documento, jhon clicks on Continuar, jhon enters 'Soacha' into Ciudad, jhon clicks on Lista de ciudades, jhon enters 'Cl 15 # 19 a – 159' into Direccion, jhon clicks on Buscar la dirección, jhon enters 'Armonia IV' into Datos adicionales, jhon clicks on Continuar ubicación servicio, jhon enters 'Reparación' into ¿Qué tipo de servicio solicitas?, jhon clicks on ¿Qué tipo de servicio solicitas? Lista, jhon enters 'CALENTADOR DE PASO 10 LTS. GAS NATURAL' into ¿Cuál es el producto?, jhon clicks on ¿Cuál es el producto? Lista, jhon enters 'BOTA AGUA' into ¿Cuál es el motivo de la reparación?, jhon clicks on ¿Cuál es el motivo de la reparación? Lista, jhon enters 'QA AUTOMOTION' into observaciones, jhon clicks on Rango AM, jhon enters '1.012439357E9' into Rango PM, jhon clicks on Fecha, jhon clicks on Confirmar Fecha seleccionada, jhon clicks on Programar, jhon clicks on Finalizar Orden de servicio, jhon clicks on Heabeas Data, jhon clicks on Seleccionar el tipo de documento, Jhon seleccionar tipo documento, jhon enters '8.300675571E9' into Seleccionar el tipo de documento, jhon enters 'jhon.quinones@infotrack.com.co' into ¿Cuál es tu correo electrónico?, jhon enters 'Test Automotion11' into Ingresa tu nombre, jhon enters '3.000000002E9' into Ingresa tu numero celular, jhon enters '3.000000002E9' into Seleccionar el tipo de documento, jhon clicks on Continuar, jhon enters 'Bogota' into Ciudad, jhon clicks on Lista de ciudades, jhon enters 'Av. Carrera 86 # 55A - 75 Engativá' into Direccion, jhon clicks on Buscar la dirección, jhon enters 'Bogota' into Datos adicionales, jhon clicks on Continuar ubicación servicio, jhon enters 'Garantia' into ¿Qué tipo de servicio solicitas?, jhon clicks on ¿Qué tipo de servicio solicitas? Lista, jhon enters 'ESTUFA A GAS 4 PUESTOS E/E 120V NEGRA' into ¿Cuál es el producto?, jhon clicks on ¿Cuál es el producto? Lista, jhon enters 'AHUMA' into ¿Cuál es el motivo de la reparación?, jhon clicks on ¿Cuál es el motivo de la reparación? Lista, jhon enters 'QA AUTOMOTION' into observaciones, jhon clicks on Rango AM, jhon enters '1.012439358E9' into Rango PM, jhon clicks on Fecha, jhon clicks on Confirmar Fecha seleccionada, jhon clicks on Programar, jhon clicks on Finalizar Orden de servicio, jhon clicks on Heabeas Data, jhon clicks on Seleccionar el tipo de documento, Jhon seleccionar tipo documento, jhon enters '1.012439359E9' into Seleccionar el tipo de documento, jhon enters 'jhon.quinones@infotrack.com.co' into ¿Cuál es tu correo electrónico?, jhon enters 'QA 4' into ¿Cuales son tus apellidos?, jhon enters 'TEST 4' into ¿Cual es tu telefono fijo?, jhon enters '3.000000003E9' into Ingresa tu numero celular, jhon enters '3.000000003E9' into Seleccionar el tipo de documento, jhon clicks on Continuar, jhon enters 'Soacha' into Ciudad, jhon clicks on Lista de ciudades, jhon enters 'Cra. 72C #22A-74, Fontibón' into Direccion, jhon clicks on Buscar la dirección, jhon enters 'Bogota, Cundinamarca' into Datos adicionales, jhon clicks on Continuar ubicación servicio, jhon enters 'Mantenimiento' into ¿Qué tipo de servicio solicitas?, jhon clicks on ¿Qué tipo de servicio solicitas? Lista, jhon enters 'NEVERA 5.3 PIES ALMENDRA' into ¿Cuál es el producto?, jhon clicks on ¿Cuál es el producto? Lista, jhon enters 'NO CONGELA' into ¿Cuál es el motivo de la reparación?, jhon clicks on ¿Cuál es el motivo de la reparación? Lista, jhon enters 'QA AUTOMOTION' into observaciones, jhon clicks on Rango AM, jhon enters '1.012439359E9' into Rango PM, jhon clicks on Fecha, jhon clicks on Confirmar Fecha seleccionada, jhon clicks on Programar, jhon clicks on Finalizar Orden de servicio, jhon clicks on Heabeas Data, jhon clicks on Seleccionar el tipo de documento, Jhon seleccionar tipo documento, jhon enters '1.01243936E9' into Seleccionar el tipo de documento, jhon enters 'jhon.quinones@infotrack.com.co' into ¿Cuál es tu correo electrónico?, jhon enters 'QA 5' into ¿Cuales son tus apellidos?, jhon enters 'TEST 5' into ¿Cual es tu telefono fijo?, jhon enters '3.000000004E9' into Ingresa tu numero celular, jhon enters '3.000000004E9' into Seleccionar el tipo de documento, jhon clicks on Continuar, jhon enters 'Bogota' into Ciudad, jhon clicks on Lista de ciudades, jhon enters 'Av. C. 130' into Direccion, jhon clicks on Buscar la dirección, jhon enters 'Bosa' into Datos adicionales, jhon clicks on Continuar ubicación servicio, jhon enters 'Reparación' into ¿Qué tipo de servicio solicitas?, jhon clicks on ¿Qué tipo de servicio solicitas? Lista, jhon enters 'NEVERA CR360 GRIS C.DIGITAL' into ¿Cuál es el producto?, jhon clicks on ¿Cuál es el producto? Lista, jhon enters 'BOTA AGUA' into ¿Cuál es el motivo de la reparación?, jhon clicks on ¿Cuál es el motivo de la reparación? Lista, jhon enters 'QA AUTOMOTION' into observaciones, jhon clicks on Rango AM, jhon enters '1.01243936E9' into Rango PM, jhon clicks on Fecha, jhon clicks on Confirmar Fecha seleccionada, jhon clicks on Programar, jhon clicks on Finalizar Orden de servicio, jhon clicks on Heabeas Data, jhon clicks on Seleccionar el tipo de documento, Jhon seleccionar tipo documento, jhon enters '8.300675571E9' into Seleccionar el tipo de documento, jhon enters 'jhon.quinones@infotrack.com.co' into ¿Cuál es tu correo electrónico?, jhon enters 'Test Automotion14' into Ingresa tu nombre, jhon enters '3.000000005E9' into Ingresa tu numero celular, jhon enters '3.000000005E9' into Seleccionar el tipo de documento, jhon clicks on Continuar, jhon enters 'Soacha' into Ciudad, jhon clicks on Lista de ciudades, jhon enters 'Av. C. 131' into Direccion, jhon clicks on Buscar la dirección, jhon enters 'Armonia IV' into Datos adicionales, jhon clicks on Continuar ubicación servicio, jhon enters 'Garantia' into ¿Qué tipo de servicio solicitas?, jhon clicks on ¿Qué tipo de servicio solicitas? Lista, jhon enters 'CALENTADOR 7131/GLP PASO 13LTS.' into ¿Cuál es el producto?, jhon clicks on ¿Cuál es el producto? Lista, jhon enters 'NO CALIENTA' into ¿Cuál es el motivo de la reparación?, jhon clicks on ¿Cuál es el motivo de la reparación? Lista, jhon enters 'QA AUTOMOTION' into observaciones]]
[Test worker] WARN net.thucydides.core.steps.BaseStepListener - stepStarted: net.thucydides.core.steps.ExecutedStepDescription@66d73e2d
[Test worker] WARN net.thucydides.core.steps.BaseStepListener - stepFinished: current outcome:Proceso Autogestion - Agendamiento de servicios:Dado el usuario final cuando desee crear o agendar una orden de servicio [Jhon abrir pagina [jhon opens the Object abrir pagina]], Cuando Crea la orden de servicio [Jhon autogestion [jhon clicks on Heabeas Data, jhon clicks on Seleccionar el tipo de documento, Jhon seleccionar tipo documento, jhon enters '8.300675571E9' into Seleccionar el tipo de documento, jhon enters 'jhon.quinones@infotrack.com.co' into ¿Cuál es tu correo electrónico?, jhon enters 'Test Automotion9' into Ingresa tu nombre, jhon enters '3.0E9' into Ingresa tu numero celular, jhon enters '3.0E9' into Seleccionar el tipo de documento, jhon clicks on Continuar, jhon enters 'Bogota' into Ciudad, jhon clicks on Lista de ciudades, jhon enters 'Av. C. 127' into Direccion, jhon clicks on Buscar la dirección, jhon enters 'Norte' into Datos adicionales, jhon clicks on Continuar ubicación servicio, jhon enters 'Garantia' into ¿Qué tipo de servicio solicitas?, jhon clicks on ¿Qué tipo de servicio solicitas? Lista, jhon enters 'NEVERA 5.3 PIES ALMENDRA' into ¿Cuál es el producto?, jhon clicks on ¿Cuál es el producto? Lista, jhon enters 'BOTA AGUA' into ¿Cuál es el motivo de la reparación?, jhon clicks on ¿Cuál es el motivo de la reparación? Lista, jhon enters 'QA AUTOMOTION' into observaciones, jhon clicks on Rango AM, jhon enters '1.012439364E9' into Rango PM, jhon clicks on Fecha, jhon clicks on Confirmar Fecha seleccionada, jhon clicks on Programar, jhon clicks on Finalizar Orden de servicio, jhon clicks on Heabeas Data, jhon clicks on Seleccionar el tipo de documento, Jhon seleccionar tipo documento, jhon enters '1.012439357E9' into Seleccionar el tipo de documento, jhon enters 'jhon.quinones@infotrack.com.co' into ¿Cuál es tu correo electrónico?, jhon enters 'QA 2' into ¿Cuales son tus apellidos?, jhon enters 'TEST 2' into ¿Cual es tu telefono fijo?, jhon enters '3.000000001E9' into Ingresa tu numero celular, jhon enters '3.000000001E9' into Seleccionar el tipo de documento, jhon clicks on Continuar, jhon enters 'Soacha' into Ciudad, jhon clicks on Lista de ciudades, jhon enters 'Cl 15 # 19 a – 159' into Direccion, jhon clicks on Buscar la dirección, jhon enters 'Armonia IV' into Datos adicionales, jhon clicks on Continuar ubicación servicio, jhon enters 'Reparación' into ¿Qué tipo de servicio solicitas?, jhon clicks on ¿Qué tipo de servicio solicitas? Lista, jhon enters 'CALENTADOR DE PASO 10 LTS. GAS NATURAL' into ¿Cuál es el producto?, jhon clicks on ¿Cuál es el producto? Lista, jhon enters 'BOTA AGUA' into ¿Cuál es el motivo de la reparación?, jhon clicks on ¿Cuál es el motivo de la reparación? Lista, jhon enters 'QA AUTOMOTION' into observaciones, jhon clicks on Rango AM, jhon enters '1.012439357E9' into Rango PM, jhon clicks on Fecha, jhon clicks on Confirmar Fecha seleccionada, jhon clicks on Programar, jhon clicks on Finalizar Orden de servicio, jhon clicks on Heabeas Data, jhon clicks on Seleccionar el tipo de documento, Jhon seleccionar tipo documento, jhon enters '8.300675571E9' into Seleccionar el tipo de documento, jhon enters 'jhon.quinones@infotrack.com.co' into ¿Cuál es tu correo electrónico?, jhon enters 'Test Automotion11' into Ingresa tu nombre, jhon enters '3.000000002E9' into Ingresa tu numero celular, jhon enters '3.000000002E9' into Seleccionar el tipo de documento, jhon clicks on Continuar, jhon enters 'Bogota' into Ciudad, jhon clicks on Lista de ciudades, jhon enters 'Av. Carrera 86 # 55A - 75 Engativá' into Direccion, jhon clicks on Buscar la dirección, jhon enters 'Bogota' into Datos adicionales, jhon clicks on Continuar ubicación servicio, jhon enters 'Garantia' into ¿Qué tipo de servicio solicitas?, jhon clicks on ¿Qué tipo de servicio solicitas? Lista, jhon enters 'ESTUFA A GAS 4 PUESTOS E/E 120V NEGRA' into ¿Cuál es el producto?, jhon clicks on ¿Cuál es el producto? Lista, jhon enters 'AHUMA' into ¿Cuál es el motivo de la reparación?, jhon clicks on ¿Cuál es el motivo de la reparación? Lista, jhon enters 'QA AUTOMOTION' into observaciones, jhon clicks on Rango AM, jhon enters '1.012439358E9' into Rango PM, jhon clicks on Fecha, jhon clicks on Confirmar Fecha seleccionada, jhon clicks on Programar, jhon clicks on Finalizar Orden de servicio, jhon clicks on Heabeas Data, jhon clicks on Seleccionar el tipo de documento, Jhon seleccionar tipo documento, jhon enters '1.012439359E9' into Seleccionar el tipo de documento, jhon enters 'jhon.quinones@infotrack.com.co' into ¿Cuál es tu correo electrónico?, jhon enters 'QA 4' into ¿Cuales son tus apellidos?, jhon enters 'TEST 4' into ¿Cual es tu telefono fijo?, jhon enters '3.000000003E9' into Ingresa tu numero celular, jhon enters '3.000000003E9' into Seleccionar el tipo de documento, jhon clicks on Continuar, jhon enters 'Soacha' into Ciudad, jhon clicks on Lista de ciudades, jhon enters 'Cra. 72C #22A-74, Fontibón' into Direccion, jhon clicks on Buscar la dirección, jhon enters 'Bogota, Cundinamarca' into Datos adicionales, jhon clicks on Continuar ubicación servicio, jhon enters 'Mantenimiento' into ¿Qué tipo de servicio solicitas?, jhon clicks on ¿Qué tipo de servicio solicitas? Lista, jhon enters 'NEVERA 5.3 PIES ALMENDRA' into ¿Cuál es el producto?, jhon clicks on ¿Cuál es el producto? Lista, jhon enters 'NO CONGELA' into ¿Cuál es el motivo de la reparación?, jhon clicks on ¿Cuál es el motivo de la reparación? Lista, jhon enters 'QA AUTOMOTION' into observaciones, jhon clicks on Rango AM, jhon enters '1.012439359E9' into Rango PM, jhon clicks on Fecha, jhon clicks on Confirmar Fecha seleccionada, jhon clicks on Programar, jhon clicks on Finalizar Orden de servicio, jhon clicks on Heabeas Data, jhon clicks on Seleccionar el tipo de documento, Jhon seleccionar tipo documento, jhon enters '1.01243936E9' into Seleccionar el tipo de documento, jhon enters 'jhon.quinones@infotrack.com.co' into ¿Cuál es tu correo electrónico?, jhon enters 'QA 5' into ¿Cuales son tus apellidos?, jhon enters 'TEST 5' into ¿Cual es tu telefono fijo?, jhon enters '3.000000004E9' into Ingresa tu numero celular, jhon enters '3.000000004E9' into Seleccionar el tipo de documento, jhon clicks on Continuar, jhon enters 'Bogota' into Ciudad, jhon clicks on Lista de ciudades, jhon enters 'Av. C. 130' into Direccion, jhon clicks on Buscar la dirección, jhon enters 'Bosa' into Datos adicionales, jhon clicks on Continuar ubicación servicio, jhon enters 'Reparación' into ¿Qué tipo de servicio solicitas?, jhon clicks on ¿Qué tipo de servicio solicitas? Lista, jhon enters 'NEVERA CR360 GRIS C.DIGITAL' into ¿Cuál es el producto?, jhon clicks on ¿Cuál es el producto? Lista, jhon enters 'BOTA AGUA' into ¿Cuál es el motivo de la reparación?, jhon clicks on ¿Cuál es el motivo de la reparación? Lista, jhon enters 'QA AUTOMOTION' into observaciones, jhon clicks on Rango AM, jhon enters '1.01243936E9' into Rango PM, jhon clicks on Fecha, jhon clicks on Confirmar Fecha seleccionada, jhon clicks on Programar, jhon clicks on Finalizar Orden de servicio, jhon clicks on Heabeas Data, jhon clicks on Seleccionar el tipo de documento, Jhon seleccionar tipo documento, jhon enters '8.300675571E9' into Seleccionar el tipo de documento, jhon enters 'jhon.quinones@infotrack.com.co' into ¿Cuál es tu correo electrónico?, jhon enters 'Test Automotion14' into Ingresa tu nombre, jhon enters '3.000000005E9' into Ingresa tu numero celular, jhon enters '3.000000005E9' into Seleccionar el tipo de documento, jhon clicks on Continuar, jhon enters 'Soacha' into Ciudad, jhon clicks on Lista de ciudades, jhon enters 'Av. C. 131' into Direccion, jhon clicks on Buscar la dirección, jhon enters 'Armonia IV' into Datos adicionales, jhon clicks on Continuar ubicación servicio, jhon enters 'Garantia' into ¿Qué tipo de servicio solicitas?, jhon clicks on ¿Qué tipo de servicio solicitas? Lista, jhon enters 'CALENTADOR 7131/GLP PASO 13LTS.' into ¿Cuál es el producto?, jhon clicks on ¿Cuál es el producto? Lista, jhon enters 'NO CALIENTA' into ¿Cuál es el motivo de la reparación?, jhon clicks on ¿Cuál es el motivo de la reparación? Lista, jhon enters 'QA AUTOMOTION' into observaciones, jhon clicks on Rango AM]]
[Test worker] WARN net.thucydides.core.steps.BaseStepListener - stepStarted: net.thucydides.core.steps.ExecutedStepDescription@4f836d9
[Test worker] WARN net.thucydides.core.steps.BaseStepListener - stepFinished: current outcome:Proceso Autogestion - Agendamiento de servicios:Dado el usuario final cuando desee crear o agendar una orden de servicio [Jhon abrir pagina [jhon opens the Object abrir pagina]], Cuando Crea la orden de servicio [Jhon autogestion [jhon clicks on Heabeas Data, jhon clicks on Seleccionar el tipo de documento, Jhon seleccionar tipo documento, jhon enters '8.300675571E9' into Seleccionar el tipo de documento, jhon enters 'jhon.quinones@infotrack.com.co' into ¿Cuál es tu correo electrónico?, jhon enters 'Test Automotion9' into Ingresa tu nombre, jhon enters '3.0E9' into Ingresa tu numero celular, jhon enters '3.0E9' into Seleccionar el tipo de documento, jhon clicks on Continuar, jhon enters 'Bogota' into Ciudad, jhon clicks on Lista de ciudades, jhon enters 'Av. C. 127' into Direccion, jhon clicks on Buscar la dirección, jhon enters 'Norte' into Datos adicionales, jhon clicks on Continuar ubicación servicio, jhon enters 'Garantia' into ¿Qué tipo de servicio solicitas?, jhon clicks on ¿Qué tipo de servicio solicitas? Lista, jhon enters 'NEVERA 5.3 PIES ALMENDRA' into ¿Cuál es el producto?, jhon clicks on ¿Cuál es el producto? Lista, jhon enters 'BOTA AGUA' into ¿Cuál es el motivo de la reparación?, jhon clicks on ¿Cuál es el motivo de la reparación? Lista, jhon enters 'QA AUTOMOTION' into observaciones, jhon clicks on Rango AM, jhon enters '1.012439364E9' into Rango PM, jhon clicks on Fecha, jhon clicks on Confirmar Fecha seleccionada, jhon clicks on Programar, jhon clicks on Finalizar Orden de servicio, jhon clicks on Heabeas Data, jhon clicks on Seleccionar el tipo de documento, Jhon seleccionar tipo documento, jhon enters '1.012439357E9' into Seleccionar el tipo de documento, jhon enters 'jhon.quinones@infotrack.com.co' into ¿Cuál es tu correo electrónico?, jhon enters 'QA 2' into ¿Cuales son tus apellidos?, jhon enters 'TEST 2' into ¿Cual es tu telefono fijo?, jhon enters '3.000000001E9' into Ingresa tu numero celular, jhon enters '3.000000001E9' into Seleccionar el tipo de documento, jhon clicks on Continuar, jhon enters 'Soacha' into Ciudad, jhon clicks on Lista de ciudades, jhon enters 'Cl 15 # 19 a – 159' into Direccion, jhon clicks on Buscar la dirección, jhon enters 'Armonia IV' into Datos adicionales, jhon clicks on Continuar ubicación servicio, jhon enters 'Reparación' into ¿Qué tipo de servicio solicitas?, jhon clicks on ¿Qué tipo de servicio solicitas? Lista, jhon enters 'CALENTADOR DE PASO 10 LTS. GAS NATURAL' into ¿Cuál es el producto?, jhon clicks on ¿Cuál es el producto? Lista, jhon enters 'BOTA AGUA' into ¿Cuál es el motivo de la reparación?, jhon clicks on ¿Cuál es el motivo de la reparación? Lista, jhon enters 'QA AUTOMOTION' into observaciones, jhon clicks on Rango AM, jhon enters '1.012439357E9' into Rango PM, jhon clicks on Fecha, jhon clicks on Confirmar Fecha seleccionada, jhon clicks on Programar, jhon clicks on Finalizar Orden de servicio, jhon clicks on Heabeas Data, jhon clicks on Seleccionar el tipo de documento, Jhon seleccionar tipo documento, jhon enters '8.300675571E9' into Seleccionar el tipo de documento, jhon enters 'jhon.quinones@infotrack.com.co' into ¿Cuál es tu correo electrónico?, jhon enters 'Test Automotion11' into Ingresa tu nombre, jhon enters '3.000000002E9' into Ingresa tu numero celular, jhon enters '3.000000002E9' into Seleccionar el tipo de documento, jhon clicks on Continuar, jhon enters 'Bogota' into Ciudad, jhon clicks on Lista de ciudades, jhon enters 'Av. Carrera 86 # 55A - 75 Engativá' into Direccion, jhon clicks on Buscar la dirección, jhon enters 'Bogota' into Datos adicionales, jhon clicks on Continuar ubicación servicio, jhon enters 'Garantia' into ¿Qué tipo de servicio solicitas?, jhon clicks on ¿Qué tipo de servicio solicitas? Lista, jhon enters 'ESTUFA A GAS 4 PUESTOS E/E 120V NEGRA' into ¿Cuál es el producto?, jhon clicks on ¿Cuál es el producto? Lista, jhon enters 'AHUMA' into ¿Cuál es el motivo de la reparación?, jhon clicks on ¿Cuál es el motivo de la reparación? Lista, jhon enters 'QA AUTOMOTION' into observaciones, jhon clicks on Rango AM, jhon enters '1.012439358E9' into Rango PM, jhon clicks on Fecha, jhon clicks on Confirmar Fecha seleccionada, jhon clicks on Programar, jhon clicks on Finalizar Orden de servicio, jhon clicks on Heabeas Data, jhon clicks on Seleccionar el tipo de documento, Jhon seleccionar tipo documento, jhon enters '1.012439359E9' into Seleccionar el tipo de documento, jhon enters 'jhon.quinones@infotrack.com.co' into ¿Cuál es tu correo electrónico?, jhon enters 'QA 4' into ¿Cuales son tus apellidos?, jhon enters 'TEST 4' into ¿Cual es tu telefono fijo?, jhon enters '3.000000003E9' into Ingresa tu numero celular, jhon enters '3.000000003E9' into Seleccionar el tipo de documento, jhon clicks on Continuar, jhon enters 'Soacha' into Ciudad, jhon clicks on Lista de ciudades, jhon enters 'Cra. 72C #22A-74, Fontibón' into Direccion, jhon clicks on Buscar la dirección, jhon enters 'Bogota, Cundinamarca' into Datos adicionales, jhon clicks on Continuar ubicación servicio, jhon enters 'Mantenimiento' into ¿Qué tipo de servicio solicitas?, jhon clicks on ¿Qué tipo de servicio solicitas? Lista, jhon enters 'NEVERA 5.3 PIES ALMENDRA' into ¿Cuál es el producto?, jhon clicks on ¿Cuál es el producto? Lista, jhon enters 'NO CONGELA' into ¿Cuál es el motivo de la reparación?, jhon clicks on ¿Cuál es el motivo de la reparación? Lista, jhon enters 'QA AUTOMOTION' into observaciones, jhon clicks on Rango AM, jhon enters '1.012439359E9' into Rango PM, jhon clicks on Fecha, jhon clicks on Confirmar Fecha seleccionada, jhon clicks on Programar, jhon clicks on Finalizar Orden de servicio, jhon clicks on Heabeas Data, jhon clicks on Seleccionar el tipo de documento, Jhon seleccionar tipo documento, jhon enters '1.01243936E9' into Seleccionar el tipo de documento, jhon enters 'jhon.quinones@infotrack.com.co' into ¿Cuál es tu correo electrónico?, jhon enters 'QA 5' into ¿Cuales son tus apellidos?, jhon enters 'TEST 5' into ¿Cual es tu telefono fijo?, jhon enters '3.000000004E9' into Ingresa tu numero celular, jhon enters '3.000000004E9' into Seleccionar el tipo de documento, jhon clicks on Continuar, jhon enters 'Bogota' into Ciudad, jhon clicks on Lista de ciudades, jhon enters 'Av. C. 130' into Direccion, jhon clicks on Buscar la dirección, jhon enters 'Bosa' into Datos adicionales, jhon clicks on Continuar ubicación servicio, jhon enters 'Reparación' into ¿Qué tipo de servicio solicitas?, jhon clicks on ¿Qué tipo de servicio solicitas? Lista, jhon enters 'NEVERA CR360 GRIS C.DIGITAL' into ¿Cuál es el producto?, jhon clicks on ¿Cuál es el producto? Lista, jhon enters 'BOTA AGUA' into ¿Cuál es el motivo de la reparación?, jhon clicks on ¿Cuál es el motivo de la reparación? Lista, jhon enters 'QA AUTOMOTION' into observaciones, jhon clicks on Rango AM, jhon enters '1.01243936E9' into Rango PM, jhon clicks on Fecha, jhon clicks on Confirmar Fecha seleccionada, jhon clicks on Programar, jhon clicks on Finalizar Orden de servicio, jhon clicks on Heabeas Data, jhon clicks on Seleccionar el tipo de documento, Jhon seleccionar tipo documento, jhon enters '8.300675571E9' into Seleccionar el tipo de documento, jhon enters 'jhon.quinones@infotrack.com.co' into ¿Cuál es tu correo electrónico?, jhon enters 'Test Automotion14' into Ingresa tu nombre, jhon enters '3.000000005E9' into Ingresa tu numero celular, jhon enters '3.000000005E9' into Seleccionar el tipo de documento, jhon clicks on Continuar, jhon enters 'Soacha' into Ciudad, jhon clicks on Lista de ciudades, jhon enters 'Av. C. 131' into Direccion, jhon clicks on Buscar la dirección, jhon enters 'Armonia IV' into Datos adicionales, jhon clicks on Continuar ubicación servicio, jhon enters 'Garantia' into ¿Qué tipo de servicio solicitas?, jhon clicks on ¿Qué tipo de servicio solicitas? Lista, jhon enters 'CALENTADOR 7131/GLP PASO 13LTS.' into ¿Cuál es el producto?, jhon clicks on ¿Cuál es el producto? Lista, jhon enters 'NO CALIENTA' into ¿Cuál es el motivo de la reparación?, jhon clicks on ¿Cuál es el motivo de la reparación? Lista, jhon enters 'QA AUTOMOTION' into observaciones, jhon clicks on Rango AM, jhon enters '1.012439361E9' into Rango PM]]
[Test worker] WARN net.thucydides.core.steps.BaseStepListener - stepStarted: net.thucydides.core.steps.ExecutedStepDescription@623d222
[Test worker] WARN net.thucydides.core.steps.BaseStepListener - stepFinished: current outcome:Proceso Autogestion - Agendamiento de servicios:Dado el usuario final cuando desee crear o agendar una orden de servicio [Jhon abrir pagina [jhon opens the Object abrir pagina]], Cuando Crea la orden de servicio [Jhon autogestion [jhon clicks on Heabeas Data, jhon clicks on Seleccionar el tipo de documento, Jhon seleccionar tipo documento, jhon enters '8.300675571E9' into Seleccionar el tipo de documento, jhon enters 'jhon.quinones@infotrack.com.co' into ¿Cuál es tu correo electrónico?, jhon enters 'Test Automotion9' into Ingresa tu nombre, jhon enters '3.0E9' into Ingresa tu numero celular, jhon enters '3.0E9' into Seleccionar el tipo de documento, jhon clicks on Continuar, jhon enters 'Bogota' into Ciudad, jhon clicks on Lista de ciudades, jhon enters 'Av. C. 127' into Direccion, jhon clicks on Buscar la dirección, jhon enters 'Norte' into Datos adicionales, jhon clicks on Continuar ubicación servicio, jhon enters 'Garantia' into ¿Qué tipo de servicio solicitas?, jhon clicks on ¿Qué tipo de servicio solicitas? Lista, jhon enters 'NEVERA 5.3 PIES ALMENDRA' into ¿Cuál es el producto?, jhon clicks on ¿Cuál es el producto? Lista, jhon enters 'BOTA AGUA' into ¿Cuál es el motivo de la reparación?, jhon clicks on ¿Cuál es el motivo de la reparación? Lista, jhon enters 'QA AUTOMOTION' into observaciones, jhon clicks on Rango AM, jhon enters '1.012439364E9' into Rango PM, jhon clicks on Fecha, jhon clicks on Confirmar Fecha seleccionada, jhon clicks on Programar, jhon clicks on Finalizar Orden de servicio, jhon clicks on Heabeas Data, jhon clicks on Seleccionar el tipo de documento, Jhon seleccionar tipo documento, jhon enters '1.012439357E9' into Seleccionar el tipo de documento, jhon enters 'jhon.quinones@infotrack.com.co' into ¿Cuál es tu correo electrónico?, jhon enters 'QA 2' into ¿Cuales son tus apellidos?, jhon enters 'TEST 2' into ¿Cual es tu telefono fijo?, jhon enters '3.000000001E9' into Ingresa tu numero celular, jhon enters '3.000000001E9' into Seleccionar el tipo de documento, jhon clicks on Continuar, jhon enters 'Soacha' into Ciudad, jhon clicks on Lista de ciudades, jhon enters 'Cl 15 # 19 a – 159' into Direccion, jhon clicks on Buscar la dirección, jhon enters 'Armonia IV' into Datos adicionales, jhon clicks on Continuar ubicación servicio, jhon enters 'Reparación' into ¿Qué tipo de servicio solicitas?, jhon clicks on ¿Qué tipo de servicio solicitas? Lista, jhon enters 'CALENTADOR DE PASO 10 LTS. GAS NATURAL' into ¿Cuál es el producto?, jhon clicks on ¿Cuál es el producto? Lista, jhon enters 'BOTA AGUA' into ¿Cuál es el motivo de la reparación?, jhon clicks on ¿Cuál es el motivo de la reparación? Lista, jhon enters 'QA AUTOMOTION' into observaciones, jhon clicks on Rango AM, jhon enters '1.012439357E9' into Rango PM, jhon clicks on Fecha, jhon clicks on Confirmar Fecha seleccionada, jhon clicks on Programar, jhon clicks on Finalizar Orden de servicio, jhon clicks on Heabeas Data, jhon clicks on Seleccionar el tipo de documento, Jhon seleccionar tipo documento, jhon enters '8.300675571E9' into Seleccionar el tipo de documento, jhon enters 'jhon.quinones@infotrack.com.co' into ¿Cuál es tu correo electrónico?, jhon enters 'Test Automotion11' into Ingresa tu nombre, jhon enters '3.000000002E9' into Ingresa tu numero celular, jhon enters '3.000000002E9' into Seleccionar el tipo de documento, jhon clicks on Continuar, jhon enters 'Bogota' into Ciudad, jhon clicks on Lista de ciudades, jhon enters 'Av. Carrera 86 # 55A - 75 Engativá' into Direccion, jhon clicks on Buscar la dirección, jhon enters 'Bogota' into Datos adicionales, jhon clicks on Continuar ubicación servicio, jhon enters 'Garantia' into ¿Qué tipo de servicio solicitas?, jhon clicks on ¿Qué tipo de servicio solicitas? Lista, jhon enters 'ESTUFA A GAS 4 PUESTOS E/E 120V NEGRA' into ¿Cuál es el producto?, jhon clicks on ¿Cuál es el producto? Lista, jhon enters 'AHUMA' into ¿Cuál es el motivo de la reparación?, jhon clicks on ¿Cuál es el motivo de la reparación? Lista, jhon enters 'QA AUTOMOTION' into observaciones, jhon clicks on Rango AM, jhon enters '1.012439358E9' into Rango PM, jhon clicks on Fecha, jhon clicks on Confirmar Fecha seleccionada, jhon clicks on Programar, jhon clicks on Finalizar Orden de servicio, jhon clicks on Heabeas Data, jhon clicks on Seleccionar el tipo de documento, Jhon seleccionar tipo documento, jhon enters '1.012439359E9' into Seleccionar el tipo de documento, jhon enters 'jhon.quinones@infotrack.com.co' into ¿Cuál es tu correo electrónico?, jhon enters 'QA 4' into ¿Cuales son tus apellidos?, jhon enters 'TEST 4' into ¿Cual es tu telefono fijo?, jhon enters '3.000000003E9' into Ingresa tu numero celular, jhon enters '3.000000003E9' into Seleccionar el tipo de documento, jhon clicks on Continuar, jhon enters 'Soacha' into Ciudad, jhon clicks on Lista de ciudades, jhon enters 'Cra. 72C #22A-74, Fontibón' into Direccion, jhon clicks on Buscar la dirección, jhon enters 'Bogota, Cundinamarca' into Datos adicionales, jhon clicks on Continuar ubicación servicio, jhon enters 'Mantenimiento' into ¿Qué tipo de servicio solicitas?, jhon clicks on ¿Qué tipo de servicio solicitas? Lista, jhon enters 'NEVERA 5.3 PIES ALMENDRA' into ¿Cuál es el producto?, jhon clicks on ¿Cuál es el producto? Lista, jhon enters 'NO CONGELA' into ¿Cuál es el motivo de la reparación?, jhon clicks on ¿Cuál es el motivo de la reparación? Lista, jhon enters 'QA AUTOMOTION' into observaciones, jhon clicks on Rango AM, jhon enters '1.012439359E9' into Rango PM, jhon clicks on Fecha, jhon clicks on Confirmar Fecha seleccionada, jhon clicks on Programar, jhon clicks on Finalizar Orden de servicio, jhon clicks on Heabeas Data, jhon clicks on Seleccionar el tipo de documento, Jhon seleccionar tipo documento, jhon enters '1.01243936E9' into Seleccionar el tipo de documento, jhon enters 'jhon.quinones@infotrack.com.co' into ¿Cuál es tu correo electrónico?, jhon enters 'QA 5' into ¿Cuales son tus apellidos?, jhon enters 'TEST 5' into ¿Cual es tu telefono fijo?, jhon enters '3.000000004E9' into Ingresa tu numero celular, jhon enters '3.000000004E9' into Seleccionar el tipo de documento, jhon clicks on Continuar, jhon enters 'Bogota' into Ciudad, jhon clicks on Lista de ciudades, jhon enters 'Av. C. 130' into Direccion, jhon clicks on Buscar la dirección, jhon enters 'Bosa' into Datos adicionales, jhon clicks on Continuar ubicación servicio, jhon enters 'Reparación' into ¿Qué tipo de servicio solicitas?, jhon clicks on ¿Qué tipo de servicio solicitas? Lista, jhon enters 'NEVERA CR360 GRIS C.DIGITAL' into ¿Cuál es el producto?, jhon clicks on ¿Cuál es el producto? Lista, jhon enters 'BOTA AGUA' into ¿Cuál es el motivo de la reparación?, jhon clicks on ¿Cuál es el motivo de la reparación? Lista, jhon enters 'QA AUTOMOTION' into observaciones, jhon clicks on Rango AM, jhon enters '1.01243936E9' into Rango PM, jhon clicks on Fecha, jhon clicks on Confirmar Fecha seleccionada, jhon clicks on Programar, jhon clicks on Finalizar Orden de servicio, jhon clicks on Heabeas Data, jhon clicks on Seleccionar el tipo de documento, Jhon seleccionar tipo documento, jhon enters '8.300675571E9' into Seleccionar el tipo de documento, jhon enters 'jhon.quinones@infotrack.com.co' into ¿Cuál es tu correo electrónico?, jhon enters 'Test Automotion14' into Ingresa tu nombre, jhon enters '3.000000005E9' into Ingresa tu numero celular, jhon enters '3.000000005E9' into Seleccionar el tipo de documento, jhon clicks on Continuar, jhon enters 'Soacha' into Ciudad, jhon clicks on Lista de ciudades, jhon enters 'Av. C. 131' into Direccion, jhon clicks on Buscar la dirección, jhon enters 'Armonia IV' into Datos adicionales, jhon clicks on Continuar ubicación servicio, jhon enters 'Garantia' into ¿Qué tipo de servicio solicitas?, jhon clicks on ¿Qué tipo de servicio solicitas? Lista, jhon enters 'CALENTADOR 7131/GLP PASO 13LTS.' into ¿Cuál es el producto?, jhon clicks on ¿Cuál es el producto? Lista, jhon enters 'NO CALIENTA' into ¿Cuál es el motivo de la reparación?, jhon clicks on ¿Cuál es el motivo de la reparación? Lista, jhon enters 'QA AUTOMOTION' into observaciones, jhon clicks on Rango AM, jhon enters '1.012439361E9' into Rango PM, jhon clicks on Fecha]]
[Test worker] WARN net.thucydides.core.steps.BaseStepListener - stepStarted: net.thucydides.core.steps.ExecutedStepDescription@67062a93
[Test worker] WARN net.thucydides.core.steps.BaseStepListener - stepFinished: current outcome:Proceso Autogestion - Agendamiento de servicios:Dado el usuario final cuando desee crear o agendar una orden de servicio [Jhon abrir pagina [jhon opens the Object abrir pagina]], Cuando Crea la orden de servicio [Jhon autogestion [jhon clicks on Heabeas Data, jhon clicks on Seleccionar el tipo de documento, Jhon seleccionar tipo documento, jhon enters '8.300675571E9' into Seleccionar el tipo de documento, jhon enters 'jhon.quinones@infotrack.com.co' into ¿Cuál es tu correo electrónico?, jhon enters 'Test Automotion9' into Ingresa tu nombre, jhon enters '3.0E9' into Ingresa tu numero celular, jhon enters '3.0E9' into Seleccionar el tipo de documento, jhon clicks on Continuar, jhon enters 'Bogota' into Ciudad, jhon clicks on Lista de ciudades, jhon enters 'Av. C. 127' into Direccion, jhon clicks on Buscar la dirección, jhon enters 'Norte' into Datos adicionales, jhon clicks on Continuar ubicación servicio, jhon enters 'Garantia' into ¿Qué tipo de servicio solicitas?, jhon clicks on ¿Qué tipo de servicio solicitas? Lista, jhon enters 'NEVERA 5.3 PIES ALMENDRA' into ¿Cuál es el producto?, jhon clicks on ¿Cuál es el producto? Lista, jhon enters 'BOTA AGUA' into ¿Cuál es el motivo de la reparación?, jhon clicks on ¿Cuál es el motivo de la reparación? Lista, jhon enters 'QA AUTOMOTION' into observaciones, jhon clicks on Rango AM, jhon enters '1.012439364E9' into Rango PM, jhon clicks on Fecha, jhon clicks on Confirmar Fecha seleccionada, jhon clicks on Programar, jhon clicks on Finalizar Orden de servicio, jhon clicks on Heabeas Data, jhon clicks on Seleccionar el tipo de documento, Jhon seleccionar tipo documento, jhon enters '1.012439357E9' into Seleccionar el tipo de documento, jhon enters 'jhon.quinones@infotrack.com.co' into ¿Cuál es tu correo electrónico?, jhon enters 'QA 2' into ¿Cuales son tus apellidos?, jhon enters 'TEST 2' into ¿Cual es tu telefono fijo?, jhon enters '3.000000001E9' into Ingresa tu numero celular, jhon enters '3.000000001E9' into Seleccionar el tipo de documento, jhon clicks on Continuar, jhon enters 'Soacha' into Ciudad, jhon clicks on Lista de ciudades, jhon enters 'Cl 15 # 19 a – 159' into Direccion, jhon clicks on Buscar la dirección, jhon enters 'Armonia IV' into Datos adicionales, jhon clicks on Continuar ubicación servicio, jhon enters 'Reparación' into ¿Qué tipo de servicio solicitas?, jhon clicks on ¿Qué tipo de servicio solicitas? Lista, jhon enters 'CALENTADOR DE PASO 10 LTS. GAS NATURAL' into ¿Cuál es el producto?, jhon clicks on ¿Cuál es el producto? Lista, jhon enters 'BOTA AGUA' into ¿Cuál es el motivo de la reparación?, jhon clicks on ¿Cuál es el motivo de la reparación? Lista, jhon enters 'QA AUTOMOTION' into observaciones, jhon clicks on Rango AM, jhon enters '1.012439357E9' into Rango PM, jhon clicks on Fecha, jhon clicks on Confirmar Fecha seleccionada, jhon clicks on Programar, jhon clicks on Finalizar Orden de servicio, jhon clicks on Heabeas Data, jhon clicks on Seleccionar el tipo de documento, Jhon seleccionar tipo documento, jhon enters '8.300675571E9' into Seleccionar el tipo de documento, jhon enters 'jhon.quinones@infotrack.com.co' into ¿Cuál es tu correo electrónico?, jhon enters 'Test Automotion11' into Ingresa tu nombre, jhon enters '3.000000002E9' into Ingresa tu numero celular, jhon enters '3.000000002E9' into Seleccionar el tipo de documento, jhon clicks on Continuar, jhon enters 'Bogota' into Ciudad, jhon clicks on Lista de ciudades, jhon enters 'Av. Carrera 86 # 55A - 75 Engativá' into Direccion, jhon clicks on Buscar la dirección, jhon enters 'Bogota' into Datos adicionales, jhon clicks on Continuar ubicación servicio, jhon enters 'Garantia' into ¿Qué tipo de servicio solicitas?, jhon clicks on ¿Qué tipo de servicio solicitas? Lista, jhon enters 'ESTUFA A GAS 4 PUESTOS E/E 120V NEGRA' into ¿Cuál es el producto?, jhon clicks on ¿Cuál es el producto? Lista, jhon enters 'AHUMA' into ¿Cuál es el motivo de la reparación?, jhon clicks on ¿Cuál es el motivo de la reparación? Lista, jhon enters 'QA AUTOMOTION' into observaciones, jhon clicks on Rango AM, jhon enters '1.012439358E9' into Rango PM, jhon clicks on Fecha, jhon clicks on Confirmar Fecha seleccionada, jhon clicks on Programar, jhon clicks on Finalizar Orden de servicio, jhon clicks on Heabeas Data, jhon clicks on Seleccionar el tipo de documento, Jhon seleccionar tipo documento, jhon enters '1.012439359E9' into Seleccionar el tipo de documento, jhon enters 'jhon.quinones@infotrack.com.co' into ¿Cuál es tu correo electrónico?, jhon enters 'QA 4' into ¿Cuales son tus apellidos?, jhon enters 'TEST 4' into ¿Cual es tu telefono fijo?, jhon enters '3.000000003E9' into Ingresa tu numero celular, jhon enters '3.000000003E9' into Seleccionar el tipo de documento, jhon clicks on Continuar, jhon enters 'Soacha' into Ciudad, jhon clicks on Lista de ciudades, jhon enters 'Cra. 72C #22A-74, Fontibón' into Direccion, jhon clicks on Buscar la dirección, jhon enters 'Bogota, Cundinamarca' into Datos adicionales, jhon clicks on Continuar ubicación servicio, jhon enters 'Mantenimiento' into ¿Qué tipo de servicio solicitas?, jhon clicks on ¿Qué tipo de servicio solicitas? Lista, jhon enters 'NEVERA 5.3 PIES ALMENDRA' into ¿Cuál es el producto?, jhon clicks on ¿Cuál es el producto? Lista, jhon enters 'NO CONGELA' into ¿Cuál es el motivo de la reparación?, jhon clicks on ¿Cuál es el motivo de la reparación? Lista, jhon enters 'QA AUTOMOTION' into observaciones, jhon clicks on Rango AM, jhon enters '1.012439359E9' into Rango PM, jhon clicks on Fecha, jhon clicks on Confirmar Fecha seleccionada, jhon clicks on Programar, jhon clicks on Finalizar Orden de servicio, jhon clicks on Heabeas Data, jhon clicks on Seleccionar el tipo de documento, Jhon seleccionar tipo documento, jhon enters '1.01243936E9' into Seleccionar el tipo de documento, jhon enters 'jhon.quinones@infotrack.com.co' into ¿Cuál es tu correo electrónico?, jhon enters 'QA 5' into ¿Cuales son tus apellidos?, jhon enters 'TEST 5' into ¿Cual es tu telefono fijo?, jhon enters '3.000000004E9' into Ingresa tu numero celular, jhon enters '3.000000004E9' into Seleccionar el tipo de documento, jhon clicks on Continuar, jhon enters 'Bogota' into Ciudad, jhon clicks on Lista de ciudades, jhon enters 'Av. C. 130' into Direccion, jhon clicks on Buscar la dirección, jhon enters 'Bosa' into Datos adicionales, jhon clicks on Continuar ubicación servicio, jhon enters 'Reparación' into ¿Qué tipo de servicio solicitas?, jhon clicks on ¿Qué tipo de servicio solicitas? Lista, jhon enters 'NEVERA CR360 GRIS C.DIGITAL' into ¿Cuál es el producto?, jhon clicks on ¿Cuál es el producto? Lista, jhon enters 'BOTA AGUA' into ¿Cuál es el motivo de la reparación?, jhon clicks on ¿Cuál es el motivo de la reparación? Lista, jhon enters 'QA AUTOMOTION' into observaciones, jhon clicks on Rango AM, jhon enters '1.01243936E9' into Rango PM, jhon clicks on Fecha, jhon clicks on Confirmar Fecha seleccionada, jhon clicks on Programar, jhon clicks on Finalizar Orden de servicio, jhon clicks on Heabeas Data, jhon clicks on Seleccionar el tipo de documento, Jhon seleccionar tipo documento, jhon enters '8.300675571E9' into Seleccionar el tipo de documento, jhon enters 'jhon.quinones@infotrack.com.co' into ¿Cuál es tu correo electrónico?, jhon enters 'Test Automotion14' into Ingresa tu nombre, jhon enters '3.000000005E9' into Ingresa tu numero celular, jhon enters '3.000000005E9' into Seleccionar el tipo de documento, jhon clicks on Continuar, jhon enters 'Soacha' into Ciudad, jhon clicks on Lista de ciudades, jhon enters 'Av. C. 131' into Direccion, jhon clicks on Buscar la dirección, jhon enters 'Armonia IV' into Datos adicionales, jhon clicks on Continuar ubicación servicio, jhon enters 'Garantia' into ¿Qué tipo de servicio solicitas?, jhon clicks on ¿Qué tipo de servicio solicitas? Lista, jhon enters 'CALENTADOR 7131/GLP PASO 13LTS.' into ¿Cuál es el producto?, jhon clicks on ¿Cuál es el producto? Lista, jhon enters 'NO CALIENTA' into ¿Cuál es el motivo de la reparación?, jhon clicks on ¿Cuál es el motivo de la reparación? Lista, jhon enters 'QA AUTOMOTION' into observaciones, jhon clicks on Rango AM, jhon enters '1.012439361E9' into Rango PM, jhon clicks on Fecha, jhon clicks on Confirmar Fecha seleccionada]]
[Test worker] WARN net.thucydides.core.steps.BaseStepListener - stepStarted: net.thucydides.core.steps.ExecutedStepDescription@14af57c3
[Test worker] WARN net.thucydides.core.steps.BaseStepListener - stepFinished: current outcome:Proceso Autogestion - Agendamiento de servicios:Dado el usuario final cuando desee crear o agendar una orden de servicio [Jhon abrir pagina [jhon opens the Object abrir pagina]], Cuando Crea la orden de servicio [Jhon autogestion [jhon clicks on Heabeas Data, jhon clicks on Seleccionar el tipo de documento, Jhon seleccionar tipo documento, jhon enters '8.300675571E9' into Seleccionar el tipo de documento, jhon enters 'jhon.quinones@infotrack.com.co' into ¿Cuál es tu correo electrónico?, jhon enters 'Test Automotion9' into Ingresa tu nombre, jhon enters '3.0E9' into Ingresa tu numero celular, jhon enters '3.0E9' into Seleccionar el tipo de documento, jhon clicks on Continuar, jhon enters 'Bogota' into Ciudad, jhon clicks on Lista de ciudades, jhon enters 'Av. C. 127' into Direccion, jhon clicks on Buscar la dirección, jhon enters 'Norte' into Datos adicionales, jhon clicks on Continuar ubicación servicio, jhon enters 'Garantia' into ¿Qué tipo de servicio solicitas?, jhon clicks on ¿Qué tipo de servicio solicitas? Lista, jhon enters 'NEVERA 5.3 PIES ALMENDRA' into ¿Cuál es el producto?, jhon clicks on ¿Cuál es el producto? Lista, jhon enters 'BOTA AGUA' into ¿Cuál es el motivo de la reparación?, jhon clicks on ¿Cuál es el motivo de la reparación? Lista, jhon enters 'QA AUTOMOTION' into observaciones, jhon clicks on Rango AM, jhon enters '1.012439364E9' into Rango PM, jhon clicks on Fecha, jhon clicks on Confirmar Fecha seleccionada, jhon clicks on Programar, jhon clicks on Finalizar Orden de servicio, jhon clicks on Heabeas Data, jhon clicks on Seleccionar el tipo de documento, Jhon seleccionar tipo documento, jhon enters '1.012439357E9' into Seleccionar el tipo de documento, jhon enters 'jhon.quinones@infotrack.com.co' into ¿Cuál es tu correo electrónico?, jhon enters 'QA 2' into ¿Cuales son tus apellidos?, jhon enters 'TEST 2' into ¿Cual es tu telefono fijo?, jhon enters '3.000000001E9' into Ingresa tu numero celular, jhon enters '3.000000001E9' into Seleccionar el tipo de documento, jhon clicks on Continuar, jhon enters 'Soacha' into Ciudad, jhon clicks on Lista de ciudades, jhon enters 'Cl 15 # 19 a – 159' into Direccion, jhon clicks on Buscar la dirección, jhon enters 'Armonia IV' into Datos adicionales, jhon clicks on Continuar ubicación servicio, jhon enters 'Reparación' into ¿Qué tipo de servicio solicitas?, jhon clicks on ¿Qué tipo de servicio solicitas? Lista, jhon enters 'CALENTADOR DE PASO 10 LTS. GAS NATURAL' into ¿Cuál es el producto?, jhon clicks on ¿Cuál es el producto? Lista, jhon enters 'BOTA AGUA' into ¿Cuál es el motivo de la reparación?, jhon clicks on ¿Cuál es el motivo de la reparación? Lista, jhon enters 'QA AUTOMOTION' into observaciones, jhon clicks on Rango AM, jhon enters '1.012439357E9' into Rango PM, jhon clicks on Fecha, jhon clicks on Confirmar Fecha seleccionada, jhon clicks on Programar, jhon clicks on Finalizar Orden de servicio, jhon clicks on Heabeas Data, jhon clicks on Seleccionar el tipo de documento, Jhon seleccionar tipo documento, jhon enters '8.300675571E9' into Seleccionar el tipo de documento, jhon enters 'jhon.quinones@infotrack.com.co' into ¿Cuál es tu correo electrónico?, jhon enters 'Test Automotion11' into Ingresa tu nombre, jhon enters '3.000000002E9' into Ingresa tu numero celular, jhon enters '3.000000002E9' into Seleccionar el tipo de documento, jhon clicks on Continuar, jhon enters 'Bogota' into Ciudad, jhon clicks on Lista de ciudades, jhon enters 'Av. Carrera 86 # 55A - 75 Engativá' into Direccion, jhon clicks on Buscar la dirección, jhon enters 'Bogota' into Datos adicionales, jhon clicks on Continuar ubicación servicio, jhon enters 'Garantia' into ¿Qué tipo de servicio solicitas?, jhon clicks on ¿Qué tipo de servicio solicitas? Lista, jhon enters 'ESTUFA A GAS 4 PUESTOS E/E 120V NEGRA' into ¿Cuál es el producto?, jhon clicks on ¿Cuál es el producto? Lista, jhon enters 'AHUMA' into ¿Cuál es el motivo de la reparación?, jhon clicks on ¿Cuál es el motivo de la reparación? Lista, jhon enters 'QA AUTOMOTION' into observaciones, jhon clicks on Rango AM, jhon enters '1.012439358E9' into Rango PM, jhon clicks on Fecha, jhon clicks on Confirmar Fecha seleccionada, jhon clicks on Programar, jhon clicks on Finalizar Orden de servicio, jhon clicks on Heabeas Data, jhon clicks on Seleccionar el tipo de documento, Jhon seleccionar tipo documento, jhon enters '1.012439359E9' into Seleccionar el tipo de documento, jhon enters 'jhon.quinones@infotrack.com.co' into ¿Cuál es tu correo electrónico?, jhon enters 'QA 4' into ¿Cuales son tus apellidos?, jhon enters 'TEST 4' into ¿Cual es tu telefono fijo?, jhon enters '3.000000003E9' into Ingresa tu numero celular, jhon enters '3.000000003E9' into Seleccionar el tipo de documento, jhon clicks on Continuar, jhon enters 'Soacha' into Ciudad, jhon clicks on Lista de ciudades, jhon enters 'Cra. 72C #22A-74, Fontibón' into Direccion, jhon clicks on Buscar la dirección, jhon enters 'Bogota, Cundinamarca' into Datos adicionales, jhon clicks on Continuar ubicación servicio, jhon enters 'Mantenimiento' into ¿Qué tipo de servicio solicitas?, jhon clicks on ¿Qué tipo de servicio solicitas? Lista, jhon enters 'NEVERA 5.3 PIES ALMENDRA' into ¿Cuál es el producto?, jhon clicks on ¿Cuál es el producto? Lista, jhon enters 'NO CONGELA' into ¿Cuál es el motivo de la reparación?, jhon clicks on ¿Cuál es el motivo de la reparación? Lista, jhon enters 'QA AUTOMOTION' into observaciones, jhon clicks on Rango AM, jhon enters '1.012439359E9' into Rango PM, jhon clicks on Fecha, jhon clicks on Confirmar Fecha seleccionada, jhon clicks on Programar, jhon clicks on Finalizar Orden de servicio, jhon clicks on Heabeas Data, jhon clicks on Seleccionar el tipo de documento, Jhon seleccionar tipo documento, jhon enters '1.01243936E9' into Seleccionar el tipo de documento, jhon enters 'jhon.quinones@infotrack.com.co' into ¿Cuál es tu correo electrónico?, jhon enters 'QA 5' into ¿Cuales son tus apellidos?, jhon enters 'TEST 5' into ¿Cual es tu telefono fijo?, jhon enters '3.000000004E9' into Ingresa tu numero celular, jhon enters '3.000000004E9' into Seleccionar el tipo de documento, jhon clicks on Continuar, jhon enters 'Bogota' into Ciudad, jhon clicks on Lista de ciudades, jhon enters 'Av. C. 130' into Direccion, jhon clicks on Buscar la dirección, jhon enters 'Bosa' into Datos adicionales, jhon clicks on Continuar ubicación servicio, jhon enters 'Reparación' into ¿Qué tipo de servicio solicitas?, jhon clicks on ¿Qué tipo de servicio solicitas? Lista, jhon enters 'NEVERA CR360 GRIS C.DIGITAL' into ¿Cuál es el producto?, jhon clicks on ¿Cuál es el producto? Lista, jhon enters 'BOTA AGUA' into ¿Cuál es el motivo de la reparación?, jhon clicks on ¿Cuál es el motivo de la reparación? Lista, jhon enters 'QA AUTOMOTION' into observaciones, jhon clicks on Rango AM, jhon enters '1.01243936E9' into Rango PM, jhon clicks on Fecha, jhon clicks on Confirmar Fecha seleccionada, jhon clicks on Programar, jhon clicks on Finalizar Orden de servicio, jhon clicks on Heabeas Data, jhon clicks on Seleccionar el tipo de documento, Jhon seleccionar tipo documento, jhon enters '8.300675571E9' into Seleccionar el tipo de documento, jhon enters 'jhon.quinones@infotrack.com.co' into ¿Cuál es tu correo electrónico?, jhon enters 'Test Automotion14' into Ingresa tu nombre, jhon enters '3.000000005E9' into Ingresa tu numero celular, jhon enters '3.000000005E9' into Seleccionar el tipo de documento, jhon clicks on Continuar, jhon enters 'Soacha' into Ciudad, jhon clicks on Lista de ciudades, jhon enters 'Av. C. 131' into Direccion, jhon clicks on Buscar la dirección, jhon enters 'Armonia IV' into Datos adicionales, jhon clicks on Continuar ubicación servicio, jhon enters 'Garantia' into ¿Qué tipo de servicio solicitas?, jhon clicks on ¿Qué tipo de servicio solicitas? Lista, jhon enters 'CALENTADOR 7131/GLP PASO 13LTS.' into ¿Cuál es el producto?, jhon clicks on ¿Cuál es el producto? Lista, jhon enters 'NO CALIENTA' into ¿Cuál es el motivo de la reparación?, jhon clicks on ¿Cuál es el motivo de la reparación? Lista, jhon enters 'QA AUTOMOTION' into observaciones, jhon clicks on Rango AM, jhon enters '1.012439361E9' into Rango PM, jhon clicks on Fecha, jhon clicks on Confirmar Fecha seleccionada, jhon clicks on Programar]]
[Test worker] WARN net.thucydides.core.steps.BaseStepListener - stepStarted: net.thucydides.core.steps.ExecutedStepDescription@255b84a9
[Test worker] WARN net.thucydides.core.steps.BaseStepListener - stepFinished: current outcome:Proceso Autogestion - Agendamiento de servicios:Dado el usuario final cuando desee crear o agendar una orden de servicio [Jhon abrir pagina [jhon opens the Object abrir pagina]], Cuando Crea la orden de servicio [Jhon autogestion [jhon clicks on Heabeas Data, jhon clicks on Seleccionar el tipo de documento, Jhon seleccionar tipo documento, jhon enters '8.300675571E9' into Seleccionar el tipo de documento, jhon enters 'jhon.quinones@infotrack.com.co' into ¿Cuál es tu correo electrónico?, jhon enters 'Test Automotion9' into Ingresa tu nombre, jhon enters '3.0E9' into Ingresa tu numero celular, jhon enters '3.0E9' into Seleccionar el tipo de documento, jhon clicks on Continuar, jhon enters 'Bogota' into Ciudad, jhon clicks on Lista de ciudades, jhon enters 'Av. C. 127' into Direccion, jhon clicks on Buscar la dirección, jhon enters 'Norte' into Datos adicionales, jhon clicks on Continuar ubicación servicio, jhon enters 'Garantia' into ¿Qué tipo de servicio solicitas?, jhon clicks on ¿Qué tipo de servicio solicitas? Lista, jhon enters 'NEVERA 5.3 PIES ALMENDRA' into ¿Cuál es el producto?, jhon clicks on ¿Cuál es el producto? Lista, jhon enters 'BOTA AGUA' into ¿Cuál es el motivo de la reparación?, jhon clicks on ¿Cuál es el motivo de la reparación? Lista, jhon enters 'QA AUTOMOTION' into observaciones, jhon clicks on Rango AM, jhon enters '1.012439364E9' into Rango PM, jhon clicks on Fecha, jhon clicks on Confirmar Fecha seleccionada, jhon clicks on Programar, jhon clicks on Finalizar Orden de servicio, jhon clicks on Heabeas Data, jhon clicks on Seleccionar el tipo de documento, Jhon seleccionar tipo documento, jhon enters '1.012439357E9' into Seleccionar el tipo de documento, jhon enters 'jhon.quinones@infotrack.com.co' into ¿Cuál es tu correo electrónico?, jhon enters 'QA 2' into ¿Cuales son tus apellidos?, jhon enters 'TEST 2' into ¿Cual es tu telefono fijo?, jhon enters '3.000000001E9' into Ingresa tu numero celular, jhon enters '3.000000001E9' into Seleccionar el tipo de documento, jhon clicks on Continuar, jhon enters 'Soacha' into Ciudad, jhon clicks on Lista de ciudades, jhon enters 'Cl 15 # 19 a – 159' into Direccion, jhon clicks on Buscar la dirección, jhon enters 'Armonia IV' into Datos adicionales, jhon clicks on Continuar ubicación servicio, jhon enters 'Reparación' into ¿Qué tipo de servicio solicitas?, jhon clicks on ¿Qué tipo de servicio solicitas? Lista, jhon enters 'CALENTADOR DE PASO 10 LTS. GAS NATURAL' into ¿Cuál es el producto?, jhon clicks on ¿Cuál es el producto? Lista, jhon enters 'BOTA AGUA' into ¿Cuál es el motivo de la reparación?, jhon clicks on ¿Cuál es el motivo de la reparación? Lista, jhon enters 'QA AUTOMOTION' into observaciones, jhon clicks on Rango AM, jhon enters '1.012439357E9' into Rango PM, jhon clicks on Fecha, jhon clicks on Confirmar Fecha seleccionada, jhon clicks on Programar, jhon clicks on Finalizar Orden de servicio, jhon clicks on Heabeas Data, jhon clicks on Seleccionar el tipo de documento, Jhon seleccionar tipo documento, jhon enters '8.300675571E9' into Seleccionar el tipo de documento, jhon enters 'jhon.quinones@infotrack.com.co' into ¿Cuál es tu correo electrónico?, jhon enters 'Test Automotion11' into Ingresa tu nombre, jhon enters '3.000000002E9' into Ingresa tu numero celular, jhon enters '3.000000002E9' into Seleccionar el tipo de documento, jhon clicks on Continuar, jhon enters 'Bogota' into Ciudad, jhon clicks on Lista de ciudades, jhon enters 'Av. Carrera 86 # 55A - 75 Engativá' into Direccion, jhon clicks on Buscar la dirección, jhon enters 'Bogota' into Datos adicionales, jhon clicks on Continuar ubicación servicio, jhon enters 'Garantia' into ¿Qué tipo de servicio solicitas?, jhon clicks on ¿Qué tipo de servicio solicitas? Lista, jhon enters 'ESTUFA A GAS 4 PUESTOS E/E 120V NEGRA' into ¿Cuál es el producto?, jhon clicks on ¿Cuál es el producto? Lista, jhon enters 'AHUMA' into ¿Cuál es el motivo de la reparación?, jhon clicks on ¿Cuál es el motivo de la reparación? Lista, jhon enters 'QA AUTOMOTION' into observaciones, jhon clicks on Rango AM, jhon enters '1.012439358E9' into Rango PM, jhon clicks on Fecha, jhon clicks on Confirmar Fecha seleccionada, jhon clicks on Programar, jhon clicks on Finalizar Orden de servicio, jhon clicks on Heabeas Data, jhon clicks on Seleccionar el tipo de documento, Jhon seleccionar tipo documento, jhon enters '1.012439359E9' into Seleccionar el tipo de documento, jhon enters 'jhon.quinones@infotrack.com.co' into ¿Cuál es tu correo electrónico?, jhon enters 'QA 4' into ¿Cuales son tus apellidos?, jhon enters 'TEST 4' into ¿Cual es tu telefono fijo?, jhon enters '3.000000003E9' into Ingresa tu numero celular, jhon enters '3.000000003E9' into Seleccionar el tipo de documento, jhon clicks on Continuar, jhon enters 'Soacha' into Ciudad, jhon clicks on Lista de ciudades, jhon enters 'Cra. 72C #22A-74, Fontibón' into Direccion, jhon clicks on Buscar la dirección, jhon enters 'Bogota, Cundinamarca' into Datos adicionales, jhon clicks on Continuar ubicación servicio, jhon enters 'Mantenimiento' into ¿Qué tipo de servicio solicitas?, jhon clicks on ¿Qué tipo de servicio solicitas? Lista, jhon enters 'NEVERA 5.3 PIES ALMENDRA' into ¿Cuál es el producto?, jhon clicks on ¿Cuál es el producto? Lista, jhon enters 'NO CONGELA' into ¿Cuál es el motivo de la reparación?, jhon clicks on ¿Cuál es el motivo de la reparación? Lista, jhon enters 'QA AUTOMOTION' into observaciones, jhon clicks on Rango AM, jhon enters '1.012439359E9' into Rango PM, jhon clicks on Fecha, jhon clicks on Confirmar Fecha seleccionada, jhon clicks on Programar, jhon clicks on Finalizar Orden de servicio, jhon clicks on Heabeas Data, jhon clicks on Seleccionar el tipo de documento, Jhon seleccionar tipo documento, jhon enters '1.01243936E9' into Seleccionar el tipo de documento, jhon enters 'jhon.quinones@infotrack.com.co' into ¿Cuál es tu correo electrónico?, jhon enters 'QA 5' into ¿Cuales son tus apellidos?, jhon enters 'TEST 5' into ¿Cual es tu telefono fijo?, jhon enters '3.000000004E9' into Ingresa tu numero celular, jhon enters '3.000000004E9' into Seleccionar el tipo de documento, jhon clicks on Continuar, jhon enters 'Bogota' into Ciudad, jhon clicks on Lista de ciudades, jhon enters 'Av. C. 130' into Direccion, jhon clicks on Buscar la dirección, jhon enters 'Bosa' into Datos adicionales, jhon clicks on Continuar ubicación servicio, jhon enters 'Reparación' into ¿Qué tipo de servicio solicitas?, jhon clicks on ¿Qué tipo de servicio solicitas? Lista, jhon enters 'NEVERA CR360 GRIS C.DIGITAL' into ¿Cuál es el producto?, jhon clicks on ¿Cuál es el producto? Lista, jhon enters 'BOTA AGUA' into ¿Cuál es el motivo de la reparación?, jhon clicks on ¿Cuál es el motivo de la reparación? Lista, jhon enters 'QA AUTOMOTION' into observaciones, jhon clicks on Rango AM, jhon enters '1.01243936E9' into Rango PM, jhon clicks on Fecha, jhon clicks on Confirmar Fecha seleccionada, jhon clicks on Programar, jhon clicks on Finalizar Orden de servicio, jhon clicks on Heabeas Data, jhon clicks on Seleccionar el tipo de documento, Jhon seleccionar tipo documento, jhon enters '8.300675571E9' into Seleccionar el tipo de documento, jhon enters 'jhon.quinones@infotrack.com.co' into ¿Cuál es tu correo electrónico?, jhon enters 'Test Automotion14' into Ingresa tu nombre, jhon enters '3.000000005E9' into Ingresa tu numero celular, jhon enters '3.000000005E9' into Seleccionar el tipo de documento, jhon clicks on Continuar, jhon enters 'Soacha' into Ciudad, jhon clicks on Lista de ciudades, jhon enters 'Av. C. 131' into Direccion, jhon clicks on Buscar la dirección, jhon enters 'Armonia IV' into Datos adicionales, jhon clicks on Continuar ubicación servicio, jhon enters 'Garantia' into ¿Qué tipo de servicio solicitas?, jhon clicks on ¿Qué tipo de servicio solicitas? Lista, jhon enters 'CALENTADOR 7131/GLP PASO 13LTS.' into ¿Cuál es el producto?, jhon clicks on ¿Cuál es el producto? Lista, jhon enters 'NO CALIENTA' into ¿Cuál es el motivo de la reparación?, jhon clicks on ¿Cuál es el motivo de la reparación? Lista, jhon enters 'QA AUTOMOTION' into observaciones, jhon clicks on Rango AM, jhon enters '1.012439361E9' into Rango PM, jhon clicks on Fecha, jhon clicks on Confirmar Fecha seleccionada, jhon clicks on Programar, jhon clicks on Finalizar Orden de servicio]]
Starting ChromeDriver 114.0.5735.90 (386bc09e8f4f2e025eddae123f36f6263096ae49-refs/branch-heads/5735@{#1052}) on port 18176
Only local connections are allowed.
Please see https://chromedriver.chromium.org/security-considerations for suggestions on keeping ChromeDriver safe.
ChromeDriver was started successfully.
[1691621553.154][WARNING]: This version of ChromeDriver has not been tested with Chrome version 115.
ago 09, 2023 5:52:33 PM org.openqa.selenium.remote.ProtocolHandshake createSession
INFORMACIÓN: Detected dialect: W3C
[Test worker] WARN net.thucydides.core.steps.BaseStepListener - stepFinished: current outcome:Proceso Autogestion - Agendamiento de servicios:Dado el usuario final cuando desee crear o agendar una orden de servicio [Jhon abrir pagina [jhon opens the Object abrir pagina]], Cuando Crea la orden de servicio [Jhon autogestion [jhon clicks on Heabeas Data, jhon clicks on Seleccionar el tipo de documento, Jhon seleccionar tipo documento, jhon enters '8.300675571E9' into Seleccionar el tipo de documento, jhon enters 'jhon.quinones@infotrack.com.co' into ¿Cuál es tu correo electrónico?, jhon enters 'Test Automotion9' into Ingresa tu nombre, jhon enters '3.0E9' into Ingresa tu numero celular, jhon enters '3.0E9' into Seleccionar el tipo de documento, jhon clicks on Continuar, jhon enters 'Bogota' into Ciudad, jhon clicks on Lista de ciudades, jhon enters 'Av. C. 127' into Direccion, jhon clicks on Buscar la dirección, jhon enters 'Norte' into Datos adicionales, jhon clicks on Continuar ubicación servicio, jhon enters 'Garantia' into ¿Qué tipo de servicio solicitas?, jhon clicks on ¿Qué tipo de servicio solicitas? Lista, jhon enters 'NEVERA 5.3 PIES ALMENDRA' into ¿Cuál es el producto?, jhon clicks on ¿Cuál es el producto? Lista, jhon enters 'BOTA AGUA' into ¿Cuál es el motivo de la reparación?, jhon clicks on ¿Cuál es el motivo de la reparación? Lista, jhon enters 'QA AUTOMOTION' into observaciones, jhon clicks on Rango AM, jhon enters '1.012439364E9' into Rango PM, jhon clicks on Fecha, jhon clicks on Confirmar Fecha seleccionada, jhon clicks on Programar, jhon clicks on Finalizar Orden de servicio, jhon clicks on Heabeas Data, jhon clicks on Seleccionar el tipo de documento, Jhon seleccionar tipo documento, jhon enters '1.012439357E9' into Seleccionar el tipo de documento, jhon enters 'jhon.quinones@infotrack.com.co' into ¿Cuál es tu correo electrónico?, jhon enters 'QA 2' into ¿Cuales son tus apellidos?, jhon enters 'TEST 2' into ¿Cual es tu telefono fijo?, jhon enters '3.000000001E9' into Ingresa tu numero celular, jhon enters '3.000000001E9' into Seleccionar el tipo de documento, jhon clicks on Continuar, jhon enters 'Soacha' into Ciudad, jhon clicks on Lista de ciudades, jhon enters 'Cl 15 # 19 a – 159' into Direccion, jhon clicks on Buscar la dirección, jhon enters 'Armonia IV' into Datos adicionales, jhon clicks on Continuar ubicación servicio, jhon enters 'Reparación' into ¿Qué tipo de servicio solicitas?, jhon clicks on ¿Qué tipo de servicio solicitas? Lista, jhon enters 'CALENTADOR DE PASO 10 LTS. GAS NATURAL' into ¿Cuál es el producto?, jhon clicks on ¿Cuál es el producto? Lista, jhon enters 'BOTA AGUA' into ¿Cuál es el motivo de la reparación?, jhon clicks on ¿Cuál es el motivo de la reparación? Lista, jhon enters 'QA AUTOMOTION' into observaciones, jhon clicks on Rango AM, jhon enters '1.012439357E9' into Rango PM, jhon clicks on Fecha, jhon clicks on Confirmar Fecha seleccionada, jhon clicks on Programar, jhon clicks on Finalizar Orden de servicio, jhon clicks on Heabeas Data, jhon clicks on Seleccionar el tipo de documento, Jhon seleccionar tipo documento, jhon enters '8.300675571E9' into Seleccionar el tipo de documento, jhon enters 'jhon.quinones@infotrack.com.co' into ¿Cuál es tu correo electrónico?, jhon enters 'Test Automotion11' into Ingresa tu nombre, jhon enters '3.000000002E9' into Ingresa tu numero celular, jhon enters '3.000000002E9' into Seleccionar el tipo de documento, jhon clicks on Continuar, jhon enters 'Bogota' into Ciudad, jhon clicks on Lista de ciudades, jhon enters 'Av. Carrera 86 # 55A - 75 Engativá' into Direccion, jhon clicks on Buscar la dirección, jhon enters 'Bogota' into Datos adicionales, jhon clicks on Continuar ubicación servicio, jhon enters 'Garantia' into ¿Qué tipo de servicio solicitas?, jhon clicks on ¿Qué tipo de servicio solicitas? Lista, jhon enters 'ESTUFA A GAS 4 PUESTOS E/E 120V NEGRA' into ¿Cuál es el producto?, jhon clicks on ¿Cuál es el producto? Lista, jhon enters 'AHUMA' into ¿Cuál es el motivo de la reparación?, jhon clicks on ¿Cuál es el motivo de la reparación? Lista, jhon enters 'QA AUTOMOTION' into observaciones, jhon clicks on Rango AM, jhon enters '1.012439358E9' into Rango PM, jhon clicks on Fecha, jhon clicks on Confirmar Fecha seleccionada, jhon clicks on Programar, jhon clicks on Finalizar Orden de servicio, jhon clicks on Heabeas Data, jhon clicks on Seleccionar el tipo de documento, Jhon seleccionar tipo documento, jhon enters '1.012439359E9' into Seleccionar el tipo de documento, jhon enters 'jhon.quinones@infotrack.com.co' into ¿Cuál es tu correo electrónico?, jhon enters 'QA 4' into ¿Cuales son tus apellidos?, jhon enters 'TEST 4' into ¿Cual es tu telefono fijo?, jhon enters '3.000000003E9' into Ingresa tu numero celular, jhon enters '3.000000003E9' into Seleccionar el tipo de documento, jhon clicks on Continuar, jhon enters 'Soacha' into Ciudad, jhon clicks on Lista de ciudades, jhon enters 'Cra. 72C #22A-74, Fontibón' into Direccion, jhon clicks on Buscar la dirección, jhon enters 'Bogota, Cundinamarca' into Datos adicionales, jhon clicks on Continuar ubicación servicio, jhon enters 'Mantenimiento' into ¿Qué tipo de servicio solicitas?, jhon clicks on ¿Qué tipo de servicio solicitas? Lista, jhon enters 'NEVERA 5.3 PIES ALMENDRA' into ¿Cuál es el producto?, jhon clicks on ¿Cuál es el producto? Lista, jhon enters 'NO CONGELA' into ¿Cuál es el motivo de la reparación?, jhon clicks on ¿Cuál es el motivo de la reparación? Lista, jhon enters 'QA AUTOMOTION' into observaciones, jhon clicks on Rango AM, jhon enters '1.012439359E9' into Rango PM, jhon clicks on Fecha, jhon clicks on Confirmar Fecha seleccionada, jhon clicks on Programar, jhon clicks on Finalizar Orden de servicio, jhon clicks on Heabeas Data, jhon clicks on Seleccionar el tipo de documento, Jhon seleccionar tipo documento, jhon enters '1.01243936E9' into Seleccionar el tipo de documento, jhon enters 'jhon.quinones@infotrack.com.co' into ¿Cuál es tu correo electrónico?, jhon enters 'QA 5' into ¿Cuales son tus apellidos?, jhon enters 'TEST 5' into ¿Cual es tu telefono fijo?, jhon enters '3.000000004E9' into Ingresa tu numero celular, jhon enters '3.000000004E9' into Seleccionar el tipo de documento, jhon clicks on Continuar, jhon enters 'Bogota' into Ciudad, jhon clicks on Lista de ciudades, jhon enters 'Av. C. 130' into Direccion, jhon clicks on Buscar la dirección, jhon enters 'Bosa' into Datos adicionales, jhon clicks on Continuar ubicación servicio, jhon enters 'Reparación' into ¿Qué tipo de servicio solicitas?, jhon clicks on ¿Qué tipo de servicio solicitas? Lista, jhon enters 'NEVERA CR360 GRIS C.DIGITAL' into ¿Cuál es el producto?, jhon clicks on ¿Cuál es el producto? Lista, jhon enters 'BOTA AGUA' into ¿Cuál es el motivo de la reparación?, jhon clicks on ¿Cuál es el motivo de la reparación? Lista, jhon enters 'QA AUTOMOTION' into observaciones, jhon clicks on Rango AM, jhon enters '1.01243936E9' into Rango PM, jhon clicks on Fecha, jhon clicks on Confirmar Fecha seleccionada, jhon clicks on Programar, jhon clicks on Finalizar Orden de servicio, jhon clicks on Heabeas Data, jhon clicks on Seleccionar el tipo de documento, Jhon seleccionar tipo documento, jhon enters '8.300675571E9' into Seleccionar el tipo de documento, jhon enters 'jhon.quinones@infotrack.com.co' into ¿Cuál es tu correo electrónico?, jhon enters 'Test Automotion14' into Ingresa tu nombre, jhon enters '3.000000005E9' into Ingresa tu numero celular, jhon enters '3.000000005E9' into Seleccionar el tipo de documento, jhon clicks on Continuar, jhon enters 'Soacha' into Ciudad, jhon clicks on Lista de ciudades, jhon enters 'Av. C. 131' into Direccion, jhon clicks on Buscar la dirección, jhon enters 'Armonia IV' into Datos adicionales, jhon clicks on Continuar ubicación servicio, jhon enters 'Garantia' into ¿Qué tipo de servicio solicitas?, jhon clicks on ¿Qué tipo de servicio solicitas? Lista, jhon enters 'CALENTADOR 7131/GLP PASO 13LTS.' into ¿Cuál es el producto?, jhon clicks on ¿Cuál es el producto? Lista, jhon enters 'NO CALIENTA' into ¿Cuál es el motivo de la reparación?, jhon clicks on ¿Cuál es el motivo de la reparación? Lista, jhon enters 'QA AUTOMOTION' into observaciones, jhon clicks on Rango AM, jhon enters '1.012439361E9' into Rango PM, jhon clicks on Fecha, jhon clicks on Confirmar Fecha seleccionada, jhon clicks on Programar, jhon clicks on Finalizar Orden de servicio]]
[Test worker] WARN net.thucydides.core.steps.BaseStepListener - stepFinished: current outcome:Proceso Autogestion - Agendamiento de servicios:Dado el usuario final cuando desee crear o agendar una orden de servicio [Jhon abrir pagina [jhon opens the Object abrir pagina]], Cuando Crea la orden de servicio [Jhon autogestion [jhon clicks on Heabeas Data, jhon clicks on Seleccionar el tipo de documento, Jhon seleccionar tipo documento, jhon enters '8.300675571E9' into Seleccionar el tipo de documento, jhon enters 'jhon.quinones@infotrack.com.co' into ¿Cuál es tu correo electrónico?, jhon enters 'Test Automotion9' into Ingresa tu nombre, jhon enters '3.0E9' into Ingresa tu numero celular, jhon enters '3.0E9' into Seleccionar el tipo de documento, jhon clicks on Continuar, jhon enters 'Bogota' into Ciudad, jhon clicks on Lista de ciudades, jhon enters 'Av. C. 127' into Direccion, jhon clicks on Buscar la dirección, jhon enters 'Norte' into Datos adicionales, jhon clicks on Continuar ubicación servicio, jhon enters 'Garantia' into ¿Qué tipo de servicio solicitas?, jhon clicks on ¿Qué tipo de servicio solicitas? Lista, jhon enters 'NEVERA 5.3 PIES ALMENDRA' into ¿Cuál es el producto?, jhon clicks on ¿Cuál es el producto? Lista, jhon enters 'BOTA AGUA' into ¿Cuál es el motivo de la reparación?, jhon clicks on ¿Cuál es el motivo de la reparación? Lista, jhon enters 'QA AUTOMOTION' into observaciones, jhon clicks on Rango AM, jhon enters '1.012439364E9' into Rango PM, jhon clicks on Fecha, jhon clicks on Confirmar Fecha seleccionada, jhon clicks on Programar, jhon clicks on Finalizar Orden de servicio, jhon clicks on Heabeas Data, jhon clicks on Seleccionar el tipo de documento, Jhon seleccionar tipo documento, jhon enters '1.012439357E9' into Seleccionar el tipo de documento, jhon enters 'jhon.quinones@infotrack.com.co' into ¿Cuál es tu correo electrónico?, jhon enters 'QA 2' into ¿Cuales son tus apellidos?, jhon enters 'TEST 2' into ¿Cual es tu telefono fijo?, jhon enters '3.000000001E9' into Ingresa tu numero celular, jhon enters '3.000000001E9' into Seleccionar el tipo de documento, jhon clicks on Continuar, jhon enters 'Soacha' into Ciudad, jhon clicks on Lista de ciudades, jhon enters 'Cl 15 # 19 a – 159' into Direccion, jhon clicks on Buscar la dirección, jhon enters 'Armonia IV' into Datos adicionales, jhon clicks on Continuar ubicación servicio, jhon enters 'Reparación' into ¿Qué tipo de servicio solicitas?, jhon clicks on ¿Qué tipo de servicio solicitas? Lista, jhon enters 'CALENTADOR DE PASO 10 LTS. GAS NATURAL' into ¿Cuál es el producto?, jhon clicks on ¿Cuál es el producto? Lista, jhon enters 'BOTA AGUA' into ¿Cuál es el motivo de la reparación?, jhon clicks on ¿Cuál es el motivo de la reparación? Lista, jhon enters 'QA AUTOMOTION' into observaciones, jhon clicks on Rango AM, jhon enters '1.012439357E9' into Rango PM, jhon clicks on Fecha, jhon clicks on Confirmar Fecha seleccionada, jhon clicks on Programar, jhon clicks on Finalizar Orden de servicio, jhon clicks on Heabeas Data, jhon clicks on Seleccionar el tipo de documento, Jhon seleccionar tipo documento, jhon enters '8.300675571E9' into Seleccionar el tipo de documento, jhon enters 'jhon.quinones@infotrack.com.co' into ¿Cuál es tu correo electrónico?, jhon enters 'Test Automotion11' into Ingresa tu nombre, jhon enters '3.000000002E9' into Ingresa tu numero celular, jhon enters '3.000000002E9' into Seleccionar el tipo de documento, jhon clicks on Continuar, jhon enters 'Bogota' into Ciudad, jhon clicks on Lista de ciudades, jhon enters 'Av. Carrera 86 # 55A - 75 Engativá' into Direccion, jhon clicks on Buscar la dirección, jhon enters 'Bogota' into Datos adicionales, jhon clicks on Continuar ubicación servicio, jhon enters 'Garantia' into ¿Qué tipo de servicio solicitas?, jhon clicks on ¿Qué tipo de servicio solicitas? Lista, jhon enters 'ESTUFA A GAS 4 PUESTOS E/E 120V NEGRA' into ¿Cuál es el producto?, jhon clicks on ¿Cuál es el producto? Lista, jhon enters 'AHUMA' into ¿Cuál es el motivo de la reparación?, jhon clicks on ¿Cuál es el motivo de la reparación? Lista, jhon enters 'QA AUTOMOTION' into observaciones, jhon clicks on Rango AM, jhon enters '1.012439358E9' into Rango PM, jhon clicks on Fecha, jhon clicks on Confirmar Fecha seleccionada, jhon clicks on Programar, jhon clicks on Finalizar Orden de servicio, jhon clicks on Heabeas Data, jhon clicks on Seleccionar el tipo de documento, Jhon seleccionar tipo documento, jhon enters '1.012439359E9' into Seleccionar el tipo de documento, jhon enters 'jhon.quinones@infotrack.com.co' into ¿Cuál es tu correo electrónico?, jhon enters 'QA 4' into ¿Cuales son tus apellidos?, jhon enters 'TEST 4' into ¿Cual es tu telefono fijo?, jhon enters '3.000000003E9' into Ingresa tu numero celular, jhon enters '3.000000003E9' into Seleccionar el tipo de documento, jhon clicks on Continuar, jhon enters 'Soacha' into Ciudad, jhon clicks on Lista de ciudades, jhon enters 'Cra. 72C #22A-74, Fontibón' into Direccion, jhon clicks on Buscar la dirección, jhon enters 'Bogota, Cundinamarca' into Datos adicionales, jhon clicks on Continuar ubicación servicio, jhon enters 'Mantenimiento' into ¿Qué tipo de servicio solicitas?, jhon clicks on ¿Qué tipo de servicio solicitas? Lista, jhon enters 'NEVERA 5.3 PIES ALMENDRA' into ¿Cuál es el producto?, jhon clicks on ¿Cuál es el producto? Lista, jhon enters 'NO CONGELA' into ¿Cuál es el motivo de la reparación?, jhon clicks on ¿Cuál es el motivo de la reparación? Lista, jhon enters 'QA AUTOMOTION' into observaciones, jhon clicks on Rango AM, jhon enters '1.012439359E9' into Rango PM, jhon clicks on Fecha, jhon clicks on Confirmar Fecha seleccionada, jhon clicks on Programar, jhon clicks on Finalizar Orden de servicio, jhon clicks on Heabeas Data, jhon clicks on Seleccionar el tipo de documento, Jhon seleccionar tipo documento, jhon enters '1.01243936E9' into Seleccionar el tipo de documento, jhon enters 'jhon.quinones@infotrack.com.co' into ¿Cuál es tu correo electrónico?, jhon enters 'QA 5' into ¿Cuales son tus apellidos?, jhon enters 'TEST 5' into ¿Cual es tu telefono fijo?, jhon enters '3.000000004E9' into Ingresa tu numero celular, jhon enters '3.000000004E9' into Seleccionar el tipo de documento, jhon clicks on Continuar, jhon enters 'Bogota' into Ciudad, jhon clicks on Lista de ciudades, jhon enters 'Av. C. 130' into Direccion, jhon clicks on Buscar la dirección, jhon enters 'Bosa' into Datos adicionales, jhon clicks on Continuar ubicación servicio, jhon enters 'Reparación' into ¿Qué tipo de servicio solicitas?, jhon clicks on ¿Qué tipo de servicio solicitas? Lista, jhon enters 'NEVERA CR360 GRIS C.DIGITAL' into ¿Cuál es el producto?, jhon clicks on ¿Cuál es el producto? Lista, jhon enters 'BOTA AGUA' into ¿Cuál es el motivo de la reparación?, jhon clicks on ¿Cuál es el motivo de la reparación? Lista, jhon enters 'QA AUTOMOTION' into observaciones, jhon clicks on Rango AM, jhon enters '1.01243936E9' into Rango PM, jhon clicks on Fecha, jhon clicks on Confirmar Fecha seleccionada, jhon clicks on Programar, jhon clicks on Finalizar Orden de servicio, jhon clicks on Heabeas Data, jhon clicks on Seleccionar el tipo de documento, Jhon seleccionar tipo documento, jhon enters '8.300675571E9' into Seleccionar el tipo de documento, jhon enters 'jhon.quinones@infotrack.com.co' into ¿Cuál es tu correo electrónico?, jhon enters 'Test Automotion14' into Ingresa tu nombre, jhon enters '3.000000005E9' into Ingresa tu numero celular, jhon enters '3.000000005E9' into Seleccionar el tipo de documento, jhon clicks on Continuar, jhon enters 'Soacha' into Ciudad, jhon clicks on Lista de ciudades, jhon enters 'Av. C. 131' into Direccion, jhon clicks on Buscar la dirección, jhon enters 'Armonia IV' into Datos adicionales, jhon clicks on Continuar ubicación servicio, jhon enters 'Garantia' into ¿Qué tipo de servicio solicitas?, jhon clicks on ¿Qué tipo de servicio solicitas? Lista, jhon enters 'CALENTADOR 7131/GLP PASO 13LTS.' into ¿Cuál es el producto?, jhon clicks on ¿Cuál es el producto? Lista, jhon enters 'NO CALIENTA' into ¿Cuál es el motivo de la reparación?, jhon clicks on ¿Cuál es el motivo de la reparación? Lista, jhon enters 'QA AUTOMOTION' into observaciones, jhon clicks on Rango AM, jhon enters '1.012439361E9' into Rango PM, jhon clicks on Fecha, jhon clicks on Confirmar Fecha seleccionada, jhon clicks on Programar, jhon clicks on Finalizar Orden de servicio]]
[Test worker] WARN net.thucydides.core.steps.BaseStepListener - stepStarted: net.thucydides.core.steps.ExecutedStepDescription@362e6fe
[Test worker] WARN net.thucydides.core.steps.BaseStepListener - stepFinished: current outcome:Proceso Autogestion - Agendamiento de servicios:Dado el usuario final cuando desee crear o agendar una orden de servicio [Jhon abrir pagina [jhon opens the Object abrir pagina]], Cuando Crea la orden de servicio [Jhon autogestion [jhon clicks on Heabeas Data, jhon clicks on Seleccionar el tipo de documento, Jhon seleccionar tipo documento, jhon enters '8.300675571E9' into Seleccionar el tipo de documento, jhon enters 'jhon.quinones@infotrack.com.co' into ¿Cuál es tu correo electrónico?, jhon enters 'Test Automotion9' into Ingresa tu nombre, jhon enters '3.0E9' into Ingresa tu numero celular, jhon enters '3.0E9' into Seleccionar el tipo de documento, jhon clicks on Continuar, jhon enters 'Bogota' into Ciudad, jhon clicks on Lista de ciudades, jhon enters 'Av. C. 127' into Direccion, jhon clicks on Buscar la dirección, jhon enters 'Norte' into Datos adicionales, jhon clicks on Continuar ubicación servicio, jhon enters 'Garantia' into ¿Qué tipo de servicio solicitas?, jhon clicks on ¿Qué tipo de servicio solicitas? Lista, jhon enters 'NEVERA 5.3 PIES ALMENDRA' into ¿Cuál es el producto?, jhon clicks on ¿Cuál es el producto? Lista, jhon enters 'BOTA AGUA' into ¿Cuál es el motivo de la reparación?, jhon clicks on ¿Cuál es el motivo de la reparación? Lista, jhon enters 'QA AUTOMOTION' into observaciones, jhon clicks on Rango AM, jhon enters '1.012439364E9' into Rango PM, jhon clicks on Fecha, jhon clicks on Confirmar Fecha seleccionada, jhon clicks on Programar, jhon clicks on Finalizar Orden de servicio, jhon clicks on Heabeas Data, jhon clicks on Seleccionar el tipo de documento, Jhon seleccionar tipo documento, jhon enters '1.012439357E9' into Seleccionar el tipo de documento, jhon enters 'jhon.quinones@infotrack.com.co' into ¿Cuál es tu correo electrónico?, jhon enters 'QA 2' into ¿Cuales son tus apellidos?, jhon enters 'TEST 2' into ¿Cual es tu telefono fijo?, jhon enters '3.000000001E9' into Ingresa tu numero celular, jhon enters '3.000000001E9' into Seleccionar el tipo de documento, jhon clicks on Continuar, jhon enters 'Soacha' into Ciudad, jhon clicks on Lista de ciudades, jhon enters 'Cl 15 # 19 a – 159' into Direccion, jhon clicks on Buscar la dirección, jhon enters 'Armonia IV' into Datos adicionales, jhon clicks on Continuar ubicación servicio, jhon enters 'Reparación' into ¿Qué tipo de servicio solicitas?, jhon clicks on ¿Qué tipo de servicio solicitas? Lista, jhon enters 'CALENTADOR DE PASO 10 LTS. GAS NATURAL' into ¿Cuál es el producto?, jhon clicks on ¿Cuál es el producto? Lista, jhon enters 'BOTA AGUA' into ¿Cuál es el motivo de la reparación?, jhon clicks on ¿Cuál es el motivo de la reparación? Lista, jhon enters 'QA AUTOMOTION' into observaciones, jhon clicks on Rango AM, jhon enters '1.012439357E9' into Rango PM, jhon clicks on Fecha, jhon clicks on Confirmar Fecha seleccionada, jhon clicks on Programar, jhon clicks on Finalizar Orden de servicio, jhon clicks on Heabeas Data, jhon clicks on Seleccionar el tipo de documento, Jhon seleccionar tipo documento, jhon enters '8.300675571E9' into Seleccionar el tipo de documento, jhon enters 'jhon.quinones@infotrack.com.co' into ¿Cuál es tu correo electrónico?, jhon enters 'Test Automotion11' into Ingresa tu nombre, jhon enters '3.000000002E9' into Ingresa tu numero celular, jhon enters '3.000000002E9' into Seleccionar el tipo de documento, jhon clicks on Continuar, jhon enters 'Bogota' into Ciudad, jhon clicks on Lista de ciudades, jhon enters 'Av. Carrera 86 # 55A - 75 Engativá' into Direccion, jhon clicks on Buscar la dirección, jhon enters 'Bogota' into Datos adicionales, jhon clicks on Continuar ubicación servicio, jhon enters 'Garantia' into ¿Qué tipo de servicio solicitas?, jhon clicks on ¿Qué tipo de servicio solicitas? Lista, jhon enters 'ESTUFA A GAS 4 PUESTOS E/E 120V NEGRA' into ¿Cuál es el producto?, jhon clicks on ¿Cuál es el producto? Lista, jhon enters 'AHUMA' into ¿Cuál es el motivo de la reparación?, jhon clicks on ¿Cuál es el motivo de la reparación? Lista, jhon enters 'QA AUTOMOTION' into observaciones, jhon clicks on Rango AM, jhon enters '1.012439358E9' into Rango PM, jhon clicks on Fecha, jhon clicks on Confirmar Fecha seleccionada, jhon clicks on Programar, jhon clicks on Finalizar Orden de servicio, jhon clicks on Heabeas Data, jhon clicks on Seleccionar el tipo de documento, Jhon seleccionar tipo documento, jhon enters '1.012439359E9' into Seleccionar el tipo de documento, jhon enters 'jhon.quinones@infotrack.com.co' into ¿Cuál es tu correo electrónico?, jhon enters 'QA 4' into ¿Cuales son tus apellidos?, jhon enters 'TEST 4' into ¿Cual es tu telefono fijo?, jhon enters '3.000000003E9' into Ingresa tu numero celular, jhon enters '3.000000003E9' into Seleccionar el tipo de documento, jhon clicks on Continuar, jhon enters 'Soacha' into Ciudad, jhon clicks on Lista de ciudades, jhon enters 'Cra. 72C #22A-74, Fontibón' into Direccion, jhon clicks on Buscar la dirección, jhon enters 'Bogota, Cundinamarca' into Datos adicionales, jhon clicks on Continuar ubicación servicio, jhon enters 'Mantenimiento' into ¿Qué tipo de servicio solicitas?, jhon clicks on ¿Qué tipo de servicio solicitas? Lista, jhon enters 'NEVERA 5.3 PIES ALMENDRA' into ¿Cuál es el producto?, jhon clicks on ¿Cuál es el producto? Lista, jhon enters 'NO CONGELA' into ¿Cuál es el motivo de la reparación?, jhon clicks on ¿Cuál es el motivo de la reparación? Lista, jhon enters 'QA AUTOMOTION' into observaciones, jhon clicks on Rango AM, jhon enters '1.012439359E9' into Rango PM, jhon clicks on Fecha, jhon clicks on Confirmar Fecha seleccionada, jhon clicks on Programar, jhon clicks on Finalizar Orden de servicio, jhon clicks on Heabeas Data, jhon clicks on Seleccionar el tipo de documento, Jhon seleccionar tipo documento, jhon enters '1.01243936E9' into Seleccionar el tipo de documento, jhon enters 'jhon.quinones@infotrack.com.co' into ¿Cuál es tu correo electrónico?, jhon enters 'QA 5' into ¿Cuales son tus apellidos?, jhon enters 'TEST 5' into ¿Cual es tu telefono fijo?, jhon enters '3.000000004E9' into Ingresa tu numero celular, jhon enters '3.000000004E9' into Seleccionar el tipo de documento, jhon clicks on Continuar, jhon enters 'Bogota' into Ciudad, jhon clicks on Lista de ciudades, jhon enters 'Av. C. 130' into Direccion, jhon clicks on Buscar la dirección, jhon enters 'Bosa' into Datos adicionales, jhon clicks on Continuar ubicación servicio, jhon enters 'Reparación' into ¿Qué tipo de servicio solicitas?, jhon clicks on ¿Qué tipo de servicio solicitas? Lista, jhon enters 'NEVERA CR360 GRIS C.DIGITAL' into ¿Cuál es el producto?, jhon clicks on ¿Cuál es el producto? Lista, jhon enters 'BOTA AGUA' into ¿Cuál es el motivo de la reparación?, jhon clicks on ¿Cuál es el motivo de la reparación? Lista, jhon enters 'QA AUTOMOTION' into observaciones, jhon clicks on Rango AM, jhon enters '1.01243936E9' into Rango PM, jhon clicks on Fecha, jhon clicks on Confirmar Fecha seleccionada, jhon clicks on Programar, jhon clicks on Finalizar Orden de servicio, jhon clicks on Heabeas Data, jhon clicks on Seleccionar el tipo de documento, Jhon seleccionar tipo documento, jhon enters '8.300675571E9' into Seleccionar el tipo de documento, jhon enters 'jhon.quinones@infotrack.com.co' into ¿Cuál es tu correo electrónico?, jhon enters 'Test Automotion14' into Ingresa tu nombre, jhon enters '3.000000005E9' into Ingresa tu numero celular, jhon enters '3.000000005E9' into Seleccionar el tipo de documento, jhon clicks on Continuar, jhon enters 'Soacha' into Ciudad, jhon clicks on Lista de ciudades, jhon enters 'Av. C. 131' into Direccion, jhon clicks on Buscar la dirección, jhon enters 'Armonia IV' into Datos adicionales, jhon clicks on Continuar ubicación servicio, jhon enters 'Garantia' into ¿Qué tipo de servicio solicitas?, jhon clicks on ¿Qué tipo de servicio solicitas? Lista, jhon enters 'CALENTADOR 7131/GLP PASO 13LTS.' into ¿Cuál es el producto?, jhon clicks on ¿Cuál es el producto? Lista, jhon enters 'NO CALIENTA' into ¿Cuál es el motivo de la reparación?, jhon clicks on ¿Cuál es el motivo de la reparación? Lista, jhon enters 'QA AUTOMOTION' into observaciones, jhon clicks on Rango AM, jhon enters '1.012439361E9' into Rango PM, jhon clicks on Fecha, jhon clicks on Confirmar Fecha seleccionada, jhon clicks on Programar, jhon clicks on Finalizar Orden de servicio]], Entonces verifica que se creo correctamente la orden de servicio
[Test worker] WARN net.thucydides.core.steps.BaseStepListener - testFinished: Proceso Autogestion - Agendamiento de servicios:Dado el usuario final cuando desee crear o agendar una orden de servicio [Jhon abrir pagina [jhon opens the Object abrir pagina]], Cuando Crea la orden de servicio [Jhon autogestion [jhon clicks on Heabeas Data, jhon clicks on Seleccionar el tipo de documento, Jhon seleccionar tipo documento, jhon enters '8.300675571E9' into Seleccionar el tipo de documento, jhon enters 'jhon.quinones@infotrack.com.co' into ¿Cuál es tu correo electrónico?, jhon enters 'Test Automotion9' into Ingresa tu nombre, jhon enters '3.0E9' into Ingresa tu numero celular, jhon enters '3.0E9' into Seleccionar el tipo de documento, jhon clicks on Continuar, jhon enters 'Bogota' into Ciudad, jhon clicks on Lista de ciudades, jhon enters 'Av. C. 127' into Direccion, jhon clicks on Buscar la dirección, jhon enters 'Norte' into Datos adicionales, jhon clicks on Continuar ubicación servicio, jhon enters 'Garantia' into ¿Qué tipo de servicio solicitas?, jhon clicks on ¿Qué tipo de servicio solicitas? Lista, jhon enters 'NEVERA 5.3 PIES ALMENDRA' into ¿Cuál es el producto?, jhon clicks on ¿Cuál es el producto? Lista, jhon enters 'BOTA AGUA' into ¿Cuál es el motivo de la reparación?, jhon clicks on ¿Cuál es el motivo de la reparación? Lista, jhon enters 'QA AUTOMOTION' into observaciones, jhon clicks on Rango AM, jhon enters '1.012439364E9' into Rango PM, jhon clicks on Fecha, jhon clicks on Confirmar Fecha seleccionada, jhon clicks on Programar, jhon clicks on Finalizar Orden de servicio, jhon clicks on Heabeas Data, jhon clicks on Seleccionar el tipo de documento, Jhon seleccionar tipo documento, jhon enters '1.012439357E9' into Seleccionar el tipo de documento, jhon enters 'jhon.quinones@infotrack.com.co' into ¿Cuál es tu correo electrónico?, jhon enters 'QA 2' into ¿Cuales son tus apellidos?, jhon enters 'TEST 2' into ¿Cual es tu telefono fijo?, jhon enters '3.000000001E9' into Ingresa tu numero celular, jhon enters '3.000000001E9' into Seleccionar el tipo de documento, jhon clicks on Continuar, jhon enters 'Soacha' into Ciudad, jhon clicks on Lista de ciudades, jhon enters 'Cl 15 # 19 a – 159' into Direccion, jhon clicks on Buscar la dirección, jhon enters 'Armonia IV' into Datos adicionales, jhon clicks on Continuar ubicación servicio, jhon enters 'Reparación' into ¿Qué tipo de servicio solicitas?, jhon clicks on ¿Qué tipo de servicio solicitas? Lista, jhon enters 'CALENTADOR DE PASO 10 LTS. GAS NATURAL' into ¿Cuál es el producto?, jhon clicks on ¿Cuál es el producto? Lista, jhon enters 'BOTA AGUA' into ¿Cuál es el motivo de la reparación?, jhon clicks on ¿Cuál es el motivo de la reparación? Lista, jhon enters 'QA AUTOMOTION' into observaciones, jhon clicks on Rango AM, jhon enters '1.012439357E9' into Rango PM, jhon clicks on Fecha, jhon clicks on Confirmar Fecha seleccionada, jhon clicks on Programar, jhon clicks on Finalizar Orden de servicio, jhon clicks on Heabeas Data, jhon clicks on Seleccionar el tipo de documento, Jhon seleccionar tipo documento, jhon enters '8.300675571E9' into Seleccionar el tipo de documento, jhon enters 'jhon.quinones@infotrack.com.co' into ¿Cuál es tu correo electrónico?, jhon enters 'Test Automotion11' into Ingresa tu nombre, jhon enters '3.000000002E9' into Ingresa tu numero celular, jhon enters '3.000000002E9' into Seleccionar el tipo de documento, jhon clicks on Continuar, jhon enters 'Bogota' into Ciudad, jhon clicks on Lista de ciudades, jhon enters 'Av. Carrera 86 # 55A - 75 Engativá' into Direccion, jhon clicks on Buscar la dirección, jhon enters 'Bogota' into Datos adicionales, jhon clicks on Continuar ubicación servicio, jhon enters 'Garantia' into ¿Qué tipo de servicio solicitas?, jhon clicks on ¿Qué tipo de servicio solicitas? Lista, jhon enters 'ESTUFA A GAS 4 PUESTOS E/E 120V NEGRA' into ¿Cuál es el producto?, jhon clicks on ¿Cuál es el producto? Lista, jhon enters 'AHUMA' into ¿Cuál es el motivo de la reparación?, jhon clicks on ¿Cuál es el motivo de la reparación? Lista, jhon enters 'QA AUTOMOTION' into observaciones, jhon clicks on Rango AM, jhon enters '1.012439358E9' into Rango PM, jhon clicks on Fecha, jhon clicks on Confirmar Fecha seleccionada, jhon clicks on Programar, jhon clicks on Finalizar Orden de servicio, jhon clicks on Heabeas Data, jhon clicks on Seleccionar el tipo de documento, Jhon seleccionar tipo documento, jhon enters '1.012439359E9' into Seleccionar el tipo de documento, jhon enters 'jhon.quinones@infotrack.com.co' into ¿Cuál es tu correo electrónico?, jhon enters 'QA 4' into ¿Cuales son tus apellidos?, jhon enters 'TEST 4' into ¿Cual es tu telefono fijo?, jhon enters '3.000000003E9' into Ingresa tu numero celular, jhon enters '3.000000003E9' into Seleccionar el tipo de documento, jhon clicks on Continuar, jhon enters 'Soacha' into Ciudad, jhon clicks on Lista de ciudades, jhon enters 'Cra. 72C #22A-74, Fontibón' into Direccion, jhon clicks on Buscar la dirección, jhon enters 'Bogota, Cundinamarca' into Datos adicionales, jhon clicks on Continuar ubicación servicio, jhon enters 'Mantenimiento' into ¿Qué tipo de servicio solicitas?, jhon clicks on ¿Qué tipo de servicio solicitas? Lista, jhon enters 'NEVERA 5.3 PIES ALMENDRA' into ¿Cuál es el producto?, jhon clicks on ¿Cuál es el producto? Lista, jhon enters 'NO CONGELA' into ¿Cuál es el motivo de la reparación?, jhon clicks on ¿Cuál es el motivo de la reparación? Lista, jhon enters 'QA AUTOMOTION' into observaciones, jhon clicks on Rango AM, jhon enters '1.012439359E9' into Rango PM, jhon clicks on Fecha, jhon clicks on Confirmar Fecha seleccionada, jhon clicks on Programar, jhon clicks on Finalizar Orden de servicio, jhon clicks on Heabeas Data, jhon clicks on Seleccionar el tipo de documento, Jhon seleccionar tipo documento, jhon enters '1.01243936E9' into Seleccionar el tipo de documento, jhon enters 'jhon.quinones@infotrack.com.co' into ¿Cuál es tu correo electrónico?, jhon enters 'QA 5' into ¿Cuales son tus apellidos?, jhon enters 'TEST 5' into ¿Cual es tu telefono fijo?, jhon enters '3.000000004E9' into Ingresa tu numero celular, jhon enters '3.000000004E9' into Seleccionar el tipo de documento, jhon clicks on Continuar, jhon enters 'Bogota' into Ciudad, jhon clicks on Lista de ciudades, jhon enters 'Av. C. 130' into Direccion, jhon clicks on Buscar la dirección, jhon enters 'Bosa' into Datos adicionales, jhon clicks on Continuar ubicación servicio, jhon enters 'Reparación' into ¿Qué tipo de servicio solicitas?, jhon clicks on ¿Qué tipo de servicio solicitas? Lista, jhon enters 'NEVERA CR360 GRIS C.DIGITAL' into ¿Cuál es el producto?, jhon clicks on ¿Cuál es el producto? Lista, jhon enters 'BOTA AGUA' into ¿Cuál es el motivo de la reparación?, jhon clicks on ¿Cuál es el motivo de la reparación? Lista, jhon enters 'QA AUTOMOTION' into observaciones, jhon clicks on Rango AM, jhon enters '1.01243936E9' into Rango PM, jhon clicks on Fecha, jhon clicks on Confirmar Fecha seleccionada, jhon clicks on Programar, jhon clicks on Finalizar Orden de servicio, jhon clicks on Heabeas Data, jhon clicks on Seleccionar el tipo de documento, Jhon seleccionar tipo documento, jhon enters '8.300675571E9' into Seleccionar el tipo de documento, jhon enters 'jhon.quinones@infotrack.com.co' into ¿Cuál es tu correo electrónico?, jhon enters 'Test Automotion14' into Ingresa tu nombre, jhon enters '3.000000005E9' into Ingresa tu numero celular, jhon enters '3.000000005E9' into Seleccionar el tipo de documento, jhon clicks on Continuar, jhon enters 'Soacha' into Ciudad, jhon clicks on Lista de ciudades, jhon enters 'Av. C. 131' into Direccion, jhon clicks on Buscar la dirección, jhon enters 'Armonia IV' into Datos adicionales, jhon clicks on Continuar ubicación servicio, jhon enters 'Garantia' into ¿Qué tipo de servicio solicitas?, jhon clicks on ¿Qué tipo de servicio solicitas? Lista, jhon enters 'CALENTADOR 7131/GLP PASO 13LTS.' into ¿Cuál es el producto?, jhon clicks on ¿Cuál es el producto? Lista, jhon enters 'NO CALIENTA' into ¿Cuál es el motivo de la reparación?, jhon clicks on ¿Cuál es el motivo de la reparación? Lista, jhon enters 'QA AUTOMOTION' into observaciones, jhon clicks on Rango AM, jhon enters '1.012439361E9' into Rango PM, jhon clicks on Fecha, jhon clicks on Confirmar Fecha seleccionada, jhon clicks on Programar, jhon clicks on Finalizar Orden de servicio]], Entonces verifica que se creo correctamente la orden de servicio
[Test worker] WARN net.thucydides.core.steps.BaseStepListener - TestOutcomes: [Proceso Autogestion - Agendamiento de servicios:Dado el usuario final cuando desee crear o agendar una orden de servicio [Jhon abrir pagina [jhon opens the Object abrir pagina]], Cuando Crea la orden de servicio [Jhon autogestion [jhon clicks on Heabeas Data, jhon clicks on Seleccionar el tipo de documento, Jhon seleccionar tipo documento, jhon enters '8.300675571E9' into Seleccionar el tipo de documento, jhon enters 'jhon.quinones@infotrack.com.co' into ¿Cuál es tu correo electrónico?, jhon enters 'Test Automotion9' into Ingresa tu nombre, jhon enters '3.0E9' into Ingresa tu numero celular, jhon enters '3.0E9' into Seleccionar el tipo de documento, jhon clicks on Continuar, jhon enters 'Bogota' into Ciudad, jhon clicks on Lista de ciudades, jhon enters 'Av. C. 127' into Direccion, jhon clicks on Buscar la dirección, jhon enters 'Norte' into Datos adicionales, jhon clicks on Continuar ubicación servicio, jhon enters 'Garantia' into ¿Qué tipo de servicio solicitas?, jhon clicks on ¿Qué tipo de servicio solicitas? Lista, jhon enters 'NEVERA 5.3 PIES ALMENDRA' into ¿Cuál es el producto?, jhon clicks on ¿Cuál es el producto? Lista, jhon enters 'BOTA AGUA' into ¿Cuál es el motivo de la reparación?, jhon clicks on ¿Cuál es el motivo de la reparación? Lista, jhon enters 'QA AUTOMOTION' into observaciones, jhon clicks on Rango AM, jhon enters '1.012439364E9' into Rango PM, jhon clicks on Fecha, jhon clicks on Confirmar Fecha seleccionada, jhon clicks on Programar, jhon clicks on Finalizar Orden de servicio, jhon clicks on Heabeas Data, jhon clicks on Seleccionar el tipo de documento, Jhon seleccionar tipo documento, jhon enters '1.012439357E9' into Seleccionar el tipo de documento, jhon enters 'jhon.quinones@infotrack.com.co' into ¿Cuál es tu correo electrónico?, jhon enters 'QA 2' into ¿Cuales son tus apellidos?, jhon enters 'TEST 2' into ¿Cual es tu telefono fijo?, jhon enters '3.000000001E9' into Ingresa tu numero celular, jhon enters '3.000000001E9' into Seleccionar el tipo de documento, jhon clicks on Continuar, jhon enters 'Soacha' into Ciudad, jhon clicks on Lista de ciudades, jhon enters 'Cl 15 # 19 a – 159' into Direccion, jhon clicks on Buscar la dirección, jhon enters 'Armonia IV' into Datos adicionales, jhon clicks on Continuar ubicación servicio, jhon enters 'Reparación' into ¿Qué tipo de servicio solicitas?, jhon clicks on ¿Qué tipo de servicio solicitas? Lista, jhon enters 'CALENTADOR DE PASO 10 LTS. GAS NATURAL' into ¿Cuál es el producto?, jhon clicks on ¿Cuál es el producto? Lista, jhon enters 'BOTA AGUA' into ¿Cuál es el motivo de la reparación?, jhon clicks on ¿Cuál es el motivo de la reparación? Lista, jhon enters 'QA AUTOMOTION' into observaciones, jhon clicks on Rango AM, jhon enters '1.012439357E9' into Rango PM, jhon clicks on Fecha, jhon clicks on Confirmar Fecha seleccionada, jhon clicks on Programar, jhon clicks on Finalizar Orden de servicio, jhon clicks on Heabeas Data, jhon clicks on Seleccionar el tipo de documento, Jhon seleccionar tipo documento, jhon enters '8.300675571E9' into Seleccionar el tipo de documento, jhon enters 'jhon.quinones@infotrack.com.co' into ¿Cuál es tu correo electrónico?, jhon enters 'Test Automotion11' into Ingresa tu nombre, jhon enters '3.000000002E9' into Ingresa tu numero celular, jhon enters '3.000000002E9' into Seleccionar el tipo de documento, jhon clicks on Continuar, jhon enters 'Bogota' into Ciudad, jhon clicks on Lista de ciudades, jhon enters 'Av. Carrera 86 # 55A - 75 Engativá' into Direccion, jhon clicks on Buscar la dirección, jhon enters 'Bogota' into Datos adicionales, jhon clicks on Continuar ubicación servicio, jhon enters 'Garantia' into ¿Qué tipo de servicio solicitas?, jhon clicks on ¿Qué tipo de servicio solicitas? Lista, jhon enters 'ESTUFA A GAS 4 PUESTOS E/E 120V NEGRA' into ¿Cuál es el producto?, jhon clicks on ¿Cuál es el producto? Lista, jhon enters 'AHUMA' into ¿Cuál es el motivo de la reparación?, jhon clicks on ¿Cuál es el motivo de la reparación? Lista, jhon enters 'QA AUTOMOTION' into observaciones, jhon clicks on Rango AM, jhon enters '1.012439358E9' into Rango PM, jhon clicks on Fecha, jhon clicks on Confirmar Fecha seleccionada, jhon clicks on Programar, jhon clicks on Finalizar Orden de servicio, jhon clicks on Heabeas Data, jhon clicks on Seleccionar el tipo de documento, Jhon seleccionar tipo documento, jhon enters '1.012439359E9' into Seleccionar el tipo de documento, jhon enters 'jhon.quinones@infotrack.com.co' into ¿Cuál es tu correo electrónico?, jhon enters 'QA 4' into ¿Cuales son tus apellidos?, jhon enters 'TEST 4' into ¿Cual es tu telefono fijo?, jhon enters '3.000000003E9' into Ingresa tu numero celular, jhon enters '3.000000003E9' into Seleccionar el tipo de documento, jhon clicks on Continuar, jhon enters 'Soacha' into Ciudad, jhon clicks on Lista de ciudades, jhon enters 'Cra. 72C #22A-74, Fontibón' into Direccion, jhon clicks on Buscar la dirección, jhon enters 'Bogota, Cundinamarca' into Datos adicionales, jhon clicks on Continuar ubicación servicio, jhon enters 'Mantenimiento' into ¿Qué tipo de servicio solicitas?, jhon clicks on ¿Qué tipo de servicio solicitas? Lista, jhon enters 'NEVERA 5.3 PIES ALMENDRA' into ¿Cuál es el producto?, jhon clicks on ¿Cuál es el producto? Lista, jhon enters 'NO CONGELA' into ¿Cuál es el motivo de la reparación?, jhon clicks on ¿Cuál es el motivo de la reparación? Lista, jhon enters 'QA AUTOMOTION' into observaciones, jhon clicks on Rango AM, jhon enters '1.012439359E9' into Rango PM, jhon clicks on Fecha, jhon clicks on Confirmar Fecha seleccionada, jhon clicks on Programar, jhon clicks on Finalizar Orden de servicio, jhon clicks on Heabeas Data, jhon clicks on Seleccionar el tipo de documento, Jhon seleccionar tipo documento, jhon enters '1.01243936E9' into Seleccionar el tipo de documento, jhon enters 'jhon.quinones@infotrack.com.co' into ¿Cuál es tu correo electrónico?, jhon enters 'QA 5' into ¿Cuales son tus apellidos?, jhon enters 'TEST 5' into ¿Cual es tu telefono fijo?, jhon enters '3.000000004E9' into Ingresa tu numero celular, jhon enters '3.000000004E9' into Seleccionar el tipo de documento, jhon clicks on Continuar, jhon enters 'Bogota' into Ciudad, jhon clicks on Lista de ciudades, jhon enters 'Av. C. 130' into Direccion, jhon clicks on Buscar la dirección, jhon enters 'Bosa' into Datos adicionales, jhon clicks on Continuar ubicación servicio, jhon enters 'Reparación' into ¿Qué tipo de servicio solicitas?, jhon clicks on ¿Qué tipo de servicio solicitas? Lista, jhon enters 'NEVERA CR360 GRIS C.DIGITAL' into ¿Cuál es el producto?, jhon clicks on ¿Cuál es el producto? Lista, jhon enters 'BOTA AGUA' into ¿Cuál es el motivo de la reparación?, jhon clicks on ¿Cuál es el motivo de la reparación? Lista, jhon enters 'QA AUTOMOTION' into observaciones, jhon clicks on Rango AM, jhon enters '1.01243936E9' into Rango PM, jhon clicks on Fecha, jhon clicks on Confirmar Fecha seleccionada, jhon clicks on Programar, jhon clicks on Finalizar Orden de servicio, jhon clicks on Heabeas Data, jhon clicks on Seleccionar el tipo de documento, Jhon seleccionar tipo documento, jhon enters '8.300675571E9' into Seleccionar el tipo de documento, jhon enters 'jhon.quinones@infotrack.com.co' into ¿Cuál es tu correo electrónico?, jhon enters 'Test Automotion14' into Ingresa tu nombre, jhon enters '3.000000005E9' into Ingresa tu numero celular, jhon enters '3.000000005E9' into Seleccionar el tipo de documento, jhon clicks on Continuar, jhon enters 'Soacha' into Ciudad, jhon clicks on Lista de ciudades, jhon enters 'Av. C. 131' into Direccion, jhon clicks on Buscar la dirección, jhon enters 'Armonia IV' into Datos adicionales, jhon clicks on Continuar ubicación servicio, jhon enters 'Garantia' into ¿Qué tipo de servicio solicitas?, jhon clicks on ¿Qué tipo de servicio solicitas? Lista, jhon enters 'CALENTADOR 7131/GLP PASO 13LTS.' into ¿Cuál es el producto?, jhon clicks on ¿Cuál es el producto? Lista, jhon enters 'NO CALIENTA' into ¿Cuál es el motivo de la reparación?, jhon clicks on ¿Cuál es el motivo de la reparación? Lista, jhon enters 'QA AUTOMOTION' into observaciones, jhon clicks on Rango AM, jhon enters '1.012439361E9' into Rango PM, jhon clicks on Fecha, jhon clicks on Confirmar Fecha seleccionada, jhon clicks on Programar, jhon clicks on Finalizar Orden de servicio]], Entonces verifica que se creo correctamente la orden de servicio]
[Test worker] WARN net.thucydides.core.steps.BaseStepListener - Final testOutcomes: [Proceso Autogestion - Agendamiento de servicios:Dado el usuario final cuando desee crear o agendar una orden de servicio [Jhon abrir pagina [jhon opens the Object abrir pagina]], Cuando Crea la orden de servicio [Jhon autogestion [jhon clicks on Heabeas Data, jhon clicks on Seleccionar el tipo de documento, Jhon seleccionar tipo documento, jhon enters '8.300675571E9' into Seleccionar el tipo de documento, jhon enters 'jhon.quinones@infotrack.com.co' into ¿Cuál es tu correo electrónico?, jhon enters 'Test Automotion9' into Ingresa tu nombre, jhon enters '3.0E9' into Ingresa tu numero celular, jhon enters '3.0E9' into Seleccionar el tipo de documento, jhon clicks on Continuar, jhon enters 'Bogota' into Ciudad, jhon clicks on Lista de ciudades, jhon enters 'Av. C. 127' into Direccion, jhon clicks on Buscar la dirección, jhon enters 'Norte' into Datos adicionales, jhon clicks on Continuar ubicación servicio, jhon enters 'Garantia' into ¿Qué tipo de servicio solicitas?, jhon clicks on ¿Qué tipo de servicio solicitas? Lista, jhon enters 'NEVERA 5.3 PIES ALMENDRA' into ¿Cuál es el producto?, jhon clicks on ¿Cuál es el producto? Lista, jhon enters 'BOTA AGUA' into ¿Cuál es el motivo de la reparación?, jhon clicks on ¿Cuál es el motivo de la reparación? Lista, jhon enters 'QA AUTOMOTION' into observaciones, jhon clicks on Rango AM, jhon enters '1.012439364E9' into Rango PM, jhon clicks on Fecha, jhon clicks on Confirmar Fecha seleccionada, jhon clicks on Programar, jhon clicks on Finalizar Orden de servicio, jhon clicks on Heabeas Data, jhon clicks on Seleccionar el tipo de documento, Jhon seleccionar tipo documento, jhon enters '1.012439357E9' into Seleccionar el tipo de documento, jhon enters 'jhon.quinones@infotrack.com.co' into ¿Cuál es tu correo electrónico?, jhon enters 'QA 2' into ¿Cuales son tus apellidos?, jhon enters 'TEST 2' into ¿Cual es tu telefono fijo?, jhon enters '3.000000001E9' into Ingresa tu numero celular, jhon enters '3.000000001E9' into Seleccionar el tipo de documento, jhon clicks on Continuar, jhon enters 'Soacha' into Ciudad, jhon clicks on Lista de ciudades, jhon enters 'Cl 15 # 19 a – 159' into Direccion, jhon clicks on Buscar la dirección, jhon enters 'Armonia IV' into Datos adicionales, jhon clicks on Continuar ubicación servicio, jhon enters 'Reparación' into ¿Qué tipo de servicio solicitas?, jhon clicks on ¿Qué tipo de servicio solicitas? Lista, jhon enters 'CALENTADOR DE PASO 10 LTS. GAS NATURAL' into ¿Cuál es el producto?, jhon clicks on ¿Cuál es el producto? Lista, jhon enters 'BOTA AGUA' into ¿Cuál es el motivo de la reparación?, jhon clicks on ¿Cuál es el motivo de la reparación? Lista, jhon enters 'QA AUTOMOTION' into observaciones, jhon clicks on Rango AM, jhon enters '1.012439357E9' into Rango PM, jhon clicks on Fecha, jhon clicks on Confirmar Fecha seleccionada, jhon clicks on Programar, jhon clicks on Finalizar Orden de servicio, jhon clicks on Heabeas Data, jhon clicks on Seleccionar el tipo de documento, Jhon seleccionar tipo documento, jhon enters '8.300675571E9' into Seleccionar el tipo de documento, jhon enters 'jhon.quinones@infotrack.com.co' into ¿Cuál es tu correo electrónico?, jhon enters 'Test Automotion11' into Ingresa tu nombre, jhon enters '3.000000002E9' into Ingresa tu numero celular, jhon enters '3.000000002E9' into Seleccionar el tipo de documento, jhon clicks on Continuar, jhon enters 'Bogota' into Ciudad, jhon clicks on Lista de ciudades, jhon enters 'Av. Carrera 86 # 55A - 75 Engativá' into Direccion, jhon clicks on Buscar la dirección, jhon enters 'Bogota' into Datos adicionales, jhon clicks on Continuar ubicación servicio, jhon enters 'Garantia' into ¿Qué tipo de servicio solicitas?, jhon clicks on ¿Qué tipo de servicio solicitas? Lista, jhon enters 'ESTUFA A GAS 4 PUESTOS E/E 120V NEGRA' into ¿Cuál es el producto?, jhon clicks on ¿Cuál es el producto? Lista, jhon enters 'AHUMA' into ¿Cuál es el motivo de la reparación?, jhon clicks on ¿Cuál es el motivo de la reparación? Lista, jhon enters 'QA AUTOMOTION' into observaciones, jhon clicks on Rango AM, jhon enters '1.012439358E9' into Rango PM, jhon clicks on Fecha, jhon clicks on Confirmar Fecha seleccionada, jhon clicks on Programar, jhon clicks on Finalizar Orden de servicio, jhon clicks on Heabeas Data, jhon clicks on Seleccionar el tipo de documento, Jhon seleccionar tipo documento, jhon enters '1.012439359E9' into Seleccionar el tipo de documento, jhon enters 'jhon.quinones@infotrack.com.co' into ¿Cuál es tu correo electrónico?, jhon enters 'QA 4' into ¿Cuales son tus apellidos?, jhon enters 'TEST 4' into ¿Cual es tu telefono fijo?, jhon enters '3.000000003E9' into Ingresa tu numero celular, jhon enters '3.000000003E9' into Seleccionar el tipo de documento, jhon clicks on Continuar, jhon enters 'Soacha' into Ciudad, jhon clicks on Lista de ciudades, jhon enters 'Cra. 72C #22A-74, Fontibón' into Direccion, jhon clicks on Buscar la dirección, jhon enters 'Bogota, Cundinamarca' into Datos adicionales, jhon clicks on Continuar ubicación servicio, jhon enters 'Mantenimiento' into ¿Qué tipo de servicio solicitas?, jhon clicks on ¿Qué tipo de servicio solicitas? Lista, jhon enters 'NEVERA 5.3 PIES ALMENDRA' into ¿Cuál es el producto?, jhon clicks on ¿Cuál es el producto? Lista, jhon enters 'NO CONGELA' into ¿Cuál es el motivo de la reparación?, jhon clicks on ¿Cuál es el motivo de la reparación? Lista, jhon enters 'QA AUTOMOTION' into observaciones, jhon clicks on Rango AM, jhon enters '1.012439359E9' into Rango PM, jhon clicks on Fecha, jhon clicks on Confirmar Fecha seleccionada, jhon clicks on Programar, jhon clicks on Finalizar Orden de servicio, jhon clicks on Heabeas Data, jhon clicks on Seleccionar el tipo de documento, Jhon seleccionar tipo documento, jhon enters '1.01243936E9' into Seleccionar el tipo de documento, jhon enters 'jhon.quinones@infotrack.com.co' into ¿Cuál es tu correo electrónico?, jhon enters 'QA 5' into ¿Cuales son tus apellidos?, jhon enters 'TEST 5' into ¿Cual es tu telefono fijo?, jhon enters '3.000000004E9' into Ingresa tu numero celular, jhon enters '3.000000004E9' into Seleccionar el tipo de documento, jhon clicks on Continuar, jhon enters 'Bogota' into Ciudad, jhon clicks on Lista de ciudades, jhon enters 'Av. C. 130' into Direccion, jhon clicks on Buscar la dirección, jhon enters 'Bosa' into Datos adicionales, jhon clicks on Continuar ubicación servicio, jhon enters 'Reparación' into ¿Qué tipo de servicio solicitas?, jhon clicks on ¿Qué tipo de servicio solicitas? Lista, jhon enters 'NEVERA CR360 GRIS C.DIGITAL' into ¿Cuál es el producto?, jhon clicks on ¿Cuál es el producto? Lista, jhon enters 'BOTA AGUA' into ¿Cuál es el motivo de la reparación?, jhon clicks on ¿Cuál es el motivo de la reparación? Lista, jhon enters 'QA AUTOMOTION' into observaciones, jhon clicks on Rango AM, jhon enters '1.01243936E9' into Rango PM, jhon clicks on Fecha, jhon clicks on Confirmar Fecha seleccionada, jhon clicks on Programar, jhon clicks on Finalizar Orden de servicio, jhon clicks on Heabeas Data, jhon clicks on Seleccionar el tipo de documento, Jhon seleccionar tipo documento, jhon enters '8.300675571E9' into Seleccionar el tipo de documento, jhon enters 'jhon.quinones@infotrack.com.co' into ¿Cuál es tu correo electrónico?, jhon enters 'Test Automotion14' into Ingresa tu nombre, jhon enters '3.000000005E9' into Ingresa tu numero celular, jhon enters '3.000000005E9' into Seleccionar el tipo de documento, jhon clicks on Continuar, jhon enters 'Soacha' into Ciudad, jhon clicks on Lista de ciudades, jhon enters 'Av. C. 131' into Direccion, jhon clicks on Buscar la dirección, jhon enters 'Armonia IV' into Datos adicionales, jhon clicks on Continuar ubicación servicio, jhon enters 'Garantia' into ¿Qué tipo de servicio solicitas?, jhon clicks on ¿Qué tipo de servicio solicitas? Lista, jhon enters 'CALENTADOR 7131/GLP PASO 13LTS.' into ¿Cuál es el producto?, jhon clicks on ¿Cuál es el producto? Lista, jhon enters 'NO CALIENTA' into ¿Cuál es el motivo de la reparación?, jhon clicks on ¿Cuál es el motivo de la reparación? Lista, jhon enters 'QA AUTOMOTION' into observaciones, jhon clicks on Rango AM, jhon enters '1.012439361E9' into Rango PM, jhon clicks on Fecha, jhon clicks on Confirmar Fecha seleccionada, jhon clicks on Programar, jhon clicks on Finalizar Orden de servicio]], Entonces verifica que se creo correctamente la orden de servicio]
[Test worker] INFO net.thucydides.core.steps.ConsoleLoggingListener - 
        __    _____ _____ ____ _____   ____   _    ____  ____  _____ ____  
  _     \ \  |_   _| ____/ ___|_   _| |  _ \ / \  / ___|/ ___|| ____|  _ \ 
 (_)_____| |   | | |  _| \___ \ | |   | |_) / _ \ \___ \\___ \|  _| | | | |
  _|_____| |   | | | |___ ___) || |   |  __/ ___ \ ___) |___) | |___| |_| |
 (_)     | |   |_| |_____|____/ |_|   |_| /_/   \_\____/|____/|_____|____/ 
        /_/                                                                

TEST PASSED: Proceso Autogestion - Agendamiento de servicios
----------------------------------------------------------------------------
]]></system-err>
</testsuite>
