<?xml version="1.0" encoding="UTF-8"?>
<testsuite name="Proceso Autogestion - Agendamiento de servicios" tests="1" skipped="0" failures="1" errors="0" timestamp="2023-04-14T22:42:20" hostname="LTBG60836" time="67.37">
  <properties/>
  <testcase name="Proceso Autogestion - Agendamiento de servicios" classname="Proceso Autogestion - Agendamiento de servicios" time="67.37">
    <failure message="java.lang.AssertionError: &#10;Expected: an element that is present&#10;     but: no matching element found by name: checkedG was not present" type="java.lang.AssertionError">java.lang.AssertionError: 
Expected: an element that is present
     but: no matching element found by name: checkedG was not present
	at net.serenitybdd.screenplay.ErrorTally.throwSummaryExceptionFrom(ErrorTally.java:36)
	at net.serenitybdd.screenplay.ErrorTally.reportAnyErrors(ErrorTally.java:30)
	at net.serenitybdd.screenplay.Actor.should(Actor.java:301)
	at net.serenitybdd.screenplay.waits.Wait.performAs(Wait.java:29)
	at net.serenitybdd.screenplay.Actor.performTask(Actor.java:233)
	at net.serenitybdd.screenplay.Actor.perform(Actor.java:214)
	at net.serenitybdd.screenplay.Actor.performSilently(Actor.java:194)
	at net.serenitybdd.screenplay.Actor.attemptsTo(Actor.java:167)
	at com.infotracktest.autogestion.tasks.Autogestion.performAs(Autogestion.java:90)
	at com.infotracktest.autogestion.tasks.Autogestion$ByteBuddy$NblCiWdv.performAs$accessor$ZbUlDcUg(Unknown Source)
	at sun.reflect.NativeMethodAccessorImpl.invoke0(Native Method)
	at sun.reflect.NativeMethodAccessorImpl.invoke(NativeMethodAccessorImpl.java:62)
	at sun.reflect.DelegatingMethodAccessorImpl.invoke(DelegatingMethodAccessorImpl.java:43)
	at java.lang.reflect.Method.invoke(Method.java:498)
	at net.thucydides.core.steps.StepInterceptor.invokeMethod(StepInterceptor.java:471)
	at net.thucydides.core.steps.StepInterceptor.executeTestStepMethod(StepInterceptor.java:451)
	at net.thucydides.core.steps.StepInterceptor.runTestStep(StepInterceptor.java:424)
	at net.thucydides.core.steps.StepInterceptor.runOrSkipMethod(StepInterceptor.java:180)
	at net.thucydides.core.steps.StepInterceptor.testStepResult(StepInterceptor.java:167)
	at net.thucydides.core.steps.StepInterceptor.intercept(StepInterceptor.java:75)
	at com.infotracktest.autogestion.tasks.Autogestion$ByteBuddy$NblCiWdv.performAs(Unknown Source)
	at net.serenitybdd.screenplay.Actor.performTask(Actor.java:233)
	at net.serenitybdd.screenplay.Actor.perform(Actor.java:214)
	at net.serenitybdd.screenplay.Actor.attemptsTo(Actor.java:171)
	at net.serenitybdd.screenplay.Actor.wasAbleTo(Actor.java:158)
	at com.infotracktest.autogestion.definition.MyStepdefs.creaLaOrdenDeServicio(MyStepdefs.java:26)
	at ✽.Crea la orden de servicio(src/test/resources/features/Autogestion.feature:10)
</failure>
  </testcase>
  <system-out><![CDATA[]]></system-out>
  <system-err><![CDATA[[Test worker] WARN net.thucydides.core.steps.BaseStepListener - stepStarted: net.thucydides.core.steps.ExecutedStepDescription@72ccd81a
[Test worker] WARN net.thucydides.core.steps.BaseStepListener - stepStarted: net.thucydides.core.steps.ExecutedStepDescription@35636217
[Test worker] WARN net.thucydides.core.steps.BaseStepListener - stepStarted: net.thucydides.core.steps.ExecutedStepDescription@6ee8dcd3
abr 14, 2023 5:42:21 PM org.openqa.selenium.remote.DesiredCapabilities chrome
INFORMACIÓN: Using `new ChromeOptions()` is preferred to `DesiredCapabilities.chrome()`
[Test worker] INFO net.serenitybdd.core.webdriver.driverproviders.ProvideNewDriver - Instantiating driver
[Test worker] INFO net.serenitybdd.core.webdriver.driverproviders.ProvideNewDriver - Driver capabilities: Capabilities {acceptInsecureCerts: false, acceptSslCerts: true, browserName: chrome, chrome.switches: --disable-extensions,--star..., goog:chromeOptions: {args: [--disable-extensions, --start-maximized, --test-type, --user-agent=New User Agent], extensions: [], prefs: {pdfjs.disabled: true, profile_default_content_settings.popups: 0}}, handlesAlerts: true, loggingPrefs: org.openqa.selenium.logging..., platform: ANY, version: }
Starting ChromeDriver 112.0.5615.49 (bd2a7bcb881c11e8cfe3078709382934e3916914-refs/branch-heads/5615@{#936}) on port 4305
Only local connections are allowed.
Please see https://chromedriver.chromium.org/security-considerations for suggestions on keeping ChromeDriver safe.
ChromeDriver was started successfully.
abr 14, 2023 5:42:24 PM org.openqa.selenium.remote.ProtocolHandshake createSession
INFORMACIÓN: Detected dialect: W3C
[Test worker] WARN net.thucydides.core.steps.BaseStepListener - stepFinished: current outcome:Proceso Autogestion - Agendamiento de servicios:Dado el usuario final cuando desee crear o agendar una orden de servicio [Jhon abrir pagina [jhon opens the Object abrir pagina]]
[Test worker] WARN net.thucydides.core.steps.BaseStepListener - stepFinished: current outcome:Proceso Autogestion - Agendamiento de servicios:Dado el usuario final cuando desee crear o agendar una orden de servicio [Jhon abrir pagina [jhon opens the Object abrir pagina]]
[Test worker] WARN net.thucydides.core.steps.BaseStepListener - stepFinished: current outcome:Proceso Autogestion - Agendamiento de servicios:Dado el usuario final cuando desee crear o agendar una orden de servicio [Jhon abrir pagina [jhon opens the Object abrir pagina]]
[Test worker] WARN net.thucydides.core.steps.BaseStepListener - stepStarted: net.thucydides.core.steps.ExecutedStepDescription@d16be4f
[Test worker] WARN net.thucydides.core.steps.BaseStepListener - stepStarted: net.thucydides.core.steps.ExecutedStepDescription@ea04cab
[Test worker] WARN net.thucydides.core.steps.BaseStepListener - stepStarted: net.thucydides.core.steps.ExecutedStepDescription@3e214105
[Test worker] WARN net.thucydides.core.steps.BaseStepListener - stepFinished: current outcome:Proceso Autogestion - Agendamiento de servicios:Dado el usuario final cuando desee crear o agendar una orden de servicio [Jhon abrir pagina [jhon opens the Object abrir pagina]], Cuando Crea la orden de servicio [Jhon autogestion [jhon clicks on Heabeas Data]]
[Test worker] WARN net.thucydides.core.steps.BaseStepListener - stepStarted: net.thucydides.core.steps.ExecutedStepDescription@18d11527
[Test worker] WARN net.thucydides.core.steps.BaseStepListener - stepFinished: current outcome:Proceso Autogestion - Agendamiento de servicios:Dado el usuario final cuando desee crear o agendar una orden de servicio [Jhon abrir pagina [jhon opens the Object abrir pagina]], Cuando Crea la orden de servicio [Jhon autogestion [jhon clicks on Heabeas Data, jhon clicks on Seleccionar el tipo de documento]]
[Test worker] WARN net.thucydides.core.steps.BaseStepListener - stepStarted: net.thucydides.core.steps.ExecutedStepDescription@800d065
[Test worker] WARN net.thucydides.core.steps.BaseStepListener - stepFinished: current outcome:Proceso Autogestion - Agendamiento de servicios:Dado el usuario final cuando desee crear o agendar una orden de servicio [Jhon abrir pagina [jhon opens the Object abrir pagina]], Cuando Crea la orden de servicio [Jhon autogestion [jhon clicks on Heabeas Data, jhon clicks on Seleccionar el tipo de documento, Jhon seleccionar tipo documento]]
[Test worker] WARN net.thucydides.core.steps.BaseStepListener - stepStarted: net.thucydides.core.steps.ExecutedStepDescription@59838256
[Test worker] WARN net.thucydides.core.steps.BaseStepListener - stepFinished: current outcome:Proceso Autogestion - Agendamiento de servicios:Dado el usuario final cuando desee crear o agendar una orden de servicio [Jhon abrir pagina [jhon opens the Object abrir pagina]], Cuando Crea la orden de servicio [Jhon autogestion [jhon clicks on Heabeas Data, jhon clicks on Seleccionar el tipo de documento, Jhon seleccionar tipo documento, jhon enters '1.012439356E9' into Seleccionar el tipo de documento]]
[Test worker] WARN net.thucydides.core.steps.BaseStepListener - stepStarted: net.thucydides.core.steps.ExecutedStepDescription@9b47400
[Test worker] WARN net.thucydides.core.steps.BaseStepListener - stepFinished: current outcome:Proceso Autogestion - Agendamiento de servicios:Dado el usuario final cuando desee crear o agendar una orden de servicio [Jhon abrir pagina [jhon opens the Object abrir pagina]], Cuando Crea la orden de servicio [Jhon autogestion [jhon clicks on Heabeas Data, jhon clicks on Seleccionar el tipo de documento, Jhon seleccionar tipo documento, jhon enters '1.012439356E9' into Seleccionar el tipo de documento, jhon enters 'jhon.quinones@infotrack.com.co' into ¿Cuál es tu correo electrónico?]]
[Test worker] WARN net.thucydides.core.steps.BaseStepListener - stepStarted: net.thucydides.core.steps.ExecutedStepDescription@188a5fc2
[Test worker] WARN net.thucydides.core.steps.BaseStepListener - stepFinished: current outcome:Proceso Autogestion - Agendamiento de servicios:Dado el usuario final cuando desee crear o agendar una orden de servicio [Jhon abrir pagina [jhon opens the Object abrir pagina]], Cuando Crea la orden de servicio [Jhon autogestion [jhon clicks on Heabeas Data, jhon clicks on Seleccionar el tipo de documento, Jhon seleccionar tipo documento, jhon enters '1.012439356E9' into Seleccionar el tipo de documento, jhon enters 'jhon.quinones@infotrack.com.co' into ¿Cuál es tu correo electrónico?, jhon enters 'QA 1' into ¿Cuales son tus apellidos?]]
[Test worker] WARN net.thucydides.core.steps.BaseStepListener - stepStarted: net.thucydides.core.steps.ExecutedStepDescription@1320e68a
[Test worker] WARN net.thucydides.core.steps.BaseStepListener - stepFinished: current outcome:Proceso Autogestion - Agendamiento de servicios:Dado el usuario final cuando desee crear o agendar una orden de servicio [Jhon abrir pagina [jhon opens the Object abrir pagina]], Cuando Crea la orden de servicio [Jhon autogestion [jhon clicks on Heabeas Data, jhon clicks on Seleccionar el tipo de documento, Jhon seleccionar tipo documento, jhon enters '1.012439356E9' into Seleccionar el tipo de documento, jhon enters 'jhon.quinones@infotrack.com.co' into ¿Cuál es tu correo electrónico?, jhon enters 'QA 1' into ¿Cuales son tus apellidos?, jhon enters 'TEST 1' into ¿Cual es tu telefono fijo?]]
[Test worker] WARN net.thucydides.core.steps.BaseStepListener - stepStarted: net.thucydides.core.steps.ExecutedStepDescription@1f7cec93
[Test worker] WARN net.thucydides.core.steps.BaseStepListener - stepFinished: current outcome:Proceso Autogestion - Agendamiento de servicios:Dado el usuario final cuando desee crear o agendar una orden de servicio [Jhon abrir pagina [jhon opens the Object abrir pagina]], Cuando Crea la orden de servicio [Jhon autogestion [jhon clicks on Heabeas Data, jhon clicks on Seleccionar el tipo de documento, Jhon seleccionar tipo documento, jhon enters '1.012439356E9' into Seleccionar el tipo de documento, jhon enters 'jhon.quinones@infotrack.com.co' into ¿Cuál es tu correo electrónico?, jhon enters 'QA 1' into ¿Cuales son tus apellidos?, jhon enters 'TEST 1' into ¿Cual es tu telefono fijo?, jhon enters '3.022381854E9' into Ingresa tu numero celular]]
[Test worker] WARN net.thucydides.core.steps.BaseStepListener - stepStarted: net.thucydides.core.steps.ExecutedStepDescription@4665428b
[Test worker] WARN net.thucydides.core.steps.BaseStepListener - stepFinished: current outcome:Proceso Autogestion - Agendamiento de servicios:Dado el usuario final cuando desee crear o agendar una orden de servicio [Jhon abrir pagina [jhon opens the Object abrir pagina]], Cuando Crea la orden de servicio [Jhon autogestion [jhon clicks on Heabeas Data, jhon clicks on Seleccionar el tipo de documento, Jhon seleccionar tipo documento, jhon enters '1.012439356E9' into Seleccionar el tipo de documento, jhon enters 'jhon.quinones@infotrack.com.co' into ¿Cuál es tu correo electrónico?, jhon enters 'QA 1' into ¿Cuales son tus apellidos?, jhon enters 'TEST 1' into ¿Cual es tu telefono fijo?, jhon enters '3.022381854E9' into Ingresa tu numero celular, jhon enters '3.02381854E8' into Seleccionar el tipo de documento]]
[Test worker] WARN net.thucydides.core.steps.BaseStepListener - stepStarted: net.thucydides.core.steps.ExecutedStepDescription@217235f5
[Test worker] WARN net.thucydides.core.steps.BaseStepListener - stepFinished: current outcome:Proceso Autogestion - Agendamiento de servicios:Dado el usuario final cuando desee crear o agendar una orden de servicio [Jhon abrir pagina [jhon opens the Object abrir pagina]], Cuando Crea la orden de servicio [Jhon autogestion [jhon clicks on Heabeas Data, jhon clicks on Seleccionar el tipo de documento, Jhon seleccionar tipo documento, jhon enters '1.012439356E9' into Seleccionar el tipo de documento, jhon enters 'jhon.quinones@infotrack.com.co' into ¿Cuál es tu correo electrónico?, jhon enters 'QA 1' into ¿Cuales son tus apellidos?, jhon enters 'TEST 1' into ¿Cual es tu telefono fijo?, jhon enters '3.022381854E9' into Ingresa tu numero celular, jhon enters '3.02381854E8' into Seleccionar el tipo de documento, jhon clicks on Continuar]]
[Test worker] WARN net.thucydides.core.steps.BaseStepListener - stepStarted: net.thucydides.core.steps.ExecutedStepDescription@14b31e37
[Test worker] WARN net.thucydides.core.steps.BaseStepListener - stepStarted: net.thucydides.core.steps.ExecutedStepDescription@6db328f8
[Test worker] WARN net.thucydides.core.steps.BaseStepListener - stepFinished: current outcome:Proceso Autogestion - Agendamiento de servicios:Dado el usuario final cuando desee crear o agendar una orden de servicio [Jhon abrir pagina [jhon opens the Object abrir pagina]], Cuando Crea la orden de servicio [Jhon autogestion [jhon clicks on Heabeas Data, jhon clicks on Seleccionar el tipo de documento, Jhon seleccionar tipo documento, jhon enters '1.012439356E9' into Seleccionar el tipo de documento, jhon enters 'jhon.quinones@infotrack.com.co' into ¿Cuál es tu correo electrónico?, jhon enters 'QA 1' into ¿Cuales son tus apellidos?, jhon enters 'TEST 1' into ¿Cual es tu telefono fijo?, jhon enters '3.022381854E9' into Ingresa tu numero celular, jhon enters '3.02381854E8' into Seleccionar el tipo de documento, jhon clicks on Continuar, Jhon ubicacion servicio [jhon enters 'Bogota' into Ciudad]]]
[Test worker] WARN net.thucydides.core.steps.BaseStepListener - stepStarted: net.thucydides.core.steps.ExecutedStepDescription@19f02280
[Test worker] WARN net.thucydides.core.steps.BaseStepListener - stepFinished: current outcome:Proceso Autogestion - Agendamiento de servicios:Dado el usuario final cuando desee crear o agendar una orden de servicio [Jhon abrir pagina [jhon opens the Object abrir pagina]], Cuando Crea la orden de servicio [Jhon autogestion [jhon clicks on Heabeas Data, jhon clicks on Seleccionar el tipo de documento, Jhon seleccionar tipo documento, jhon enters '1.012439356E9' into Seleccionar el tipo de documento, jhon enters 'jhon.quinones@infotrack.com.co' into ¿Cuál es tu correo electrónico?, jhon enters 'QA 1' into ¿Cuales son tus apellidos?, jhon enters 'TEST 1' into ¿Cual es tu telefono fijo?, jhon enters '3.022381854E9' into Ingresa tu numero celular, jhon enters '3.02381854E8' into Seleccionar el tipo de documento, jhon clicks on Continuar, Jhon ubicacion servicio [jhon enters 'Bogota' into Ciudad, jhon clicks on Lista de ciudades]]]
[Test worker] WARN net.thucydides.core.steps.BaseStepListener - stepStarted: net.thucydides.core.steps.ExecutedStepDescription@491f8831
[Test worker] WARN net.thucydides.core.steps.BaseStepListener - stepFinished: current outcome:Proceso Autogestion - Agendamiento de servicios:Dado el usuario final cuando desee crear o agendar una orden de servicio [Jhon abrir pagina [jhon opens the Object abrir pagina]], Cuando Crea la orden de servicio [Jhon autogestion [jhon clicks on Heabeas Data, jhon clicks on Seleccionar el tipo de documento, Jhon seleccionar tipo documento, jhon enters '1.012439356E9' into Seleccionar el tipo de documento, jhon enters 'jhon.quinones@infotrack.com.co' into ¿Cuál es tu correo electrónico?, jhon enters 'QA 1' into ¿Cuales son tus apellidos?, jhon enters 'TEST 1' into ¿Cual es tu telefono fijo?, jhon enters '3.022381854E9' into Ingresa tu numero celular, jhon enters '3.02381854E8' into Seleccionar el tipo de documento, jhon clicks on Continuar, Jhon ubicacion servicio [jhon enters 'Bogota' into Ciudad, jhon clicks on Lista de ciudades, jhon enters 'Cll 73 sur # 77 i 03' into Direccion]]]
[Test worker] WARN net.thucydides.core.steps.BaseStepListener - stepStarted: net.thucydides.core.steps.ExecutedStepDescription@374c40ba
[Test worker] WARN net.thucydides.core.steps.BaseStepListener - stepFinished: current outcome:Proceso Autogestion - Agendamiento de servicios:Dado el usuario final cuando desee crear o agendar una orden de servicio [Jhon abrir pagina [jhon opens the Object abrir pagina]], Cuando Crea la orden de servicio [Jhon autogestion [jhon clicks on Heabeas Data, jhon clicks on Seleccionar el tipo de documento, Jhon seleccionar tipo documento, jhon enters '1.012439356E9' into Seleccionar el tipo de documento, jhon enters 'jhon.quinones@infotrack.com.co' into ¿Cuál es tu correo electrónico?, jhon enters 'QA 1' into ¿Cuales son tus apellidos?, jhon enters 'TEST 1' into ¿Cual es tu telefono fijo?, jhon enters '3.022381854E9' into Ingresa tu numero celular, jhon enters '3.02381854E8' into Seleccionar el tipo de documento, jhon clicks on Continuar, Jhon ubicacion servicio [jhon enters 'Bogota' into Ciudad, jhon clicks on Lista de ciudades, jhon enters 'Cll 73 sur # 77 i 03' into Direccion, jhon clicks on Buscar la dirección]]]
[Test worker] WARN net.thucydides.core.steps.BaseStepListener - stepStarted: net.thucydides.core.steps.ExecutedStepDescription@411fa0ce
[Test worker] WARN net.thucydides.core.steps.BaseStepListener - stepFinished: current outcome:Proceso Autogestion - Agendamiento de servicios:Dado el usuario final cuando desee crear o agendar una orden de servicio [Jhon abrir pagina [jhon opens the Object abrir pagina]], Cuando Crea la orden de servicio [Jhon autogestion [jhon clicks on Heabeas Data, jhon clicks on Seleccionar el tipo de documento, Jhon seleccionar tipo documento, jhon enters '1.012439356E9' into Seleccionar el tipo de documento, jhon enters 'jhon.quinones@infotrack.com.co' into ¿Cuál es tu correo electrónico?, jhon enters 'QA 1' into ¿Cuales son tus apellidos?, jhon enters 'TEST 1' into ¿Cual es tu telefono fijo?, jhon enters '3.022381854E9' into Ingresa tu numero celular, jhon enters '3.02381854E8' into Seleccionar el tipo de documento, jhon clicks on Continuar, Jhon ubicacion servicio [jhon enters 'Bogota' into Ciudad, jhon clicks on Lista de ciudades, jhon enters 'Cll 73 sur # 77 i 03' into Direccion, jhon clicks on Buscar la dirección, jhon enters 'Bosa' into Datos adicionales]]]
[Test worker] WARN net.thucydides.core.steps.BaseStepListener - stepStarted: net.thucydides.core.steps.ExecutedStepDescription@7f3c0399
[Test worker] WARN net.thucydides.core.steps.BaseStepListener - stepFinished: current outcome:Proceso Autogestion - Agendamiento de servicios:Dado el usuario final cuando desee crear o agendar una orden de servicio [Jhon abrir pagina [jhon opens the Object abrir pagina]], Cuando Crea la orden de servicio [Jhon autogestion [jhon clicks on Heabeas Data, jhon clicks on Seleccionar el tipo de documento, Jhon seleccionar tipo documento, jhon enters '1.012439356E9' into Seleccionar el tipo de documento, jhon enters 'jhon.quinones@infotrack.com.co' into ¿Cuál es tu correo electrónico?, jhon enters 'QA 1' into ¿Cuales son tus apellidos?, jhon enters 'TEST 1' into ¿Cual es tu telefono fijo?, jhon enters '3.022381854E9' into Ingresa tu numero celular, jhon enters '3.02381854E8' into Seleccionar el tipo de documento, jhon clicks on Continuar, Jhon ubicacion servicio [jhon enters 'Bogota' into Ciudad, jhon clicks on Lista de ciudades, jhon enters 'Cll 73 sur # 77 i 03' into Direccion, jhon clicks on Buscar la dirección, jhon enters 'Bosa' into Datos adicionales, jhon clicks on Continuar ubicación servicio]]]
[Test worker] WARN net.thucydides.core.steps.BaseStepListener - stepFinished: current outcome:Proceso Autogestion - Agendamiento de servicios:Dado el usuario final cuando desee crear o agendar una orden de servicio [Jhon abrir pagina [jhon opens the Object abrir pagina]], Cuando Crea la orden de servicio [Jhon autogestion [jhon clicks on Heabeas Data, jhon clicks on Seleccionar el tipo de documento, Jhon seleccionar tipo documento, jhon enters '1.012439356E9' into Seleccionar el tipo de documento, jhon enters 'jhon.quinones@infotrack.com.co' into ¿Cuál es tu correo electrónico?, jhon enters 'QA 1' into ¿Cuales son tus apellidos?, jhon enters 'TEST 1' into ¿Cual es tu telefono fijo?, jhon enters '3.022381854E9' into Ingresa tu numero celular, jhon enters '3.02381854E8' into Seleccionar el tipo de documento, jhon clicks on Continuar, Jhon ubicacion servicio [jhon enters 'Bogota' into Ciudad, jhon clicks on Lista de ciudades, jhon enters 'Cll 73 sur # 77 i 03' into Direccion, jhon clicks on Buscar la dirección, jhon enters 'Bosa' into Datos adicionales, jhon clicks on Continuar ubicación servicio]]]
[Test worker] WARN net.thucydides.core.steps.BaseStepListener - stepStarted: net.thucydides.core.steps.ExecutedStepDescription@76216830
[Test worker] WARN net.thucydides.core.steps.BaseStepListener - stepStarted: net.thucydides.core.steps.ExecutedStepDescription@5cfed0ba
[Test worker] WARN net.thucydides.core.steps.BaseStepListener - stepFinished: current outcome:Proceso Autogestion - Agendamiento de servicios:Dado el usuario final cuando desee crear o agendar una orden de servicio [Jhon abrir pagina [jhon opens the Object abrir pagina]], Cuando Crea la orden de servicio [Jhon autogestion [jhon clicks on Heabeas Data, jhon clicks on Seleccionar el tipo de documento, Jhon seleccionar tipo documento, jhon enters '1.012439356E9' into Seleccionar el tipo de documento, jhon enters 'jhon.quinones@infotrack.com.co' into ¿Cuál es tu correo electrónico?, jhon enters 'QA 1' into ¿Cuales son tus apellidos?, jhon enters 'TEST 1' into ¿Cual es tu telefono fijo?, jhon enters '3.022381854E9' into Ingresa tu numero celular, jhon enters '3.02381854E8' into Seleccionar el tipo de documento, jhon clicks on Continuar, Jhon ubicacion servicio [jhon enters 'Bogota' into Ciudad, jhon clicks on Lista de ciudades, jhon enters 'Cll 73 sur # 77 i 03' into Direccion, jhon clicks on Buscar la dirección, jhon enters 'Bosa' into Datos adicionales, jhon clicks on Continuar ubicación servicio], Jhon datos servicio [jhon enters 'Mantenimiento' into ¿Qué tipo de servicio solicitas?]]]
[Test worker] WARN net.thucydides.core.steps.BaseStepListener - stepStarted: net.thucydides.core.steps.ExecutedStepDescription@251c90f
[Test worker] WARN net.thucydides.core.steps.BaseStepListener - stepFinished: current outcome:Proceso Autogestion - Agendamiento de servicios:Dado el usuario final cuando desee crear o agendar una orden de servicio [Jhon abrir pagina [jhon opens the Object abrir pagina]], Cuando Crea la orden de servicio [Jhon autogestion [jhon clicks on Heabeas Data, jhon clicks on Seleccionar el tipo de documento, Jhon seleccionar tipo documento, jhon enters '1.012439356E9' into Seleccionar el tipo de documento, jhon enters 'jhon.quinones@infotrack.com.co' into ¿Cuál es tu correo electrónico?, jhon enters 'QA 1' into ¿Cuales son tus apellidos?, jhon enters 'TEST 1' into ¿Cual es tu telefono fijo?, jhon enters '3.022381854E9' into Ingresa tu numero celular, jhon enters '3.02381854E8' into Seleccionar el tipo de documento, jhon clicks on Continuar, Jhon ubicacion servicio [jhon enters 'Bogota' into Ciudad, jhon clicks on Lista de ciudades, jhon enters 'Cll 73 sur # 77 i 03' into Direccion, jhon clicks on Buscar la dirección, jhon enters 'Bosa' into Datos adicionales, jhon clicks on Continuar ubicación servicio], Jhon datos servicio [jhon enters 'Mantenimiento' into ¿Qué tipo de servicio solicitas?, jhon clicks on ¿Qué tipo de servicio solicitas? Lista]]]
[Test worker] WARN net.thucydides.core.steps.BaseStepListener - stepStarted: net.thucydides.core.steps.ExecutedStepDescription@231cdda8
[Test worker] WARN net.thucydides.core.steps.BaseStepListener - stepFinished: current outcome:Proceso Autogestion - Agendamiento de servicios:Dado el usuario final cuando desee crear o agendar una orden de servicio [Jhon abrir pagina [jhon opens the Object abrir pagina]], Cuando Crea la orden de servicio [Jhon autogestion [jhon clicks on Heabeas Data, jhon clicks on Seleccionar el tipo de documento, Jhon seleccionar tipo documento, jhon enters '1.012439356E9' into Seleccionar el tipo de documento, jhon enters 'jhon.quinones@infotrack.com.co' into ¿Cuál es tu correo electrónico?, jhon enters 'QA 1' into ¿Cuales son tus apellidos?, jhon enters 'TEST 1' into ¿Cual es tu telefono fijo?, jhon enters '3.022381854E9' into Ingresa tu numero celular, jhon enters '3.02381854E8' into Seleccionar el tipo de documento, jhon clicks on Continuar, Jhon ubicacion servicio [jhon enters 'Bogota' into Ciudad, jhon clicks on Lista de ciudades, jhon enters 'Cll 73 sur # 77 i 03' into Direccion, jhon clicks on Buscar la dirección, jhon enters 'Bosa' into Datos adicionales, jhon clicks on Continuar ubicación servicio], Jhon datos servicio [jhon enters 'Mantenimiento' into ¿Qué tipo de servicio solicitas?, jhon clicks on ¿Qué tipo de servicio solicitas? Lista, jhon enters 'CALENTADOR 7131/GLP PASO 13LTS.' into ¿Cuál es el producto?]]]
[Test worker] WARN net.thucydides.core.steps.BaseStepListener - stepStarted: net.thucydides.core.steps.ExecutedStepDescription@32ae8f27
[Test worker] WARN net.thucydides.core.steps.BaseStepListener - stepFinished: current outcome:Proceso Autogestion - Agendamiento de servicios:Dado el usuario final cuando desee crear o agendar una orden de servicio [Jhon abrir pagina [jhon opens the Object abrir pagina]], Cuando Crea la orden de servicio [Jhon autogestion [jhon clicks on Heabeas Data, jhon clicks on Seleccionar el tipo de documento, Jhon seleccionar tipo documento, jhon enters '1.012439356E9' into Seleccionar el tipo de documento, jhon enters 'jhon.quinones@infotrack.com.co' into ¿Cuál es tu correo electrónico?, jhon enters 'QA 1' into ¿Cuales son tus apellidos?, jhon enters 'TEST 1' into ¿Cual es tu telefono fijo?, jhon enters '3.022381854E9' into Ingresa tu numero celular, jhon enters '3.02381854E8' into Seleccionar el tipo de documento, jhon clicks on Continuar, Jhon ubicacion servicio [jhon enters 'Bogota' into Ciudad, jhon clicks on Lista de ciudades, jhon enters 'Cll 73 sur # 77 i 03' into Direccion, jhon clicks on Buscar la dirección, jhon enters 'Bosa' into Datos adicionales, jhon clicks on Continuar ubicación servicio], Jhon datos servicio [jhon enters 'Mantenimiento' into ¿Qué tipo de servicio solicitas?, jhon clicks on ¿Qué tipo de servicio solicitas? Lista, jhon enters 'CALENTADOR 7131/GLP PASO 13LTS.' into ¿Cuál es el producto?, jhon clicks on ¿Cuál es el producto? Lista]]]
[Test worker] WARN net.thucydides.core.steps.BaseStepListener - stepStarted: net.thucydides.core.steps.ExecutedStepDescription@511da44f
[Test worker] WARN net.thucydides.core.steps.BaseStepListener - stepFinished: current outcome:Proceso Autogestion - Agendamiento de servicios:Dado el usuario final cuando desee crear o agendar una orden de servicio [Jhon abrir pagina [jhon opens the Object abrir pagina]], Cuando Crea la orden de servicio [Jhon autogestion [jhon clicks on Heabeas Data, jhon clicks on Seleccionar el tipo de documento, Jhon seleccionar tipo documento, jhon enters '1.012439356E9' into Seleccionar el tipo de documento, jhon enters 'jhon.quinones@infotrack.com.co' into ¿Cuál es tu correo electrónico?, jhon enters 'QA 1' into ¿Cuales son tus apellidos?, jhon enters 'TEST 1' into ¿Cual es tu telefono fijo?, jhon enters '3.022381854E9' into Ingresa tu numero celular, jhon enters '3.02381854E8' into Seleccionar el tipo de documento, jhon clicks on Continuar, Jhon ubicacion servicio [jhon enters 'Bogota' into Ciudad, jhon clicks on Lista de ciudades, jhon enters 'Cll 73 sur # 77 i 03' into Direccion, jhon clicks on Buscar la dirección, jhon enters 'Bosa' into Datos adicionales, jhon clicks on Continuar ubicación servicio], Jhon datos servicio [jhon enters 'Mantenimiento' into ¿Qué tipo de servicio solicitas?, jhon clicks on ¿Qué tipo de servicio solicitas? Lista, jhon enters 'CALENTADOR 7131/GLP PASO 13LTS.' into ¿Cuál es el producto?, jhon clicks on ¿Cuál es el producto? Lista, jhon enters 'BOTA AGUA' into ¿Cuál es el motivo de la reparación?]]]
[Test worker] WARN net.thucydides.core.steps.BaseStepListener - stepStarted: net.thucydides.core.steps.ExecutedStepDescription@5333f08f
[Test worker] WARN net.thucydides.core.steps.BaseStepListener - stepFinished: current outcome:Proceso Autogestion - Agendamiento de servicios:Dado el usuario final cuando desee crear o agendar una orden de servicio [Jhon abrir pagina [jhon opens the Object abrir pagina]], Cuando Crea la orden de servicio [Jhon autogestion [jhon clicks on Heabeas Data, jhon clicks on Seleccionar el tipo de documento, Jhon seleccionar tipo documento, jhon enters '1.012439356E9' into Seleccionar el tipo de documento, jhon enters 'jhon.quinones@infotrack.com.co' into ¿Cuál es tu correo electrónico?, jhon enters 'QA 1' into ¿Cuales son tus apellidos?, jhon enters 'TEST 1' into ¿Cual es tu telefono fijo?, jhon enters '3.022381854E9' into Ingresa tu numero celular, jhon enters '3.02381854E8' into Seleccionar el tipo de documento, jhon clicks on Continuar, Jhon ubicacion servicio [jhon enters 'Bogota' into Ciudad, jhon clicks on Lista de ciudades, jhon enters 'Cll 73 sur # 77 i 03' into Direccion, jhon clicks on Buscar la dirección, jhon enters 'Bosa' into Datos adicionales, jhon clicks on Continuar ubicación servicio], Jhon datos servicio [jhon enters 'Mantenimiento' into ¿Qué tipo de servicio solicitas?, jhon clicks on ¿Qué tipo de servicio solicitas? Lista, jhon enters 'CALENTADOR 7131/GLP PASO 13LTS.' into ¿Cuál es el producto?, jhon clicks on ¿Cuál es el producto? Lista, jhon enters 'BOTA AGUA' into ¿Cuál es el motivo de la reparación?, jhon clicks on ¿Cuál es el motivo de la reparación? Lista]]]
[Test worker] WARN net.thucydides.core.steps.BaseStepListener - stepStarted: net.thucydides.core.steps.ExecutedStepDescription@1ee40b5c
[Test worker] WARN net.thucydides.core.steps.BaseStepListener - stepFinished: current outcome:Proceso Autogestion - Agendamiento de servicios:Dado el usuario final cuando desee crear o agendar una orden de servicio [Jhon abrir pagina [jhon opens the Object abrir pagina]], Cuando Crea la orden de servicio [Jhon autogestion [jhon clicks on Heabeas Data, jhon clicks on Seleccionar el tipo de documento, Jhon seleccionar tipo documento, jhon enters '1.012439356E9' into Seleccionar el tipo de documento, jhon enters 'jhon.quinones@infotrack.com.co' into ¿Cuál es tu correo electrónico?, jhon enters 'QA 1' into ¿Cuales son tus apellidos?, jhon enters 'TEST 1' into ¿Cual es tu telefono fijo?, jhon enters '3.022381854E9' into Ingresa tu numero celular, jhon enters '3.02381854E8' into Seleccionar el tipo de documento, jhon clicks on Continuar, Jhon ubicacion servicio [jhon enters 'Bogota' into Ciudad, jhon clicks on Lista de ciudades, jhon enters 'Cll 73 sur # 77 i 03' into Direccion, jhon clicks on Buscar la dirección, jhon enters 'Bosa' into Datos adicionales, jhon clicks on Continuar ubicación servicio], Jhon datos servicio [jhon enters 'Mantenimiento' into ¿Qué tipo de servicio solicitas?, jhon clicks on ¿Qué tipo de servicio solicitas? Lista, jhon enters 'CALENTADOR 7131/GLP PASO 13LTS.' into ¿Cuál es el producto?, jhon clicks on ¿Cuál es el producto? Lista, jhon enters 'BOTA AGUA' into ¿Cuál es el motivo de la reparación?, jhon clicks on ¿Cuál es el motivo de la reparación? Lista, jhon enters 'QA AUTOMOTION' into observaciones]]]
[Test worker] WARN net.thucydides.core.steps.BaseStepListener - stepStarted: net.thucydides.core.steps.ExecutedStepDescription@6c2a95d5
[Test worker] WARN net.thucydides.core.steps.BaseStepListener - stepFinished: current outcome:Proceso Autogestion - Agendamiento de servicios:Dado el usuario final cuando desee crear o agendar una orden de servicio [Jhon abrir pagina [jhon opens the Object abrir pagina]], Cuando Crea la orden de servicio [Jhon autogestion [jhon clicks on Heabeas Data, jhon clicks on Seleccionar el tipo de documento, Jhon seleccionar tipo documento, jhon enters '1.012439356E9' into Seleccionar el tipo de documento, jhon enters 'jhon.quinones@infotrack.com.co' into ¿Cuál es tu correo electrónico?, jhon enters 'QA 1' into ¿Cuales son tus apellidos?, jhon enters 'TEST 1' into ¿Cual es tu telefono fijo?, jhon enters '3.022381854E9' into Ingresa tu numero celular, jhon enters '3.02381854E8' into Seleccionar el tipo de documento, jhon clicks on Continuar, Jhon ubicacion servicio [jhon enters 'Bogota' into Ciudad, jhon clicks on Lista de ciudades, jhon enters 'Cll 73 sur # 77 i 03' into Direccion, jhon clicks on Buscar la dirección, jhon enters 'Bosa' into Datos adicionales, jhon clicks on Continuar ubicación servicio], Jhon datos servicio [jhon enters 'Mantenimiento' into ¿Qué tipo de servicio solicitas?, jhon clicks on ¿Qué tipo de servicio solicitas? Lista, jhon enters 'CALENTADOR 7131/GLP PASO 13LTS.' into ¿Cuál es el producto?, jhon clicks on ¿Cuál es el producto? Lista, jhon enters 'BOTA AGUA' into ¿Cuál es el motivo de la reparación?, jhon clicks on ¿Cuál es el motivo de la reparación? Lista, jhon enters 'QA AUTOMOTION' into observaciones, jhon clicks on Rango AM]]]
[Test worker] WARN net.thucydides.core.steps.BaseStepListener - stepStarted: net.thucydides.core.steps.ExecutedStepDescription@1bee0085
[Test worker] WARN net.thucydides.core.steps.BaseStepListener - stepFinished: current outcome:Proceso Autogestion - Agendamiento de servicios:Dado el usuario final cuando desee crear o agendar una orden de servicio [Jhon abrir pagina [jhon opens the Object abrir pagina]], Cuando Crea la orden de servicio [Jhon autogestion [jhon clicks on Heabeas Data, jhon clicks on Seleccionar el tipo de documento, Jhon seleccionar tipo documento, jhon enters '1.012439356E9' into Seleccionar el tipo de documento, jhon enters 'jhon.quinones@infotrack.com.co' into ¿Cuál es tu correo electrónico?, jhon enters 'QA 1' into ¿Cuales son tus apellidos?, jhon enters 'TEST 1' into ¿Cual es tu telefono fijo?, jhon enters '3.022381854E9' into Ingresa tu numero celular, jhon enters '3.02381854E8' into Seleccionar el tipo de documento, jhon clicks on Continuar, Jhon ubicacion servicio [jhon enters 'Bogota' into Ciudad, jhon clicks on Lista de ciudades, jhon enters 'Cll 73 sur # 77 i 03' into Direccion, jhon clicks on Buscar la dirección, jhon enters 'Bosa' into Datos adicionales, jhon clicks on Continuar ubicación servicio], Jhon datos servicio [jhon enters 'Mantenimiento' into ¿Qué tipo de servicio solicitas?, jhon clicks on ¿Qué tipo de servicio solicitas? Lista, jhon enters 'CALENTADOR 7131/GLP PASO 13LTS.' into ¿Cuál es el producto?, jhon clicks on ¿Cuál es el producto? Lista, jhon enters 'BOTA AGUA' into ¿Cuál es el motivo de la reparación?, jhon clicks on ¿Cuál es el motivo de la reparación? Lista, jhon enters 'QA AUTOMOTION' into observaciones, jhon clicks on Rango AM, jhon enters '1.012439356E9' into Rango PM]]]
[Test worker] WARN net.thucydides.core.steps.BaseStepListener - stepStarted: net.thucydides.core.steps.ExecutedStepDescription@3ca3648
[Test worker] WARN net.thucydides.core.steps.BaseStepListener - stepFinished: current outcome:Proceso Autogestion - Agendamiento de servicios:Dado el usuario final cuando desee crear o agendar una orden de servicio [Jhon abrir pagina [jhon opens the Object abrir pagina]], Cuando Crea la orden de servicio [Jhon autogestion [jhon clicks on Heabeas Data, jhon clicks on Seleccionar el tipo de documento, Jhon seleccionar tipo documento, jhon enters '1.012439356E9' into Seleccionar el tipo de documento, jhon enters 'jhon.quinones@infotrack.com.co' into ¿Cuál es tu correo electrónico?, jhon enters 'QA 1' into ¿Cuales son tus apellidos?, jhon enters 'TEST 1' into ¿Cual es tu telefono fijo?, jhon enters '3.022381854E9' into Ingresa tu numero celular, jhon enters '3.02381854E8' into Seleccionar el tipo de documento, jhon clicks on Continuar, Jhon ubicacion servicio [jhon enters 'Bogota' into Ciudad, jhon clicks on Lista de ciudades, jhon enters 'Cll 73 sur # 77 i 03' into Direccion, jhon clicks on Buscar la dirección, jhon enters 'Bosa' into Datos adicionales, jhon clicks on Continuar ubicación servicio], Jhon datos servicio [jhon enters 'Mantenimiento' into ¿Qué tipo de servicio solicitas?, jhon clicks on ¿Qué tipo de servicio solicitas? Lista, jhon enters 'CALENTADOR 7131/GLP PASO 13LTS.' into ¿Cuál es el producto?, jhon clicks on ¿Cuál es el producto? Lista, jhon enters 'BOTA AGUA' into ¿Cuál es el motivo de la reparación?, jhon clicks on ¿Cuál es el motivo de la reparación? Lista, jhon enters 'QA AUTOMOTION' into observaciones, jhon clicks on Rango AM, jhon enters '1.012439356E9' into Rango PM, jhon clicks on Fecha]]]
[Test worker] WARN net.thucydides.core.steps.BaseStepListener - stepFinished: current outcome:Proceso Autogestion - Agendamiento de servicios:Dado el usuario final cuando desee crear o agendar una orden de servicio [Jhon abrir pagina [jhon opens the Object abrir pagina]], Cuando Crea la orden de servicio [Jhon autogestion [jhon clicks on Heabeas Data, jhon clicks on Seleccionar el tipo de documento, Jhon seleccionar tipo documento, jhon enters '1.012439356E9' into Seleccionar el tipo de documento, jhon enters 'jhon.quinones@infotrack.com.co' into ¿Cuál es tu correo electrónico?, jhon enters 'QA 1' into ¿Cuales son tus apellidos?, jhon enters 'TEST 1' into ¿Cual es tu telefono fijo?, jhon enters '3.022381854E9' into Ingresa tu numero celular, jhon enters '3.02381854E8' into Seleccionar el tipo de documento, jhon clicks on Continuar, Jhon ubicacion servicio [jhon enters 'Bogota' into Ciudad, jhon clicks on Lista de ciudades, jhon enters 'Cll 73 sur # 77 i 03' into Direccion, jhon clicks on Buscar la dirección, jhon enters 'Bosa' into Datos adicionales, jhon clicks on Continuar ubicación servicio], Jhon datos servicio [jhon enters 'Mantenimiento' into ¿Qué tipo de servicio solicitas?, jhon clicks on ¿Qué tipo de servicio solicitas? Lista, jhon enters 'CALENTADOR 7131/GLP PASO 13LTS.' into ¿Cuál es el producto?, jhon clicks on ¿Cuál es el producto? Lista, jhon enters 'BOTA AGUA' into ¿Cuál es el motivo de la reparación?, jhon clicks on ¿Cuál es el motivo de la reparación? Lista, jhon enters 'QA AUTOMOTION' into observaciones, jhon clicks on Rango AM, jhon enters '1.012439356E9' into Rango PM, jhon clicks on Fecha]]]
[Test worker] WARN net.thucydides.core.steps.BaseStepListener - stepStarted: net.thucydides.core.steps.ExecutedStepDescription@5c4f4330
[Test worker] WARN net.thucydides.core.steps.BaseStepListener - testFinished: Proceso Autogestion - Agendamiento de servicios:Dado el usuario final cuando desee crear o agendar una orden de servicio [Jhon abrir pagina [jhon opens the Object abrir pagina]], Cuando Crea la orden de servicio [Jhon autogestion [jhon clicks on Heabeas Data, jhon clicks on Seleccionar el tipo de documento, Jhon seleccionar tipo documento, jhon enters '1.012439356E9' into Seleccionar el tipo de documento, jhon enters 'jhon.quinones@infotrack.com.co' into ¿Cuál es tu correo electrónico?, jhon enters 'QA 1' into ¿Cuales son tus apellidos?, jhon enters 'TEST 1' into ¿Cual es tu telefono fijo?, jhon enters '3.022381854E9' into Ingresa tu numero celular, jhon enters '3.02381854E8' into Seleccionar el tipo de documento, jhon clicks on Continuar, Jhon ubicacion servicio [jhon enters 'Bogota' into Ciudad, jhon clicks on Lista de ciudades, jhon enters 'Cll 73 sur # 77 i 03' into Direccion, jhon clicks on Buscar la dirección, jhon enters 'Bosa' into Datos adicionales, jhon clicks on Continuar ubicación servicio], Jhon datos servicio [jhon enters 'Mantenimiento' into ¿Qué tipo de servicio solicitas?, jhon clicks on ¿Qué tipo de servicio solicitas? Lista, jhon enters 'CALENTADOR 7131/GLP PASO 13LTS.' into ¿Cuál es el producto?, jhon clicks on ¿Cuál es el producto? Lista, jhon enters 'BOTA AGUA' into ¿Cuál es el motivo de la reparación?, jhon clicks on ¿Cuál es el motivo de la reparación? Lista, jhon enters 'QA AUTOMOTION' into observaciones, jhon clicks on Rango AM, jhon enters '1.012439356E9' into Rango PM, jhon clicks on Fecha]]], Entonces verifica que se creo correctamente la orden de servicio
[Test worker] WARN net.thucydides.core.steps.BaseStepListener - TestOutcomes: [Proceso Autogestion - Agendamiento de servicios:Dado el usuario final cuando desee crear o agendar una orden de servicio [Jhon abrir pagina [jhon opens the Object abrir pagina]], Cuando Crea la orden de servicio [Jhon autogestion [jhon clicks on Heabeas Data, jhon clicks on Seleccionar el tipo de documento, Jhon seleccionar tipo documento, jhon enters '1.012439356E9' into Seleccionar el tipo de documento, jhon enters 'jhon.quinones@infotrack.com.co' into ¿Cuál es tu correo electrónico?, jhon enters 'QA 1' into ¿Cuales son tus apellidos?, jhon enters 'TEST 1' into ¿Cual es tu telefono fijo?, jhon enters '3.022381854E9' into Ingresa tu numero celular, jhon enters '3.02381854E8' into Seleccionar el tipo de documento, jhon clicks on Continuar, Jhon ubicacion servicio [jhon enters 'Bogota' into Ciudad, jhon clicks on Lista de ciudades, jhon enters 'Cll 73 sur # 77 i 03' into Direccion, jhon clicks on Buscar la dirección, jhon enters 'Bosa' into Datos adicionales, jhon clicks on Continuar ubicación servicio], Jhon datos servicio [jhon enters 'Mantenimiento' into ¿Qué tipo de servicio solicitas?, jhon clicks on ¿Qué tipo de servicio solicitas? Lista, jhon enters 'CALENTADOR 7131/GLP PASO 13LTS.' into ¿Cuál es el producto?, jhon clicks on ¿Cuál es el producto? Lista, jhon enters 'BOTA AGUA' into ¿Cuál es el motivo de la reparación?, jhon clicks on ¿Cuál es el motivo de la reparación? Lista, jhon enters 'QA AUTOMOTION' into observaciones, jhon clicks on Rango AM, jhon enters '1.012439356E9' into Rango PM, jhon clicks on Fecha]]], Entonces verifica que se creo correctamente la orden de servicio]
[Test worker] WARN net.thucydides.core.steps.BaseStepListener - Final testOutcomes: [Proceso Autogestion - Agendamiento de servicios:Dado el usuario final cuando desee crear o agendar una orden de servicio [Jhon abrir pagina [jhon opens the Object abrir pagina]], Cuando Crea la orden de servicio [Jhon autogestion [jhon clicks on Heabeas Data, jhon clicks on Seleccionar el tipo de documento, Jhon seleccionar tipo documento, jhon enters '1.012439356E9' into Seleccionar el tipo de documento, jhon enters 'jhon.quinones@infotrack.com.co' into ¿Cuál es tu correo electrónico?, jhon enters 'QA 1' into ¿Cuales son tus apellidos?, jhon enters 'TEST 1' into ¿Cual es tu telefono fijo?, jhon enters '3.022381854E9' into Ingresa tu numero celular, jhon enters '3.02381854E8' into Seleccionar el tipo de documento, jhon clicks on Continuar, Jhon ubicacion servicio [jhon enters 'Bogota' into Ciudad, jhon clicks on Lista de ciudades, jhon enters 'Cll 73 sur # 77 i 03' into Direccion, jhon clicks on Buscar la dirección, jhon enters 'Bosa' into Datos adicionales, jhon clicks on Continuar ubicación servicio], Jhon datos servicio [jhon enters 'Mantenimiento' into ¿Qué tipo de servicio solicitas?, jhon clicks on ¿Qué tipo de servicio solicitas? Lista, jhon enters 'CALENTADOR 7131/GLP PASO 13LTS.' into ¿Cuál es el producto?, jhon clicks on ¿Cuál es el producto? Lista, jhon enters 'BOTA AGUA' into ¿Cuál es el motivo de la reparación?, jhon clicks on ¿Cuál es el motivo de la reparación? Lista, jhon enters 'QA AUTOMOTION' into observaciones, jhon clicks on Rango AM, jhon enters '1.012439356E9' into Rango PM, jhon clicks on Fecha]]], Entonces verifica que se creo correctamente la orden de servicio]
[Test worker] ERROR net.thucydides.core.steps.ConsoleLoggingListener - 
           __  _____ _____ ____ _____   _____ _    ___ _     _____ ____  
  _       / / |_   _| ____/ ___|_   _| |  ___/ \  |_ _| |   | ____|  _ \ 
 (_)_____| |    | | |  _| \___ \ | |   | |_ / _ \  | || |   |  _| | | | |
  _|_____| |    | | | |___ ___) || |   |  _/ ___ \ | || |___| |___| |_| |
 (_)     | |    |_| |_____|____/ |_|   |_|/_/   \_\___|_____|_____|____/ 
          \_\                                                            

TEST FAILED: Proceso Autogestion - Agendamiento de servicios
--------------------------------------------------------------------------
[Test worker] ERROR net.thucydides.core.steps.ConsoleLoggingListener - TEST FAILED AT STEP Jhon autogestion
[Test worker] ERROR net.thucydides.core.steps.ConsoleLoggingListener - Expected: an element that is present but: no matching element found by name: checkedG was not present
]]></system-err>
</testsuite>
